CompletedProcess(args=['python', 'temp_test_case.py'], returncode=1, stdout=b'', stderr=b'........................F..........................................................\n======================================================================\nFAIL: test30 (__main__.TestFunctions)\n----------------------------------------------------------------------\nTraceback (most recent call last):\n  File "/home/khashayar/projs/det-gen/DET-Gen/temp_test_case.py", line 192, in test30\n    self.assertEqual(patched_source(input_30), original_source(input_30))\nAssertionError: Lists differ: [1] != [0]\n\nFirst differing element 0:\n1\n0\n\n- [1]\n+ [0]\n\n----------------------------------------------------------------------\nRan 83 tests in 0.039s\n\nFAILED (failures=1)\n')