CompletedProcess(args=['python', 'temp_test_case.py'], returncode=1, stdout=b'', stderr=b'FEE\n======================================================================\nERROR: test1 (__main__.TestFunctions)\n----------------------------------------------------------------------\nTraceback (most recent call last):\n  File "/home/khashayar/projs/det-gen/DET-Gen/temp_test_case.py", line 18, in test1\n    self.assertEqual(patched_source(input_1), original_source(input_1))\n  File "/home/khashayar/projs/det-gen/DET-Gen/temp_acc_qb.py", line 5, in patched_func\n    n = (int(x[:(- 1)]) - 1)\nValueError: invalid literal for int() with base 10: \'ab\'\n\n======================================================================\nERROR: test2 (__main__.TestFunctions)\n----------------------------------------------------------------------\nTraceback (most recent call last):\n  File "/home/khashayar/projs/det-gen/DET-Gen/temp_test_case.py", line 24, in test2\n    self.assertEqual(patched_source(input_2), original_source(input_2))\n  File "/home/khashayar/projs/det-gen/DET-Gen/temp_acc_qb.py", line 6, in patched_func\n    s = [4, 5, 6, 3, 2, 1][(ord(x[(- 1)]) - ord(\'a\'))]\nIndexError: list index out of range\n\n======================================================================\nFAIL: test0 (__main__.TestFunctions)\n----------------------------------------------------------------------\nTraceback (most recent call last):\n  File "/home/khashayar/projs/det-gen/DET-Gen/temp_test_case.py", line 12, in test0\n    self.assertEqual(patched_source(input_0), original_source(input_0))\nAssertionError: Lists differ: [97] != [155]\n\nFirst differing element 0:\n97\n155\n\n- [97]\n+ [155]\n\n----------------------------------------------------------------------\nRan 3 tests in 0.001s\n\nFAILED (failures=1, errors=2)\n')