CompletedProcess(args=['python', 'temp_test_case.py'], returncode=1, stdout=b'', stderr=b'......F..\n======================================================================\nFAIL: test6 (__main__.TestFunctions)\n----------------------------------------------------------------------\nTraceback (most recent call last):\n  File "/home/khashayar/projs/det-gen/DET-Gen/temp_test_case.py", line 48, in test6\n    self.assertEqual(patched_source(input_6), original_source(input_6))\nAssertionError: Lists differ: [Fraction(1, 6)] != [\'1/1\']\n\nFirst differing element 0:\nFraction(1, 6)\n\'1/1\'\n\n- [Fraction(1, 6)]\n+ [\'1/1\']\n\n----------------------------------------------------------------------\nRan 9 tests in 0.004s\n\nFAILED (failures=1)\n')