CompletedProcess(args=['python', 'temp_test_case.py'], returncode=1, stdout=b'', stderr=b'..EEEE...E.E.EE........E.E...EE......E.E.E...E..E.EEEE.E.....EE.......EEE..E...E......EEEE..E..EEEE.\n======================================================================\nERROR: test10 (__main__.TestFunctions)\n----------------------------------------------------------------------\nTraceback (most recent call last):\n  File "/home/khashayar/projs/det-gen/DET-Gen2/temp_test_case.py", line 72, in test10\n    self.assertEqual(patched_source(input_10), original_source(input_10))\n  File "/home/khashayar/projs/det-gen/DET-Gen2/temp_bug_qb.py", line 7, in original_func\n    exit()\n  File "/usr/lib/python3.10/_sitebuiltins.py", line 26, in __call__\n    raise SystemExit(code)\nSystemExit: None\n\n======================================================================\nERROR: test11 (__main__.TestFunctions)\n----------------------------------------------------------------------\nTraceback (most recent call last):\n  File "/home/khashayar/projs/det-gen/DET-Gen2/temp_test_case.py", line 78, in test11\n    self.assertEqual(patched_source(input_11), original_source(input_11))\n  File "/home/khashayar/projs/det-gen/DET-Gen2/temp_bug_qb.py", line 7, in original_func\n    exit()\n  File "/usr/lib/python3.10/_sitebuiltins.py", line 26, in __call__\n    raise SystemExit(code)\nSystemExit: None\n\n======================================================================\nERROR: test12 (__main__.TestFunctions)\n----------------------------------------------------------------------\nTraceback (most recent call last):\n  File "/home/khashayar/projs/det-gen/DET-Gen2/temp_test_case.py", line 84, in test12\n    self.assertEqual(patched_source(input_12), original_source(input_12))\n  File "/home/khashayar/projs/det-gen/DET-Gen2/temp_bug_qb.py", line 7, in original_func\n    exit()\n  File "/usr/lib/python3.10/_sitebuiltins.py", line 26, in __call__\n    raise SystemExit(code)\nSystemExit: None\n\n======================================================================\nERROR: test13 (__main__.TestFunctions)\n----------------------------------------------------------------------\nTraceback (most recent call last):\n  File "/home/khashayar/projs/det-gen/DET-Gen2/temp_test_case.py", line 90, in test13\n    self.assertEqual(patched_source(input_13), original_source(input_13))\n  File "/home/khashayar/projs/det-gen/DET-Gen2/temp_bug_qb.py", line 7, in original_func\n    exit()\n  File "/usr/lib/python3.10/_sitebuiltins.py", line 26, in __call__\n    raise SystemExit(code)\nSystemExit: None\n\n======================================================================\nERROR: test17 (__main__.TestFunctions)\n----------------------------------------------------------------------\nTraceback (most recent call last):\n  File "/home/khashayar/projs/det-gen/DET-Gen2/temp_test_case.py", line 114, in test17\n    self.assertEqual(patched_source(input_17), original_source(input_17))\n  File "/home/khashayar/projs/det-gen/DET-Gen2/temp_bug_qb.py", line 7, in original_func\n    exit()\n  File "/usr/lib/python3.10/_sitebuiltins.py", line 26, in __call__\n    raise SystemExit(code)\nSystemExit: None\n\n======================================================================\nERROR: test19 (__main__.TestFunctions)\n----------------------------------------------------------------------\nTraceback (most recent call last):\n  File "/home/khashayar/projs/det-gen/DET-Gen2/temp_test_case.py", line 126, in test19\n    self.assertEqual(patched_source(input_19), original_source(input_19))\n  File "/home/khashayar/projs/det-gen/DET-Gen2/temp_bug_qb.py", line 7, in original_func\n    exit()\n  File "/usr/lib/python3.10/_sitebuiltins.py", line 26, in __call__\n    raise SystemExit(code)\nSystemExit: None\n\n======================================================================\nERROR: test20 (__main__.TestFunctions)\n----------------------------------------------------------------------\nTraceback (most recent call last):\n  File "/home/khashayar/projs/det-gen/DET-Gen2/temp_test_case.py", line 132, in test20\n    self.assertEqual(patched_source(input_20), original_source(input_20))\n  File "/home/khashayar/projs/det-gen/DET-Gen2/temp_bug_qb.py", line 7, in original_func\n    exit()\n  File "/usr/lib/python3.10/_sitebuiltins.py", line 26, in __call__\n    raise SystemExit(code)\nSystemExit: None\n\n======================================================================\nERROR: test21 (__main__.TestFunctions)\n----------------------------------------------------------------------\nTraceback (most recent call last):\n  File "/home/khashayar/projs/det-gen/DET-Gen2/temp_test_case.py", line 138, in test21\n    self.assertEqual(patched_source(input_21), original_source(input_21))\n  File "/home/khashayar/projs/det-gen/DET-Gen2/temp_bug_qb.py", line 7, in original_func\n    exit()\n  File "/usr/lib/python3.10/_sitebuiltins.py", line 26, in __call__\n    raise SystemExit(code)\nSystemExit: None\n\n======================================================================\nERROR: test3 (__main__.TestFunctions)\n----------------------------------------------------------------------\nTraceback (most recent call last):\n  File "/home/khashayar/projs/det-gen/DET-Gen2/temp_test_case.py", line 30, in test3\n    self.assertEqual(patched_source(input_3), original_source(input_3))\n  File "/home/khashayar/projs/det-gen/DET-Gen2/temp_bug_qb.py", line 7, in original_func\n    exit()\n  File "/usr/lib/python3.10/_sitebuiltins.py", line 26, in __call__\n    raise SystemExit(code)\nSystemExit: None\n\n======================================================================\nERROR: test31 (__main__.TestFunctions)\n----------------------------------------------------------------------\nTraceback (most recent call last):\n  File "/home/khashayar/projs/det-gen/DET-Gen2/temp_test_case.py", line 198, in test31\n    self.assertEqual(patched_source(input_31), original_source(input_31))\n  File "/home/khashayar/projs/det-gen/DET-Gen2/temp_bug_qb.py", line 7, in original_func\n    exit()\n  File "/usr/lib/python3.10/_sitebuiltins.py", line 26, in __call__\n    raise SystemExit(code)\nSystemExit: None\n\n======================================================================\nERROR: test35 (__main__.TestFunctions)\n----------------------------------------------------------------------\nTraceback (most recent call last):\n  File "/home/khashayar/projs/det-gen/DET-Gen2/temp_test_case.py", line 222, in test35\n    self.assertEqual(patched_source(input_35), original_source(input_35))\n  File "/home/khashayar/projs/det-gen/DET-Gen2/temp_bug_qb.py", line 11, in original_func\n    exit()\n  File "/usr/lib/python3.10/_sitebuiltins.py", line 26, in __call__\n    raise SystemExit(code)\nSystemExit: None\n\n======================================================================\nERROR: test36 (__main__.TestFunctions)\n----------------------------------------------------------------------\nTraceback (most recent call last):\n  File "/home/khashayar/projs/det-gen/DET-Gen2/temp_test_case.py", line 228, in test36\n    self.assertEqual(patched_source(input_36), original_source(input_36))\n  File "/home/khashayar/projs/det-gen/DET-Gen2/temp_bug_qb.py", line 7, in original_func\n    exit()\n  File "/usr/lib/python3.10/_sitebuiltins.py", line 26, in __call__\n    raise SystemExit(code)\nSystemExit: None\n\n======================================================================\nERROR: test42 (__main__.TestFunctions)\n----------------------------------------------------------------------\nTraceback (most recent call last):\n  File "/home/khashayar/projs/det-gen/DET-Gen2/temp_test_case.py", line 264, in test42\n    self.assertEqual(patched_source(input_42), original_source(input_42))\n  File "/home/khashayar/projs/det-gen/DET-Gen2/temp_bug_qb.py", line 7, in original_func\n    exit()\n  File "/usr/lib/python3.10/_sitebuiltins.py", line 26, in __call__\n    raise SystemExit(code)\nSystemExit: None\n\n======================================================================\nERROR: test44 (__main__.TestFunctions)\n----------------------------------------------------------------------\nTraceback (most recent call last):\n  File "/home/khashayar/projs/det-gen/DET-Gen2/temp_test_case.py", line 276, in test44\n    self.assertEqual(patched_source(input_44), original_source(input_44))\n  File "/home/khashayar/projs/det-gen/DET-Gen2/temp_bug_qb.py", line 7, in original_func\n    exit()\n  File "/usr/lib/python3.10/_sitebuiltins.py", line 26, in __call__\n    raise SystemExit(code)\nSystemExit: None\n\n======================================================================\nERROR: test46 (__main__.TestFunctions)\n----------------------------------------------------------------------\nTraceback (most recent call last):\n  File "/home/khashayar/projs/det-gen/DET-Gen2/temp_test_case.py", line 288, in test46\n    self.assertEqual(patched_source(input_46), original_source(input_46))\n  File "/home/khashayar/projs/det-gen/DET-Gen2/temp_bug_qb.py", line 7, in original_func\n    exit()\n  File "/usr/lib/python3.10/_sitebuiltins.py", line 26, in __call__\n    raise SystemExit(code)\nSystemExit: None\n\n======================================================================\nERROR: test5 (__main__.TestFunctions)\n----------------------------------------------------------------------\nTraceback (most recent call last):\n  File "/home/khashayar/projs/det-gen/DET-Gen2/temp_test_case.py", line 42, in test5\n    self.assertEqual(patched_source(input_5), original_source(input_5))\n  File "/home/khashayar/projs/det-gen/DET-Gen2/temp_bug_qb.py", line 7, in original_func\n    exit()\n  File "/usr/lib/python3.10/_sitebuiltins.py", line 26, in __call__\n    raise SystemExit(code)\nSystemExit: None\n\n======================================================================\nERROR: test52 (__main__.TestFunctions)\n----------------------------------------------------------------------\nTraceback (most recent call last):\n  File "/home/khashayar/projs/det-gen/DET-Gen2/temp_test_case.py", line 324, in test52\n    self.assertEqual(patched_source(input_52), original_source(input_52))\n  File "/home/khashayar/projs/det-gen/DET-Gen2/temp_bug_qb.py", line 7, in original_func\n    exit()\n  File "/usr/lib/python3.10/_sitebuiltins.py", line 26, in __call__\n    raise SystemExit(code)\nSystemExit: None\n\n======================================================================\nERROR: test54 (__main__.TestFunctions)\n----------------------------------------------------------------------\nTraceback (most recent call last):\n  File "/home/khashayar/projs/det-gen/DET-Gen2/temp_test_case.py", line 336, in test54\n    self.assertEqual(patched_source(input_54), original_source(input_54))\n  File "/home/khashayar/projs/det-gen/DET-Gen2/temp_bug_qb.py", line 7, in original_func\n    exit()\n  File "/usr/lib/python3.10/_sitebuiltins.py", line 26, in __call__\n    raise SystemExit(code)\nSystemExit: None\n\n======================================================================\nERROR: test55 (__main__.TestFunctions)\n----------------------------------------------------------------------\nTraceback (most recent call last):\n  File "/home/khashayar/projs/det-gen/DET-Gen2/temp_test_case.py", line 342, in test55\n    self.assertEqual(patched_source(input_55), original_source(input_55))\n  File "/home/khashayar/projs/det-gen/DET-Gen2/temp_bug_qb.py", line 7, in original_func\n    exit()\n  File "/usr/lib/python3.10/_sitebuiltins.py", line 26, in __call__\n    raise SystemExit(code)\nSystemExit: None\n\n======================================================================\nERROR: test56 (__main__.TestFunctions)\n----------------------------------------------------------------------\nTraceback (most recent call last):\n  File "/home/khashayar/projs/det-gen/DET-Gen2/temp_test_case.py", line 348, in test56\n    self.assertEqual(patched_source(input_56), original_source(input_56))\n  File "/home/khashayar/projs/det-gen/DET-Gen2/temp_bug_qb.py", line 7, in original_func\n    exit()\n  File "/usr/lib/python3.10/_sitebuiltins.py", line 26, in __call__\n    raise SystemExit(code)\nSystemExit: None\n\n======================================================================\nERROR: test57 (__main__.TestFunctions)\n----------------------------------------------------------------------\nTraceback (most recent call last):\n  File "/home/khashayar/projs/det-gen/DET-Gen2/temp_test_case.py", line 354, in test57\n    self.assertEqual(patched_source(input_57), original_source(input_57))\n  File "/home/khashayar/projs/det-gen/DET-Gen2/temp_bug_qb.py", line 7, in original_func\n    exit()\n  File "/usr/lib/python3.10/_sitebuiltins.py", line 26, in __call__\n    raise SystemExit(code)\nSystemExit: None\n\n======================================================================\nERROR: test59 (__main__.TestFunctions)\n----------------------------------------------------------------------\nTraceback (most recent call last):\n  File "/home/khashayar/projs/det-gen/DET-Gen2/temp_test_case.py", line 366, in test59\n    self.assertEqual(patched_source(input_59), original_source(input_59))\n  File "/home/khashayar/projs/det-gen/DET-Gen2/temp_bug_qb.py", line 7, in original_func\n    exit()\n  File "/usr/lib/python3.10/_sitebuiltins.py", line 26, in __call__\n    raise SystemExit(code)\nSystemExit: None\n\n======================================================================\nERROR: test64 (__main__.TestFunctions)\n----------------------------------------------------------------------\nTraceback (most recent call last):\n  File "/home/khashayar/projs/det-gen/DET-Gen2/temp_test_case.py", line 396, in test64\n    self.assertEqual(patched_source(input_64), original_source(input_64))\n  File "/home/khashayar/projs/det-gen/DET-Gen2/temp_bug_qb.py", line 7, in original_func\n    exit()\n  File "/usr/lib/python3.10/_sitebuiltins.py", line 26, in __call__\n    raise SystemExit(code)\nSystemExit: None\n\n======================================================================\nERROR: test65 (__main__.TestFunctions)\n----------------------------------------------------------------------\nTraceback (most recent call last):\n  File "/home/khashayar/projs/det-gen/DET-Gen2/temp_test_case.py", line 402, in test65\n    self.assertEqual(patched_source(input_65), original_source(input_65))\n  File "/home/khashayar/projs/det-gen/DET-Gen2/temp_bug_qb.py", line 7, in original_func\n    exit()\n  File "/usr/lib/python3.10/_sitebuiltins.py", line 26, in __call__\n    raise SystemExit(code)\nSystemExit: None\n\n======================================================================\nERROR: test72 (__main__.TestFunctions)\n----------------------------------------------------------------------\nTraceback (most recent call last):\n  File "/home/khashayar/projs/det-gen/DET-Gen2/temp_test_case.py", line 444, in test72\n    self.assertEqual(patched_source(input_72), original_source(input_72))\n  File "/home/khashayar/projs/det-gen/DET-Gen2/temp_bug_qb.py", line 7, in original_func\n    exit()\n  File "/usr/lib/python3.10/_sitebuiltins.py", line 26, in __call__\n    raise SystemExit(code)\nSystemExit: None\n\n======================================================================\nERROR: test73 (__main__.TestFunctions)\n----------------------------------------------------------------------\nTraceback (most recent call last):\n  File "/home/khashayar/projs/det-gen/DET-Gen2/temp_test_case.py", line 450, in test73\n    self.assertEqual(patched_source(input_73), original_source(input_73))\n  File "/home/khashayar/projs/det-gen/DET-Gen2/temp_bug_qb.py", line 7, in original_func\n    exit()\n  File "/usr/lib/python3.10/_sitebuiltins.py", line 26, in __call__\n    raise SystemExit(code)\nSystemExit: None\n\n======================================================================\nERROR: test74 (__main__.TestFunctions)\n----------------------------------------------------------------------\nTraceback (most recent call last):\n  File "/home/khashayar/projs/det-gen/DET-Gen2/temp_test_case.py", line 456, in test74\n    self.assertEqual(patched_source(input_74), original_source(input_74))\n  File "/home/khashayar/projs/det-gen/DET-Gen2/temp_bug_qb.py", line 7, in original_func\n    exit()\n  File "/usr/lib/python3.10/_sitebuiltins.py", line 26, in __call__\n    raise SystemExit(code)\nSystemExit: None\n\n======================================================================\nERROR: test77 (__main__.TestFunctions)\n----------------------------------------------------------------------\nTraceback (most recent call last):\n  File "/home/khashayar/projs/det-gen/DET-Gen2/temp_test_case.py", line 474, in test77\n    self.assertEqual(patched_source(input_77), original_source(input_77))\n  File "/home/khashayar/projs/det-gen/DET-Gen2/temp_bug_qb.py", line 7, in original_func\n    exit()\n  File "/usr/lib/python3.10/_sitebuiltins.py", line 26, in __call__\n    raise SystemExit(code)\nSystemExit: None\n\n======================================================================\nERROR: test80 (__main__.TestFunctions)\n----------------------------------------------------------------------\nTraceback (most recent call last):\n  File "/home/khashayar/projs/det-gen/DET-Gen2/temp_test_case.py", line 492, in test80\n    self.assertEqual(patched_source(input_80), original_source(input_80))\n  File "/home/khashayar/projs/det-gen/DET-Gen2/temp_bug_qb.py", line 7, in original_func\n    exit()\n  File "/usr/lib/python3.10/_sitebuiltins.py", line 26, in __call__\n    raise SystemExit(code)\nSystemExit: None\n\n======================================================================\nERROR: test87 (__main__.TestFunctions)\n----------------------------------------------------------------------\nTraceback (most recent call last):\n  File "/home/khashayar/projs/det-gen/DET-Gen2/temp_test_case.py", line 534, in test87\n    self.assertEqual(patched_source(input_87), original_source(input_87))\n  File "/home/khashayar/projs/det-gen/DET-Gen2/temp_bug_qb.py", line 11, in original_func\n    exit()\n  File "/usr/lib/python3.10/_sitebuiltins.py", line 26, in __call__\n    raise SystemExit(code)\nSystemExit: None\n\n======================================================================\nERROR: test88 (__main__.TestFunctions)\n----------------------------------------------------------------------\nTraceback (most recent call last):\n  File "/home/khashayar/projs/det-gen/DET-Gen2/temp_test_case.py", line 540, in test88\n    self.assertEqual(patched_source(input_88), original_source(input_88))\n  File "/home/khashayar/projs/det-gen/DET-Gen2/temp_bug_qb.py", line 7, in original_func\n    exit()\n  File "/usr/lib/python3.10/_sitebuiltins.py", line 26, in __call__\n    raise SystemExit(code)\nSystemExit: None\n\n======================================================================\nERROR: test89 (__main__.TestFunctions)\n----------------------------------------------------------------------\nTraceback (most recent call last):\n  File "/home/khashayar/projs/det-gen/DET-Gen2/temp_test_case.py", line 546, in test89\n    self.assertEqual(patched_source(input_89), original_source(input_89))\n  File "/home/khashayar/projs/det-gen/DET-Gen2/temp_bug_qb.py", line 7, in original_func\n    exit()\n  File "/usr/lib/python3.10/_sitebuiltins.py", line 26, in __call__\n    raise SystemExit(code)\nSystemExit: None\n\n======================================================================\nERROR: test9 (__main__.TestFunctions)\n----------------------------------------------------------------------\nTraceback (most recent call last):\n  File "/home/khashayar/projs/det-gen/DET-Gen2/temp_test_case.py", line 66, in test9\n    self.assertEqual(patched_source(input_9), original_source(input_9))\n  File "/home/khashayar/projs/det-gen/DET-Gen2/temp_bug_qb.py", line 7, in original_func\n    exit()\n  File "/usr/lib/python3.10/_sitebuiltins.py", line 26, in __call__\n    raise SystemExit(code)\nSystemExit: None\n\n======================================================================\nERROR: test92 (__main__.TestFunctions)\n----------------------------------------------------------------------\nTraceback (most recent call last):\n  File "/home/khashayar/projs/det-gen/DET-Gen2/temp_test_case.py", line 564, in test92\n    self.assertEqual(patched_source(input_92), original_source(input_92))\n  File "/home/khashayar/projs/det-gen/DET-Gen2/temp_bug_qb.py", line 7, in original_func\n    exit()\n  File "/usr/lib/python3.10/_sitebuiltins.py", line 26, in __call__\n    raise SystemExit(code)\nSystemExit: None\n\n======================================================================\nERROR: test95 (__main__.TestFunctions)\n----------------------------------------------------------------------\nTraceback (most recent call last):\n  File "/home/khashayar/projs/det-gen/DET-Gen2/temp_test_case.py", line 582, in test95\n    self.assertEqual(patched_source(input_95), original_source(input_95))\n  File "/home/khashayar/projs/det-gen/DET-Gen2/temp_bug_qb.py", line 7, in original_func\n    exit()\n  File "/usr/lib/python3.10/_sitebuiltins.py", line 26, in __call__\n    raise SystemExit(code)\nSystemExit: None\n\n======================================================================\nERROR: test96 (__main__.TestFunctions)\n----------------------------------------------------------------------\nTraceback (most recent call last):\n  File "/home/khashayar/projs/det-gen/DET-Gen2/temp_test_case.py", line 588, in test96\n    self.assertEqual(patched_source(input_96), original_source(input_96))\n  File "/home/khashayar/projs/det-gen/DET-Gen2/temp_bug_qb.py", line 7, in original_func\n    exit()\n  File "/usr/lib/python3.10/_sitebuiltins.py", line 26, in __call__\n    raise SystemExit(code)\nSystemExit: None\n\n======================================================================\nERROR: test97 (__main__.TestFunctions)\n----------------------------------------------------------------------\nTraceback (most recent call last):\n  File "/home/khashayar/projs/det-gen/DET-Gen2/temp_test_case.py", line 594, in test97\n    self.assertEqual(patched_source(input_97), original_source(input_97))\n  File "/home/khashayar/projs/det-gen/DET-Gen2/temp_bug_qb.py", line 7, in original_func\n    exit()\n  File "/usr/lib/python3.10/_sitebuiltins.py", line 26, in __call__\n    raise SystemExit(code)\nSystemExit: None\n\n======================================================================\nERROR: test98 (__main__.TestFunctions)\n----------------------------------------------------------------------\nTraceback (most recent call last):\n  File "/home/khashayar/projs/det-gen/DET-Gen2/temp_test_case.py", line 600, in test98\n    self.assertEqual(patched_source(input_98), original_source(input_98))\n  File "/home/khashayar/projs/det-gen/DET-Gen2/temp_bug_qb.py", line 7, in original_func\n    exit()\n  File "/usr/lib/python3.10/_sitebuiltins.py", line 26, in __call__\n    raise SystemExit(code)\nSystemExit: None\n\n----------------------------------------------------------------------\nRan 100 tests in 0.008s\n\nFAILED (errors=38)\n')