CompletedProcess(args=['python', 'temp_test_case.py'], returncode=1, stdout=b'', stderr=b'..F.......................E...............F.............E...........................................\n======================================================================\nERROR: test32 (__main__.TestFunctions)\n----------------------------------------------------------------------\nTraceback (most recent call last):\n  File "/home/khashayar/projs/det-gen/DET-Gen2/temp_test_case.py", line 204, in test32\n    self.assertEqual(patched_source(input_32), original_source(input_32))\n  File "/home/khashayar/projs/det-gen/DET-Gen2/temp_acc_qb.py", line 4, in patched_func\n    (a, b, c) = map(int, args[0].split())\nValueError: too many values to unpack (expected 3)\n\n======================================================================\nERROR: test6 (__main__.TestFunctions)\n----------------------------------------------------------------------\nTraceback (most recent call last):\n  File "/home/khashayar/projs/det-gen/DET-Gen2/temp_test_case.py", line 48, in test6\n    self.assertEqual(patched_source(input_6), original_source(input_6))\n  File "/home/khashayar/projs/det-gen/DET-Gen2/temp_acc_qb.py", line 4, in patched_func\n    (a, b, c) = map(int, args[0].split())\nValueError: too many values to unpack (expected 3)\n\n======================================================================\nFAIL: test10 (__main__.TestFunctions)\n----------------------------------------------------------------------\nTraceback (most recent call last):\n  File "/home/khashayar/projs/det-gen/DET-Gen2/temp_test_case.py", line 72, in test10\n    self.assertEqual(patched_source(input_10), original_source(input_10))\nAssertionError: Lists differ: [80] != [90]\n\nFirst differing element 0:\n80\n90\n\n- [80]\n?  ^\n\n+ [90]\n?  ^\n\n\n======================================================================\nFAIL: test47 (__main__.TestFunctions)\n----------------------------------------------------------------------\nTraceback (most recent call last):\n  File "/home/khashayar/projs/det-gen/DET-Gen2/temp_test_case.py", line 294, in test47\n    self.assertEqual(patched_source(input_47), original_source(input_47))\nAssertionError: Lists differ: [150] != [175]\n\nFirst differing element 0:\n150\n175\n\n- [150]\n?    -\n\n+ [175]\n?   +\n\n\n----------------------------------------------------------------------\nRan 100 tests in 0.005s\n\nFAILED (failures=2, errors=2)\n')