============================= test session starts ==============================
platform linux -- Python 3.10.12, pytest-7.4.4, pluggy-1.4.0
rootdir: /home/khashayar/projs/det-gen
plugins: anyio-4.3.0
collected 4 items

pynguin-qb-simple-res/breadth_first_search/90/test_transformed_breadth_first_search.py . [ 25%]
..F                                                                      [100%]

=================================== FAILURES ===================================
_________________________________ test_case_3 __________________________________

    def test_case_3():
        int_0 = 3589
        node_0 = module_1.Node(int_0, int_0)
        assert f"{type(node_0).__module__}.{type(node_0).__qualname__}" == "node.Node"
        assert node_0.value == 3589
        assert node_0.successor == 3589
        assert node_0.successors == []
        assert node_0.predecessors == []
        assert node_0.incoming_nodes == []
        assert node_0.outgoing_nodes == []
>       var_0 = module_0.breadth_first_search(node_0, int_0)

pynguin-qb-simple-res/breadth_first_search/90/test_transformed_breadth_first_search.py:47: 
_ _ _ _ _ _ _ _ _ _ _ _ _ _ _ _ _ _ _ _ _ _ _ _ _ _ _ _ _ _ _ _ _ _ _ _ _ _ _ _ 

startnode = <node.Node object at 0x7fe93b11a890>, goalnode = 3589

    def breadth_first_search(startnode, goalnode):
        queue = Queue()
        queue.append(startnode)
    
        nodesseen = set()
        nodesseen.add(startnode)
    
        while True:
>           node = queue.popleft()
E           IndexError: pop from an empty deque

pynguin-qb-simple-res/breadth_first_search/90/breadth_first_search.py:12: IndexError
=========================== short test summary info ============================
FAILED pynguin-qb-simple-res/breadth_first_search/90/test_transformed_breadth_first_search.py::test_case_3
========================= 1 failed, 3 passed in 0.06s ==========================
