============================= test session starts ==============================
platform linux -- Python 3.10.12, pytest-7.4.4, pluggy-1.4.0
rootdir: /home/khashayar/projs/det-gen
plugins: anyio-4.3.0
collected 4 items

pynguin-qb-simple-res/knapsack/29/test_transformed_knapsack.py ...F      [100%]

=================================== FAILURES ===================================
_________________________________ test_case_3 __________________________________

    def test_case_3():
        set_0 = set()
        bytes_0 = b"\x01\xe4"
        bool_0 = True
        tuple_0 = (bytes_0,)
        var_0 = module_0.knapsack(bool_0, tuple_0)
>       assert var_0 == 228
E       assert 0 == 228

pynguin-qb-simple-res/knapsack/29/test_transformed_knapsack.py:39: AssertionError
=========================== short test summary info ============================
FAILED pynguin-qb-simple-res/knapsack/29/test_transformed_knapsack.py::test_case_3
========================= 1 failed, 3 passed in 0.04s ==========================
