============================= test session starts ==============================
platform linux -- Python 3.10.12, pytest-7.4.4, pluggy-1.4.0
rootdir: /home/khashayar/projs/det-gen
plugins: anyio-4.3.0
collected 3 items

pynguin-qb-simple-res/knapsack/12/test_transformed_knapsack.py ..F       [100%]

=================================== FAILURES ===================================
_________________________________ test_case_2 __________________________________

    def test_case_2():
        bool_0 = True
        list_0 = [bool_0, bool_0]
        tuple_0 = (list_0,)
        var_0 = module_0.knapsack(bool_0, tuple_0)
>       assert var_0 == 1
E       assert 0 == 1

pynguin-qb-simple-res/knapsack/12/test_transformed_knapsack.py:24: AssertionError
=========================== short test summary info ============================
FAILED pynguin-qb-simple-res/knapsack/12/test_transformed_knapsack.py::test_case_2
========================= 1 failed, 2 passed in 0.03s ==========================
