============================= test session starts ==============================
platform linux -- Python 3.10.12, pytest-7.4.4, pluggy-1.4.0
rootdir: /home/khashayar/projs/det-gen
plugins: anyio-4.3.0
collected 5 items

pynguin-qb-simple-res/knapsack/84/test_transformed_knapsack.py ...F.     [100%]

=================================== FAILURES ===================================
_________________________________ test_case_3 __________________________________

    def test_case_3():
        bool_0 = True
        tuple_0 = (bool_0, bool_0)
        tuple_1 = (tuple_0,)
        var_0 = module_0.knapsack(bool_0, tuple_1)
>       assert var_0 == 1
E       assert 0 == 1

pynguin-qb-simple-res/knapsack/84/test_transformed_knapsack.py:31: AssertionError
=========================== short test summary info ============================
FAILED pynguin-qb-simple-res/knapsack/84/test_transformed_knapsack.py::test_case_3
========================= 1 failed, 4 passed in 0.04s ==========================
