============================= test session starts ==============================
platform linux -- Python 3.10.12, pytest-7.4.4, pluggy-1.4.0
rootdir: /home/khashayar/projs/det-gen
plugins: anyio-4.3.0
collected 2 items

pynguin-qb-simple-res/kth/84/test_transformed_kth.py F.                  [100%]

=================================== FAILURES ===================================
_________________________________ test_case_0 __________________________________

    def test_case_0():
        bytes_0 = b"\xd5;p"
        bool_0 = True
>       var_0 = module_0.kth(bytes_0, bool_0)

pynguin-qb-simple-res/kth/84/test_transformed_kth.py:10: 
_ _ _ _ _ _ _ _ _ _ _ _ _ _ _ _ _ _ _ _ _ _ _ _ _ _ _ _ _ _ _ _ _ _ _ _ _ _ _ _ 
pynguin-qb-simple-res/kth/84/kth.py:10: in kth
    return kth(below, k)
pynguin-qb-simple-res/kth/84/kth.py:12: in kth
    return kth(above, k)
pynguin-qb-simple-res/kth/84/kth.py:12: in kth
    return kth(above, k)
_ _ _ _ _ _ _ _ _ _ _ _ _ _ _ _ _ _ _ _ _ _ _ _ _ _ _ _ _ _ _ _ _ _ _ _ _ _ _ _ 

arr = [], k = True

    def kth(arr, k):
>       pivot = arr[0]
E       IndexError: list index out of range

pynguin-qb-simple-res/kth/84/kth.py:2: IndexError
=========================== short test summary info ============================
FAILED pynguin-qb-simple-res/kth/84/test_transformed_kth.py::test_case_0 - In...
========================= 1 failed, 1 passed in 0.04s ==========================
