============================= test session starts ==============================
platform linux -- Python 3.10.12, pytest-7.4.4, pluggy-1.4.0
rootdir: /home/khashayar/projs/det-gen
plugins: anyio-4.3.0
collected 2 items

pynguin-qb-simple-res/lcs_length/32/test_transformed_lcs_length.py F.    [100%]

=================================== FAILURES ===================================
_________________________________ test_case_0 __________________________________

    def test_case_0():
        bytes_0 = b"\xd8o\xaf\xc3!*)\x96R\x0c3\xb4V+"
        var_0 = module_0.lcs_length(bytes_0, bytes_0)
>       assert var_0 == 14
E       assert 1 == 14

pynguin-qb-simple-res/lcs_length/32/test_transformed_lcs_length.py:11: AssertionError
=========================== short test summary info ============================
FAILED pynguin-qb-simple-res/lcs_length/32/test_transformed_lcs_length.py::test_case_0
========================= 1 failed, 1 passed in 0.04s ==========================
