============================= test session starts ==============================
platform linux -- Python 3.10.12, pytest-7.4.4, pluggy-1.4.0
rootdir: /home/khashayar/projs/det-gen
plugins: anyio-4.3.0
collected 2 items

pynguin-qb-simple-res/lcs_length/73/test_transformed_lcs_length.py F.    [100%]

=================================== FAILURES ===================================
_________________________________ test_case_0 __________________________________

    def test_case_0():
        bytes_0 = b"s\xf0\xc6Dj\xa2\xa7\x82\xfbN\xd0\xd1\xfeL.l\xd68\xfc"
        var_0 = module_0.lcs_length(bytes_0, bytes_0)
>       assert var_0 == 19
E       assert 1 == 19

pynguin-qb-simple-res/lcs_length/73/test_transformed_lcs_length.py:9: AssertionError
=========================== short test summary info ============================
FAILED pynguin-qb-simple-res/lcs_length/73/test_transformed_lcs_length.py::test_case_0
========================= 1 failed, 1 passed in 0.04s ==========================
