============================= test session starts ==============================
platform linux -- Python 3.10.12, pytest-7.4.4, pluggy-1.4.0
rootdir: /home/khashayar/projs/det-gen
plugins: anyio-4.3.0
collected 2 items

pynguin-qb-simple-res/lcs_length/76/test_transformed_lcs_length.py FF    [100%]

=================================== FAILURES ===================================
_________________________________ test_case_0 __________________________________

    def test_case_0():
        bytes_0 = b"`\xf0"
        var_0 = module_0.lcs_length(bytes_0, bytes_0)
>       assert var_0 == 2
E       assert 1 == 2

pynguin-qb-simple-res/lcs_length/76/test_transformed_lcs_length.py:10: AssertionError
_________________________________ test_case_1 __________________________________

    def test_case_1():
        tuple_0 = ()
        none_type_0 = None
        var_0 = module_0.lcs_length(tuple_0, none_type_0)
        assert var_0 == 0
        var_1 = module_0.lcs_length(tuple_0, tuple_0)
        assert var_1 == 0
        var_2 = module_0.lcs_length(tuple_0, tuple_0)
        assert var_2 == 0
        var_3 = module_0.lcs_length(tuple_0, tuple_0)
        assert var_3 == 0
        str_0 = ']Rge"T1%T\r7PbT\\h4z;\t'
        var_4 = module_0.lcs_length(str_0, str_0)
>       assert var_4 == 20
E       assert 1 == 20

pynguin-qb-simple-res/lcs_length/76/test_transformed_lcs_length.py:27: AssertionError
=========================== short test summary info ============================
FAILED pynguin-qb-simple-res/lcs_length/76/test_transformed_lcs_length.py::test_case_0
FAILED pynguin-qb-simple-res/lcs_length/76/test_transformed_lcs_length.py::test_case_1
============================== 2 failed in 0.04s ===============================
