============================= test session starts ==============================
platform linux -- Python 3.10.12, pytest-7.4.4, pluggy-1.4.0
rootdir: /home/khashayar/projs/det-gen
plugins: anyio-4.3.0
collected 3 items

pynguin-qb-simple-res/lcs_length/85/test_transformed_lcs_length.py ..F   [100%]

=================================== FAILURES ===================================
_________________________________ test_case_2 __________________________________

    def test_case_2():
        bytes_0 = b"\x96Y\xef\xa8m\xf4\x1c\x16q=\x16\xbd$}\xe4J%"
        var_0 = module_1.lcs_length(bytes_0, bytes_0)
>       assert var_0 == 17
E       assert 1 == 17

pynguin-qb-simple-res/lcs_length/85/test_transformed_lcs_length.py:30: AssertionError
=========================== short test summary info ============================
FAILED pynguin-qb-simple-res/lcs_length/85/test_transformed_lcs_length.py::test_case_2
========================= 1 failed, 2 passed in 0.03s ==========================
