============================= test session starts ==============================
platform linux -- Python 3.10.12, pytest-7.4.4, pluggy-1.4.0
rootdir: /home/khashayar/projs/det-gen
plugins: anyio-4.3.0
collected 3 items

pynguin-qb-simple-res/levenshtein/58/test_transformed_levenshtein.py F.. [100%]

=================================== FAILURES ===================================
_________________________________ test_case_0 __________________________________

    def test_case_0():
        str_0 = "&3Vt[H"
        var_0 = module_0.levenshtein(str_0, str_0)
>       assert var_0 == 0
E       assert 6 == 0

pynguin-qb-simple-res/levenshtein/58/test_transformed_levenshtein.py:11: AssertionError
=========================== short test summary info ============================
FAILED pynguin-qb-simple-res/levenshtein/58/test_transformed_levenshtein.py::test_case_0
========================= 1 failed, 2 passed in 0.09s ==========================
