============================= test session starts ==============================
platform linux -- Python 3.10.12, pytest-7.4.4, pluggy-1.4.0
rootdir: /home/khashayar/projs/det-gen
plugins: anyio-4.3.0
collected 4 items

pynguin-qb-simple-res/levenshtein/92/test_transformed_levenshtein.py F.F [ 75%]
F                                                                        [100%]

=================================== FAILURES ===================================
_________________________________ test_case_0 __________________________________

    def test_case_0():
        str_0 = "Ym\nxY("
        var_0 = module_0.levenshtein(str_0, str_0)
>       assert var_0 == 0
E       assert 6 == 0

pynguin-qb-simple-res/levenshtein/92/test_transformed_levenshtein.py:10: AssertionError
_________________________________ test_case_2 __________________________________

    def test_case_2():
        str_0 = "Ym\nxY("
        var_0 = module_0.levenshtein(str_0, str_0)
>       assert var_0 == 0
E       assert 6 == 0

pynguin-qb-simple-res/levenshtein/92/test_transformed_levenshtein.py:23: AssertionError
_________________________________ test_case_3 __________________________________

    def test_case_3():
        str_0 = "Ym\nxY("
        str_1 = "qi"
        var_0 = module_0.levenshtein(str_0, str_1)
        assert var_0 == 6
        var_1 = module_0.levenshtein(str_0, str_0)
>       assert var_1 == 0
E       assert 6 == 0

pynguin-qb-simple-res/levenshtein/92/test_transformed_levenshtein.py:36: AssertionError
=========================== short test summary info ============================
FAILED pynguin-qb-simple-res/levenshtein/92/test_transformed_levenshtein.py::test_case_0
FAILED pynguin-qb-simple-res/levenshtein/92/test_transformed_levenshtein.py::test_case_2
FAILED pynguin-qb-simple-res/levenshtein/92/test_transformed_levenshtein.py::test_case_3
========================= 3 failed, 1 passed in 0.10s ==========================
