============================= test session starts ==============================
platform linux -- Python 3.10.12, pytest-7.4.4, pluggy-1.4.0
rootdir: /home/khashayar/projs/det-gen
plugins: anyio-4.3.0
collected 5 items

pynguin-qb-simple-res/levenshtein/96/test_transformed_levenshtein.py ..F [ 60%]
..                                                                       [100%]

=================================== FAILURES ===================================
_________________________________ test_case_2 __________________________________

    def test_case_2():
        str_0 = "Z\x0bYL'HW\"@nJ"
        var_0 = module_0.levenshtein(str_0, str_0)
>       assert var_0 == 0
E       assert 11 == 0

pynguin-qb-simple-res/levenshtein/96/test_transformed_levenshtein.py:25: AssertionError
=========================== short test summary info ============================
FAILED pynguin-qb-simple-res/levenshtein/96/test_transformed_levenshtein.py::test_case_2
========================= 1 failed, 4 passed in 0.09s ==========================
