============================= test session starts ==============================
platform linux -- Python 3.10.12, pytest-7.4.4, pluggy-1.4.0
rootdir: /home/khashayar/projs/det-gen
plugins: anyio-4.3.0
collected 4 items

pynguin-qb-simple-res/levenshtein/71/test_transformed_levenshtein.py F.. [ 75%]
F                                                                        [100%]

=================================== FAILURES ===================================
_________________________________ test_case_0 __________________________________

    def test_case_0():
        str_0 = "6'W[&QwIWG+2o"
        var_0 = module_0.levenshtein(str_0, str_0)
>       assert var_0 == 0
E       assert 13 == 0

pynguin-qb-simple-res/levenshtein/71/test_transformed_levenshtein.py:10: AssertionError
_________________________________ test_case_3 __________________________________

    def test_case_3():
        str_0 = "y=}oj(bv+4D"
        var_0 = module_0.levenshtein(str_0, str_0)
>       assert var_0 == 0
E       assert 11 == 0

pynguin-qb-simple-res/levenshtein/71/test_transformed_levenshtein.py:31: AssertionError
=========================== short test summary info ============================
FAILED pynguin-qb-simple-res/levenshtein/71/test_transformed_levenshtein.py::test_case_0
FAILED pynguin-qb-simple-res/levenshtein/71/test_transformed_levenshtein.py::test_case_3
========================= 2 failed, 2 passed in 0.10s ==========================
