============================= test session starts ==============================
platform linux -- Python 3.10.12, pytest-7.4.4, pluggy-1.4.0
rootdir: /home/khashayar/projs/det-gen
plugins: anyio-4.3.0
collected 2 items

pynguin-qb-simple-res/lis/28/test_transformed_lis.py F.                  [100%]

=================================== FAILURES ===================================
_________________________________ test_case_0 __________________________________

    def test_case_0():
        str_0 = "vBV\r~4%z\tK\tG=,k"
        var_0 = module_0.lis(str_0)
>       assert var_0 == 4
E       assert 3 == 4

pynguin-qb-simple-res/lis/28/test_transformed_lis.py:10: AssertionError
=========================== short test summary info ============================
FAILED pynguin-qb-simple-res/lis/28/test_transformed_lis.py::test_case_0 - as...
========================= 1 failed, 1 passed in 0.04s ==========================
