============================= test session starts ==============================
platform linux -- Python 3.10.12, pytest-7.4.4, pluggy-1.4.0
rootdir: /home/khashayar/projs/det-gen
plugins: anyio-4.3.0
collected 3 items

pynguin-qb-simple-res/lis/0/test_transformed_lis.py ..F                  [100%]

=================================== FAILURES ===================================
_________________________________ test_case_2 __________________________________

    def test_case_2():
        bytes_0 = b"\x04\xee\xfa\xfa\x87"
        var_0 = module_0.lis(bytes_0)
>       assert var_0 == 3
E       assert 2 == 3

pynguin-qb-simple-res/lis/0/test_transformed_lis.py:24: AssertionError
=========================== short test summary info ============================
FAILED pynguin-qb-simple-res/lis/0/test_transformed_lis.py::test_case_2 - ass...
========================= 1 failed, 2 passed in 0.04s ==========================
