============================= test session starts ==============================
platform linux -- Python 3.10.12, pytest-7.4.4, pluggy-1.4.0
rootdir: /home/khashayar/projs/det-gen
plugins: anyio-4.3.0
collected 6 items

pynguin-qb-simple-res/lis/17/test_transformed_lis.py ...F..              [100%]

=================================== FAILURES ===================================
_________________________________ test_case_3 __________________________________

    def test_case_3():
        str_0 = "7U{XD{k\t"
        set_0 = {str_0}
        var_0 = module_0.lis(set_0)
        assert var_0 == 1
        var_1 = module_0.lis(str_0)
>       assert var_1 == 4
E       assert 1 == 4

pynguin-qb-simple-res/lis/17/test_transformed_lis.py:38: AssertionError
=========================== short test summary info ============================
FAILED pynguin-qb-simple-res/lis/17/test_transformed_lis.py::test_case_3 - as...
========================= 1 failed, 5 passed in 0.05s ==========================
