============================= test session starts ==============================
platform linux -- Python 3.10.12, pytest-7.4.4, pluggy-1.4.0
rootdir: /home/khashayar/projs/det-gen
plugins: anyio-4.3.0
collected 4 items

pynguin-qb-simple-res/possible_change/61/test_transformed_possible_change.py . [ 25%]
..F                                                                      [100%]

=================================== FAILURES ===================================
_________________________________ test_case_3 __________________________________

    def test_case_3():
        int_0 = 813
        bool_0 = False
>       var_0 = module_0.possible_change(bool_0, int_0)

pynguin-qb-simple-res/possible_change/61/test_transformed_possible_change.py:41: 
_ _ _ _ _ _ _ _ _ _ _ _ _ _ _ _ _ _ _ _ _ _ _ _ _ _ _ _ _ _ _ _ _ _ _ _ _ _ _ _ 

coins = False, total = 813

    def possible_change(coins, total):
        if total == 0:
            return 1
        if total < 0:
            return 0
    
>       first, *rest = coins
E       TypeError: cannot unpack non-iterable bool object

pynguin-qb-simple-res/possible_change/61/possible_change.py:8: TypeError
=========================== short test summary info ============================
FAILED pynguin-qb-simple-res/possible_change/61/test_transformed_possible_change.py::test_case_3
========================= 1 failed, 3 passed in 0.04s ==========================
