============================= test session starts ==============================
platform linux -- Python 3.10.12, pytest-7.4.4, pluggy-1.4.0
rootdir: /home/khashayar/projs/det-gen
plugins: anyio-4.3.0
collected 4 items

pynguin-qb-simple-res/possible_change/54/test_transformed_possible_change.py . [ 25%]
.F.                                                                      [100%]

=================================== FAILURES ===================================
_________________________________ test_case_2 __________________________________

    def test_case_2():
        int_0 = -456
        bool_0 = False
        var_0 = module_0.possible_change(int_0, bool_0)
        assert var_0 == 1
        var_1 = module_0.possible_change(int_0, bool_0)
        assert var_1 == 1
        var_2 = module_0.possible_change(bool_0, int_0)
        assert var_2 == 0
        var_3 = module_0.possible_change(int_0, int_0)
        assert var_3 == 0
        bytes_0 = b"?\xf8\xa3\xeb\xc6W:\xbe\xb5\xf4\xad \xcc"
        none_type_0 = None
>       var_4 = module_0.possible_change(none_type_0, var_1)

pynguin-qb-simple-res/possible_change/54/test_transformed_possible_change.py:36: 
_ _ _ _ _ _ _ _ _ _ _ _ _ _ _ _ _ _ _ _ _ _ _ _ _ _ _ _ _ _ _ _ _ _ _ _ _ _ _ _ 

coins = None, total = 1

    def possible_change(coins, total):
        if total == 0:
            return 1
        if total < 0:
            return 0
    
>       first, *rest = coins
E       TypeError: cannot unpack non-iterable NoneType object

pynguin-qb-simple-res/possible_change/54/possible_change.py:8: TypeError
=========================== short test summary info ============================
FAILED pynguin-qb-simple-res/possible_change/54/test_transformed_possible_change.py::test_case_2
========================= 1 failed, 3 passed in 0.04s ==========================
