============================= test session starts ==============================
platform linux -- Python 3.10.12, pytest-7.4.4, pluggy-1.4.0
rootdir: /home/khashayar/projs/det-gen
plugins: anyio-4.3.0
collected 4 items

pynguin-qb-simple-res/reverse_linked_list/35/test_transformed_reverse_linked_list.py . [ 25%]
.FF                                                                      [100%]

=================================== FAILURES ===================================
_________________________________ test_case_2 __________________________________

    def test_case_2():
        object_0 = module_1.object()
        node_0 = module_2.Node(object_0)
        assert f"{type(node_0).__module__}.{type(node_0).__qualname__}" == "node.Node"
        assert (
            f"{type(node_0.value).__module__}.{type(node_0.value).__qualname__}"
            == "builtins.object"
        )
        assert node_0.successor is None
        assert node_0.successors == []
        assert node_0.predecessors == []
        assert node_0.incoming_nodes == []
        assert node_0.outgoing_nodes == []
        var_0 = module_0.reverse_linked_list(node_0)
>       assert f"{type(var_0).__module__}.{type(var_0).__qualname__}" == "node.Node"
E       AssertionError: assert 'builtins.NoneType' == 'node.Node'
E         - node.Node
E         + builtins.NoneType

pynguin-qb-simple-res/reverse_linked_list/35/test_transformed_reverse_linked_list.py:34: AssertionError
_________________________________ test_case_3 __________________________________

    def test_case_3():
        bool_0 = False
        node_0 = module_2.Node(incoming_nodes=bool_0)
        assert f"{type(node_0).__module__}.{type(node_0).__qualname__}" == "node.Node"
        assert node_0.value is None
        assert node_0.successor is None
        assert node_0.successors == []
        assert node_0.predecessors == []
        assert node_0.incoming_nodes is False
        assert node_0.outgoing_nodes == []
        var_0 = module_2.Node(
            successor=node_0, successors=bool_0, predecessors=bool_0, outgoing_nodes=bool_0
        )
        assert f"{type(var_0).__module__}.{type(var_0).__qualname__}" == "node.Node"
        assert var_0.value is None
        assert (
            f"{type(var_0.successor).__module__}.{type(var_0.successor).__qualname__}"
            == "node.Node"
        )
        assert var_0.successors is False
        assert var_0.predecessors is False
        assert var_0.incoming_nodes == []
        assert var_0.outgoing_nodes is False
        bool_1 = False
        var_1 = module_0.reverse_linked_list(var_0)
>       assert (
            f"{type(node_0.successor).__module__}.{type(node_0.successor).__qualname__}"
            == "node.Node"
        )
E       AssertionError: assert 'builtins.NoneType' == 'node.Node'
E         - node.Node
E         + builtins.NoneType

pynguin-qb-simple-res/reverse_linked_list/35/test_transformed_reverse_linked_list.py:72: AssertionError
=========================== short test summary info ============================
FAILED pynguin-qb-simple-res/reverse_linked_list/35/test_transformed_reverse_linked_list.py::test_case_2
FAILED pynguin-qb-simple-res/reverse_linked_list/35/test_transformed_reverse_linked_list.py::test_case_3
========================= 2 failed, 2 passed in 0.08s ==========================
