============================= test session starts ==============================
platform linux -- Python 3.10.12, pytest-7.4.4, pluggy-1.4.0
rootdir: /home/khashayar/projs/det-gen
plugins: anyio-4.3.0
collected 4 items

pynguin-qb-simple-res/reverse_linked_list/64/test_transformed_reverse_linked_list.py . [ 25%]
..F                                                                      [100%]

=================================== FAILURES ===================================
_________________________________ test_case_3 __________________________________

    def test_case_3():
        str_0 = "H\rQu-R!yw$hh4TD"
        dict_0 = {str_0: str_0, str_0: str_0}
        none_type_0 = None
        node_0 = module_1.Node(dict_0, successors=none_type_0, incoming_nodes=str_0)
        assert f"{type(node_0).__module__}.{type(node_0).__qualname__}" == "node.Node"
        assert node_0.value == {"H\rQu-R!yw$hh4TD": "H\rQu-R!yw$hh4TD"}
        assert node_0.successor is None
        assert node_0.successors is None
        assert node_0.predecessors == []
        assert node_0.incoming_nodes == "H\rQu-R!yw$hh4TD"
        assert node_0.outgoing_nodes == []
        var_0 = module_0.reverse_linked_list(node_0)
>       assert f"{type(var_0).__module__}.{type(var_0).__qualname__}" == "node.Node"
E       AssertionError: assert 'builtins.NoneType' == 'node.Node'
E         - node.Node
E         + builtins.NoneType

pynguin-qb-simple-res/reverse_linked_list/64/test_transformed_reverse_linked_list.py:47: AssertionError
=========================== short test summary info ============================
FAILED pynguin-qb-simple-res/reverse_linked_list/64/test_transformed_reverse_linked_list.py::test_case_3
========================= 1 failed, 3 passed in 0.05s ==========================
