============================= test session starts ==============================
platform linux -- Python 3.10.12, pytest-7.4.4, pluggy-1.4.0
rootdir: /home/khashayar/projs/det-gen
plugins: anyio-4.3.0
collected 6 items

pynguin-qb-simple-res/shortest_paths/0/test_transformed_shortest_paths.py . [ 16%]
....F                                                                    [100%]

=================================== FAILURES ===================================
_________________________________ test_case_5 __________________________________

    def test_case_5():
        tuple_0 = ()
        var_0 = module_0.shortest_paths(tuple_0, tuple_0)
        var_1 = module_0.shortest_paths(tuple_0, tuple_0)
        str_0 = ">>"
        var_2 = module_0.shortest_paths(str_0, tuple_0)
>       var_3 = module_0.shortest_paths(str_0, var_2)

pynguin-qb-simple-res/shortest_paths/0/test_transformed_shortest_paths.py:46: 
_ _ _ _ _ _ _ _ _ _ _ _ _ _ _ _ _ _ _ _ _ _ _ _ _ _ _ _ _ _ _ _ _ _ _ _ _ _ _ _ 

source = '>>', weight_by_edge = {'>>': 0, ('>', '>'): inf}

    def shortest_paths(source, weight_by_edge):
        weight_by_node = {
            v: float('inf') for u, v in weight_by_edge
        }
        weight_by_node[source] = 0
    
        for i in range(len(weight_by_node) - 1):
>           for (u, v), weight in weight_by_edge.items():
E           RuntimeError: dictionary changed size during iteration

pynguin-qb-simple-res/shortest_paths/0/shortest_paths.py:9: RuntimeError
=========================== short test summary info ============================
FAILED pynguin-qb-simple-res/shortest_paths/0/test_transformed_shortest_paths.py::test_case_5
========================= 1 failed, 5 passed in 0.04s ==========================
