============================= test session starts ==============================
platform linux -- Python 3.10.12, pytest-7.4.4, pluggy-1.4.0
rootdir: /home/khashayar/projs/det-gen
plugins: anyio-4.3.0
collected 2 items

pynguin-qb-simple-res/sqrt/10/test_transformed_sqrt.py F.                [100%]

=================================== FAILURES ===================================
_________________________________ test_case_0 __________________________________

    def test_case_0():
        float_0 = 256.05
        var_0 = module_0.sqrt(float_0, float_0)
>       assert var_0 == pytest.approx(20.95125146997546, abs=0.01, rel=0.01)
E       assert 128.025 == 20.95125146997546 ± 2.1e-01
E         comparison failed
E         Obtained: 128.025
E         Expected: 20.95125146997546 ± 2.1e-01

pynguin-qb-simple-res/sqrt/10/test_transformed_sqrt.py:11: AssertionError
=========================== short test summary info ============================
FAILED pynguin-qb-simple-res/sqrt/10/test_transformed_sqrt.py::test_case_0 - ...
========================= 1 failed, 1 passed in 0.05s ==========================
