============================= test session starts ==============================
platform linux -- Python 3.10.12, pytest-7.4.4, pluggy-1.4.0
rootdir: /home/khashayar/projs/det-gen
plugins: anyio-4.3.0
collected 2 items

pynguin-qb-simple-res/sqrt/96/test_transformed_sqrt.py F.                [100%]

=================================== FAILURES ===================================
_________________________________ test_case_0 __________________________________

    def test_case_0():
        int_0 = 3018
        var_0 = module_0.sqrt(int_0, int_0)
>       assert var_0 == pytest.approx(66.7655644121057, abs=0.01, rel=0.01)
E       assert 1509.0 == 66.7655644121057 ± 6.7e-01
E         comparison failed
E         Obtained: 1509.0
E         Expected: 66.7655644121057 ± 6.7e-01

pynguin-qb-simple-res/sqrt/96/test_transformed_sqrt.py:10: AssertionError
=========================== short test summary info ============================
FAILED pynguin-qb-simple-res/sqrt/96/test_transformed_sqrt.py::test_case_0 - ...
========================= 1 failed, 1 passed in 0.05s ==========================
