============================= test session starts ==============================
platform linux -- Python 3.10.12, pytest-7.4.4, pluggy-1.4.0
rootdir: /home/khashayar/projs/det-gen
plugins: anyio-4.3.0
collected 3 items

pynguin-qb-simple-res/sqrt/56/test_transformed_sqrt.py F..               [100%]

=================================== FAILURES ===================================
_________________________________ test_case_0 __________________________________

    def test_case_0():
        int_0 = 552
        var_0 = module_0.sqrt(int_0, int_0)
>       assert var_0 == pytest.approx(26.77090313718311, abs=0.01, rel=0.01)
E       assert 276.0 == 26.77090313718311 ± 2.7e-01
E         comparison failed
E         Obtained: 276.0
E         Expected: 26.77090313718311 ± 2.7e-01

pynguin-qb-simple-res/sqrt/56/test_transformed_sqrt.py:11: AssertionError
=========================== short test summary info ============================
FAILED pynguin-qb-simple-res/sqrt/56/test_transformed_sqrt.py::test_case_0 - ...
========================= 1 failed, 2 passed in 0.04s ==========================
