CompletedProcess(args=['python', 'temp_test_case.py'], returncode=1, stdout=b'', stderr=b'..............................................................F.....................................\n======================================================================\nFAIL: test65 (__main__.TestFunctions)\n----------------------------------------------------------------------\nTraceback (most recent call last):\n  File "/home/khashayar/projs/det-gen/DET-Gen2/temp_test_case.py", line 402, in test65\n    self.assertEqual(patched_source(input_65), original_source(input_65))\nAssertionError: Lists differ: [3] != [4]\n\nFirst differing element 0:\n3\n4\n\n- [3]\n+ [4]\n\n----------------------------------------------------------------------\nRan 100 tests in 0.032s\n\nFAILED (failures=1)\n')