CompletedProcess(args=['python', 'temp_test_case.py'], returncode=1, stdout=b'', stderr=b'..........E....................F....E.F..............................E...E.E......EE.............EE.\n======================================================================\nERROR: test18 (__main__.TestFunctions)\n----------------------------------------------------------------------\nTraceback (most recent call last):\n  File "/home/khashayar/projs/det-gen/DET-Gen2/temp_test_case.py", line 120, in test18\n    self.assertEqual(patched_source(input_18), original_source(input_18))\n  File "/home/khashayar/projs/det-gen/DET-Gen2/temp_acc_qb.py", line 6, in patched_func\n    ans = (tl[(tl.index(n) + 1)] == m)\nIndexError: list index out of range\n\n======================================================================\nERROR: test41 (__main__.TestFunctions)\n----------------------------------------------------------------------\nTraceback (most recent call last):\n  File "/home/khashayar/projs/det-gen/DET-Gen2/temp_test_case.py", line 258, in test41\n    self.assertEqual(patched_source(input_41), original_source(input_41))\n  File "/home/khashayar/projs/det-gen/DET-Gen2/temp_acc_qb.py", line 6, in patched_func\n    ans = (tl[(tl.index(n) + 1)] == m)\nValueError: 4 is not in list\n\n======================================================================\nERROR: test71 (__main__.TestFunctions)\n----------------------------------------------------------------------\nTraceback (most recent call last):\n  File "/home/khashayar/projs/det-gen/DET-Gen2/temp_test_case.py", line 438, in test71\n    self.assertEqual(patched_source(input_71), original_source(input_71))\n  File "/home/khashayar/projs/det-gen/DET-Gen2/temp_acc_qb.py", line 6, in patched_func\n    ans = (tl[(tl.index(n) + 1)] == m)\nValueError: 4 is not in list\n\n======================================================================\nERROR: test75 (__main__.TestFunctions)\n----------------------------------------------------------------------\nTraceback (most recent call last):\n  File "/home/khashayar/projs/det-gen/DET-Gen2/temp_test_case.py", line 462, in test75\n    self.assertEqual(patched_source(input_75), original_source(input_75))\n  File "/home/khashayar/projs/det-gen/DET-Gen2/temp_acc_qb.py", line 6, in patched_func\n    ans = (tl[(tl.index(n) + 1)] == m)\nValueError: 4 is not in list\n\n======================================================================\nERROR: test77 (__main__.TestFunctions)\n----------------------------------------------------------------------\nTraceback (most recent call last):\n  File "/home/khashayar/projs/det-gen/DET-Gen2/temp_test_case.py", line 474, in test77\n    self.assertEqual(patched_source(input_77), original_source(input_77))\n  File "/home/khashayar/projs/det-gen/DET-Gen2/temp_acc_qb.py", line 6, in patched_func\n    ans = (tl[(tl.index(n) + 1)] == m)\nValueError: 4 is not in list\n\n======================================================================\nERROR: test83 (__main__.TestFunctions)\n----------------------------------------------------------------------\nTraceback (most recent call last):\n  File "/home/khashayar/projs/det-gen/DET-Gen2/temp_test_case.py", line 510, in test83\n    self.assertEqual(patched_source(input_83), original_source(input_83))\n  File "/home/khashayar/projs/det-gen/DET-Gen2/temp_acc_qb.py", line 6, in patched_func\n    ans = (tl[(tl.index(n) + 1)] == m)\nValueError: 16 is not in list\n\n======================================================================\nERROR: test84 (__main__.TestFunctions)\n----------------------------------------------------------------------\nTraceback (most recent call last):\n  File "/home/khashayar/projs/det-gen/DET-Gen2/temp_test_case.py", line 516, in test84\n    self.assertEqual(patched_source(input_84), original_source(input_84))\n  File "/home/khashayar/projs/det-gen/DET-Gen2/temp_acc_qb.py", line 6, in patched_func\n    ans = (tl[(tl.index(n) + 1)] == m)\nValueError: 4 is not in list\n\n======================================================================\nERROR: test97 (__main__.TestFunctions)\n----------------------------------------------------------------------\nTraceback (most recent call last):\n  File "/home/khashayar/projs/det-gen/DET-Gen2/temp_test_case.py", line 594, in test97\n    self.assertEqual(patched_source(input_97), original_source(input_97))\n  File "/home/khashayar/projs/det-gen/DET-Gen2/temp_acc_qb.py", line 6, in patched_func\n    ans = (tl[(tl.index(n) + 1)] == m)\nValueError: 8 is not in list\n\n======================================================================\nERROR: test98 (__main__.TestFunctions)\n----------------------------------------------------------------------\nTraceback (most recent call last):\n  File "/home/khashayar/projs/det-gen/DET-Gen2/temp_test_case.py", line 600, in test98\n    self.assertEqual(patched_source(input_98), original_source(input_98))\n  File "/home/khashayar/projs/det-gen/DET-Gen2/temp_acc_qb.py", line 6, in patched_func\n    ans = (tl[(tl.index(n) + 1)] == m)\nValueError: 16 is not in list\n\n======================================================================\nFAIL: test37 (__main__.TestFunctions)\n----------------------------------------------------------------------\nTraceback (most recent call last):\n  File "/home/khashayar/projs/det-gen/DET-Gen2/temp_test_case.py", line 234, in test37\n    self.assertEqual(patched_source(input_37), original_source(input_37))\nAssertionError: Lists differ: [\'NO\'] != [\'YES\']\n\nFirst differing element 0:\n\'NO\'\n\'YES\'\n\n- [\'NO\']\n+ [\'YES\']\n\n======================================================================\nFAIL: test43 (__main__.TestFunctions)\n----------------------------------------------------------------------\nTraceback (most recent call last):\n  File "/home/khashayar/projs/det-gen/DET-Gen2/temp_test_case.py", line 270, in test43\n    self.assertEqual(patched_source(input_43), original_source(input_43))\nAssertionError: Lists differ: [\'NO\'] != [\'YES\']\n\nFirst differing element 0:\n\'NO\'\n\'YES\'\n\n- [\'NO\']\n+ [\'YES\']\n\n----------------------------------------------------------------------\nRan 100 tests in 0.007s\n\nFAILED (failures=2, errors=9)\n')