CompletedProcess(args=['python', 'temp_test_case.py'], returncode=1, stdout=b'', stderr=b'................F.............................................F.....................................\n======================================================================\nFAIL: test23 (__main__.TestFunctions)\n----------------------------------------------------------------------\nTraceback (most recent call last):\n  File "/home/khashayar/projs/det-gen/DET-Gen2/temp_test_case.py", line 150, in test23\n    self.assertEqual(patched_source(input_23), original_source(input_23))\nAssertionError: Lists differ: [\'YES\'] != []\n\nFirst list contains 1 additional elements.\nFirst extra element 0:\n\'YES\'\n\n- [\'YES\']\n+ []\n\n======================================================================\nFAIL: test65 (__main__.TestFunctions)\n----------------------------------------------------------------------\nTraceback (most recent call last):\n  File "/home/khashayar/projs/det-gen/DET-Gen2/temp_test_case.py", line 402, in test65\n    self.assertEqual(patched_source(input_65), original_source(input_65))\nAssertionError: Lists differ: [\'YES\'] != []\n\nFirst list contains 1 additional elements.\nFirst extra element 0:\n\'YES\'\n\n- [\'YES\']\n+ []\n\n----------------------------------------------------------------------\nRan 100 tests in 0.006s\n\nFAILED (failures=2)\n')