CompletedProcess(args=['python', 'temp_test_case.py'], returncode=1, stdout=b'', stderr=b'..F...F...\n======================================================================\nFAIL: test2 (__main__.TestFunctions)\n----------------------------------------------------------------------\nTraceback (most recent call last):\n  File "/home/khashayar/projs/det-gen/DET-Gen/temp_test_case.py", line 24, in test2\n    self.assertEqual(patched_source(input_2), original_source(input_2))\nAssertionError: Lists differ: [10234] != []\n\nFirst list contains 1 additional elements.\nFirst extra element 0:\n10234\n\n- [10234]\n+ []\n\n======================================================================\nFAIL: test6 (__main__.TestFunctions)\n----------------------------------------------------------------------\nTraceback (most recent call last):\n  File "/home/khashayar/projs/det-gen/DET-Gen/temp_test_case.py", line 48, in test6\n    self.assertEqual(patched_source(input_6), original_source(input_6))\nAssertionError: Lists differ: [9012] != []\n\nFirst list contains 1 additional elements.\nFirst extra element 0:\n9012\n\n- [9012]\n+ []\n\n----------------------------------------------------------------------\nRan 10 tests in 0.003s\n\nFAILED (failures=2)\n')