CompletedProcess(args=['python', 'temp_test_case.py'], returncode=1, stdout=b'', stderr=b'..............................................E...........................................F......E..\n======================================================================\nERROR: test50 (__main__.TestFunctions)\n----------------------------------------------------------------------\nTraceback (most recent call last):\n  File "/home/khashayar/projs/det-gen/DET-Gen2/temp_test_case.py", line 312, in test50\n    self.assertEqual(patched_source(input_50), original_source(input_50))\n  File "/home/khashayar/projs/det-gen/DET-Gen2/temp_acc_qb.py", line 4, in patched_func\n    (l, r) = list(map(int, args[0].split()))\nValueError: too many values to unpack (expected 2)\n\n======================================================================\nERROR: test97 (__main__.TestFunctions)\n----------------------------------------------------------------------\nTraceback (most recent call last):\n  File "/home/khashayar/projs/det-gen/DET-Gen2/temp_test_case.py", line 594, in test97\n    self.assertEqual(patched_source(input_97), original_source(input_97))\n  File "/home/khashayar/projs/det-gen/DET-Gen2/temp_acc_qb.py", line 4, in patched_func\n    (l, r) = list(map(int, args[0].split()))\nValueError: too many values to unpack (expected 2)\n\n======================================================================\nFAIL: test90 (__main__.TestFunctions)\n----------------------------------------------------------------------\nTraceback (most recent call last):\n  File "/home/khashayar/projs/det-gen/DET-Gen2/temp_test_case.py", line 552, in test90\n    self.assertEqual(patched_source(input_90), original_source(input_90))\nAssertionError: Lists differ: [\'YES\'] != [\'NO\']\n\nFirst differing element 0:\n\'YES\'\n\'NO\'\n\n- [\'YES\']\n+ [\'NO\']\n\n----------------------------------------------------------------------\nRan 100 tests in 0.005s\n\nFAILED (failures=1, errors=2)\n')