CompletedProcess(args=['python', 'temp_test_case.py'], returncode=1, stdout=b'', stderr=b'..E.EF..E.F.E............FE.E...FF....E....F..E..F.FEF.....F..E.F.........F....E..FF..FE...EFEF..EEF\n======================================================================\nERROR: test10 (__main__.TestFunctions)\n----------------------------------------------------------------------\nTraceback (most recent call last):\n  File "/home/khashayar/projs/det-gen/DET-Gen2/temp_test_case.py", line 72, in test10\n    self.assertEqual(patched_source(input_10), original_source(input_10))\n  File "/home/khashayar/projs/det-gen/DET-Gen2/temp_acc_qb.py", line 9, in patched_func\n    exit()\n  File "/usr/lib/python3.10/_sitebuiltins.py", line 26, in __call__\n    raise SystemExit(code)\nSystemExit: None\n\n======================================================================\nERROR: test12 (__main__.TestFunctions)\n----------------------------------------------------------------------\nTraceback (most recent call last):\n  File "/home/khashayar/projs/det-gen/DET-Gen2/temp_test_case.py", line 84, in test12\n    self.assertEqual(patched_source(input_12), original_source(input_12))\n  File "/home/khashayar/projs/det-gen/DET-Gen2/temp_acc_qb.py", line 9, in patched_func\n    exit()\n  File "/usr/lib/python3.10/_sitebuiltins.py", line 26, in __call__\n    raise SystemExit(code)\nSystemExit: None\n\n======================================================================\nERROR: test16 (__main__.TestFunctions)\n----------------------------------------------------------------------\nTraceback (most recent call last):\n  File "/home/khashayar/projs/det-gen/DET-Gen2/temp_test_case.py", line 108, in test16\n    self.assertEqual(patched_source(input_16), original_source(input_16))\n  File "/home/khashayar/projs/det-gen/DET-Gen2/temp_acc_qb.py", line 9, in patched_func\n    exit()\n  File "/usr/lib/python3.10/_sitebuiltins.py", line 26, in __call__\n    raise SystemExit(code)\nSystemExit: None\n\n======================================================================\nERROR: test2 (__main__.TestFunctions)\n----------------------------------------------------------------------\nTraceback (most recent call last):\n  File "/home/khashayar/projs/det-gen/DET-Gen2/temp_test_case.py", line 24, in test2\n    self.assertEqual(patched_source(input_2), original_source(input_2))\n  File "/home/khashayar/projs/det-gen/DET-Gen2/temp_acc_qb.py", line 9, in patched_func\n    exit()\n  File "/usr/lib/python3.10/_sitebuiltins.py", line 26, in __call__\n    raise SystemExit(code)\nSystemExit: None\n\n======================================================================\nERROR: test32 (__main__.TestFunctions)\n----------------------------------------------------------------------\nTraceback (most recent call last):\n  File "/home/khashayar/projs/det-gen/DET-Gen2/temp_test_case.py", line 204, in test32\n    self.assertEqual(patched_source(input_32), original_source(input_32))\n  File "/home/khashayar/projs/det-gen/DET-Gen2/temp_acc_qb.py", line 9, in patched_func\n    exit()\n  File "/usr/lib/python3.10/_sitebuiltins.py", line 26, in __call__\n    raise SystemExit(code)\nSystemExit: None\n\n======================================================================\nERROR: test34 (__main__.TestFunctions)\n----------------------------------------------------------------------\nTraceback (most recent call last):\n  File "/home/khashayar/projs/det-gen/DET-Gen2/temp_test_case.py", line 216, in test34\n    self.assertEqual(patched_source(input_34), original_source(input_34))\n  File "/home/khashayar/projs/det-gen/DET-Gen2/temp_acc_qb.py", line 9, in patched_func\n    exit()\n  File "/usr/lib/python3.10/_sitebuiltins.py", line 26, in __call__\n    raise SystemExit(code)\nSystemExit: None\n\n======================================================================\nERROR: test43 (__main__.TestFunctions)\n----------------------------------------------------------------------\nTraceback (most recent call last):\n  File "/home/khashayar/projs/det-gen/DET-Gen2/temp_test_case.py", line 270, in test43\n    self.assertEqual(patched_source(input_43), original_source(input_43))\n  File "/home/khashayar/projs/det-gen/DET-Gen2/temp_acc_qb.py", line 9, in patched_func\n    exit()\n  File "/usr/lib/python3.10/_sitebuiltins.py", line 26, in __call__\n    raise SystemExit(code)\nSystemExit: None\n\n======================================================================\nERROR: test50 (__main__.TestFunctions)\n----------------------------------------------------------------------\nTraceback (most recent call last):\n  File "/home/khashayar/projs/det-gen/DET-Gen2/temp_test_case.py", line 312, in test50\n    self.assertEqual(patched_source(input_50), original_source(input_50))\n  File "/home/khashayar/projs/det-gen/DET-Gen2/temp_acc_qb.py", line 9, in patched_func\n    exit()\n  File "/usr/lib/python3.10/_sitebuiltins.py", line 26, in __call__\n    raise SystemExit(code)\nSystemExit: None\n\n======================================================================\nERROR: test56 (__main__.TestFunctions)\n----------------------------------------------------------------------\nTraceback (most recent call last):\n  File "/home/khashayar/projs/det-gen/DET-Gen2/temp_test_case.py", line 348, in test56\n    self.assertEqual(patched_source(input_56), original_source(input_56))\n  File "/home/khashayar/projs/det-gen/DET-Gen2/temp_acc_qb.py", line 9, in patched_func\n    exit()\n  File "/usr/lib/python3.10/_sitebuiltins.py", line 26, in __call__\n    raise SystemExit(code)\nSystemExit: None\n\n======================================================================\nERROR: test65 (__main__.TestFunctions)\n----------------------------------------------------------------------\nTraceback (most recent call last):\n  File "/home/khashayar/projs/det-gen/DET-Gen2/temp_test_case.py", line 402, in test65\n    self.assertEqual(patched_source(input_65), original_source(input_65))\n  File "/home/khashayar/projs/det-gen/DET-Gen2/temp_acc_qb.py", line 9, in patched_func\n    exit()\n  File "/usr/lib/python3.10/_sitebuiltins.py", line 26, in __call__\n    raise SystemExit(code)\nSystemExit: None\n\n======================================================================\nERROR: test80 (__main__.TestFunctions)\n----------------------------------------------------------------------\nTraceback (most recent call last):\n  File "/home/khashayar/projs/det-gen/DET-Gen2/temp_test_case.py", line 492, in test80\n    self.assertEqual(patched_source(input_80), original_source(input_80))\n  File "/home/khashayar/projs/det-gen/DET-Gen2/temp_acc_qb.py", line 9, in patched_func\n    exit()\n  File "/usr/lib/python3.10/_sitebuiltins.py", line 26, in __call__\n    raise SystemExit(code)\nSystemExit: None\n\n======================================================================\nERROR: test88 (__main__.TestFunctions)\n----------------------------------------------------------------------\nTraceback (most recent call last):\n  File "/home/khashayar/projs/det-gen/DET-Gen2/temp_test_case.py", line 540, in test88\n    self.assertEqual(patched_source(input_88), original_source(input_88))\n  File "/home/khashayar/projs/det-gen/DET-Gen2/temp_acc_qb.py", line 9, in patched_func\n    exit()\n  File "/usr/lib/python3.10/_sitebuiltins.py", line 26, in __call__\n    raise SystemExit(code)\nSystemExit: None\n\n======================================================================\nERROR: test91 (__main__.TestFunctions)\n----------------------------------------------------------------------\nTraceback (most recent call last):\n  File "/home/khashayar/projs/det-gen/DET-Gen2/temp_test_case.py", line 558, in test91\n    self.assertEqual(patched_source(input_91), original_source(input_91))\n  File "/home/khashayar/projs/det-gen/DET-Gen2/temp_acc_qb.py", line 4, in patched_func\n    (a, b, c) = args[0].strip().split(\' \')\nValueError: too many values to unpack (expected 3)\n\n======================================================================\nERROR: test93 (__main__.TestFunctions)\n----------------------------------------------------------------------\nTraceback (most recent call last):\n  File "/home/khashayar/projs/det-gen/DET-Gen2/temp_test_case.py", line 570, in test93\n    self.assertEqual(patched_source(input_93), original_source(input_93))\n  File "/home/khashayar/projs/det-gen/DET-Gen2/temp_acc_qb.py", line 9, in patched_func\n    exit()\n  File "/usr/lib/python3.10/_sitebuiltins.py", line 26, in __call__\n    raise SystemExit(code)\nSystemExit: None\n\n======================================================================\nERROR: test97 (__main__.TestFunctions)\n----------------------------------------------------------------------\nTraceback (most recent call last):\n  File "/home/khashayar/projs/det-gen/DET-Gen2/temp_test_case.py", line 594, in test97\n    self.assertEqual(patched_source(input_97), original_source(input_97))\n  File "/home/khashayar/projs/det-gen/DET-Gen2/temp_acc_qb.py", line 9, in patched_func\n    exit()\n  File "/usr/lib/python3.10/_sitebuiltins.py", line 26, in __call__\n    raise SystemExit(code)\nSystemExit: None\n\n======================================================================\nERROR: test98 (__main__.TestFunctions)\n----------------------------------------------------------------------\nTraceback (most recent call last):\n  File "/home/khashayar/projs/det-gen/DET-Gen2/temp_test_case.py", line 600, in test98\n    self.assertEqual(patched_source(input_98), original_source(input_98))\n  File "/home/khashayar/projs/det-gen/DET-Gen2/temp_acc_qb.py", line 9, in patched_func\n    exit()\n  File "/usr/lib/python3.10/_sitebuiltins.py", line 26, in __call__\n    raise SystemExit(code)\nSystemExit: None\n\n======================================================================\nFAIL: test13 (__main__.TestFunctions)\n----------------------------------------------------------------------\nTraceback (most recent call last):\n  File "/home/khashayar/projs/det-gen/DET-Gen2/temp_test_case.py", line 90, in test13\n    self.assertEqual(patched_source(input_13), original_source(input_13))\nAssertionError: Lists differ: [0] != [1]\n\nFirst differing element 0:\n0\n1\n\n- [0]\n+ [1]\n\n======================================================================\nFAIL: test18 (__main__.TestFunctions)\n----------------------------------------------------------------------\nTraceback (most recent call last):\n  File "/home/khashayar/projs/det-gen/DET-Gen2/temp_test_case.py", line 120, in test18\n    self.assertEqual(patched_source(input_18), original_source(input_18))\nAssertionError: Lists differ: [0] != [1]\n\nFirst differing element 0:\n0\n1\n\n- [0]\n+ [1]\n\n======================================================================\nFAIL: test31 (__main__.TestFunctions)\n----------------------------------------------------------------------\nTraceback (most recent call last):\n  File "/home/khashayar/projs/det-gen/DET-Gen2/temp_test_case.py", line 198, in test31\n    self.assertEqual(patched_source(input_31), original_source(input_31))\nAssertionError: Lists differ: [0] != [1]\n\nFirst differing element 0:\n0\n1\n\n- [0]\n+ [1]\n\n======================================================================\nFAIL: test38 (__main__.TestFunctions)\n----------------------------------------------------------------------\nTraceback (most recent call last):\n  File "/home/khashayar/projs/det-gen/DET-Gen2/temp_test_case.py", line 240, in test38\n    self.assertEqual(patched_source(input_38), original_source(input_38))\nAssertionError: Lists differ: [0] != [1]\n\nFirst differing element 0:\n0\n1\n\n- [0]\n+ [1]\n\n======================================================================\nFAIL: test39 (__main__.TestFunctions)\n----------------------------------------------------------------------\nTraceback (most recent call last):\n  File "/home/khashayar/projs/det-gen/DET-Gen2/temp_test_case.py", line 246, in test39\n    self.assertEqual(patched_source(input_39), original_source(input_39))\nAssertionError: Lists differ: [0] != [1]\n\nFirst differing element 0:\n0\n1\n\n- [0]\n+ [1]\n\n======================================================================\nFAIL: test48 (__main__.TestFunctions)\n----------------------------------------------------------------------\nTraceback (most recent call last):\n  File "/home/khashayar/projs/det-gen/DET-Gen2/temp_test_case.py", line 300, in test48\n    self.assertEqual(patched_source(input_48), original_source(input_48))\nAssertionError: Lists differ: [0] != [1]\n\nFirst differing element 0:\n0\n1\n\n- [0]\n+ [1]\n\n======================================================================\nFAIL: test53 (__main__.TestFunctions)\n----------------------------------------------------------------------\nTraceback (most recent call last):\n  File "/home/khashayar/projs/det-gen/DET-Gen2/temp_test_case.py", line 330, in test53\n    self.assertEqual(patched_source(input_53), original_source(input_53))\nAssertionError: Lists differ: [0] != [1]\n\nFirst differing element 0:\n0\n1\n\n- [0]\n+ [1]\n\n======================================================================\nFAIL: test55 (__main__.TestFunctions)\n----------------------------------------------------------------------\nTraceback (most recent call last):\n  File "/home/khashayar/projs/det-gen/DET-Gen2/temp_test_case.py", line 342, in test55\n    self.assertEqual(patched_source(input_55), original_source(input_55))\nAssertionError: Lists differ: [4] != [5]\n\nFirst differing element 0:\n4\n5\n\n- [4]\n+ [5]\n\n======================================================================\nFAIL: test57 (__main__.TestFunctions)\n----------------------------------------------------------------------\nTraceback (most recent call last):\n  File "/home/khashayar/projs/det-gen/DET-Gen2/temp_test_case.py", line 354, in test57\n    self.assertEqual(patched_source(input_57), original_source(input_57))\nAssertionError: Lists differ: [0] != [1]\n\nFirst differing element 0:\n0\n1\n\n- [0]\n+ [1]\n\n======================================================================\nFAIL: test62 (__main__.TestFunctions)\n----------------------------------------------------------------------\nTraceback (most recent call last):\n  File "/home/khashayar/projs/det-gen/DET-Gen2/temp_test_case.py", line 384, in test62\n    self.assertEqual(patched_source(input_62), original_source(input_62))\nAssertionError: Lists differ: [0] != [1]\n\nFirst differing element 0:\n0\n1\n\n- [0]\n+ [1]\n\n======================================================================\nFAIL: test67 (__main__.TestFunctions)\n----------------------------------------------------------------------\nTraceback (most recent call last):\n  File "/home/khashayar/projs/det-gen/DET-Gen2/temp_test_case.py", line 414, in test67\n    self.assertEqual(patched_source(input_67), original_source(input_67))\nAssertionError: Lists differ: [0] != [1]\n\nFirst differing element 0:\n0\n1\n\n- [0]\n+ [1]\n\n======================================================================\nFAIL: test76 (__main__.TestFunctions)\n----------------------------------------------------------------------\nTraceback (most recent call last):\n  File "/home/khashayar/projs/det-gen/DET-Gen2/temp_test_case.py", line 468, in test76\n    self.assertEqual(patched_source(input_76), original_source(input_76))\nAssertionError: Lists differ: [0] != [1]\n\nFirst differing element 0:\n0\n1\n\n- [0]\n+ [1]\n\n======================================================================\nFAIL: test83 (__main__.TestFunctions)\n----------------------------------------------------------------------\nTraceback (most recent call last):\n  File "/home/khashayar/projs/det-gen/DET-Gen2/temp_test_case.py", line 510, in test83\n    self.assertEqual(patched_source(input_83), original_source(input_83))\nAssertionError: Lists differ: [0] != [1]\n\nFirst differing element 0:\n0\n1\n\n- [0]\n+ [1]\n\n======================================================================\nFAIL: test84 (__main__.TestFunctions)\n----------------------------------------------------------------------\nTraceback (most recent call last):\n  File "/home/khashayar/projs/det-gen/DET-Gen2/temp_test_case.py", line 516, in test84\n    self.assertEqual(patched_source(input_84), original_source(input_84))\nAssertionError: Lists differ: [1] != [2]\n\nFirst differing element 0:\n1\n2\n\n- [1]\n+ [2]\n\n======================================================================\nFAIL: test87 (__main__.TestFunctions)\n----------------------------------------------------------------------\nTraceback (most recent call last):\n  File "/home/khashayar/projs/det-gen/DET-Gen2/temp_test_case.py", line 534, in test87\n    self.assertEqual(patched_source(input_87), original_source(input_87))\nAssertionError: Lists differ: [4] != [5]\n\nFirst differing element 0:\n4\n5\n\n- [4]\n+ [5]\n\n======================================================================\nFAIL: test92 (__main__.TestFunctions)\n----------------------------------------------------------------------\nTraceback (most recent call last):\n  File "/home/khashayar/projs/det-gen/DET-Gen2/temp_test_case.py", line 564, in test92\n    self.assertEqual(patched_source(input_92), original_source(input_92))\nAssertionError: Lists differ: [0] != [1]\n\nFirst differing element 0:\n0\n1\n\n- [0]\n+ [1]\n\n======================================================================\nFAIL: test94 (__main__.TestFunctions)\n----------------------------------------------------------------------\nTraceback (most recent call last):\n  File "/home/khashayar/projs/det-gen/DET-Gen2/temp_test_case.py", line 576, in test94\n    self.assertEqual(patched_source(input_94), original_source(input_94))\nAssertionError: Lists differ: [0] != [1]\n\nFirst differing element 0:\n0\n1\n\n- [0]\n+ [1]\n\n======================================================================\nFAIL: test99 (__main__.TestFunctions)\n----------------------------------------------------------------------\nTraceback (most recent call last):\n  File "/home/khashayar/projs/det-gen/DET-Gen2/temp_test_case.py", line 606, in test99\n    self.assertEqual(patched_source(input_99), original_source(input_99))\nAssertionError: Lists differ: [0] != [1]\n\nFirst differing element 0:\n0\n1\n\n- [0]\n+ [1]\n\n----------------------------------------------------------------------\nRan 100 tests in 0.009s\n\nFAILED (failures=18, errors=16)\n')