CompletedProcess(args=['python', 'temp_test_case.py'], returncode=1, stdout=b'', stderr=b'..............F..........................E.......E....................E......E..E..E..E..E..........\n======================================================================\nERROR: test46 (__main__.TestFunctions)\n----------------------------------------------------------------------\nTraceback (most recent call last):\n  File "/home/khashayar/projs/det-gen/DET-Gen2/temp_test_case.py", line 288, in test46\n    self.assertEqual(patched_source(input_46), original_source(input_46))\n  File "/home/khashayar/projs/det-gen/DET-Gen2/temp_acc_qb.py", line 9, in patched_func\n    global_list.append(int(((int(lisa[0:index]) * int(lisa[(index + 1):len(lisa)])) / 2)))\nValueError: invalid literal for int() with base 10: \'2 4\'\n\n======================================================================\nERROR: test53 (__main__.TestFunctions)\n----------------------------------------------------------------------\nTraceback (most recent call last):\n  File "/home/khashayar/projs/det-gen/DET-Gen2/temp_test_case.py", line 330, in test53\n    self.assertEqual(patched_source(input_53), original_source(input_53))\n  File "/home/khashayar/projs/det-gen/DET-Gen2/temp_acc_qb.py", line 9, in patched_func\n    global_list.append(int(((int(lisa[0:index]) * int(lisa[(index + 1):len(lisa)])) / 2)))\nValueError: invalid literal for int() with base 10: \'2 3\'\n\n======================================================================\nERROR: test72 (__main__.TestFunctions)\n----------------------------------------------------------------------\nTraceback (most recent call last):\n  File "/home/khashayar/projs/det-gen/DET-Gen2/temp_test_case.py", line 444, in test72\n    self.assertEqual(patched_source(input_72), original_source(input_72))\n  File "/home/khashayar/projs/det-gen/DET-Gen2/temp_bug_qb.py", line 5, in original_func\n    global_list.append(int(((int(lisa[0]) * int(lisa[2])) / 2)))\nValueError: invalid literal for int() with base 10: \' \'\n\n======================================================================\nERROR: test79 (__main__.TestFunctions)\n----------------------------------------------------------------------\nTraceback (most recent call last):\n  File "/home/khashayar/projs/det-gen/DET-Gen2/temp_test_case.py", line 486, in test79\n    self.assertEqual(patched_source(input_79), original_source(input_79))\n  File "/home/khashayar/projs/det-gen/DET-Gen2/temp_acc_qb.py", line 9, in patched_func\n    global_list.append(int(((int(lisa[0:index]) * int(lisa[(index + 1):len(lisa)])) / 2)))\nValueError: invalid literal for int() with base 10: \'8 2\'\n\n======================================================================\nERROR: test81 (__main__.TestFunctions)\n----------------------------------------------------------------------\nTraceback (most recent call last):\n  File "/home/khashayar/projs/det-gen/DET-Gen2/temp_test_case.py", line 498, in test81\n    self.assertEqual(patched_source(input_81), original_source(input_81))\n  File "/home/khashayar/projs/det-gen/DET-Gen2/temp_acc_qb.py", line 9, in patched_func\n    global_list.append(int(((int(lisa[0:index]) * int(lisa[(index + 1):len(lisa)])) / 2)))\nValueError: invalid literal for int() with base 10: \'4 8\'\n\n======================================================================\nERROR: test84 (__main__.TestFunctions)\n----------------------------------------------------------------------\nTraceback (most recent call last):\n  File "/home/khashayar/projs/det-gen/DET-Gen2/temp_test_case.py", line 516, in test84\n    self.assertEqual(patched_source(input_84), original_source(input_84))\n  File "/home/khashayar/projs/det-gen/DET-Gen2/temp_acc_qb.py", line 9, in patched_func\n    global_list.append(int(((int(lisa[0:index]) * int(lisa[(index + 1):len(lisa)])) / 2)))\nValueError: invalid literal for int() with base 10: \'2 4\'\n\n======================================================================\nERROR: test87 (__main__.TestFunctions)\n----------------------------------------------------------------------\nTraceback (most recent call last):\n  File "/home/khashayar/projs/det-gen/DET-Gen2/temp_test_case.py", line 534, in test87\n    self.assertEqual(patched_source(input_87), original_source(input_87))\n  File "/home/khashayar/projs/det-gen/DET-Gen2/temp_acc_qb.py", line 9, in patched_func\n    global_list.append(int(((int(lisa[0:index]) * int(lisa[(index + 1):len(lisa)])) / 2)))\nValueError: invalid literal for int() with base 10: \'5 3 4\'\n\n======================================================================\nERROR: test9 (__main__.TestFunctions)\n----------------------------------------------------------------------\nTraceback (most recent call last):\n  File "/home/khashayar/projs/det-gen/DET-Gen2/temp_test_case.py", line 66, in test9\n    self.assertEqual(patched_source(input_9), original_source(input_9))\n  File "/home/khashayar/projs/det-gen/DET-Gen2/temp_bug_qb.py", line 5, in original_func\n    global_list.append(int(((int(lisa[0]) * int(lisa[2])) / 2)))\nValueError: invalid literal for int() with base 10: \' \'\n\n======================================================================\nFAIL: test21 (__main__.TestFunctions)\n----------------------------------------------------------------------\nTraceback (most recent call last):\n  File "/home/khashayar/projs/det-gen/DET-Gen2/temp_test_case.py", line 138, in test21\n    self.assertEqual(patched_source(input_21), original_source(input_21))\nAssertionError: Lists differ: [25] != [2]\n\nFirst differing element 0:\n25\n2\n\n- [25]\n?   -\n\n+ [2]\n\n----------------------------------------------------------------------\nRan 100 tests in 0.006s\n\nFAILED (failures=1, errors=8)\n')