============================= test session starts ==============================
platform linux -- Python 3.10.12, pytest-7.4.4, pluggy-1.4.0
rootdir: /home/khashayar/projs/det-gen
plugins: anyio-4.3.0
collected 4 items

pynguin-qb-mutation-res/breadth_first_search/52/test_transformed_breadth_first_search.py . [ 25%]
..F                                                                      [100%]

=================================== FAILURES ===================================
_________________________________ test_case_3 __________________________________

    def test_case_3():
        none_type_0 = None
        node_0 = module_2.Node(
            none_type_0, predecessors=none_type_0, outgoing_nodes=none_type_0
        )
        int_0 = -939
>       var_0 = module_0.breadth_first_search(node_0, int_0)

pynguin-qb-mutation-res/breadth_first_search/52/test_transformed_breadth_first_search.py:34: 
_ _ _ _ _ _ _ _ _ _ _ _ _ _ _ _ _ _ _ _ _ _ _ _ _ _ _ _ _ _ _ _ _ _ _ _ _ _ _ _ 

startnode = <node.Node object at 0x7fc184b270d0>, goalnode = -939

    def breadth_first_search(startnode, goalnode):
        queue = Queue()
        queue.append(startnode)
    
        nodesseen = set()
        nodesseen.add(startnode)
    
        while True:
>           node = queue.popleft()
E           IndexError: pop from an empty deque

pynguin-qb-mutation-res/breadth_first_search/52/breadth_first_search.py:12: IndexError
=========================== short test summary info ============================
FAILED pynguin-qb-mutation-res/breadth_first_search/52/test_transformed_breadth_first_search.py::test_case_3
========================= 1 failed, 3 passed in 0.05s ==========================
