============================= test session starts ==============================
platform linux -- Python 3.10.12, pytest-7.4.4, pluggy-1.4.0
rootdir: /home/khashayar/projs/det-gen
plugins: anyio-4.3.0
collected 3 items

pynguin-qb-mutation-res/breadth_first_search/15/test_transformed_breadth_first_search.py . [ 33%]
F.                                                                       [100%]

=================================== FAILURES ===================================
_________________________________ test_case_1 __________________________________

    def test_case_1():
        bool_0 = False
        node_0 = module_1.Node(successor=bool_0, predecessors=bool_0)
>       var_0 = module_0.breadth_first_search(node_0, bool_0)

pynguin-qb-mutation-res/breadth_first_search/15/test_transformed_breadth_first_search.py:17: 
_ _ _ _ _ _ _ _ _ _ _ _ _ _ _ _ _ _ _ _ _ _ _ _ _ _ _ _ _ _ _ _ _ _ _ _ _ _ _ _ 

startnode = <node.Node object at 0x7f2892d01870>, goalnode = False

    def breadth_first_search(startnode, goalnode):
        queue = Queue()
        queue.append(startnode)
    
        nodesseen = set()
        nodesseen.add(startnode)
    
        while True:
>           node = queue.popleft()
E           IndexError: pop from an empty deque

pynguin-qb-mutation-res/breadth_first_search/15/breadth_first_search.py:12: IndexError
=========================== short test summary info ============================
FAILED pynguin-qb-mutation-res/breadth_first_search/15/test_transformed_breadth_first_search.py::test_case_1
========================= 1 failed, 2 passed in 0.04s ==========================
