============================= test session starts ==============================
platform linux -- Python 3.10.12, pytest-7.4.4, pluggy-1.4.0
rootdir: /home/khashayar/projs/det-gen
plugins: anyio-4.3.0
collected 6 items

pynguin-qb-mutation-res/find_first_in_sorted/65/test_transformed_find_first_in_sorted.py . [ 16%]
F..F.                                                                    [100%]

=================================== FAILURES ===================================
_________________________________ test_case_1 __________________________________

    def test_case_1():
        tuple_0 = ()
        list_0 = [tuple_0, tuple_0, tuple_0, tuple_0]
>       var_0 = module_0.find_first_in_sorted(tuple_0, list_0)

pynguin-qb-mutation-res/find_first_in_sorted/65/test_transformed_find_first_in_sorted.py:16: 
_ _ _ _ _ _ _ _ _ _ _ _ _ _ _ _ _ _ _ _ _ _ _ _ _ _ _ _ _ _ _ _ _ _ _ _ _ _ _ _ 

arr = (), x = [(), (), (), ()]

    def find_first_in_sorted(arr, x):
        lo = 0
        hi = len(arr)
    
        while lo <= hi:
            mid = (lo + hi) // 2
    
>           if x == arr[mid] and (mid == 0 or x != arr[mid - 1]):
E           IndexError: tuple index out of range

pynguin-qb-mutation-res/find_first_in_sorted/65/find_first_in_sorted.py:8: IndexError
_________________________________ test_case_4 __________________________________

    def test_case_4():
        str_0 = "{\rz;"
>       var_0 = module_0.find_first_in_sorted(str_0, str_0)

pynguin-qb-mutation-res/find_first_in_sorted/65/test_transformed_find_first_in_sorted.py:41: 
_ _ _ _ _ _ _ _ _ _ _ _ _ _ _ _ _ _ _ _ _ _ _ _ _ _ _ _ _ _ _ _ _ _ _ _ _ _ _ _ 

arr = '{\rz;', x = '{\rz;'

    def find_first_in_sorted(arr, x):
        lo = 0
        hi = len(arr)
    
        while lo <= hi:
            mid = (lo + hi) // 2
    
>           if x == arr[mid] and (mid == 0 or x != arr[mid - 1]):
E           IndexError: string index out of range

pynguin-qb-mutation-res/find_first_in_sorted/65/find_first_in_sorted.py:8: IndexError
=========================== short test summary info ============================
FAILED pynguin-qb-mutation-res/find_first_in_sorted/65/test_transformed_find_first_in_sorted.py::test_case_1
FAILED pynguin-qb-mutation-res/find_first_in_sorted/65/test_transformed_find_first_in_sorted.py::test_case_4
========================= 2 failed, 4 passed in 0.06s ==========================
