============================= test session starts ==============================
platform linux -- Python 3.10.12, pytest-7.4.4, pluggy-1.4.0
rootdir: /home/khashayar/projs/det-gen
plugins: anyio-4.3.0
collected 5 items

pynguin-qb-mutation-res/knapsack/76/test_transformed_knapsack.py ...FF   [100%]

=================================== FAILURES ===================================
_________________________________ test_case_3 __________________________________

    def test_case_3():
        bool_0 = True
        list_0 = [bool_0, bool_0]
        tuple_0 = (list_0, list_0, list_0)
        var_0 = module_0.knapsack(bool_0, tuple_0)
>       assert var_0 == 1
E       assert 0 == 1

pynguin-qb-mutation-res/knapsack/76/test_transformed_knapsack.py:34: AssertionError
_________________________________ test_case_4 __________________________________

    def test_case_4():
        bool_0 = True
        list_0 = [bool_0, bool_0]
        tuple_0 = (list_0, list_0, list_0)
        var_0 = module_0.knapsack(bool_0, tuple_0)
>       assert var_0 == 1
E       assert 0 == 1

pynguin-qb-mutation-res/knapsack/76/test_transformed_knapsack.py:43: AssertionError
=========================== short test summary info ============================
FAILED pynguin-qb-mutation-res/knapsack/76/test_transformed_knapsack.py::test_case_3
FAILED pynguin-qb-mutation-res/knapsack/76/test_transformed_knapsack.py::test_case_4
========================= 2 failed, 3 passed in 0.05s ==========================
