============================= test session starts ==============================
platform linux -- Python 3.10.12, pytest-7.4.4, pluggy-1.4.0
rootdir: /home/khashayar/projs/det-gen
plugins: anyio-4.3.0
collected 4 items

pynguin-qb-mutation-res/kth/60/test_transformed_kth.py ...F              [100%]

=================================== FAILURES ===================================
_________________________________ test_case_3 __________________________________

    def test_case_3():
        bytes_0 = b"\x8d\x8f\x86c\xf1b\xb4\x0b\x99>"
        bool_0 = True
>       var_0 = module_0.kth(bytes_0, bool_0)

pynguin-qb-mutation-res/kth/60/test_transformed_kth.py:34: 
_ _ _ _ _ _ _ _ _ _ _ _ _ _ _ _ _ _ _ _ _ _ _ _ _ _ _ _ _ _ _ _ _ _ _ _ _ _ _ _ 
pynguin-qb-mutation-res/kth/60/kth.py:10: in kth
    return kth(below, k)
pynguin-qb-mutation-res/kth/60/kth.py:10: in kth
    return kth(below, k)
pynguin-qb-mutation-res/kth/60/kth.py:10: in kth
    return kth(below, k)
pynguin-qb-mutation-res/kth/60/kth.py:10: in kth
    return kth(below, k)
pynguin-qb-mutation-res/kth/60/kth.py:12: in kth
    return kth(above, k)
pynguin-qb-mutation-res/kth/60/kth.py:12: in kth
    return kth(above, k)
_ _ _ _ _ _ _ _ _ _ _ _ _ _ _ _ _ _ _ _ _ _ _ _ _ _ _ _ _ _ _ _ _ _ _ _ _ _ _ _ 

arr = [], k = True

    def kth(arr, k):
>       pivot = arr[0]
E       IndexError: list index out of range

pynguin-qb-mutation-res/kth/60/kth.py:2: IndexError
=========================== short test summary info ============================
FAILED pynguin-qb-mutation-res/kth/60/test_transformed_kth.py::test_case_3 - ...
========================= 1 failed, 3 passed in 0.04s ==========================
