============================= test session starts ==============================
platform linux -- Python 3.10.12, pytest-7.4.4, pluggy-1.4.0
rootdir: /home/khashayar/projs/det-gen
plugins: anyio-4.3.0
collected 6 items

pynguin-qb-mutation-res/kth/50/test_transformed_kth.py .....F            [100%]

=================================== FAILURES ===================================
_________________________________ test_case_5 __________________________________

    def test_case_5():
        bool_0 = True
        bytes_0 = b"@\xee\x85\xf6eD\xe8\xd6\xa7"
        var_0 = module_0.kth(bytes_0, bool_0)
>       assert var_0 == 68
E       assert 101 == 68

pynguin-qb-mutation-res/kth/50/test_transformed_kth.py:50: AssertionError
=========================== short test summary info ============================
FAILED pynguin-qb-mutation-res/kth/50/test_transformed_kth.py::test_case_5 - ...
========================= 1 failed, 5 passed in 0.04s ==========================
