============================= test session starts ==============================
platform linux -- Python 3.10.12, pytest-7.4.4, pluggy-1.4.0
rootdir: /home/khashayar/projs/det-gen
plugins: anyio-4.3.0
collected 3 items

pynguin-qb-mutation-res/lcs_length/17/test_transformed_lcs_length.py F.. [100%]

=================================== FAILURES ===================================
_________________________________ test_case_0 __________________________________

    def test_case_0():
        bool_0 = False
        bool_1 = False
        set_0 = set()
        tuple_0 = (bool_1, set_0)
        tuple_1 = (bool_0, bool_0, bool_0, tuple_0)
        var_0 = module_0.lcs_length(tuple_1, tuple_1)
>       assert var_0 == 4
E       assert 3 == 4

pynguin-qb-mutation-res/lcs_length/17/test_transformed_lcs_length.py:14: AssertionError
=========================== short test summary info ============================
FAILED pynguin-qb-mutation-res/lcs_length/17/test_transformed_lcs_length.py::test_case_0
========================= 1 failed, 2 passed in 0.04s ==========================
