============================= test session starts ==============================
platform linux -- Python 3.10.12, pytest-7.4.4, pluggy-1.4.0
rootdir: /home/khashayar/projs/det-gen
plugins: anyio-4.3.0
collected 4 items

pynguin-qb-mutation-res/lcs_length/34/test_transformed_lcs_length.py ... [ 75%]
F                                                                        [100%]

=================================== FAILURES ===================================
_________________________________ test_case_3 __________________________________

    def test_case_3():
        float_0 = 179.95
        dict_0 = {float_0: float_0, float_0: float_0, float_0: float_0}
        int_0 = -354
        list_0 = [dict_0]
        tuple_0 = (dict_0, int_0, list_0, dict_0)
        var_0 = module_0.lcs_length(tuple_0, tuple_0)
>       assert var_0 == 4
E       assert 1 == 4

pynguin-qb-mutation-res/lcs_length/34/test_transformed_lcs_length.py:36: AssertionError
=========================== short test summary info ============================
FAILED pynguin-qb-mutation-res/lcs_length/34/test_transformed_lcs_length.py::test_case_3
========================= 1 failed, 3 passed in 0.04s ==========================
