============================= test session starts ==============================
platform linux -- Python 3.10.12, pytest-7.4.4, pluggy-1.4.0
rootdir: /home/khashayar/projs/det-gen
plugins: anyio-4.3.0
collected 4 items

pynguin-qb-mutation-res/levenshtein/67/test_transformed_levenshtein.py . [ 25%]
FF.                                                                      [100%]

=================================== FAILURES ===================================
_________________________________ test_case_1 __________________________________

    def test_case_1():
        str_0 = "u\x0bb_H&I@fH"
        var_0 = module_0.levenshtein(str_0, str_0)
>       assert var_0 == 0
E       assert 10 == 0

pynguin-qb-mutation-res/levenshtein/67/test_transformed_levenshtein.py:16: AssertionError
_________________________________ test_case_2 __________________________________

    def test_case_2():
        bytes_0 = b'\x80\xa7I\xae\x15"\x8f;\x8f\xa8\t\xe2'
        str_0 = "u\x0bb_H&I@fH"
        tuple_0 = (bytes_0, str_0)
        var_0 = module_0.levenshtein(str_0, str_0)
>       assert var_0 == 0
E       assert 10 == 0

pynguin-qb-mutation-res/levenshtein/67/test_transformed_levenshtein.py:25: AssertionError
=========================== short test summary info ============================
FAILED pynguin-qb-mutation-res/levenshtein/67/test_transformed_levenshtein.py::test_case_1
FAILED pynguin-qb-mutation-res/levenshtein/67/test_transformed_levenshtein.py::test_case_2
========================= 2 failed, 2 passed in 0.10s ==========================
