============================= test session starts ==============================
platform linux -- Python 3.10.12, pytest-7.4.4, pluggy-1.4.0
rootdir: /home/khashayar/projs/det-gen
plugins: anyio-4.3.0
collected 3 items

pynguin-qb-mutation-res/levenshtein/0/test_transformed_levenshtein.py FF [ 66%]
F                                                                        [100%]

=================================== FAILURES ===================================
_________________________________ test_case_0 __________________________________

    def test_case_0():
        str_0 = '"?OdR\rhC'
        var_0 = module_0.levenshtein(str_0, str_0)
>       assert var_0 == 0
E       assert 8 == 0

pynguin-qb-mutation-res/levenshtein/0/test_transformed_levenshtein.py:10: AssertionError
_________________________________ test_case_1 __________________________________

    def test_case_1():
        str_0 = '"?OdR\rhC'
        var_0 = module_0.levenshtein(str_0, str_0)
>       assert var_0 == 0
E       assert 8 == 0

pynguin-qb-mutation-res/levenshtein/0/test_transformed_levenshtein.py:17: AssertionError
_________________________________ test_case_2 __________________________________

    def test_case_2():
        str_0 = '"?OdR\rnC'
        var_0 = module_0.levenshtein(str_0, str_0)
>       assert var_0 == 0
E       assert 8 == 0

pynguin-qb-mutation-res/levenshtein/0/test_transformed_levenshtein.py:26: AssertionError
=========================== short test summary info ============================
FAILED pynguin-qb-mutation-res/levenshtein/0/test_transformed_levenshtein.py::test_case_0
FAILED pynguin-qb-mutation-res/levenshtein/0/test_transformed_levenshtein.py::test_case_1
FAILED pynguin-qb-mutation-res/levenshtein/0/test_transformed_levenshtein.py::test_case_2
============================== 3 failed in 0.10s ===============================
