============================= test session starts ==============================
platform linux -- Python 3.10.12, pytest-7.4.4, pluggy-1.4.0
rootdir: /home/khashayar/projs/det-gen
plugins: anyio-4.3.0
collected 3 items

pynguin-qb-mutation-res/lis/32/test_transformed_lis.py F.F               [100%]

=================================== FAILURES ===================================
_________________________________ test_case_0 __________________________________

    def test_case_0():
        bytes_0 = b"\xf7\xe4n\xfa["
        var_0 = module_0.lis(bytes_0)
>       assert var_0 == 2
E       assert 1 == 2

pynguin-qb-mutation-res/lis/32/test_transformed_lis.py:10: AssertionError
_________________________________ test_case_2 __________________________________

    def test_case_2():
        list_0 = []
        var_0 = module_0.lis(list_0)
        assert var_0 == 0
        str_0 = "uW89T4Ik4Rv)9Sx"
        var_1 = module_0.lis(str_0)
>       assert var_1 == 6
E       assert 4 == 6

pynguin-qb-mutation-res/lis/32/test_transformed_lis.py:26: AssertionError
=========================== short test summary info ============================
FAILED pynguin-qb-mutation-res/lis/32/test_transformed_lis.py::test_case_0 - ...
FAILED pynguin-qb-mutation-res/lis/32/test_transformed_lis.py::test_case_2 - ...
========================= 2 failed, 1 passed in 0.04s ==========================
