============================= test session starts ==============================
platform linux -- Python 3.10.12, pytest-7.4.4, pluggy-1.4.0
rootdir: /home/khashayar/projs/det-gen
plugins: anyio-4.3.0
collected 3 items

pynguin-qb-mutation-res/lis/72/test_transformed_lis.py .F.               [100%]

=================================== FAILURES ===================================
_________________________________ test_case_1 __________________________________

    def test_case_1():
        bytes_0 = b"\x14\xcaG\r\xee\xd3%\x1f"
        list_0 = [bytes_0, bytes_0, bytes_0]
        var_0 = module_0.lis(list_0)
        assert var_0 == 1
        dict_0 = {}
        var_1 = module_0.lis(dict_0)
        var_2 = module_0.lis(list_0)
        assert var_2 == 1
        var_3 = module_0.lis(bytes_0)
>       assert var_3 == 3
E       assert 2 == 3

pynguin-qb-mutation-res/lis/72/test_transformed_lis.py:28: AssertionError
=========================== short test summary info ============================
FAILED pynguin-qb-mutation-res/lis/72/test_transformed_lis.py::test_case_1 - ...
========================= 1 failed, 2 passed in 0.04s ==========================
