============================= test session starts ==============================
platform linux -- Python 3.10.12, pytest-7.4.4, pluggy-1.4.0
rootdir: /home/khashayar/projs/det-gen
plugins: anyio-4.3.0
collected 6 items

pynguin-qb-mutation-res/possible_change/44/test_transformed_possible_change.py . [ 16%]
....F                                                                    [100%]

=================================== FAILURES ===================================
_________________________________ test_case_5 __________________________________

    def test_case_5():
        bool_0 = False
        float_0 = 259.2199
>       var_0 = module_0.possible_change(bool_0, float_0)

pynguin-qb-mutation-res/possible_change/44/test_transformed_possible_change.py:49: 
_ _ _ _ _ _ _ _ _ _ _ _ _ _ _ _ _ _ _ _ _ _ _ _ _ _ _ _ _ _ _ _ _ _ _ _ _ _ _ _ 

coins = False, total = 259.2199

    def possible_change(coins, total):
        if total == 0:
            return 1
        if total < 0:
            return 0
    
>       first, *rest = coins
E       TypeError: cannot unpack non-iterable bool object

pynguin-qb-mutation-res/possible_change/44/possible_change.py:8: TypeError
=========================== short test summary info ============================
FAILED pynguin-qb-mutation-res/possible_change/44/test_transformed_possible_change.py::test_case_5
========================= 1 failed, 5 passed in 0.04s ==========================
