============================= test session starts ==============================
platform linux -- Python 3.10.12, pytest-7.4.4, pluggy-1.4.0
rootdir: /home/khashayar/projs/det-gen
plugins: anyio-4.3.0
collected 5 items

pynguin-qb-mutation-res/possible_change/60/test_transformed_possible_change.py . [ 20%]
.F.F                                                                     [100%]

=================================== FAILURES ===================================
_________________________________ test_case_2 __________________________________

    def test_case_2():
        bool_0 = True
        set_0 = {bool_0, bool_0, bool_0, bool_0}
>       var_0 = module_0.possible_change(set_0, bool_0)

pynguin-qb-mutation-res/possible_change/60/test_transformed_possible_change.py:23: 
_ _ _ _ _ _ _ _ _ _ _ _ _ _ _ _ _ _ _ _ _ _ _ _ _ _ _ _ _ _ _ _ _ _ _ _ _ _ _ _ 
pynguin-qb-mutation-res/possible_change/60/possible_change.py:9: in possible_change
    return possible_change(coins, total - first) + possible_change(rest, total)
_ _ _ _ _ _ _ _ _ _ _ _ _ _ _ _ _ _ _ _ _ _ _ _ _ _ _ _ _ _ _ _ _ _ _ _ _ _ _ _ 

coins = [], total = True

    def possible_change(coins, total):
        if total == 0:
            return 1
        if total < 0:
            return 0
    
>       first, *rest = coins
E       ValueError: not enough values to unpack (expected at least 1, got 0)

pynguin-qb-mutation-res/possible_change/60/possible_change.py:8: ValueError
_________________________________ test_case_4 __________________________________

    def test_case_4():
        bool_0 = False
        bool_1 = True
        var_0 = module_0.possible_change(bool_1, bool_0)
        assert var_0 == 1
        var_1 = module_0.possible_change(bool_1, bool_0)
        assert var_1 == 1
        var_2 = module_0.possible_change(bool_1, bool_0)
        assert var_2 == 1
        bool_2 = False
        set_0 = {bool_0, bool_0, bool_2, bool_0}
        var_3 = module_0.possible_change(bool_2, bool_0)
        assert var_3 == 1
        var_4 = module_0.possible_change(set_0, bool_0)
        assert var_4 == 1
        dict_0 = {bool_0: bool_2}
        tuple_0 = (bool_0, set_0, dict_0)
>       var_5 = module_0.possible_change(bool_0, var_4)

pynguin-qb-mutation-res/possible_change/60/test_transformed_possible_change.py:87: 
_ _ _ _ _ _ _ _ _ _ _ _ _ _ _ _ _ _ _ _ _ _ _ _ _ _ _ _ _ _ _ _ _ _ _ _ _ _ _ _ 

coins = False, total = 1

    def possible_change(coins, total):
        if total == 0:
            return 1
        if total < 0:
            return 0
    
>       first, *rest = coins
E       TypeError: cannot unpack non-iterable bool object

pynguin-qb-mutation-res/possible_change/60/possible_change.py:8: TypeError
=========================== short test summary info ============================
FAILED pynguin-qb-mutation-res/possible_change/60/test_transformed_possible_change.py::test_case_2
FAILED pynguin-qb-mutation-res/possible_change/60/test_transformed_possible_change.py::test_case_4
========================= 2 failed, 3 passed in 0.06s ==========================
