============================= test session starts ==============================
platform linux -- Python 3.10.12, pytest-7.4.4, pluggy-1.4.0
rootdir: /home/khashayar/projs/det-gen
plugins: anyio-4.3.0
collected 4 items

pynguin-qb-mutation-res/possible_change/42/test_transformed_possible_change.py . [ 25%]
..F                                                                      [100%]

=================================== FAILURES ===================================
_________________________________ test_case_3 __________________________________

    def test_case_3():
        bool_0 = False
        var_0 = module_0.possible_change(bool_0, bool_0)
        assert var_0 == 1
        bool_1 = False
        var_1 = module_0.possible_change(bool_1, bool_1)
        assert var_1 == 1
        var_2 = module_0.possible_change(bool_1, bool_1)
        assert var_2 == 1
        float_0 = 816.24
>       var_3 = module_0.possible_change(bool_1, float_0)

pynguin-qb-mutation-res/possible_change/42/test_transformed_possible_change.py:40: 
_ _ _ _ _ _ _ _ _ _ _ _ _ _ _ _ _ _ _ _ _ _ _ _ _ _ _ _ _ _ _ _ _ _ _ _ _ _ _ _ 

coins = False, total = 816.24

    def possible_change(coins, total):
        if total == 0:
            return 1
        if total < 0:
            return 0
    
>       first, *rest = coins
E       TypeError: cannot unpack non-iterable bool object

pynguin-qb-mutation-res/possible_change/42/possible_change.py:8: TypeError
=========================== short test summary info ============================
FAILED pynguin-qb-mutation-res/possible_change/42/test_transformed_possible_change.py::test_case_3
========================= 1 failed, 3 passed in 0.04s ==========================
