============================= test session starts ==============================
platform linux -- Python 3.10.12, pytest-7.4.4, pluggy-1.4.0
rootdir: /home/khashayar/projs/det-gen
plugins: anyio-4.3.0
collected 3 items

pynguin-qb-mutation-res/reverse_linked_list/10/test_transformed_reverse_linked_list.py F [ 33%]
.F                                                                       [100%]

=================================== FAILURES ===================================
_________________________________ test_case_0 __________________________________

    def test_case_0():
        set_0 = set()
        node_0 = module_0.Node(outgoing_nodes=set_0)
        var_0 = module_1.reverse_linked_list(node_0)
>       assert f"{type(var_0).__module__}.{type(var_0).__qualname__}" == "node.Node"
E       AssertionError: assert 'builtins.NoneType' == 'node.Node'
E         - node.Node
E         + builtins.NoneType

pynguin-qb-mutation-res/reverse_linked_list/10/test_transformed_reverse_linked_list.py:12: AssertionError
_________________________________ test_case_2 __________________________________

    def test_case_2():
        none_type_0 = None
        var_0 = module_1.reverse_linked_list(none_type_0)
        none_type_1 = None
        var_1 = module_1.reverse_linked_list(none_type_1)
        node_0 = module_0.Node(
            successors=none_type_0, predecessors=none_type_1, incoming_nodes=none_type_1
        )
        var_2 = module_1.reverse_linked_list(var_1)
        var_3 = module_1.reverse_linked_list(none_type_1)
        var_4 = module_0.Node(var_1, node_0, var_0)
        var_5 = module_1.reverse_linked_list(var_4)
>       assert (
            f"{type(node_0.successor).__module__}.{type(node_0.successor).__qualname__}"
            == "node.Node"
        )
E       AssertionError: assert 'builtins.NoneType' == 'node.Node'
E         - node.Node
E         + builtins.NoneType

pynguin-qb-mutation-res/reverse_linked_list/10/test_transformed_reverse_linked_list.py:39: AssertionError
=========================== short test summary info ============================
FAILED pynguin-qb-mutation-res/reverse_linked_list/10/test_transformed_reverse_linked_list.py::test_case_0
FAILED pynguin-qb-mutation-res/reverse_linked_list/10/test_transformed_reverse_linked_list.py::test_case_2
========================= 2 failed, 1 passed in 0.06s ==========================
