============================= test session starts ==============================
platform linux -- Python 3.10.12, pytest-7.4.4, pluggy-1.4.0
rootdir: /home/khashayar/projs/det-gen
plugins: anyio-4.3.0
collected 4 items

pynguin-qb-mutation-res/reverse_linked_list/79/test_transformed_reverse_linked_list.py . [ 25%]
.FF                                                                      [100%]

=================================== FAILURES ===================================
_________________________________ test_case_2 __________________________________

    def test_case_2():
        dict_0 = {}
        object_0 = module_1.object(**dict_0)
        node_0 = module_2.Node(incoming_nodes=object_0)
        var_0 = module_0.reverse_linked_list(dict_0)
        var_1 = module_0.reverse_linked_list(node_0)
>       assert f"{type(var_1).__module__}.{type(var_1).__qualname__}" == "node.Node"
E       AssertionError: assert 'builtins.NoneType' == 'node.Node'
E         - node.Node
E         + builtins.NoneType

pynguin-qb-mutation-res/reverse_linked_list/79/test_transformed_reverse_linked_list.py:26: AssertionError
_________________________________ test_case_3 __________________________________

    def test_case_3():
        dict_0 = {}
        object_0 = module_1.object(**dict_0)
        node_0 = module_2.Node(incoming_nodes=object_0)
        var_0 = module_0.reverse_linked_list(dict_0)
        var_1 = module_0.reverse_linked_list(node_0)
>       assert f"{type(var_1).__module__}.{type(var_1).__qualname__}" == "node.Node"
E       AssertionError: assert 'builtins.NoneType' == 'node.Node'
E         - node.Node
E         + builtins.NoneType

pynguin-qb-mutation-res/reverse_linked_list/79/test_transformed_reverse_linked_list.py:77: AssertionError
=========================== short test summary info ============================
FAILED pynguin-qb-mutation-res/reverse_linked_list/79/test_transformed_reverse_linked_list.py::test_case_2
FAILED pynguin-qb-mutation-res/reverse_linked_list/79/test_transformed_reverse_linked_list.py::test_case_3
========================= 2 failed, 2 passed in 0.09s ==========================
