============================= test session starts ==============================
platform linux -- Python 3.10.12, pytest-7.4.4, pluggy-1.4.0
rootdir: /home/khashayar/projs/det-gen
plugins: anyio-4.3.0
collected 4 items

pynguin-qb-mutation-res/reverse_linked_list/30/test_transformed_reverse_linked_list.py . [ 25%]
.FF                                                                      [100%]

=================================== FAILURES ===================================
_________________________________ test_case_2 __________________________________

    def test_case_2():
        bool_0 = False
        var_0 = module_0.reverse_linked_list(bool_0)
        bytes_0 = b"Z\x8f\xa4\xba\xd8\xc6\x81f\xdaSO\xad\xc2\xde"
        var_1 = module_0.reverse_linked_list(bool_0)
        node_0 = module_1.Node(
            bytes_0, successors=bytes_0, predecessors=bytes_0, outgoing_nodes=bytes_0
        )
        node_1 = module_1.Node(successor=node_0, successors=node_0, predecessors=node_0)
        var_2 = module_0.reverse_linked_list(node_1)
>       assert (
            f"{type(node_0.successor).__module__}.{type(node_0.successor).__qualname__}"
            == "node.Node"
        )
E       AssertionError: assert 'builtins.NoneType' == 'node.Node'
E         - node.Node
E         + builtins.NoneType

pynguin-qb-mutation-res/reverse_linked_list/30/test_transformed_reverse_linked_list.py:31: AssertionError
_________________________________ test_case_3 __________________________________

    def test_case_3():
        none_type_0 = None
        node_0 = module_1.Node(predecessors=none_type_0, incoming_nodes=none_type_0)
        var_0 = module_0.reverse_linked_list(node_0)
>       assert f"{type(var_0).__module__}.{type(var_0).__qualname__}" == "node.Node"
E       AssertionError: assert 'builtins.NoneType' == 'node.Node'
E         - node.Node
E         + builtins.NoneType

pynguin-qb-mutation-res/reverse_linked_list/30/test_transformed_reverse_linked_list.py:54: AssertionError
=========================== short test summary info ============================
FAILED pynguin-qb-mutation-res/reverse_linked_list/30/test_transformed_reverse_linked_list.py::test_case_2
FAILED pynguin-qb-mutation-res/reverse_linked_list/30/test_transformed_reverse_linked_list.py::test_case_3
========================= 2 failed, 2 passed in 0.06s ==========================
