============================= test session starts ==============================
platform linux -- Python 3.10.12, pytest-7.4.4, pluggy-1.4.0
rootdir: /home/khashayar/projs/det-gen
plugins: anyio-4.3.0
collected 2 items

pynguin-qb-mutation-res/sqrt/99/test_transformed_sqrt.py F.              [100%]

=================================== FAILURES ===================================
_________________________________ test_case_0 __________________________________

    def test_case_0():
        object_0 = module_0.object()
        int_0 = 1670
        var_0 = module_1.sqrt(int_0, int_0)
>       assert var_0 == pytest.approx(44.5836970429576, abs=0.01, rel=0.01)
E       assert 835.0 == 44.5836970429576 ± 4.5e-01
E         comparison failed
E         Obtained: 835.0
E         Expected: 44.5836970429576 ± 4.5e-01

pynguin-qb-mutation-res/sqrt/99/test_transformed_sqrt.py:13: AssertionError
=========================== short test summary info ============================
FAILED pynguin-qb-mutation-res/sqrt/99/test_transformed_sqrt.py::test_case_0
========================= 1 failed, 1 passed in 0.05s ==========================
