============================= test session starts ==============================
platform linux -- Python 3.10.12, pytest-7.4.4, pluggy-1.4.0
rootdir: /home/khashayar/projs/det-gen
plugins: anyio-4.3.0
collected 3 items

pynguin-qb-mutation-res/sqrt/10/test_transformed_sqrt.py F..             [100%]

=================================== FAILURES ===================================
_________________________________ test_case_0 __________________________________

    def test_case_0():
        int_0 = 2194
        var_0 = module_0.sqrt(int_0, int_0)
>       assert var_0 == pytest.approx(53.34577835002979, abs=0.01, rel=0.01)
E       assert 1097.0 == 53.34577835002979 ± 5.3e-01
E         comparison failed
E         Obtained: 1097.0
E         Expected: 53.34577835002979 ± 5.3e-01

pynguin-qb-mutation-res/sqrt/10/test_transformed_sqrt.py:11: AssertionError
=========================== short test summary info ============================
FAILED pynguin-qb-mutation-res/sqrt/10/test_transformed_sqrt.py::test_case_0
========================= 1 failed, 2 passed in 0.05s ==========================
