============================= test session starts ==============================
platform linux -- Python 3.10.12, pytest-7.4.4, pluggy-1.4.0
rootdir: /home/khashayar/projs/det-gen
plugins: anyio-4.3.0
collected 3 items

pynguin-qb-mutation-res/to_base/40/test_transformed_to_base.py ..F       [100%]

=================================== FAILURES ===================================
_________________________________ test_case_2 __________________________________

    def test_case_2():
        int_0 = 556
        var_0 = module_1.Template(int_0)
        var_1 = module_0.to_base(int_0, int_0)
>       assert var_1 == "10"
E       AssertionError: assert '01' == '10'
E         - 10
E         + 01

pynguin-qb-mutation-res/to_base/40/test_transformed_to_base.py:26: AssertionError
=========================== short test summary info ============================
FAILED pynguin-qb-mutation-res/to_base/40/test_transformed_to_base.py::test_case_2
========================= 1 failed, 2 passed in 0.04s ==========================
