CompletedProcess(args=['python', 'temp_test_case.py'], returncode=1, stdout=b'', stderr=b'.....E..E.....E......E..E....F.\n======================================================================\nERROR: test13 (__main__.TestFunctions)\n----------------------------------------------------------------------\nTraceback (most recent call last):\n  File "/home/khashayar/projs/det-gen/DET-Gen/temp_test_case.py", line 90, in test13\n    self.assertEqual(patched_source(input_13), original_source(input_13))\n  File "/home/khashayar/projs/det-gen/DET-Gen/temp_acc_qb.py", line 14, in patched_func\n    exit()\n  File "/usr/lib/python3.10/_sitebuiltins.py", line 26, in __call__\n    raise SystemExit(code)\nSystemExit: None\n\n======================================================================\nERROR: test16 (__main__.TestFunctions)\n----------------------------------------------------------------------\nTraceback (most recent call last):\n  File "/home/khashayar/projs/det-gen/DET-Gen/temp_test_case.py", line 108, in test16\n    self.assertEqual(patched_source(input_16), original_source(input_16))\n  File "/home/khashayar/projs/det-gen/DET-Gen/temp_acc_qb.py", line 14, in patched_func\n    exit()\n  File "/usr/lib/python3.10/_sitebuiltins.py", line 26, in __call__\n    raise SystemExit(code)\nSystemExit: None\n\n======================================================================\nERROR: test21 (__main__.TestFunctions)\n----------------------------------------------------------------------\nTraceback (most recent call last):\n  File "/home/khashayar/projs/det-gen/DET-Gen/temp_test_case.py", line 138, in test21\n    self.assertEqual(patched_source(input_21), original_source(input_21))\n  File "/home/khashayar/projs/det-gen/DET-Gen/temp_acc_qb.py", line 14, in patched_func\n    exit()\n  File "/usr/lib/python3.10/_sitebuiltins.py", line 26, in __call__\n    raise SystemExit(code)\nSystemExit: None\n\n======================================================================\nERROR: test28 (__main__.TestFunctions)\n----------------------------------------------------------------------\nTraceback (most recent call last):\n  File "/home/khashayar/projs/det-gen/DET-Gen/temp_test_case.py", line 180, in test28\n    self.assertEqual(patched_source(input_28), original_source(input_28))\n  File "/home/khashayar/projs/det-gen/DET-Gen/temp_acc_qb.py", line 14, in patched_func\n    exit()\n  File "/usr/lib/python3.10/_sitebuiltins.py", line 26, in __call__\n    raise SystemExit(code)\nSystemExit: None\n\n======================================================================\nERROR: test30 (__main__.TestFunctions)\n----------------------------------------------------------------------\nTraceback (most recent call last):\n  File "/home/khashayar/projs/det-gen/DET-Gen/temp_test_case.py", line 192, in test30\n    self.assertEqual(patched_source(input_30), original_source(input_30))\n  File "/home/khashayar/projs/det-gen/DET-Gen/temp_acc_qb.py", line 14, in patched_func\n    exit()\n  File "/usr/lib/python3.10/_sitebuiltins.py", line 26, in __call__\n    raise SystemExit(code)\nSystemExit: None\n\n======================================================================\nFAIL: test8 (__main__.TestFunctions)\n----------------------------------------------------------------------\nTraceback (most recent call last):\n  File "/home/khashayar/projs/det-gen/DET-Gen/temp_test_case.py", line 60, in test8\n    self.assertEqual(patched_source(input_8), original_source(input_8))\nAssertionError: Lists differ: [\'NO\'] != [\'YES\']\n\nFirst differing element 0:\n\'NO\'\n\'YES\'\n\n- [\'NO\']\n+ [\'YES\']\n\n----------------------------------------------------------------------\nRan 31 tests in 0.003s\n\nFAILED (failures=1, errors=5)\n')