CompletedProcess(args=['python', 'temp_test_case.py'], returncode=1, stdout=b'', stderr=b'....F............F.....................................FF.......................\n======================================================================\nFAIL: test12 (__main__.TestFunctions)\n----------------------------------------------------------------------\nTraceback (most recent call last):\n  File "/home/khashayar/projs/det-gen/DET-Gen/temp_test_case.py", line 84, in test12\n    self.assertEqual(patched_source(input_12), original_source(input_12))\nAssertionError: Lists differ: [2] != [1]\n\nFirst differing element 0:\n2\n1\n\n- [2]\n+ [1]\n\n======================================================================\nFAIL: test24 (__main__.TestFunctions)\n----------------------------------------------------------------------\nTraceback (most recent call last):\n  File "/home/khashayar/projs/det-gen/DET-Gen/temp_test_case.py", line 156, in test24\n    self.assertEqual(patched_source(input_24), original_source(input_24))\nAssertionError: Lists differ: [2] != [1]\n\nFirst differing element 0:\n2\n1\n\n- [2]\n+ [1]\n\n======================================================================\nFAIL: test59 (__main__.TestFunctions)\n----------------------------------------------------------------------\nTraceback (most recent call last):\n  File "/home/khashayar/projs/det-gen/DET-Gen/temp_test_case.py", line 366, in test59\n    self.assertEqual(patched_source(input_59), original_source(input_59))\nAssertionError: Lists differ: [2] != [1]\n\nFirst differing element 0:\n2\n1\n\n- [2]\n+ [1]\n\n======================================================================\nFAIL: test6 (__main__.TestFunctions)\n----------------------------------------------------------------------\nTraceback (most recent call last):\n  File "/home/khashayar/projs/det-gen/DET-Gen/temp_test_case.py", line 48, in test6\n    self.assertEqual(patched_source(input_6), original_source(input_6))\nAssertionError: Lists differ: [2] != [1]\n\nFirst differing element 0:\n2\n1\n\n- [2]\n+ [1]\n\n----------------------------------------------------------------------\nRan 80 tests in 0.005s\n\nFAILED (failures=4)\n')