CompletedProcess(args=['python', 'temp_test_case.py'], returncode=1, stdout=b'', stderr=b'...........................................................................................F........\n======================================================================\nFAIL: test91 (__main__.TestFunctions)\n----------------------------------------------------------------------\nTraceback (most recent call last):\n  File "/home/khashayar/projs/det-gen/DET-Gen2/temp_test_case.py", line 558, in test91\n    self.assertEqual(patched_source(*input_91), original_source(*input_91))\nAssertionError: Lists differ: [-1] != [-1, 0]\n\nSecond list contains 1 additional elements.\nFirst extra element 1:\n0\n\n- [-1]\n+ [-1, 0]\n\n----------------------------------------------------------------------\nRan 100 tests in 0.005s\n\nFAILED (failures=1)\n')