CompletedProcess(args=['python', 'temp_test_case.py'], returncode=1, stdout=b'', stderr=b'FFF.F.FF.F\n======================================================================\nFAIL: test0 (__main__.TestFunctions)\n----------------------------------------------------------------------\nTraceback (most recent call last):\n  File "/home/khashayar/projs/det-gen/DET-Gen/temp_test_case.py", line 12, in test0\n    self.assertEqual(patched_source(input_0), original_source(input_0))\nAssertionError: Lists differ: [\'.c.r.p.t.c.r.r.n.c\'] != [\'.c.r.y.p.t.c.r.r.n.c.y\']\n\nFirst differing element 0:\n\'.c.r.p.t.c.r.r.n.c\'\n\'.c.r.y.p.t.c.r.r.n.c.y\'\n\n- [\'.c.r.p.t.c.r.r.n.c\']\n+ [\'.c.r.y.p.t.c.r.r.n.c.y\']\n?       ++              ++\n\n\n======================================================================\nFAIL: test1 (__main__.TestFunctions)\n----------------------------------------------------------------------\nTraceback (most recent call last):\n  File "/home/khashayar/projs/det-gen/DET-Gen/temp_test_case.py", line 18, in test1\n    self.assertEqual(patched_source(input_1), original_source(input_1))\nAssertionError: Lists differ: [\'.b.b\'] != [\'.b.b.y\']\n\nFirst differing element 0:\n\'.b.b\'\n\'.b.b.y\'\n\n- [\'.b.b\']\n+ [\'.b.b.y\']\n?       ++\n\n\n======================================================================\nFAIL: test2 (__main__.TestFunctions)\n----------------------------------------------------------------------\nTraceback (most recent call last):\n  File "/home/khashayar/projs/det-gen/DET-Gen/temp_test_case.py", line 24, in test2\n    self.assertEqual(patched_source(input_2), original_source(input_2))\nAssertionError: Lists differ: [\'.s.t.r\'] != [\'.y.s.t.r\']\n\nFirst differing element 0:\n\'.s.t.r\'\n\'.y.s.t.r\'\n\n- [\'.s.t.r\']\n+ [\'.y.s.t.r\']\n?   ++\n\n\n======================================================================\nFAIL: test4 (__main__.TestFunctions)\n----------------------------------------------------------------------\nTraceback (most recent call last):\n  File "/home/khashayar/projs/det-gen/DET-Gen/temp_test_case.py", line 36, in test4\n    self.assertEqual(patched_source(input_4), original_source(input_4))\nAssertionError: Lists differ: [\'.m.r\'] != [\'.m.y.r\']\n\nFirst differing element 0:\n\'.m.r\'\n\'.m.y.r\'\n\n- [\'.m.r\']\n+ [\'.m.y.r\']\n?      ++\n\n\n======================================================================\nFAIL: test6 (__main__.TestFunctions)\n----------------------------------------------------------------------\nTraceback (most recent call last):\n  File "/home/khashayar/projs/det-gen/DET-Gen/temp_test_case.py", line 48, in test6\n    self.assertEqual(patched_source(input_6), original_source(input_6))\nAssertionError: Lists differ: [\'.r.s.f.t.w.r.t.s.t.x.p.r.t\'] != [\'.y.r.s.f.t.w.r.t.s.t.x.p.r.t\']\n\nFirst differing element 0:\n\'.r.s.f.t.w.r.t.s.t.x.p.r.t\'\n\'.y.r.s.f.t.w.r.t.s.t.x.p.r.t\'\n\n- [\'.r.s.f.t.w.r.t.s.t.x.p.r.t\']\n+ [\'.y.r.s.f.t.w.r.t.s.t.x.p.r.t\']\n?   ++\n\n\n======================================================================\nFAIL: test7 (__main__.TestFunctions)\n----------------------------------------------------------------------\nTraceback (most recent call last):\n  File "/home/khashayar/projs/det-gen/DET-Gen/temp_test_case.py", line 54, in test7\n    self.assertEqual(patched_source(input_7), original_source(input_7))\nAssertionError: Lists differ: [\'.v.r\'] != [\'.v.r.y\']\n\nFirst differing element 0:\n\'.v.r\'\n\'.v.r.y\'\n\n- [\'.v.r\']\n+ [\'.v.r.y\']\n?       ++\n\n\n======================================================================\nFAIL: test9 (__main__.TestFunctions)\n----------------------------------------------------------------------\nTraceback (most recent call last):\n  File "/home/khashayar/projs/det-gen/DET-Gen/temp_test_case.py", line 66, in test9\n    self.assertEqual(patched_source(input_9), original_source(input_9))\nAssertionError: Lists differ: [\'.t.r.g.s.l\'] != [\'.t.r.g.s.l.y\']\n\nFirst differing element 0:\n\'.t.r.g.s.l\'\n\'.t.r.g.s.l.y\'\n\n- [\'.t.r.g.s.l\']\n+ [\'.t.r.g.s.l.y\']\n?             ++\n\n\n----------------------------------------------------------------------\nRan 10 tests in 0.002s\n\nFAILED (failures=7)\n')