CompletedProcess(args=['python', 'temp_test_case.py'], returncode=1, stdout=b'', stderr=b'FF.F...FF.\n======================================================================\nFAIL: test0 (__main__.TestFunctions)\n----------------------------------------------------------------------\nTraceback (most recent call last):\n  File "/home/khashayar/projs/det-gen/DET-Gen2/temp_test_case.py", line 12, in test0\n    self.assertEqual(patched_source(input_0), original_source(input_0))\nAssertionError: Lists differ: [1331335999] != [3994003]\n\nFirst differing element 0:\n1331335999\n3994003\n\n- [1331335999]\n+ [3994003]\n\n======================================================================\nFAIL: test1 (__main__.TestFunctions)\n----------------------------------------------------------------------\nTraceback (most recent call last):\n  File "/home/khashayar/projs/det-gen/DET-Gen2/temp_test_case.py", line 18, in test1\n    self.assertEqual(patched_source(input_1), original_source(input_1))\nAssertionError: Lists differ: [14] != [13]\n\nFirst differing element 0:\n14\n13\n\n- [14]\n?   ^\n\n+ [13]\n?   ^\n\n\n======================================================================\nFAIL: test3 (__main__.TestFunctions)\n----------------------------------------------------------------------\nTraceback (most recent call last):\n  File "/home/khashayar/projs/det-gen/DET-Gen2/temp_test_case.py", line 30, in test3\n    self.assertEqual(patched_source(input_3), original_source(input_3))\nAssertionError: Lists differ: [14] != [13]\n\nFirst differing element 0:\n14\n13\n\n- [14]\n?   ^\n\n+ [13]\n?   ^\n\n\n======================================================================\nFAIL: test7 (__main__.TestFunctions)\n----------------------------------------------------------------------\nTraceback (most recent call last):\n  File "/home/khashayar/projs/det-gen/DET-Gen2/temp_test_case.py", line 54, in test7\n    self.assertEqual(patched_source(input_7), original_source(input_7))\nAssertionError: Lists differ: [25] != [21]\n\nFirst differing element 0:\n25\n21\n\n- [25]\n?   ^\n\n+ [21]\n?   ^\n\n\n======================================================================\nFAIL: test8 (__main__.TestFunctions)\n----------------------------------------------------------------------\nTraceback (most recent call last):\n  File "/home/khashayar/projs/det-gen/DET-Gen2/temp_test_case.py", line 60, in test8\n    self.assertEqual(patched_source(input_8), original_source(input_8))\nAssertionError: Lists differ: [14] != [13]\n\nFirst differing element 0:\n14\n13\n\n- [14]\n?   ^\n\n+ [13]\n?   ^\n\n\n----------------------------------------------------------------------\nRan 10 tests in 0.002s\n\nFAILED (failures=5)\n')