CompletedProcess(args=['python', 'temp_test_case.py'], returncode=1, stdout=b'', stderr=b'E..........F.........E...............................................\n======================================================================\nERROR: test0 (__main__.TestFunctions)\n----------------------------------------------------------------------\nTraceback (most recent call last):\n  File "/home/khashayar/projs/det-gen/DET-Gen/temp_test_case.py", line 12, in test0\n    self.assertEqual(patched_source(input_0), original_source(input_0))\n  File "/home/khashayar/projs/det-gen/DET-Gen/temp_acc_qb.py", line 40, in patched_func\n    main()\n  File "/home/khashayar/projs/det-gen/DET-Gen/temp_acc_qb.py", line 9, in main\n    if IsTriangle(lst_of_sides):\n  File "/home/khashayar/projs/det-gen/DET-Gen/temp_acc_qb.py", line 23, in IsTriangle\n    if ((max1 < (lst[0] + lst[1])) or (max1 < (lst[0] + lst[2])) or (max1 < (lst[1] + lst[2]))):\nIndexError: list index out of range\n\n======================================================================\nERROR: test28 (__main__.TestFunctions)\n----------------------------------------------------------------------\nTraceback (most recent call last):\n  File "/home/khashayar/projs/det-gen/DET-Gen/temp_test_case.py", line 180, in test28\n    self.assertEqual(patched_source(input_28), original_source(input_28))\n  File "/home/khashayar/projs/det-gen/DET-Gen/temp_acc_qb.py", line 40, in patched_func\n    main()\n  File "/home/khashayar/projs/det-gen/DET-Gen/temp_acc_qb.py", line 9, in main\n    if IsTriangle(lst_of_sides):\n  File "/home/khashayar/projs/det-gen/DET-Gen/temp_acc_qb.py", line 23, in IsTriangle\n    if ((max1 < (lst[0] + lst[1])) or (max1 < (lst[0] + lst[2])) or (max1 < (lst[1] + lst[2]))):\nIndexError: list index out of range\n\n======================================================================\nFAIL: test19 (__main__.TestFunctions)\n----------------------------------------------------------------------\nTraceback (most recent call last):\n  File "/home/khashayar/projs/det-gen/DET-Gen/temp_test_case.py", line 126, in test19\n    self.assertEqual(patched_source(input_19), original_source(input_19))\nAssertionError: Lists differ: [\'SEGMENT\'] != [\'TRIANGLE\']\n\nFirst differing element 0:\n\'SEGMENT\'\n\'TRIANGLE\'\n\n- [\'SEGMENT\']\n+ [\'TRIANGLE\']\n\n----------------------------------------------------------------------\nRan 69 tests in 0.004s\n\nFAILED (failures=1, errors=2)\n')