CompletedProcess(args=['python', 'temp_test_case.py'], returncode=1, stdout=b'', stderr=b'............................................F.......................................................\n======================================================================\nFAIL: test49 (__main__.TestFunctions)\n----------------------------------------------------------------------\nTraceback (most recent call last):\n  File "/home/khashayar/projs/det-gen/DET-Gen2/temp_test_case.py", line 306, in test49\n    self.assertEqual(patched_source(input_49), original_source(input_49))\nAssertionError: Lists differ: [\'at.@at\'] != [\'at.@t\']\n\nFirst differing element 0:\n\'at.@at\'\n\'at.@t\'\n\n- [\'at.@at\']\n?       -\n\n+ [\'at.@t\']\n\n----------------------------------------------------------------------\nRan 100 tests in 0.007s\n\nFAILED (failures=1)\n')