CompletedProcess(args=['python', 'temp_test_case.py'], returncode=1, stdout=b'', stderr=b'FEFF....EFFFFFE.F.E.E.FFF.F.EEF.FE.FFEF.EFFEFE.F.FF.FEE.FF.EEFFFFFFFF.EF...FE..E.FFE.\n======================================================================\nERROR: test1 (__main__.TestFunctions)\n----------------------------------------------------------------------\nTraceback (most recent call last):\n  File "/home/khashayar/projs/det-gen/DET-Gen/temp_test_case.py", line 18, in test1\n    self.assertEqual(patched_source(input_1), original_source(input_1))\n  File "/home/khashayar/projs/det-gen/DET-Gen/temp_acc_qb.py", line 7, in patched_func\n    exit(0)\n  File "/usr/lib/python3.10/_sitebuiltins.py", line 26, in __call__\n    raise SystemExit(code)\nSystemExit: 0\n\n======================================================================\nERROR: test16 (__main__.TestFunctions)\n----------------------------------------------------------------------\nTraceback (most recent call last):\n  File "/home/khashayar/projs/det-gen/DET-Gen/temp_test_case.py", line 108, in test16\n    self.assertEqual(patched_source(input_16), original_source(input_16))\n  File "/home/khashayar/projs/det-gen/DET-Gen/temp_acc_qb.py", line 7, in patched_func\n    exit(0)\n  File "/usr/lib/python3.10/_sitebuiltins.py", line 26, in __call__\n    raise SystemExit(code)\nSystemExit: 0\n\n======================================================================\nERROR: test21 (__main__.TestFunctions)\n----------------------------------------------------------------------\nTraceback (most recent call last):\n  File "/home/khashayar/projs/det-gen/DET-Gen/temp_test_case.py", line 138, in test21\n    self.assertEqual(patched_source(input_21), original_source(input_21))\n  File "/home/khashayar/projs/det-gen/DET-Gen/temp_acc_qb.py", line 7, in patched_func\n    exit(0)\n  File "/usr/lib/python3.10/_sitebuiltins.py", line 26, in __call__\n    raise SystemExit(code)\nSystemExit: 0\n\n======================================================================\nERROR: test25 (__main__.TestFunctions)\n----------------------------------------------------------------------\nTraceback (most recent call last):\n  File "/home/khashayar/projs/det-gen/DET-Gen/temp_test_case.py", line 162, in test25\n    self.assertEqual(patched_source(input_25), original_source(input_25))\n  File "/home/khashayar/projs/det-gen/DET-Gen/temp_acc_qb.py", line 7, in patched_func\n    exit(0)\n  File "/usr/lib/python3.10/_sitebuiltins.py", line 26, in __call__\n    raise SystemExit(code)\nSystemExit: 0\n\n======================================================================\nERROR: test27 (__main__.TestFunctions)\n----------------------------------------------------------------------\nTraceback (most recent call last):\n  File "/home/khashayar/projs/det-gen/DET-Gen/temp_test_case.py", line 174, in test27\n    self.assertEqual(patched_source(input_27), original_source(input_27))\n  File "/home/khashayar/projs/det-gen/DET-Gen/temp_acc_qb.py", line 7, in patched_func\n    exit(0)\n  File "/usr/lib/python3.10/_sitebuiltins.py", line 26, in __call__\n    raise SystemExit(code)\nSystemExit: 0\n\n======================================================================\nERROR: test34 (__main__.TestFunctions)\n----------------------------------------------------------------------\nTraceback (most recent call last):\n  File "/home/khashayar/projs/det-gen/DET-Gen/temp_test_case.py", line 216, in test34\n    self.assertEqual(patched_source(input_34), original_source(input_34))\n  File "/home/khashayar/projs/det-gen/DET-Gen/temp_acc_qb.py", line 7, in patched_func\n    exit(0)\n  File "/usr/lib/python3.10/_sitebuiltins.py", line 26, in __call__\n    raise SystemExit(code)\nSystemExit: 0\n\n======================================================================\nERROR: test35 (__main__.TestFunctions)\n----------------------------------------------------------------------\nTraceback (most recent call last):\n  File "/home/khashayar/projs/det-gen/DET-Gen/temp_test_case.py", line 222, in test35\n    self.assertEqual(patched_source(input_35), original_source(input_35))\n  File "/home/khashayar/projs/det-gen/DET-Gen/temp_acc_qb.py", line 7, in patched_func\n    exit(0)\n  File "/usr/lib/python3.10/_sitebuiltins.py", line 26, in __call__\n    raise SystemExit(code)\nSystemExit: 0\n\n======================================================================\nERROR: test39 (__main__.TestFunctions)\n----------------------------------------------------------------------\nTraceback (most recent call last):\n  File "/home/khashayar/projs/det-gen/DET-Gen/temp_test_case.py", line 246, in test39\n    self.assertEqual(patched_source(input_39), original_source(input_39))\n  File "/home/khashayar/projs/det-gen/DET-Gen/temp_acc_qb.py", line 7, in patched_func\n    exit(0)\n  File "/usr/lib/python3.10/_sitebuiltins.py", line 26, in __call__\n    raise SystemExit(code)\nSystemExit: 0\n\n======================================================================\nERROR: test42 (__main__.TestFunctions)\n----------------------------------------------------------------------\nTraceback (most recent call last):\n  File "/home/khashayar/projs/det-gen/DET-Gen/temp_test_case.py", line 264, in test42\n    self.assertEqual(patched_source(input_42), original_source(input_42))\n  File "/home/khashayar/projs/det-gen/DET-Gen/temp_acc_qb.py", line 7, in patched_func\n    exit(0)\n  File "/usr/lib/python3.10/_sitebuiltins.py", line 26, in __call__\n    raise SystemExit(code)\nSystemExit: 0\n\n======================================================================\nERROR: test45 (__main__.TestFunctions)\n----------------------------------------------------------------------\nTraceback (most recent call last):\n  File "/home/khashayar/projs/det-gen/DET-Gen/temp_test_case.py", line 282, in test45\n    self.assertEqual(patched_source(input_45), original_source(input_45))\n  File "/home/khashayar/projs/det-gen/DET-Gen/temp_acc_qb.py", line 7, in patched_func\n    exit(0)\n  File "/usr/lib/python3.10/_sitebuiltins.py", line 26, in __call__\n    raise SystemExit(code)\nSystemExit: 0\n\n======================================================================\nERROR: test48 (__main__.TestFunctions)\n----------------------------------------------------------------------\nTraceback (most recent call last):\n  File "/home/khashayar/projs/det-gen/DET-Gen/temp_test_case.py", line 300, in test48\n    self.assertEqual(patched_source(input_48), original_source(input_48))\n  File "/home/khashayar/projs/det-gen/DET-Gen/temp_acc_qb.py", line 7, in patched_func\n    exit(0)\n  File "/usr/lib/python3.10/_sitebuiltins.py", line 26, in __call__\n    raise SystemExit(code)\nSystemExit: 0\n\n======================================================================\nERROR: test5 (__main__.TestFunctions)\n----------------------------------------------------------------------\nTraceback (most recent call last):\n  File "/home/khashayar/projs/det-gen/DET-Gen/temp_test_case.py", line 42, in test5\n    self.assertEqual(patched_source(input_5), original_source(input_5))\n  File "/home/khashayar/projs/det-gen/DET-Gen/temp_acc_qb.py", line 7, in patched_func\n    exit(0)\n  File "/usr/lib/python3.10/_sitebuiltins.py", line 26, in __call__\n    raise SystemExit(code)\nSystemExit: 0\n\n======================================================================\nERROR: test57 (__main__.TestFunctions)\n----------------------------------------------------------------------\nTraceback (most recent call last):\n  File "/home/khashayar/projs/det-gen/DET-Gen/temp_test_case.py", line 354, in test57\n    self.assertEqual(patched_source(input_57), original_source(input_57))\n  File "/home/khashayar/projs/det-gen/DET-Gen/temp_acc_qb.py", line 7, in patched_func\n    exit(0)\n  File "/usr/lib/python3.10/_sitebuiltins.py", line 26, in __call__\n    raise SystemExit(code)\nSystemExit: 0\n\n======================================================================\nERROR: test58 (__main__.TestFunctions)\n----------------------------------------------------------------------\nTraceback (most recent call last):\n  File "/home/khashayar/projs/det-gen/DET-Gen/temp_test_case.py", line 360, in test58\n    self.assertEqual(patched_source(input_58), original_source(input_58))\n  File "/home/khashayar/projs/det-gen/DET-Gen/temp_acc_qb.py", line 7, in patched_func\n    exit(0)\n  File "/usr/lib/python3.10/_sitebuiltins.py", line 26, in __call__\n    raise SystemExit(code)\nSystemExit: 0\n\n======================================================================\nERROR: test62 (__main__.TestFunctions)\n----------------------------------------------------------------------\nTraceback (most recent call last):\n  File "/home/khashayar/projs/det-gen/DET-Gen/temp_test_case.py", line 384, in test62\n    self.assertEqual(patched_source(input_62), original_source(input_62))\n  File "/home/khashayar/projs/det-gen/DET-Gen/temp_acc_qb.py", line 7, in patched_func\n    exit(0)\n  File "/usr/lib/python3.10/_sitebuiltins.py", line 26, in __call__\n    raise SystemExit(code)\nSystemExit: 0\n\n======================================================================\nERROR: test63 (__main__.TestFunctions)\n----------------------------------------------------------------------\nTraceback (most recent call last):\n  File "/home/khashayar/projs/det-gen/DET-Gen/temp_test_case.py", line 390, in test63\n    self.assertEqual(patched_source(input_63), original_source(input_63))\n  File "/home/khashayar/projs/det-gen/DET-Gen/temp_acc_qb.py", line 7, in patched_func\n    exit(0)\n  File "/usr/lib/python3.10/_sitebuiltins.py", line 26, in __call__\n    raise SystemExit(code)\nSystemExit: 0\n\n======================================================================\nERROR: test72 (__main__.TestFunctions)\n----------------------------------------------------------------------\nTraceback (most recent call last):\n  File "/home/khashayar/projs/det-gen/DET-Gen/temp_test_case.py", line 444, in test72\n    self.assertEqual(patched_source(input_72), original_source(input_72))\n  File "/home/khashayar/projs/det-gen/DET-Gen/temp_acc_qb.py", line 7, in patched_func\n    exit(0)\n  File "/usr/lib/python3.10/_sitebuiltins.py", line 26, in __call__\n    raise SystemExit(code)\nSystemExit: 0\n\n======================================================================\nERROR: test78 (__main__.TestFunctions)\n----------------------------------------------------------------------\nTraceback (most recent call last):\n  File "/home/khashayar/projs/det-gen/DET-Gen/temp_test_case.py", line 480, in test78\n    self.assertEqual(patched_source(input_78), original_source(input_78))\n  File "/home/khashayar/projs/det-gen/DET-Gen/temp_acc_qb.py", line 7, in patched_func\n    exit(0)\n  File "/usr/lib/python3.10/_sitebuiltins.py", line 26, in __call__\n    raise SystemExit(code)\nSystemExit: 0\n\n======================================================================\nERROR: test80 (__main__.TestFunctions)\n----------------------------------------------------------------------\nTraceback (most recent call last):\n  File "/home/khashayar/projs/det-gen/DET-Gen/temp_test_case.py", line 492, in test80\n    self.assertEqual(patched_source(input_80), original_source(input_80))\n  File "/home/khashayar/projs/det-gen/DET-Gen/temp_acc_qb.py", line 7, in patched_func\n    exit(0)\n  File "/usr/lib/python3.10/_sitebuiltins.py", line 26, in __call__\n    raise SystemExit(code)\nSystemExit: 0\n\n======================================================================\nERROR: test84 (__main__.TestFunctions)\n----------------------------------------------------------------------\nTraceback (most recent call last):\n  File "/home/khashayar/projs/det-gen/DET-Gen/temp_test_case.py", line 516, in test84\n    self.assertEqual(patched_source(input_84), original_source(input_84))\n  File "/home/khashayar/projs/det-gen/DET-Gen/temp_acc_qb.py", line 7, in patched_func\n    exit(0)\n  File "/usr/lib/python3.10/_sitebuiltins.py", line 26, in __call__\n    raise SystemExit(code)\nSystemExit: 0\n\n======================================================================\nFAIL: test0 (__main__.TestFunctions)\n----------------------------------------------------------------------\nTraceback (most recent call last):\n  File "/home/khashayar/projs/det-gen/DET-Gen/temp_test_case.py", line 12, in test0\n    self.assertEqual(patched_source(input_0), original_source(input_0))\nAssertionError: Lists differ: [\'YES\'] != [\'NO\']\n\nFirst differing element 0:\n\'YES\'\n\'NO\'\n\n- [\'YES\']\n+ [\'NO\']\n\n======================================================================\nFAIL: test10 (__main__.TestFunctions)\n----------------------------------------------------------------------\nTraceback (most recent call last):\n  File "/home/khashayar/projs/det-gen/DET-Gen/temp_test_case.py", line 72, in test10\n    self.assertEqual(patched_source(input_10), original_source(input_10))\nAssertionError: Lists differ: [\'YES\'] != [\'NO\']\n\nFirst differing element 0:\n\'YES\'\n\'NO\'\n\n- [\'YES\']\n+ [\'NO\']\n\n======================================================================\nFAIL: test11 (__main__.TestFunctions)\n----------------------------------------------------------------------\nTraceback (most recent call last):\n  File "/home/khashayar/projs/det-gen/DET-Gen/temp_test_case.py", line 78, in test11\n    self.assertEqual(patched_source(input_11), original_source(input_11))\nAssertionError: Lists differ: [\'YES\'] != [\'NO\']\n\nFirst differing element 0:\n\'YES\'\n\'NO\'\n\n- [\'YES\']\n+ [\'NO\']\n\n======================================================================\nFAIL: test17 (__main__.TestFunctions)\n----------------------------------------------------------------------\nTraceback (most recent call last):\n  File "/home/khashayar/projs/det-gen/DET-Gen/temp_test_case.py", line 114, in test17\n    self.assertEqual(patched_source(input_17), original_source(input_17))\nAssertionError: Lists differ: [\'YES\'] != [\'NO\']\n\nFirst differing element 0:\n\'YES\'\n\'NO\'\n\n- [\'YES\']\n+ [\'NO\']\n\n======================================================================\nFAIL: test18 (__main__.TestFunctions)\n----------------------------------------------------------------------\nTraceback (most recent call last):\n  File "/home/khashayar/projs/det-gen/DET-Gen/temp_test_case.py", line 120, in test18\n    self.assertEqual(patched_source(input_18), original_source(input_18))\nAssertionError: Lists differ: [\'YES\'] != [\'NO\']\n\nFirst differing element 0:\n\'YES\'\n\'NO\'\n\n- [\'YES\']\n+ [\'NO\']\n\n======================================================================\nFAIL: test19 (__main__.TestFunctions)\n----------------------------------------------------------------------\nTraceback (most recent call last):\n  File "/home/khashayar/projs/det-gen/DET-Gen/temp_test_case.py", line 126, in test19\n    self.assertEqual(patched_source(input_19), original_source(input_19))\nAssertionError: Lists differ: [\'YES\'] != [\'NO\']\n\nFirst differing element 0:\n\'YES\'\n\'NO\'\n\n- [\'YES\']\n+ [\'NO\']\n\n======================================================================\nFAIL: test2 (__main__.TestFunctions)\n----------------------------------------------------------------------\nTraceback (most recent call last):\n  File "/home/khashayar/projs/det-gen/DET-Gen/temp_test_case.py", line 24, in test2\n    self.assertEqual(patched_source(input_2), original_source(input_2))\nAssertionError: Lists differ: [\'YES\'] != [\'NO\']\n\nFirst differing element 0:\n\'YES\'\n\'NO\'\n\n- [\'YES\']\n+ [\'NO\']\n\n======================================================================\nFAIL: test20 (__main__.TestFunctions)\n----------------------------------------------------------------------\nTraceback (most recent call last):\n  File "/home/khashayar/projs/det-gen/DET-Gen/temp_test_case.py", line 132, in test20\n    self.assertEqual(patched_source(input_20), original_source(input_20))\nAssertionError: Lists differ: [\'YES\'] != [\'NO\']\n\nFirst differing element 0:\n\'YES\'\n\'NO\'\n\n- [\'YES\']\n+ [\'NO\']\n\n======================================================================\nFAIL: test23 (__main__.TestFunctions)\n----------------------------------------------------------------------\nTraceback (most recent call last):\n  File "/home/khashayar/projs/det-gen/DET-Gen/temp_test_case.py", line 150, in test23\n    self.assertEqual(patched_source(input_23), original_source(input_23))\nAssertionError: Lists differ: [\'NO\'] != [\'YES\']\n\nFirst differing element 0:\n\'NO\'\n\'YES\'\n\n- [\'NO\']\n+ [\'YES\']\n\n======================================================================\nFAIL: test29 (__main__.TestFunctions)\n----------------------------------------------------------------------\nTraceback (most recent call last):\n  File "/home/khashayar/projs/det-gen/DET-Gen/temp_test_case.py", line 186, in test29\n    self.assertEqual(patched_source(input_29), original_source(input_29))\nAssertionError: Lists differ: [\'NO\'] != [\'YES\']\n\nFirst differing element 0:\n\'NO\'\n\'YES\'\n\n- [\'NO\']\n+ [\'YES\']\n\n======================================================================\nFAIL: test3 (__main__.TestFunctions)\n----------------------------------------------------------------------\nTraceback (most recent call last):\n  File "/home/khashayar/projs/det-gen/DET-Gen/temp_test_case.py", line 30, in test3\n    self.assertEqual(patched_source(input_3), original_source(input_3))\nAssertionError: Lists differ: [\'YES\'] != [\'NO\']\n\nFirst differing element 0:\n\'YES\'\n\'NO\'\n\n- [\'YES\']\n+ [\'NO\']\n\n======================================================================\nFAIL: test30 (__main__.TestFunctions)\n----------------------------------------------------------------------\nTraceback (most recent call last):\n  File "/home/khashayar/projs/det-gen/DET-Gen/temp_test_case.py", line 192, in test30\n    self.assertEqual(patched_source(input_30), original_source(input_30))\nAssertionError: Lists differ: [\'YES\'] != [\'NO\']\n\nFirst differing element 0:\n\'YES\'\n\'NO\'\n\n- [\'YES\']\n+ [\'NO\']\n\n======================================================================\nFAIL: test32 (__main__.TestFunctions)\n----------------------------------------------------------------------\nTraceback (most recent call last):\n  File "/home/khashayar/projs/det-gen/DET-Gen/temp_test_case.py", line 204, in test32\n    self.assertEqual(patched_source(input_32), original_source(input_32))\nAssertionError: Lists differ: [\'YES\'] != [\'NO\']\n\nFirst differing element 0:\n\'YES\'\n\'NO\'\n\n- [\'YES\']\n+ [\'NO\']\n\n======================================================================\nFAIL: test36 (__main__.TestFunctions)\n----------------------------------------------------------------------\nTraceback (most recent call last):\n  File "/home/khashayar/projs/det-gen/DET-Gen/temp_test_case.py", line 228, in test36\n    self.assertEqual(patched_source(input_36), original_source(input_36))\nAssertionError: Lists differ: [\'YES\'] != [\'NO\']\n\nFirst differing element 0:\n\'YES\'\n\'NO\'\n\n- [\'YES\']\n+ [\'NO\']\n\n======================================================================\nFAIL: test38 (__main__.TestFunctions)\n----------------------------------------------------------------------\nTraceback (most recent call last):\n  File "/home/khashayar/projs/det-gen/DET-Gen/temp_test_case.py", line 240, in test38\n    self.assertEqual(patched_source(input_38), original_source(input_38))\nAssertionError: Lists differ: [\'YES\'] != [\'NO\']\n\nFirst differing element 0:\n\'YES\'\n\'NO\'\n\n- [\'YES\']\n+ [\'NO\']\n\n======================================================================\nFAIL: test40 (__main__.TestFunctions)\n----------------------------------------------------------------------\nTraceback (most recent call last):\n  File "/home/khashayar/projs/det-gen/DET-Gen/temp_test_case.py", line 252, in test40\n    self.assertEqual(patched_source(input_40), original_source(input_40))\nAssertionError: Lists differ: [\'YES\'] != [\'NO\']\n\nFirst differing element 0:\n\'YES\'\n\'NO\'\n\n- [\'YES\']\n+ [\'NO\']\n\n======================================================================\nFAIL: test41 (__main__.TestFunctions)\n----------------------------------------------------------------------\nTraceback (most recent call last):\n  File "/home/khashayar/projs/det-gen/DET-Gen/temp_test_case.py", line 258, in test41\n    self.assertEqual(patched_source(input_41), original_source(input_41))\nAssertionError: Lists differ: [\'YES\'] != [\'NO\']\n\nFirst differing element 0:\n\'YES\'\n\'NO\'\n\n- [\'YES\']\n+ [\'NO\']\n\n======================================================================\nFAIL: test43 (__main__.TestFunctions)\n----------------------------------------------------------------------\nTraceback (most recent call last):\n  File "/home/khashayar/projs/det-gen/DET-Gen/temp_test_case.py", line 270, in test43\n    self.assertEqual(patched_source(input_43), original_source(input_43))\nAssertionError: Lists differ: [\'YES\'] != [\'NO\']\n\nFirst differing element 0:\n\'YES\'\n\'NO\'\n\n- [\'YES\']\n+ [\'NO\']\n\n======================================================================\nFAIL: test46 (__main__.TestFunctions)\n----------------------------------------------------------------------\nTraceback (most recent call last):\n  File "/home/khashayar/projs/det-gen/DET-Gen/temp_test_case.py", line 288, in test46\n    self.assertEqual(patched_source(input_46), original_source(input_46))\nAssertionError: Lists differ: [\'YES\'] != [\'NO\']\n\nFirst differing element 0:\n\'YES\'\n\'NO\'\n\n- [\'YES\']\n+ [\'NO\']\n\n======================================================================\nFAIL: test47 (__main__.TestFunctions)\n----------------------------------------------------------------------\nTraceback (most recent call last):\n  File "/home/khashayar/projs/det-gen/DET-Gen/temp_test_case.py", line 294, in test47\n    self.assertEqual(patched_source(input_47), original_source(input_47))\nAssertionError: Lists differ: [\'YES\'] != [\'NO\']\n\nFirst differing element 0:\n\'YES\'\n\'NO\'\n\n- [\'YES\']\n+ [\'NO\']\n\n======================================================================\nFAIL: test49 (__main__.TestFunctions)\n----------------------------------------------------------------------\nTraceback (most recent call last):\n  File "/home/khashayar/projs/det-gen/DET-Gen/temp_test_case.py", line 306, in test49\n    self.assertEqual(patched_source(input_49), original_source(input_49))\nAssertionError: Lists differ: [\'YES\'] != [\'NO\']\n\nFirst differing element 0:\n\'YES\'\n\'NO\'\n\n- [\'YES\']\n+ [\'NO\']\n\n======================================================================\nFAIL: test51 (__main__.TestFunctions)\n----------------------------------------------------------------------\nTraceback (most recent call last):\n  File "/home/khashayar/projs/det-gen/DET-Gen/temp_test_case.py", line 318, in test51\n    self.assertEqual(patched_source(input_51), original_source(input_51))\nAssertionError: Lists differ: [\'YES\'] != [\'NO\']\n\nFirst differing element 0:\n\'YES\'\n\'NO\'\n\n- [\'YES\']\n+ [\'NO\']\n\n======================================================================\nFAIL: test53 (__main__.TestFunctions)\n----------------------------------------------------------------------\nTraceback (most recent call last):\n  File "/home/khashayar/projs/det-gen/DET-Gen/temp_test_case.py", line 330, in test53\n    self.assertEqual(patched_source(input_53), original_source(input_53))\nAssertionError: Lists differ: [\'YES\'] != [\'NO\']\n\nFirst differing element 0:\n\'YES\'\n\'NO\'\n\n- [\'YES\']\n+ [\'NO\']\n\n======================================================================\nFAIL: test54 (__main__.TestFunctions)\n----------------------------------------------------------------------\nTraceback (most recent call last):\n  File "/home/khashayar/projs/det-gen/DET-Gen/temp_test_case.py", line 336, in test54\n    self.assertEqual(patched_source(input_54), original_source(input_54))\nAssertionError: Lists differ: [\'YES\'] != [\'NO\']\n\nFirst differing element 0:\n\'YES\'\n\'NO\'\n\n- [\'YES\']\n+ [\'NO\']\n\n======================================================================\nFAIL: test56 (__main__.TestFunctions)\n----------------------------------------------------------------------\nTraceback (most recent call last):\n  File "/home/khashayar/projs/det-gen/DET-Gen/temp_test_case.py", line 348, in test56\n    self.assertEqual(patched_source(input_56), original_source(input_56))\nAssertionError: Lists differ: [\'YES\'] != [\'NO\']\n\nFirst differing element 0:\n\'YES\'\n\'NO\'\n\n- [\'YES\']\n+ [\'NO\']\n\n======================================================================\nFAIL: test6 (__main__.TestFunctions)\n----------------------------------------------------------------------\nTraceback (most recent call last):\n  File "/home/khashayar/projs/det-gen/DET-Gen/temp_test_case.py", line 48, in test6\n    self.assertEqual(patched_source(input_6), original_source(input_6))\nAssertionError: Lists differ: [\'YES\'] != [\'NO\']\n\nFirst differing element 0:\n\'YES\'\n\'NO\'\n\n- [\'YES\']\n+ [\'NO\']\n\n======================================================================\nFAIL: test60 (__main__.TestFunctions)\n----------------------------------------------------------------------\nTraceback (most recent call last):\n  File "/home/khashayar/projs/det-gen/DET-Gen/temp_test_case.py", line 372, in test60\n    self.assertEqual(patched_source(input_60), original_source(input_60))\nAssertionError: Lists differ: [\'NO\'] != [\'YES\']\n\nFirst differing element 0:\n\'NO\'\n\'YES\'\n\n- [\'NO\']\n+ [\'YES\']\n\n======================================================================\nFAIL: test64 (__main__.TestFunctions)\n----------------------------------------------------------------------\nTraceback (most recent call last):\n  File "/home/khashayar/projs/det-gen/DET-Gen/temp_test_case.py", line 396, in test64\n    self.assertEqual(patched_source(input_64), original_source(input_64))\nAssertionError: Lists differ: [\'YES\'] != [\'NO\']\n\nFirst differing element 0:\n\'YES\'\n\'NO\'\n\n- [\'YES\']\n+ [\'NO\']\n\n======================================================================\nFAIL: test65 (__main__.TestFunctions)\n----------------------------------------------------------------------\nTraceback (most recent call last):\n  File "/home/khashayar/projs/det-gen/DET-Gen/temp_test_case.py", line 402, in test65\n    self.assertEqual(patched_source(input_65), original_source(input_65))\nAssertionError: Lists differ: [\'YES\'] != [\'NO\']\n\nFirst differing element 0:\n\'YES\'\n\'NO\'\n\n- [\'YES\']\n+ [\'NO\']\n\n======================================================================\nFAIL: test66 (__main__.TestFunctions)\n----------------------------------------------------------------------\nTraceback (most recent call last):\n  File "/home/khashayar/projs/det-gen/DET-Gen/temp_test_case.py", line 408, in test66\n    self.assertEqual(patched_source(input_66), original_source(input_66))\nAssertionError: Lists differ: [\'YES\'] != [\'NO\']\n\nFirst differing element 0:\n\'YES\'\n\'NO\'\n\n- [\'YES\']\n+ [\'NO\']\n\n======================================================================\nFAIL: test67 (__main__.TestFunctions)\n----------------------------------------------------------------------\nTraceback (most recent call last):\n  File "/home/khashayar/projs/det-gen/DET-Gen/temp_test_case.py", line 414, in test67\n    self.assertEqual(patched_source(input_67), original_source(input_67))\nAssertionError: Lists differ: [\'YES\'] != [\'NO\']\n\nFirst differing element 0:\n\'YES\'\n\'NO\'\n\n- [\'YES\']\n+ [\'NO\']\n\n======================================================================\nFAIL: test68 (__main__.TestFunctions)\n----------------------------------------------------------------------\nTraceback (most recent call last):\n  File "/home/khashayar/projs/det-gen/DET-Gen/temp_test_case.py", line 420, in test68\n    self.assertEqual(patched_source(input_68), original_source(input_68))\nAssertionError: Lists differ: [\'YES\'] != [\'NO\']\n\nFirst differing element 0:\n\'YES\'\n\'NO\'\n\n- [\'YES\']\n+ [\'NO\']\n\n======================================================================\nFAIL: test69 (__main__.TestFunctions)\n----------------------------------------------------------------------\nTraceback (most recent call last):\n  File "/home/khashayar/projs/det-gen/DET-Gen/temp_test_case.py", line 426, in test69\n    self.assertEqual(patched_source(input_69), original_source(input_69))\nAssertionError: Lists differ: [\'YES\'] != [\'NO\']\n\nFirst differing element 0:\n\'YES\'\n\'NO\'\n\n- [\'YES\']\n+ [\'NO\']\n\n======================================================================\nFAIL: test7 (__main__.TestFunctions)\n----------------------------------------------------------------------\nTraceback (most recent call last):\n  File "/home/khashayar/projs/det-gen/DET-Gen/temp_test_case.py", line 54, in test7\n    self.assertEqual(patched_source(input_7), original_source(input_7))\nAssertionError: Lists differ: [\'YES\'] != [\'NO\']\n\nFirst differing element 0:\n\'YES\'\n\'NO\'\n\n- [\'YES\']\n+ [\'NO\']\n\n======================================================================\nFAIL: test70 (__main__.TestFunctions)\n----------------------------------------------------------------------\nTraceback (most recent call last):\n  File "/home/khashayar/projs/det-gen/DET-Gen/temp_test_case.py", line 432, in test70\n    self.assertEqual(patched_source(input_70), original_source(input_70))\nAssertionError: Lists differ: [\'YES\'] != [\'NO\']\n\nFirst differing element 0:\n\'YES\'\n\'NO\'\n\n- [\'YES\']\n+ [\'NO\']\n\n======================================================================\nFAIL: test73 (__main__.TestFunctions)\n----------------------------------------------------------------------\nTraceback (most recent call last):\n  File "/home/khashayar/projs/det-gen/DET-Gen/temp_test_case.py", line 450, in test73\n    self.assertEqual(patched_source(input_73), original_source(input_73))\nAssertionError: Lists differ: [\'YES\'] != [\'NO\']\n\nFirst differing element 0:\n\'YES\'\n\'NO\'\n\n- [\'YES\']\n+ [\'NO\']\n\n======================================================================\nFAIL: test77 (__main__.TestFunctions)\n----------------------------------------------------------------------\nTraceback (most recent call last):\n  File "/home/khashayar/projs/det-gen/DET-Gen/temp_test_case.py", line 474, in test77\n    self.assertEqual(patched_source(input_77), original_source(input_77))\nAssertionError: Lists differ: [\'YES\'] != [\'NO\']\n\nFirst differing element 0:\n\'YES\'\n\'NO\'\n\n- [\'YES\']\n+ [\'NO\']\n\n======================================================================\nFAIL: test82 (__main__.TestFunctions)\n----------------------------------------------------------------------\nTraceback (most recent call last):\n  File "/home/khashayar/projs/det-gen/DET-Gen/temp_test_case.py", line 504, in test82\n    self.assertEqual(patched_source(input_82), original_source(input_82))\nAssertionError: Lists differ: [\'YES\'] != [\'NO\']\n\nFirst differing element 0:\n\'YES\'\n\'NO\'\n\n- [\'YES\']\n+ [\'NO\']\n\n======================================================================\nFAIL: test83 (__main__.TestFunctions)\n----------------------------------------------------------------------\nTraceback (most recent call last):\n  File "/home/khashayar/projs/det-gen/DET-Gen/temp_test_case.py", line 510, in test83\n    self.assertEqual(patched_source(input_83), original_source(input_83))\nAssertionError: Lists differ: [\'YES\'] != [\'NO\']\n\nFirst differing element 0:\n\'YES\'\n\'NO\'\n\n- [\'YES\']\n+ [\'NO\']\n\n----------------------------------------------------------------------\nRan 85 tests in 0.013s\n\nFAILED (failures=39, errors=20)\n')