CompletedProcess(args=['python', 'temp_test_case.py'], returncode=1, stdout=b'', stderr=b'.FF..F..F.\n======================================================================\nFAIL: test1 (__main__.TestFunctions)\n----------------------------------------------------------------------\nTraceback (most recent call last):\n  File "/home/khashayar/projs/det-gen/DET-Gen/temp_test_case.py", line 18, in test1\n    self.assertEqual(patched_source(input_1), original_source(input_1))\nAssertionError: Lists differ: [22] != [36]\n\nFirst differing element 0:\n22\n36\n\n- [22]\n+ [36]\n\n======================================================================\nFAIL: test2 (__main__.TestFunctions)\n----------------------------------------------------------------------\nTraceback (most recent call last):\n  File "/home/khashayar/projs/det-gen/DET-Gen/temp_test_case.py", line 24, in test2\n    self.assertEqual(patched_source(input_2), original_source(input_2))\nAssertionError: Lists differ: [15] != [25]\n\nFirst differing element 0:\n15\n25\n\n- [15]\n?  ^\n\n+ [25]\n?  ^\n\n\n======================================================================\nFAIL: test5 (__main__.TestFunctions)\n----------------------------------------------------------------------\nTraceback (most recent call last):\n  File "/home/khashayar/projs/det-gen/DET-Gen/temp_test_case.py", line 42, in test5\n    self.assertEqual(patched_source(input_5), original_source(input_5))\nAssertionError: Lists differ: [12] != [30]\n\nFirst differing element 0:\n12\n30\n\n- [12]\n+ [30]\n\n======================================================================\nFAIL: test8 (__main__.TestFunctions)\n----------------------------------------------------------------------\nTraceback (most recent call last):\n  File "/home/khashayar/projs/det-gen/DET-Gen/temp_test_case.py", line 60, in test8\n    self.assertEqual(patched_source(input_8), original_source(input_8))\nAssertionError: Lists differ: [26] != [40]\n\nFirst differing element 0:\n26\n40\n\n- [26]\n+ [40]\n\n----------------------------------------------------------------------\nRan 10 tests in 0.002s\n\nFAILED (failures=4)\n')