============================= test session starts ==============================
platform linux -- Python 3.10.12, pytest-7.4.4, pluggy-1.4.0
rootdir: /home/khashayar/projs/det-gen
collected 3 items

pynguin-res/breadth_first_search/1/test_transformed_breadth_first_search.py . [ 33%]
.F                                                                       [100%]

=================================== FAILURES ===================================
_________________________________ test_case_2 __________________________________

    def test_case_2():
        bytes_0 = b"\x17\\\x89"
        none_type_0 = None
        var_0 = module_0.breadth_first_search(bytes_0, bytes_0)
        assert var_0 is True
        node_0 = module_1.Node(
            var_0, successors=bytes_0, predecessors=bytes_0, incoming_nodes=bytes_0
        )
        assert node_0.value is True
        bytes_1 = b"X\x1dy"
        node_1 = module_1.Node(bytes_1, predecessors=none_type_0)
        var_1 = module_0.breadth_first_search(var_0, var_0)
        assert var_1 is True
>       var_2 = module_0.breadth_first_search(node_1, var_1)

pynguin-res/breadth_first_search/1/test_transformed_breadth_first_search.py:35: 
_ _ _ _ _ _ _ _ _ _ _ _ _ _ _ _ _ _ _ _ _ _ _ _ _ _ _ _ _ _ _ _ _ _ _ _ _ _ _ _ 

startnode = <node.Node object at 0x7fa59b747eb0>, goalnode = True

    def breadth_first_search(startnode, goalnode):
        queue = Queue()
        queue.append(startnode)
    
        nodesseen = set()
        nodesseen.add(startnode)
    
        while True:
>           node = queue.popleft()
E           IndexError: pop from an empty deque

pynguin-res/breadth_first_search/1/breadth_first_search.py:12: IndexError
=========================== short test summary info ============================
FAILED pynguin-res/breadth_first_search/1/test_transformed_breadth_first_search.py::test_case_2
========================= 1 failed, 2 passed in 0.03s ==========================
