============================= test session starts ==============================
platform linux -- Python 3.10.12, pytest-7.4.4, pluggy-1.4.0
rootdir: /home/khashayar/projs/det-gen
collected 5 items

pynguin-res/shortest_paths/5/test_transformed_shortest_paths.py ....F    [100%]

=================================== FAILURES ===================================
_________________________________ test_case_4 __________________________________

    def test_case_4():
        dict_0 = {}
        bytes_0 = b"SS"
        var_0 = module_0.shortest_paths(bytes_0, dict_0)
>       var_1 = module_0.shortest_paths(bytes_0, var_0)

pynguin-res/shortest_paths/5/test_transformed_shortest_paths.py:39: 
_ _ _ _ _ _ _ _ _ _ _ _ _ _ _ _ _ _ _ _ _ _ _ _ _ _ _ _ _ _ _ _ _ _ _ _ _ _ _ _ 

source = b'SS', weight_by_edge = {b'SS': 0, (83, 83): inf}

    def shortest_paths(source, weight_by_edge):
        weight_by_node = {
            v: float('inf') for u, v in weight_by_edge
        }
        weight_by_node[source] = 0
    
        for i in range(len(weight_by_node) - 1):
>           for (u, v), weight in weight_by_edge.items():
E           RuntimeError: dictionary changed size during iteration

pynguin-res/shortest_paths/5/shortest_paths.py:9: RuntimeError
=========================== short test summary info ============================
FAILED pynguin-res/shortest_paths/5/test_transformed_shortest_paths.py::test_case_4
========================= 1 failed, 4 passed in 0.04s ==========================
