============================= test session starts ==============================
platform linux -- Python 3.10.12, pytest-7.4.4, pluggy-1.4.0
rootdir: /home/khashayar/projs/det-gen
collected 5 items

pynguin-res/to_base/9/test_transformed_to_base.py ....F                  [100%]

=================================== FAILURES ===================================
_________________________________ test_case_4 __________________________________

    def test_case_4():
        bool_0 = True
        regex_flag_0 = module_1.RegexFlag.IGNORECASE
        var_0 = module_0.to_base(regex_flag_0, regex_flag_0)
>       assert var_0 == "10"
E       AssertionError: assert '01' == '10'
E         - 10
E         + 01

pynguin-res/to_base/9/test_transformed_to_base.py:48: AssertionError
=========================== short test summary info ============================
FAILED pynguin-res/to_base/9/test_transformed_to_base.py::test_case_4 - Asser...
========================= 1 failed, 4 passed in 0.03s ==========================
