CompletedProcess(args=['python', 'temp_test_case.py'], returncode=1, stdout=b'', stderr=b'..F..FEF..\n======================================================================\nERROR: test6 (__main__.TestFunctions)\n----------------------------------------------------------------------\nTraceback (most recent call last):\n  File "/home/khashayar/projs/det-gen/DET-Gen/temp_test_case.py", line 48, in test6\n    self.assertEqual(patched_source(input_6), original_source(input_6))\n  File "/home/khashayar/projs/det-gen/DET-Gen/temp_acc_qb.py", line 4, in patched_func\n    (a, b) = map(int, args[0].split())\nValueError: too many values to unpack (expected 2)\n\n======================================================================\nFAIL: test2 (__main__.TestFunctions)\n----------------------------------------------------------------------\nTraceback (most recent call last):\n  File "/home/khashayar/projs/det-gen/DET-Gen/temp_test_case.py", line 24, in test2\n    self.assertEqual(patched_source(input_2), original_source(input_2))\nAssertionError: Lists differ: [6] != [24]\n\nFirst differing element 0:\n6\n24\n\n- [6]\n+ [24]\n\n======================================================================\nFAIL: test5 (__main__.TestFunctions)\n----------------------------------------------------------------------\nTraceback (most recent call last):\n  File "/home/khashayar/projs/det-gen/DET-Gen/temp_test_case.py", line 42, in test5\n    self.assertEqual(patched_source(input_5), original_source(input_5))\nAssertionError: Lists differ: [6] != [24]\n\nFirst differing element 0:\n6\n24\n\n- [6]\n+ [24]\n\n======================================================================\nFAIL: test7 (__main__.TestFunctions)\n----------------------------------------------------------------------\nTraceback (most recent call last):\n  File "/home/khashayar/projs/det-gen/DET-Gen/temp_test_case.py", line 54, in test7\n    self.assertEqual(patched_source(input_7), original_source(input_7))\nAssertionError: Lists differ: [1] != [24]\n\nFirst differing element 0:\n1\n24\n\n- [1]\n+ [24]\n\n----------------------------------------------------------------------\nRan 10 tests in 0.001s\n\nFAILED (failures=3, errors=1)\n')