CompletedProcess(args=['python', 'temp_test_case.py'], returncode=1, stdout=b'', stderr=b'.....................................F..F...........................................................\n======================================================================\nFAIL: test42 (__main__.TestFunctions)\n----------------------------------------------------------------------\nTraceback (most recent call last):\n  File "/home/khashayar/projs/det-gen/DET-Gen2/temp_test_case.py", line 264, in test42\n    self.assertEqual(patched_source(input_42), original_source(input_42))\nAssertionError: Lists differ: [\'YES\'] != [\'Yes\']\n\nFirst differing element 0:\n\'YES\'\n\'Yes\'\n\n- [\'YES\']\n+ [\'Yes\']\n\n======================================================================\nFAIL: test45 (__main__.TestFunctions)\n----------------------------------------------------------------------\nTraceback (most recent call last):\n  File "/home/khashayar/projs/det-gen/DET-Gen2/temp_test_case.py", line 282, in test45\n    self.assertEqual(patched_source(input_45), original_source(input_45))\nAssertionError: Lists differ: [\'YES\'] != [\'Yes\']\n\nFirst differing element 0:\n\'YES\'\n\'Yes\'\n\n- [\'YES\']\n+ [\'Yes\']\n\n----------------------------------------------------------------------\nRan 100 tests in 0.007s\n\nFAILED (failures=2)\n')