CompletedProcess(args=['python', 'temp_test_case.py'], returncode=1, stdout=b'', stderr=b'..................F........................F...........................F............................\n======================================================================\nFAIL: test25 (__main__.TestFunctions)\n----------------------------------------------------------------------\nTraceback (most recent call last):\n  File "/home/khashayar/projs/det-gen/DET-Gen2/temp_test_case.py", line 162, in test25\n    self.assertEqual(patched_source(*input_25), original_source(*input_25))\nAssertionError: Lists differ: [\'-1\'] != [\'12\']\n\nFirst differing element 0:\n\'-1\'\n\'12\'\n\n- [\'-1\']\n?   -\n\n+ [\'12\']\n?    +\n\n\n======================================================================\nFAIL: test48 (__main__.TestFunctions)\n----------------------------------------------------------------------\nTraceback (most recent call last):\n  File "/home/khashayar/projs/det-gen/DET-Gen2/temp_test_case.py", line 300, in test48\n    self.assertEqual(patched_source(*input_48), original_source(*input_48))\nAssertionError: Lists differ: [\'-1\'] != [\'12\']\n\nFirst differing element 0:\n\'-1\'\n\'12\'\n\n- [\'-1\']\n?   -\n\n+ [\'12\']\n?    +\n\n\n======================================================================\nFAIL: test73 (__main__.TestFunctions)\n----------------------------------------------------------------------\nTraceback (most recent call last):\n  File "/home/khashayar/projs/det-gen/DET-Gen2/temp_test_case.py", line 450, in test73\n    self.assertEqual(patched_source(*input_73), original_source(*input_73))\nAssertionError: Lists differ: [\'-1\'] != [\'12\']\n\nFirst differing element 0:\n\'-1\'\n\'12\'\n\n- [\'-1\']\n?   -\n\n+ [\'12\']\n?    +\n\n\n----------------------------------------------------------------------\nRan 100 tests in 0.007s\n\nFAILED (failures=3)\n')