CompletedProcess(args=['python', 'temp_test_case.py'], returncode=1, stdout=b'', stderr=b'.....E..E.\n======================================================================\nERROR: test5 (__main__.TestFunctions)\n----------------------------------------------------------------------\nTraceback (most recent call last):\n  File "/home/khashayar/projs/det-gen/DET-Gen2/temp_test_case.py", line 42, in test5\n    self.assertEqual(patched_source(input_5), original_source(input_5))\n  File "/home/khashayar/projs/det-gen/DET-Gen2/temp_bug_qb.py", line 15, in original_func\n    if (((s[i] == \'K\') and (s[(i - 1)] == \'K\') and (s[(i - 2)] != \'V\')) or ((s[i] == \'V\') and (s[(i - 1)] == \'V\') and (s[(i + 1)] != \'K\'))):\nIndexError: list index out of range\n\n======================================================================\nERROR: test8 (__main__.TestFunctions)\n----------------------------------------------------------------------\nTraceback (most recent call last):\n  File "/home/khashayar/projs/det-gen/DET-Gen2/temp_test_case.py", line 60, in test8\n    self.assertEqual(patched_source(input_8), original_source(input_8))\n  File "/home/khashayar/projs/det-gen/DET-Gen2/temp_bug_qb.py", line 15, in original_func\n    if (((s[i] == \'K\') and (s[(i - 1)] == \'K\') and (s[(i - 2)] != \'V\')) or ((s[i] == \'V\') and (s[(i - 1)] == \'V\') and (s[(i + 1)] != \'K\'))):\nIndexError: list index out of range\n\n----------------------------------------------------------------------\nRan 10 tests in 0.001s\n\nFAILED (errors=2)\n')