CompletedProcess(args=['python', 'temp_test_case.py'], returncode=1, stdout=b'', stderr=b'.EE.EEE.E.\n======================================================================\nERROR: test1 (__main__.TestFunctions)\n----------------------------------------------------------------------\nTraceback (most recent call last):\n  File "/home/khashayar/projs/det-gen/DET-Gen/temp_test_case.py", line 18, in test1\n    self.assertEqual(patched_source(input_1), original_source(input_1))\n  File "/home/khashayar/projs/det-gen/DET-Gen/temp_bug_qb.py", line 17, in original_func\n    global_list.append((4 * tuple(((ab & ac) & bc))[0]))\nIndexError: tuple index out of range\n\n======================================================================\nERROR: test2 (__main__.TestFunctions)\n----------------------------------------------------------------------\nTraceback (most recent call last):\n  File "/home/khashayar/projs/det-gen/DET-Gen/temp_test_case.py", line 24, in test2\n    self.assertEqual(patched_source(input_2), original_source(input_2))\n  File "/home/khashayar/projs/det-gen/DET-Gen/temp_bug_qb.py", line 17, in original_func\n    global_list.append((4 * tuple(((ab & ac) & bc))[0]))\nIndexError: tuple index out of range\n\n======================================================================\nERROR: test4 (__main__.TestFunctions)\n----------------------------------------------------------------------\nTraceback (most recent call last):\n  File "/home/khashayar/projs/det-gen/DET-Gen/temp_test_case.py", line 36, in test4\n    self.assertEqual(patched_source(input_4), original_source(input_4))\n  File "/home/khashayar/projs/det-gen/DET-Gen/temp_bug_qb.py", line 17, in original_func\n    global_list.append((4 * tuple(((ab & ac) & bc))[0]))\nIndexError: tuple index out of range\n\n======================================================================\nERROR: test5 (__main__.TestFunctions)\n----------------------------------------------------------------------\nTraceback (most recent call last):\n  File "/home/khashayar/projs/det-gen/DET-Gen/temp_test_case.py", line 42, in test5\n    self.assertEqual(patched_source(input_5), original_source(input_5))\n  File "/home/khashayar/projs/det-gen/DET-Gen/temp_bug_qb.py", line 17, in original_func\n    global_list.append((4 * tuple(((ab & ac) & bc))[0]))\nIndexError: tuple index out of range\n\n======================================================================\nERROR: test6 (__main__.TestFunctions)\n----------------------------------------------------------------------\nTraceback (most recent call last):\n  File "/home/khashayar/projs/det-gen/DET-Gen/temp_test_case.py", line 48, in test6\n    self.assertEqual(patched_source(input_6), original_source(input_6))\n  File "/home/khashayar/projs/det-gen/DET-Gen/temp_bug_qb.py", line 17, in original_func\n    global_list.append((4 * tuple(((ab & ac) & bc))[0]))\nIndexError: tuple index out of range\n\n======================================================================\nERROR: test8 (__main__.TestFunctions)\n----------------------------------------------------------------------\nTraceback (most recent call last):\n  File "/home/khashayar/projs/det-gen/DET-Gen/temp_test_case.py", line 60, in test8\n    self.assertEqual(patched_source(input_8), original_source(input_8))\n  File "/home/khashayar/projs/det-gen/DET-Gen/temp_bug_qb.py", line 17, in original_func\n    global_list.append((4 * tuple(((ab & ac) & bc))[0]))\nIndexError: tuple index out of range\n\n----------------------------------------------------------------------\nRan 10 tests in 0.001s\n\nFAILED (errors=6)\n')