
 NEW TEST OUTPUT: 
CompletedProcess(args=['python', 'temp_test_case.py'], returncode=1, stdout=b'', stderr=b'E\n======================================================================\nERROR: test0 (__main__.TestFunctions)\n----------------------------------------------------------------------\nTraceback (most recent call last):\n  File "/home/khashayar/projs/det-gen/DET-Gen/temp_acc_qb.py", line 10, in patched_func\n    ans = math.pow(abs((b / a)), (1 / n))\nZeroDivisionError: float division by zero\n\nDuring handling of the above exception, another exception occurred:\n\nTraceback (most recent call last):\n  File "/home/khashayar/projs/det-gen/DET-Gen/temp_test_case.py", line 12, in test0\n    self.assertEqual(patched_source(input_0), original_source(input_0))\n  File "/home/khashayar/projs/det-gen/DET-Gen/temp_acc_qb.py", line 15, in patched_func\n    sys.exit()\nSystemExit\n\n----------------------------------------------------------------------\nRan 1 test in 0.001s\n\nFAILED (errors=1)\n')
 NEW TEST OUTPUT: 
CompletedProcess(args=['python', 'temp_test_case.py'], returncode=1, stdout=b'', stderr=b'F\n======================================================================\nFAIL: test0 (__main__.TestFunctions)\n----------------------------------------------------------------------\nTraceback (most recent call last):\n  File "/home/khashayar/projs/det-gen/DET-Gen/temp_test_case.py", line 12, in test0\n    self.assertEqual(patched_source(input_0), original_source(input_0))\nAssertionError: Lists differ: [\'No solution\'] != [2]\n\nFirst differing element 0:\n\'No solution\'\n2\n\n- [\'No solution\']\n+ [2]\n\n----------------------------------------------------------------------\nRan 1 test in 0.001s\n\nFAILED (failures=1)\n')