
 NEW TEST OUTPUT: 
CompletedProcess(args=['python', 'temp_test_case.py'], returncode=1, stdout=b'', stderr=b'E\n======================================================================\nERROR: test0 (__main__.TestFunctions)\n----------------------------------------------------------------------\nTraceback (most recent call last):\n  File "/home/khashayar/projs/det-gen/DET-Gen/temp_test_case.py", line 12, in test0\n    self.assertEqual(patched_source(*input_0), original_source(*input_0))\n  File "/home/khashayar/projs/det-gen/DET-Gen/temp_acc_qb.py", line 22, in patched_func\n    mins = rint()\n  File "/home/khashayar/projs/det-gen/DET-Gen/temp_acc_qb.py", line 10, in rint\n    return int(args[1])\nValueError: invalid literal for int() with base 10: \'10 20\'\n\n----------------------------------------------------------------------\nRan 1 test in 0.000s\n\nFAILED (errors=1)\n')
 NEW TEST OUTPUT: 
CompletedProcess(args=['python', 'temp_test_case.py'], returncode=0, stdout=b'', stderr=b'.\n----------------------------------------------------------------------\nRan 1 test in 0.000s\n\nOK\n')
 NEW TEST OUTPUT: 
CompletedProcess(args=['python', 'temp_test_case.py'], returncode=0, stdout=b'', stderr=b'.\n----------------------------------------------------------------------\nRan 1 test in 0.000s\n\nOK\n')
 NEW TEST OUTPUT: 
CompletedProcess(args=['python', 'temp_test_case.py'], returncode=0, stdout=b'', stderr=b'.\n----------------------------------------------------------------------\nRan 1 test in 0.000s\n\nOK\n')
 NEW TEST OUTPUT: 
CompletedProcess(args=['python', 'temp_test_case.py'], returncode=1, stdout=b'', stderr=b'E\n======================================================================\nERROR: test0 (__main__.TestFunctions)\n----------------------------------------------------------------------\nTraceback (most recent call last):\n  File "/home/khashayar/projs/det-gen/DET-Gen/temp_test_case.py", line 12, in test0\n    self.assertEqual(patched_source(*input_0), original_source(*input_0))\n  File "/home/khashayar/projs/det-gen/DET-Gen/temp_acc_qb.py", line 22, in patched_func\n    mins = rint()\n  File "/home/khashayar/projs/det-gen/DET-Gen/temp_acc_qb.py", line 10, in rint\n    return int(args[1])\nValueError: invalid literal for int() with base 10: \'7 8 9\'\n\n----------------------------------------------------------------------\nRan 1 test in 0.000s\n\nFAILED (errors=1)\n')
 NEW TEST OUTPUT: 
CompletedProcess(args=['python', 'temp_test_case.py'], returncode=1, stdout=b'', stderr=b'F\n======================================================================\nFAIL: test0 (__main__.TestFunctions)\n----------------------------------------------------------------------\nTraceback (most recent call last):\n  File "/home/khashayar/projs/det-gen/DET-Gen/temp_test_case.py", line 12, in test0\n    self.assertEqual(patched_source(*input_0), original_source(*input_0))\nAssertionError: Lists differ: [\'12:00\'] != [\'11:60\']\n\nFirst differing element 0:\n\'12:00\'\n\'11:60\'\n\n- [\'12:00\']\n?    ^ ^\n\n+ [\'11:60\']\n?    ^ ^\n\n\n----------------------------------------------------------------------\nRan 1 test in 0.001s\n\nFAILED (failures=1)\n')