CompletedProcess(args=['python', 'temp_test_case.py'], returncode=1, stdout=b'', stderr=b'E.FF..E..E\n======================================================================\nERROR: test0 (__main__.TestFunctions)\n----------------------------------------------------------------------\nTraceback (most recent call last):\n  File "/home/khashayar/projs/det-gen/DET-Gen/temp_test_case.py", line 12, in test0\n    self.assertEqual(patched_source(*input_0), original_source(*input_0))\n  File "/home/khashayar/projs/det-gen/DET-Gen/temp_acc_qb.py", line 10, in patched_func\n    s += x[i]\nIndexError: list index out of range\n\n======================================================================\nERROR: test6 (__main__.TestFunctions)\n----------------------------------------------------------------------\nTraceback (most recent call last):\n  File "/home/khashayar/projs/det-gen/DET-Gen/temp_test_case.py", line 48, in test6\n    self.assertEqual(patched_source(*input_6), original_source(*input_6))\n  File "/home/khashayar/projs/det-gen/DET-Gen/temp_acc_qb.py", line 10, in patched_func\n    s += x[i]\nIndexError: list index out of range\n\n======================================================================\nERROR: test9 (__main__.TestFunctions)\n----------------------------------------------------------------------\nTraceback (most recent call last):\n  File "/home/khashayar/projs/det-gen/DET-Gen/temp_test_case.py", line 66, in test9\n    self.assertEqual(patched_source(*input_9), original_source(*input_9))\n  File "/home/khashayar/projs/det-gen/DET-Gen/temp_acc_qb.py", line 10, in patched_func\n    s += x[i]\nIndexError: list index out of range\n\n======================================================================\nFAIL: test2 (__main__.TestFunctions)\n----------------------------------------------------------------------\nTraceback (most recent call last):\n  File "/home/khashayar/projs/det-gen/DET-Gen/temp_test_case.py", line 24, in test2\n    self.assertEqual(patched_source(*input_2), original_source(*input_2))\nAssertionError: Lists differ: [\'-1\'] != [12]\n\nFirst differing element 0:\n\'-1\'\n12\n\n- [\'-1\']\n+ [12]\n\n======================================================================\nFAIL: test3 (__main__.TestFunctions)\n----------------------------------------------------------------------\nTraceback (most recent call last):\n  File "/home/khashayar/projs/det-gen/DET-Gen/temp_test_case.py", line 30, in test3\n    self.assertEqual(patched_source(*input_3), original_source(*input_3))\nAssertionError: Lists differ: [\'-1\'] != [12]\n\nFirst differing element 0:\n\'-1\'\n12\n\n- [\'-1\']\n+ [12]\n\n----------------------------------------------------------------------\nRan 10 tests in 0.002s\n\nFAILED (failures=2, errors=3)\n')