CompletedProcess(args=['python', 'temp_test_case.py'], returncode=1, stdout=b'', stderr=b'........................................................................F....................F......\n======================================================================\nFAIL: test74 (__main__.TestFunctions)\n----------------------------------------------------------------------\nTraceback (most recent call last):\n  File "/home/khashayar/projs/det-gen/DET-Gen2/temp_test_case.py", line 456, in test74\n    self.assertEqual(patched_source(input_74), original_source(input_74))\nAssertionError: Lists differ: [10] != [6]\n\nFirst differing element 0:\n10\n6\n\n- [10]\n+ [6]\n\n======================================================================\nFAIL: test93 (__main__.TestFunctions)\n----------------------------------------------------------------------\nTraceback (most recent call last):\n  File "/home/khashayar/projs/det-gen/DET-Gen2/temp_test_case.py", line 570, in test93\n    self.assertEqual(patched_source(input_93), original_source(input_93))\nAssertionError: Lists differ: [5] != [7]\n\nFirst differing element 0:\n5\n7\n\n- [5]\n+ [7]\n\n----------------------------------------------------------------------\nRan 100 tests in 0.006s\n\nFAILED (failures=2)\n')