CompletedProcess(args=['python', 'temp_test_case.py'], returncode=1, stdout=b'', stderr=b'......F.........FF....F........FF.........F.....F....................F......F......F..............F.\n======================================================================\nFAIL: test14 (__main__.TestFunctions)\n----------------------------------------------------------------------\nTraceback (most recent call last):\n  File "/home/khashayar/projs/det-gen/DET-Gen2/temp_test_case.py", line 96, in test14\n    self.assertEqual(patched_source(input_14), original_source(input_14))\nAssertionError: Lists differ: [225] != [250]\n\nFirst differing element 0:\n225\n250\n\n- [225]\n?   -\n\n+ [250]\n?    +\n\n\n======================================================================\nFAIL: test23 (__main__.TestFunctions)\n----------------------------------------------------------------------\nTraceback (most recent call last):\n  File "/home/khashayar/projs/det-gen/DET-Gen2/temp_test_case.py", line 150, in test23\n    self.assertEqual(patched_source(input_23), original_source(input_23))\nAssertionError: Lists differ: [25] != [26]\n\nFirst differing element 0:\n25\n26\n\n- [25]\n?   ^\n\n+ [26]\n?   ^\n\n\n======================================================================\nFAIL: test24 (__main__.TestFunctions)\n----------------------------------------------------------------------\nTraceback (most recent call last):\n  File "/home/khashayar/projs/det-gen/DET-Gen2/temp_test_case.py", line 156, in test24\n    self.assertEqual(patched_source(input_24), original_source(input_24))\nAssertionError: Lists differ: [30] != [40]\n\nFirst differing element 0:\n30\n40\n\n- [30]\n?  ^\n\n+ [40]\n?  ^\n\n\n======================================================================\nFAIL: test29 (__main__.TestFunctions)\n----------------------------------------------------------------------\nTraceback (most recent call last):\n  File "/home/khashayar/projs/det-gen/DET-Gen2/temp_test_case.py", line 186, in test29\n    self.assertEqual(patched_source(input_29), original_source(input_29))\nAssertionError: Lists differ: [75] != [80]\n\nFirst differing element 0:\n75\n80\n\n- [75]\n+ [80]\n\n======================================================================\nFAIL: test37 (__main__.TestFunctions)\n----------------------------------------------------------------------\nTraceback (most recent call last):\n  File "/home/khashayar/projs/det-gen/DET-Gen2/temp_test_case.py", line 234, in test37\n    self.assertEqual(patched_source(input_37), original_source(input_37))\nAssertionError: Lists differ: [21] != [24]\n\nFirst differing element 0:\n21\n24\n\n- [21]\n?   ^\n\n+ [24]\n?   ^\n\n\n======================================================================\nFAIL: test38 (__main__.TestFunctions)\n----------------------------------------------------------------------\nTraceback (most recent call last):\n  File "/home/khashayar/projs/det-gen/DET-Gen2/temp_test_case.py", line 240, in test38\n    self.assertEqual(patched_source(input_38), original_source(input_38))\nAssertionError: Lists differ: [15] != [16]\n\nFirst differing element 0:\n15\n16\n\n- [15]\n?   ^\n\n+ [16]\n?   ^\n\n\n======================================================================\nFAIL: test47 (__main__.TestFunctions)\n----------------------------------------------------------------------\nTraceback (most recent call last):\n  File "/home/khashayar/projs/det-gen/DET-Gen2/temp_test_case.py", line 294, in test47\n    self.assertEqual(patched_source(input_47), original_source(input_47))\nAssertionError: Lists differ: [15] != [16]\n\nFirst differing element 0:\n15\n16\n\n- [15]\n?   ^\n\n+ [16]\n?   ^\n\n\n======================================================================\nFAIL: test52 (__main__.TestFunctions)\n----------------------------------------------------------------------\nTraceback (most recent call last):\n  File "/home/khashayar/projs/det-gen/DET-Gen2/temp_test_case.py", line 324, in test52\n    self.assertEqual(patched_source(input_52), original_source(input_52))\nAssertionError: Lists differ: [30] != [40]\n\nFirst differing element 0:\n30\n40\n\n- [30]\n?  ^\n\n+ [40]\n?  ^\n\n\n======================================================================\nFAIL: test71 (__main__.TestFunctions)\n----------------------------------------------------------------------\nTraceback (most recent call last):\n  File "/home/khashayar/projs/det-gen/DET-Gen2/temp_test_case.py", line 438, in test71\n    self.assertEqual(patched_source(input_71), original_source(input_71))\nAssertionError: Lists differ: [27] != [34]\n\nFirst differing element 0:\n27\n34\n\n- [27]\n+ [34]\n\n======================================================================\nFAIL: test78 (__main__.TestFunctions)\n----------------------------------------------------------------------\nTraceback (most recent call last):\n  File "/home/khashayar/projs/det-gen/DET-Gen2/temp_test_case.py", line 480, in test78\n    self.assertEqual(patched_source(input_78), original_source(input_78))\nAssertionError: Lists differ: [50] != [60]\n\nFirst differing element 0:\n50\n60\n\n- [50]\n?  ^\n\n+ [60]\n?  ^\n\n\n======================================================================\nFAIL: test84 (__main__.TestFunctions)\n----------------------------------------------------------------------\nTraceback (most recent call last):\n  File "/home/khashayar/projs/det-gen/DET-Gen2/temp_test_case.py", line 516, in test84\n    self.assertEqual(patched_source(input_84), original_source(input_84))\nAssertionError: Lists differ: [45] != [50]\n\nFirst differing element 0:\n45\n50\n\n- [45]\n?  -\n\n+ [50]\n?   +\n\n\n======================================================================\nFAIL: test98 (__main__.TestFunctions)\n----------------------------------------------------------------------\nTraceback (most recent call last):\n  File "/home/khashayar/projs/det-gen/DET-Gen2/temp_test_case.py", line 600, in test98\n    self.assertEqual(patched_source(input_98), original_source(input_98))\nAssertionError: Lists differ: [30] != [40]\n\nFirst differing element 0:\n30\n40\n\n- [30]\n?  ^\n\n+ [40]\n?  ^\n\n\n----------------------------------------------------------------------\nRan 100 tests in 0.008s\n\nFAILED (failures=12)\n')