CompletedProcess(args=['python', 'temp_test_case.py'], returncode=1, stdout=b'', stderr=b'...............F......................................F.............\n======================================================================\nFAIL: test22 (__main__.TestFunctions)\n----------------------------------------------------------------------\nTraceback (most recent call last):\n  File "/home/khashayar/projs/det-gen/DET-Gen/temp_test_case.py", line 144, in test22\n    self.assertEqual(patched_source(input_22), original_source(input_22))\nAssertionError: Lists differ: [\'YES\'] != [\'NO\']\n\nFirst differing element 0:\n\'YES\'\n\'NO\'\n\n- [\'YES\']\n+ [\'NO\']\n\n======================================================================\nFAIL: test58 (__main__.TestFunctions)\n----------------------------------------------------------------------\nTraceback (most recent call last):\n  File "/home/khashayar/projs/det-gen/DET-Gen/temp_test_case.py", line 360, in test58\n    self.assertEqual(patched_source(input_58), original_source(input_58))\nAssertionError: Lists differ: [\'NO\'] != [\'YES\']\n\nFirst differing element 0:\n\'NO\'\n\'YES\'\n\n- [\'NO\']\n+ [\'YES\']\n\n----------------------------------------------------------------------\nRan 68 tests in 0.004s\n\nFAILED (failures=2)\n')