CompletedProcess(args=['python', 'temp_test_case.py'], returncode=1, stdout=b'', stderr=b'........................FF..........................F......................\n======================================================================\nFAIL: test30 (__main__.TestFunctions)\n----------------------------------------------------------------------\nTraceback (most recent call last):\n  File "/home/khashayar/projs/det-gen/DET-Gen/temp_test_case.py", line 192, in test30\n    self.assertEqual(patched_source(input_30), original_source(input_30))\nAssertionError: Lists differ: [2] != [1]\n\nFirst differing element 0:\n2\n1\n\n- [2]\n+ [1]\n\n======================================================================\nFAIL: test31 (__main__.TestFunctions)\n----------------------------------------------------------------------\nTraceback (most recent call last):\n  File "/home/khashayar/projs/det-gen/DET-Gen/temp_test_case.py", line 198, in test31\n    self.assertEqual(patched_source(input_31), original_source(input_31))\nAssertionError: Lists differ: [3] != [1]\n\nFirst differing element 0:\n3\n1\n\n- [3]\n+ [1]\n\n======================================================================\nFAIL: test56 (__main__.TestFunctions)\n----------------------------------------------------------------------\nTraceback (most recent call last):\n  File "/home/khashayar/projs/det-gen/DET-Gen/temp_test_case.py", line 348, in test56\n    self.assertEqual(patched_source(input_56), original_source(input_56))\nAssertionError: Lists differ: [4] != [2]\n\nFirst differing element 0:\n4\n2\n\n- [4]\n+ [2]\n\n----------------------------------------------------------------------\nRan 75 tests in 2.607s\n\nFAILED (failures=3)\n')