CompletedProcess(args=['python', 'temp_test_case.py'], returncode=1, stdout=b'', stderr=b'................FF.............F....................\n======================================================================\nFAIL: test23 (__main__.TestFunctions)\n----------------------------------------------------------------------\nTraceback (most recent call last):\n  File "/home/khashayar/projs/det-gen/DET-Gen/temp_test_case.py", line 150, in test23\n    self.assertEqual(patched_source(input_23), original_source(input_23))\nAssertionError: Lists differ: [19] != [64]\n\nFirst differing element 0:\n19\n64\n\n- [19]\n+ [64]\n\n======================================================================\nFAIL: test24 (__main__.TestFunctions)\n----------------------------------------------------------------------\nTraceback (most recent call last):\n  File "/home/khashayar/projs/det-gen/DET-Gen/temp_test_case.py", line 156, in test24\n    self.assertEqual(patched_source(input_24), original_source(input_24))\nAssertionError: Lists differ: [105] != [168]\n\nFirst differing element 0:\n105\n168\n\n- [105]\n+ [168]\n\n======================================================================\nFAIL: test37 (__main__.TestFunctions)\n----------------------------------------------------------------------\nTraceback (most recent call last):\n  File "/home/khashayar/projs/det-gen/DET-Gen/temp_test_case.py", line 234, in test37\n    self.assertEqual(patched_source(input_37), original_source(input_37))\nAssertionError: Lists differ: [186] != [672]\n\nFirst differing element 0:\n186\n672\n\n- [186]\n+ [672]\n\n----------------------------------------------------------------------\nRan 52 tests in 0.009s\n\nFAILED (failures=3)\n')