CompletedProcess(args=['python', 'temp_test_case.py'], returncode=1, stdout=b'', stderr=b'EEE..EFEEEEEEE..EEE..E..EEEEEE.EE.EE.EE.EEEE..FE.EE...E..EF...EEEEFEEEE..EEE....EEFEE.EEEEF.E.FE.EEE\n======================================================================\nERROR: test0 (__main__.TestFunctions)\n----------------------------------------------------------------------\nTraceback (most recent call last):\n  File "/home/khashayar/projs/det-gen/DET-Gen2/temp_test_case.py", line 12, in test0\n    self.assertEqual(patched_source(input_0), original_source(input_0))\n  File "/home/khashayar/projs/det-gen/DET-Gen2/temp_bug_qb.py", line 9, in original_func\n    while (d[m] == d[(m + 1)]):\nIndexError: string index out of range\n\n======================================================================\nERROR: test1 (__main__.TestFunctions)\n----------------------------------------------------------------------\nTraceback (most recent call last):\n  File "/home/khashayar/projs/det-gen/DET-Gen2/temp_test_case.py", line 18, in test1\n    self.assertEqual(patched_source(input_1), original_source(input_1))\n  File "/home/khashayar/projs/det-gen/DET-Gen2/temp_bug_qb.py", line 9, in original_func\n    while (d[m] == d[(m + 1)]):\nIndexError: string index out of range\n\n======================================================================\nERROR: test10 (__main__.TestFunctions)\n----------------------------------------------------------------------\nTraceback (most recent call last):\n  File "/home/khashayar/projs/det-gen/DET-Gen2/temp_test_case.py", line 72, in test10\n    self.assertEqual(patched_source(input_10), original_source(input_10))\n  File "/home/khashayar/projs/det-gen/DET-Gen2/temp_bug_qb.py", line 9, in original_func\n    while (d[m] == d[(m + 1)]):\nIndexError: string index out of range\n\n======================================================================\nERROR: test13 (__main__.TestFunctions)\n----------------------------------------------------------------------\nTraceback (most recent call last):\n  File "/home/khashayar/projs/det-gen/DET-Gen2/temp_test_case.py", line 90, in test13\n    self.assertEqual(patched_source(input_13), original_source(input_13))\n  File "/home/khashayar/projs/det-gen/DET-Gen2/temp_bug_qb.py", line 9, in original_func\n    while (d[m] == d[(m + 1)]):\nIndexError: string index out of range\n\n======================================================================\nERROR: test15 (__main__.TestFunctions)\n----------------------------------------------------------------------\nTraceback (most recent call last):\n  File "/home/khashayar/projs/det-gen/DET-Gen2/temp_test_case.py", line 102, in test15\n    self.assertEqual(patched_source(input_15), original_source(input_15))\n  File "/home/khashayar/projs/det-gen/DET-Gen2/temp_bug_qb.py", line 9, in original_func\n    while (d[m] == d[(m + 1)]):\nIndexError: string index out of range\n\n======================================================================\nERROR: test16 (__main__.TestFunctions)\n----------------------------------------------------------------------\nTraceback (most recent call last):\n  File "/home/khashayar/projs/det-gen/DET-Gen2/temp_test_case.py", line 108, in test16\n    self.assertEqual(patched_source(input_16), original_source(input_16))\n  File "/home/khashayar/projs/det-gen/DET-Gen2/temp_bug_qb.py", line 9, in original_func\n    while (d[m] == d[(m + 1)]):\nIndexError: string index out of range\n\n======================================================================\nERROR: test17 (__main__.TestFunctions)\n----------------------------------------------------------------------\nTraceback (most recent call last):\n  File "/home/khashayar/projs/det-gen/DET-Gen2/temp_test_case.py", line 114, in test17\n    self.assertEqual(patched_source(input_17), original_source(input_17))\n  File "/home/khashayar/projs/det-gen/DET-Gen2/temp_bug_qb.py", line 9, in original_func\n    while (d[m] == d[(m + 1)]):\nIndexError: string index out of range\n\n======================================================================\nERROR: test18 (__main__.TestFunctions)\n----------------------------------------------------------------------\nTraceback (most recent call last):\n  File "/home/khashayar/projs/det-gen/DET-Gen2/temp_test_case.py", line 120, in test18\n    self.assertEqual(patched_source(input_18), original_source(input_18))\n  File "/home/khashayar/projs/det-gen/DET-Gen2/temp_bug_qb.py", line 9, in original_func\n    while (d[m] == d[(m + 1)]):\nIndexError: string index out of range\n\n======================================================================\nERROR: test19 (__main__.TestFunctions)\n----------------------------------------------------------------------\nTraceback (most recent call last):\n  File "/home/khashayar/projs/det-gen/DET-Gen2/temp_test_case.py", line 126, in test19\n    self.assertEqual(patched_source(input_19), original_source(input_19))\n  File "/home/khashayar/projs/det-gen/DET-Gen2/temp_bug_qb.py", line 9, in original_func\n    while (d[m] == d[(m + 1)]):\nIndexError: string index out of range\n\n======================================================================\nERROR: test2 (__main__.TestFunctions)\n----------------------------------------------------------------------\nTraceback (most recent call last):\n  File "/home/khashayar/projs/det-gen/DET-Gen2/temp_test_case.py", line 24, in test2\n    self.assertEqual(patched_source(input_2), original_source(input_2))\n  File "/home/khashayar/projs/det-gen/DET-Gen2/temp_bug_qb.py", line 9, in original_func\n    while (d[m] == d[(m + 1)]):\nIndexError: string index out of range\n\n======================================================================\nERROR: test20 (__main__.TestFunctions)\n----------------------------------------------------------------------\nTraceback (most recent call last):\n  File "/home/khashayar/projs/det-gen/DET-Gen2/temp_test_case.py", line 132, in test20\n    self.assertEqual(patched_source(input_20), original_source(input_20))\n  File "/home/khashayar/projs/det-gen/DET-Gen2/temp_bug_qb.py", line 9, in original_func\n    while (d[m] == d[(m + 1)]):\nIndexError: string index out of range\n\n======================================================================\nERROR: test23 (__main__.TestFunctions)\n----------------------------------------------------------------------\nTraceback (most recent call last):\n  File "/home/khashayar/projs/det-gen/DET-Gen2/temp_test_case.py", line 150, in test23\n    self.assertEqual(patched_source(input_23), original_source(input_23))\n  File "/home/khashayar/projs/det-gen/DET-Gen2/temp_bug_qb.py", line 9, in original_func\n    while (d[m] == d[(m + 1)]):\nIndexError: string index out of range\n\n======================================================================\nERROR: test24 (__main__.TestFunctions)\n----------------------------------------------------------------------\nTraceback (most recent call last):\n  File "/home/khashayar/projs/det-gen/DET-Gen2/temp_test_case.py", line 156, in test24\n    self.assertEqual(patched_source(input_24), original_source(input_24))\n  File "/home/khashayar/projs/det-gen/DET-Gen2/temp_bug_qb.py", line 9, in original_func\n    while (d[m] == d[(m + 1)]):\nIndexError: string index out of range\n\n======================================================================\nERROR: test25 (__main__.TestFunctions)\n----------------------------------------------------------------------\nTraceback (most recent call last):\n  File "/home/khashayar/projs/det-gen/DET-Gen2/temp_test_case.py", line 162, in test25\n    self.assertEqual(patched_source(input_25), original_source(input_25))\n  File "/home/khashayar/projs/det-gen/DET-Gen2/temp_bug_qb.py", line 9, in original_func\n    while (d[m] == d[(m + 1)]):\nIndexError: string index out of range\n\n======================================================================\nERROR: test28 (__main__.TestFunctions)\n----------------------------------------------------------------------\nTraceback (most recent call last):\n  File "/home/khashayar/projs/det-gen/DET-Gen2/temp_test_case.py", line 180, in test28\n    self.assertEqual(patched_source(input_28), original_source(input_28))\n  File "/home/khashayar/projs/det-gen/DET-Gen2/temp_bug_qb.py", line 9, in original_func\n    while (d[m] == d[(m + 1)]):\nIndexError: string index out of range\n\n======================================================================\nERROR: test30 (__main__.TestFunctions)\n----------------------------------------------------------------------\nTraceback (most recent call last):\n  File "/home/khashayar/projs/det-gen/DET-Gen2/temp_test_case.py", line 192, in test30\n    self.assertEqual(patched_source(input_30), original_source(input_30))\n  File "/home/khashayar/projs/det-gen/DET-Gen2/temp_bug_qb.py", line 9, in original_func\n    while (d[m] == d[(m + 1)]):\nIndexError: string index out of range\n\n======================================================================\nERROR: test31 (__main__.TestFunctions)\n----------------------------------------------------------------------\nTraceback (most recent call last):\n  File "/home/khashayar/projs/det-gen/DET-Gen2/temp_test_case.py", line 198, in test31\n    self.assertEqual(patched_source(input_31), original_source(input_31))\n  File "/home/khashayar/projs/det-gen/DET-Gen2/temp_bug_qb.py", line 9, in original_func\n    while (d[m] == d[(m + 1)]):\nIndexError: string index out of range\n\n======================================================================\nERROR: test32 (__main__.TestFunctions)\n----------------------------------------------------------------------\nTraceback (most recent call last):\n  File "/home/khashayar/projs/det-gen/DET-Gen2/temp_test_case.py", line 204, in test32\n    self.assertEqual(patched_source(input_32), original_source(input_32))\n  File "/home/khashayar/projs/det-gen/DET-Gen2/temp_bug_qb.py", line 9, in original_func\n    while (d[m] == d[(m + 1)]):\nIndexError: string index out of range\n\n======================================================================\nERROR: test33 (__main__.TestFunctions)\n----------------------------------------------------------------------\nTraceback (most recent call last):\n  File "/home/khashayar/projs/det-gen/DET-Gen2/temp_test_case.py", line 210, in test33\n    self.assertEqual(patched_source(input_33), original_source(input_33))\n  File "/home/khashayar/projs/det-gen/DET-Gen2/temp_bug_qb.py", line 9, in original_func\n    while (d[m] == d[(m + 1)]):\nIndexError: string index out of range\n\n======================================================================\nERROR: test34 (__main__.TestFunctions)\n----------------------------------------------------------------------\nTraceback (most recent call last):\n  File "/home/khashayar/projs/det-gen/DET-Gen2/temp_test_case.py", line 216, in test34\n    self.assertEqual(patched_source(input_34), original_source(input_34))\n  File "/home/khashayar/projs/det-gen/DET-Gen2/temp_bug_qb.py", line 9, in original_func\n    while (d[m] == d[(m + 1)]):\nIndexError: string index out of range\n\n======================================================================\nERROR: test35 (__main__.TestFunctions)\n----------------------------------------------------------------------\nTraceback (most recent call last):\n  File "/home/khashayar/projs/det-gen/DET-Gen2/temp_test_case.py", line 222, in test35\n    self.assertEqual(patched_source(input_35), original_source(input_35))\n  File "/home/khashayar/projs/det-gen/DET-Gen2/temp_bug_qb.py", line 9, in original_func\n    while (d[m] == d[(m + 1)]):\nIndexError: string index out of range\n\n======================================================================\nERROR: test37 (__main__.TestFunctions)\n----------------------------------------------------------------------\nTraceback (most recent call last):\n  File "/home/khashayar/projs/det-gen/DET-Gen2/temp_test_case.py", line 234, in test37\n    self.assertEqual(patched_source(input_37), original_source(input_37))\n  File "/home/khashayar/projs/det-gen/DET-Gen2/temp_bug_qb.py", line 9, in original_func\n    while (d[m] == d[(m + 1)]):\nIndexError: string index out of range\n\n======================================================================\nERROR: test38 (__main__.TestFunctions)\n----------------------------------------------------------------------\nTraceback (most recent call last):\n  File "/home/khashayar/projs/det-gen/DET-Gen2/temp_test_case.py", line 240, in test38\n    self.assertEqual(patched_source(input_38), original_source(input_38))\n  File "/home/khashayar/projs/det-gen/DET-Gen2/temp_bug_qb.py", line 9, in original_func\n    while (d[m] == d[(m + 1)]):\nIndexError: string index out of range\n\n======================================================================\nERROR: test4 (__main__.TestFunctions)\n----------------------------------------------------------------------\nTraceback (most recent call last):\n  File "/home/khashayar/projs/det-gen/DET-Gen2/temp_test_case.py", line 36, in test4\n    self.assertEqual(patched_source(input_4), original_source(input_4))\n  File "/home/khashayar/projs/det-gen/DET-Gen2/temp_bug_qb.py", line 9, in original_func\n    while (d[m] == d[(m + 1)]):\nIndexError: string index out of range\n\n======================================================================\nERROR: test40 (__main__.TestFunctions)\n----------------------------------------------------------------------\nTraceback (most recent call last):\n  File "/home/khashayar/projs/det-gen/DET-Gen2/temp_test_case.py", line 252, in test40\n    self.assertEqual(patched_source(input_40), original_source(input_40))\n  File "/home/khashayar/projs/det-gen/DET-Gen2/temp_bug_qb.py", line 9, in original_func\n    while (d[m] == d[(m + 1)]):\nIndexError: string index out of range\n\n======================================================================\nERROR: test42 (__main__.TestFunctions)\n----------------------------------------------------------------------\nTraceback (most recent call last):\n  File "/home/khashayar/projs/det-gen/DET-Gen2/temp_test_case.py", line 264, in test42\n    self.assertEqual(patched_source(input_42), original_source(input_42))\n  File "/home/khashayar/projs/det-gen/DET-Gen2/temp_bug_qb.py", line 9, in original_func\n    while (d[m] == d[(m + 1)]):\nIndexError: string index out of range\n\n======================================================================\nERROR: test43 (__main__.TestFunctions)\n----------------------------------------------------------------------\nTraceback (most recent call last):\n  File "/home/khashayar/projs/det-gen/DET-Gen2/temp_test_case.py", line 270, in test43\n    self.assertEqual(patched_source(input_43), original_source(input_43))\n  File "/home/khashayar/projs/det-gen/DET-Gen2/temp_bug_qb.py", line 9, in original_func\n    while (d[m] == d[(m + 1)]):\nIndexError: string index out of range\n\n======================================================================\nERROR: test45 (__main__.TestFunctions)\n----------------------------------------------------------------------\nTraceback (most recent call last):\n  File "/home/khashayar/projs/det-gen/DET-Gen2/temp_test_case.py", line 282, in test45\n    self.assertEqual(patched_source(input_45), original_source(input_45))\n  File "/home/khashayar/projs/det-gen/DET-Gen2/temp_bug_qb.py", line 9, in original_func\n    while (d[m] == d[(m + 1)]):\nIndexError: string index out of range\n\n======================================================================\nERROR: test46 (__main__.TestFunctions)\n----------------------------------------------------------------------\nTraceback (most recent call last):\n  File "/home/khashayar/projs/det-gen/DET-Gen2/temp_test_case.py", line 288, in test46\n    self.assertEqual(patched_source(input_46), original_source(input_46))\n  File "/home/khashayar/projs/det-gen/DET-Gen2/temp_bug_qb.py", line 9, in original_func\n    while (d[m] == d[(m + 1)]):\nIndexError: string index out of range\n\n======================================================================\nERROR: test47 (__main__.TestFunctions)\n----------------------------------------------------------------------\nTraceback (most recent call last):\n  File "/home/khashayar/projs/det-gen/DET-Gen2/temp_test_case.py", line 294, in test47\n    self.assertEqual(patched_source(input_47), original_source(input_47))\n  File "/home/khashayar/projs/det-gen/DET-Gen2/temp_bug_qb.py", line 9, in original_func\n    while (d[m] == d[(m + 1)]):\nIndexError: string index out of range\n\n======================================================================\nERROR: test48 (__main__.TestFunctions)\n----------------------------------------------------------------------\nTraceback (most recent call last):\n  File "/home/khashayar/projs/det-gen/DET-Gen2/temp_test_case.py", line 300, in test48\n    self.assertEqual(patched_source(input_48), original_source(input_48))\n  File "/home/khashayar/projs/det-gen/DET-Gen2/temp_bug_qb.py", line 9, in original_func\n    while (d[m] == d[(m + 1)]):\nIndexError: string index out of range\n\n======================================================================\nERROR: test51 (__main__.TestFunctions)\n----------------------------------------------------------------------\nTraceback (most recent call last):\n  File "/home/khashayar/projs/det-gen/DET-Gen2/temp_test_case.py", line 318, in test51\n    self.assertEqual(patched_source(input_51), original_source(input_51))\n  File "/home/khashayar/projs/det-gen/DET-Gen2/temp_bug_qb.py", line 9, in original_func\n    while (d[m] == d[(m + 1)]):\nIndexError: string index out of range\n\n======================================================================\nERROR: test53 (__main__.TestFunctions)\n----------------------------------------------------------------------\nTraceback (most recent call last):\n  File "/home/khashayar/projs/det-gen/DET-Gen2/temp_test_case.py", line 330, in test53\n    self.assertEqual(patched_source(input_53), original_source(input_53))\n  File "/home/khashayar/projs/det-gen/DET-Gen2/temp_bug_qb.py", line 9, in original_func\n    while (d[m] == d[(m + 1)]):\nIndexError: string index out of range\n\n======================================================================\nERROR: test54 (__main__.TestFunctions)\n----------------------------------------------------------------------\nTraceback (most recent call last):\n  File "/home/khashayar/projs/det-gen/DET-Gen2/temp_test_case.py", line 336, in test54\n    self.assertEqual(patched_source(input_54), original_source(input_54))\n  File "/home/khashayar/projs/det-gen/DET-Gen2/temp_bug_qb.py", line 9, in original_func\n    while (d[m] == d[(m + 1)]):\nIndexError: string index out of range\n\n======================================================================\nERROR: test58 (__main__.TestFunctions)\n----------------------------------------------------------------------\nTraceback (most recent call last):\n  File "/home/khashayar/projs/det-gen/DET-Gen2/temp_test_case.py", line 360, in test58\n    self.assertEqual(patched_source(input_58), original_source(input_58))\n  File "/home/khashayar/projs/det-gen/DET-Gen2/temp_bug_qb.py", line 9, in original_func\n    while (d[m] == d[(m + 1)]):\nIndexError: string index out of range\n\n======================================================================\nERROR: test60 (__main__.TestFunctions)\n----------------------------------------------------------------------\nTraceback (most recent call last):\n  File "/home/khashayar/projs/det-gen/DET-Gen2/temp_test_case.py", line 372, in test60\n    self.assertEqual(patched_source(input_60), original_source(input_60))\n  File "/home/khashayar/projs/det-gen/DET-Gen2/temp_bug_qb.py", line 9, in original_func\n    while (d[m] == d[(m + 1)]):\nIndexError: string index out of range\n\n======================================================================\nERROR: test65 (__main__.TestFunctions)\n----------------------------------------------------------------------\nTraceback (most recent call last):\n  File "/home/khashayar/projs/det-gen/DET-Gen2/temp_test_case.py", line 402, in test65\n    self.assertEqual(patched_source(input_65), original_source(input_65))\n  File "/home/khashayar/projs/det-gen/DET-Gen2/temp_bug_qb.py", line 9, in original_func\n    while (d[m] == d[(m + 1)]):\nIndexError: string index out of range\n\n======================================================================\nERROR: test66 (__main__.TestFunctions)\n----------------------------------------------------------------------\nTraceback (most recent call last):\n  File "/home/khashayar/projs/det-gen/DET-Gen2/temp_test_case.py", line 408, in test66\n    self.assertEqual(patched_source(input_66), original_source(input_66))\n  File "/home/khashayar/projs/det-gen/DET-Gen2/temp_bug_qb.py", line 9, in original_func\n    while (d[m] == d[(m + 1)]):\nIndexError: string index out of range\n\n======================================================================\nERROR: test67 (__main__.TestFunctions)\n----------------------------------------------------------------------\nTraceback (most recent call last):\n  File "/home/khashayar/projs/det-gen/DET-Gen2/temp_test_case.py", line 414, in test67\n    self.assertEqual(patched_source(input_67), original_source(input_67))\n  File "/home/khashayar/projs/det-gen/DET-Gen2/temp_bug_qb.py", line 9, in original_func\n    while (d[m] == d[(m + 1)]):\nIndexError: string index out of range\n\n======================================================================\nERROR: test68 (__main__.TestFunctions)\n----------------------------------------------------------------------\nTraceback (most recent call last):\n  File "/home/khashayar/projs/det-gen/DET-Gen2/temp_test_case.py", line 420, in test68\n    self.assertEqual(patched_source(input_68), original_source(input_68))\n  File "/home/khashayar/projs/det-gen/DET-Gen2/temp_bug_qb.py", line 9, in original_func\n    while (d[m] == d[(m + 1)]):\nIndexError: string index out of range\n\n======================================================================\nERROR: test7 (__main__.TestFunctions)\n----------------------------------------------------------------------\nTraceback (most recent call last):\n  File "/home/khashayar/projs/det-gen/DET-Gen2/temp_test_case.py", line 54, in test7\n    self.assertEqual(patched_source(input_7), original_source(input_7))\n  File "/home/khashayar/projs/det-gen/DET-Gen2/temp_bug_qb.py", line 9, in original_func\n    while (d[m] == d[(m + 1)]):\nIndexError: string index out of range\n\n======================================================================\nERROR: test70 (__main__.TestFunctions)\n----------------------------------------------------------------------\nTraceback (most recent call last):\n  File "/home/khashayar/projs/det-gen/DET-Gen2/temp_test_case.py", line 432, in test70\n    self.assertEqual(patched_source(input_70), original_source(input_70))\n  File "/home/khashayar/projs/det-gen/DET-Gen2/temp_bug_qb.py", line 9, in original_func\n    while (d[m] == d[(m + 1)]):\nIndexError: string index out of range\n\n======================================================================\nERROR: test71 (__main__.TestFunctions)\n----------------------------------------------------------------------\nTraceback (most recent call last):\n  File "/home/khashayar/projs/det-gen/DET-Gen2/temp_test_case.py", line 438, in test71\n    self.assertEqual(patched_source(input_71), original_source(input_71))\n  File "/home/khashayar/projs/det-gen/DET-Gen2/temp_bug_qb.py", line 9, in original_func\n    while (d[m] == d[(m + 1)]):\nIndexError: string index out of range\n\n======================================================================\nERROR: test72 (__main__.TestFunctions)\n----------------------------------------------------------------------\nTraceback (most recent call last):\n  File "/home/khashayar/projs/det-gen/DET-Gen2/temp_test_case.py", line 444, in test72\n    self.assertEqual(patched_source(input_72), original_source(input_72))\n  File "/home/khashayar/projs/det-gen/DET-Gen2/temp_bug_qb.py", line 9, in original_func\n    while (d[m] == d[(m + 1)]):\nIndexError: string index out of range\n\n======================================================================\nERROR: test75 (__main__.TestFunctions)\n----------------------------------------------------------------------\nTraceback (most recent call last):\n  File "/home/khashayar/projs/det-gen/DET-Gen2/temp_test_case.py", line 462, in test75\n    self.assertEqual(patched_source(input_75), original_source(input_75))\n  File "/home/khashayar/projs/det-gen/DET-Gen2/temp_bug_qb.py", line 9, in original_func\n    while (d[m] == d[(m + 1)]):\nIndexError: string index out of range\n\n======================================================================\nERROR: test76 (__main__.TestFunctions)\n----------------------------------------------------------------------\nTraceback (most recent call last):\n  File "/home/khashayar/projs/det-gen/DET-Gen2/temp_test_case.py", line 468, in test76\n    self.assertEqual(patched_source(input_76), original_source(input_76))\n  File "/home/khashayar/projs/det-gen/DET-Gen2/temp_bug_qb.py", line 9, in original_func\n    while (d[m] == d[(m + 1)]):\nIndexError: string index out of range\n\n======================================================================\nERROR: test77 (__main__.TestFunctions)\n----------------------------------------------------------------------\nTraceback (most recent call last):\n  File "/home/khashayar/projs/det-gen/DET-Gen2/temp_test_case.py", line 474, in test77\n    self.assertEqual(patched_source(input_77), original_source(input_77))\n  File "/home/khashayar/projs/det-gen/DET-Gen2/temp_bug_qb.py", line 9, in original_func\n    while (d[m] == d[(m + 1)]):\nIndexError: string index out of range\n\n======================================================================\nERROR: test81 (__main__.TestFunctions)\n----------------------------------------------------------------------\nTraceback (most recent call last):\n  File "/home/khashayar/projs/det-gen/DET-Gen2/temp_test_case.py", line 498, in test81\n    self.assertEqual(patched_source(input_81), original_source(input_81))\n  File "/home/khashayar/projs/det-gen/DET-Gen2/temp_bug_qb.py", line 9, in original_func\n    while (d[m] == d[(m + 1)]):\nIndexError: string index out of range\n\n======================================================================\nERROR: test82 (__main__.TestFunctions)\n----------------------------------------------------------------------\nTraceback (most recent call last):\n  File "/home/khashayar/projs/det-gen/DET-Gen2/temp_test_case.py", line 504, in test82\n    self.assertEqual(patched_source(input_82), original_source(input_82))\n  File "/home/khashayar/projs/det-gen/DET-Gen2/temp_bug_qb.py", line 9, in original_func\n    while (d[m] == d[(m + 1)]):\nIndexError: string index out of range\n\n======================================================================\nERROR: test84 (__main__.TestFunctions)\n----------------------------------------------------------------------\nTraceback (most recent call last):\n  File "/home/khashayar/projs/det-gen/DET-Gen2/temp_test_case.py", line 516, in test84\n    self.assertEqual(patched_source(input_84), original_source(input_84))\n  File "/home/khashayar/projs/det-gen/DET-Gen2/temp_bug_qb.py", line 9, in original_func\n    while (d[m] == d[(m + 1)]):\nIndexError: string index out of range\n\n======================================================================\nERROR: test85 (__main__.TestFunctions)\n----------------------------------------------------------------------\nTraceback (most recent call last):\n  File "/home/khashayar/projs/det-gen/DET-Gen2/temp_test_case.py", line 522, in test85\n    self.assertEqual(patched_source(input_85), original_source(input_85))\n  File "/home/khashayar/projs/det-gen/DET-Gen2/temp_bug_qb.py", line 9, in original_func\n    while (d[m] == d[(m + 1)]):\nIndexError: string index out of range\n\n======================================================================\nERROR: test87 (__main__.TestFunctions)\n----------------------------------------------------------------------\nTraceback (most recent call last):\n  File "/home/khashayar/projs/det-gen/DET-Gen2/temp_test_case.py", line 534, in test87\n    self.assertEqual(patched_source(input_87), original_source(input_87))\n  File "/home/khashayar/projs/det-gen/DET-Gen2/temp_bug_qb.py", line 9, in original_func\n    while (d[m] == d[(m + 1)]):\nIndexError: string index out of range\n\n======================================================================\nERROR: test88 (__main__.TestFunctions)\n----------------------------------------------------------------------\nTraceback (most recent call last):\n  File "/home/khashayar/projs/det-gen/DET-Gen2/temp_test_case.py", line 540, in test88\n    self.assertEqual(patched_source(input_88), original_source(input_88))\n  File "/home/khashayar/projs/det-gen/DET-Gen2/temp_bug_qb.py", line 9, in original_func\n    while (d[m] == d[(m + 1)]):\nIndexError: string index out of range\n\n======================================================================\nERROR: test89 (__main__.TestFunctions)\n----------------------------------------------------------------------\nTraceback (most recent call last):\n  File "/home/khashayar/projs/det-gen/DET-Gen2/temp_test_case.py", line 546, in test89\n    self.assertEqual(patched_source(input_89), original_source(input_89))\n  File "/home/khashayar/projs/det-gen/DET-Gen2/temp_bug_qb.py", line 9, in original_func\n    while (d[m] == d[(m + 1)]):\nIndexError: string index out of range\n\n======================================================================\nERROR: test9 (__main__.TestFunctions)\n----------------------------------------------------------------------\nTraceback (most recent call last):\n  File "/home/khashayar/projs/det-gen/DET-Gen2/temp_test_case.py", line 66, in test9\n    self.assertEqual(patched_source(input_9), original_source(input_9))\n  File "/home/khashayar/projs/det-gen/DET-Gen2/temp_bug_qb.py", line 9, in original_func\n    while (d[m] == d[(m + 1)]):\nIndexError: string index out of range\n\n======================================================================\nERROR: test92 (__main__.TestFunctions)\n----------------------------------------------------------------------\nTraceback (most recent call last):\n  File "/home/khashayar/projs/det-gen/DET-Gen2/temp_test_case.py", line 564, in test92\n    self.assertEqual(patched_source(input_92), original_source(input_92))\n  File "/home/khashayar/projs/det-gen/DET-Gen2/temp_bug_qb.py", line 9, in original_func\n    while (d[m] == d[(m + 1)]):\nIndexError: string index out of range\n\n======================================================================\nERROR: test95 (__main__.TestFunctions)\n----------------------------------------------------------------------\nTraceback (most recent call last):\n  File "/home/khashayar/projs/det-gen/DET-Gen2/temp_test_case.py", line 582, in test95\n    self.assertEqual(patched_source(input_95), original_source(input_95))\n  File "/home/khashayar/projs/det-gen/DET-Gen2/temp_bug_qb.py", line 9, in original_func\n    while (d[m] == d[(m + 1)]):\nIndexError: string index out of range\n\n======================================================================\nERROR: test97 (__main__.TestFunctions)\n----------------------------------------------------------------------\nTraceback (most recent call last):\n  File "/home/khashayar/projs/det-gen/DET-Gen2/temp_test_case.py", line 594, in test97\n    self.assertEqual(patched_source(input_97), original_source(input_97))\n  File "/home/khashayar/projs/det-gen/DET-Gen2/temp_bug_qb.py", line 9, in original_func\n    while (d[m] == d[(m + 1)]):\nIndexError: string index out of range\n\n======================================================================\nERROR: test98 (__main__.TestFunctions)\n----------------------------------------------------------------------\nTraceback (most recent call last):\n  File "/home/khashayar/projs/det-gen/DET-Gen2/temp_test_case.py", line 600, in test98\n    self.assertEqual(patched_source(input_98), original_source(input_98))\n  File "/home/khashayar/projs/det-gen/DET-Gen2/temp_bug_qb.py", line 9, in original_func\n    while (d[m] == d[(m + 1)]):\nIndexError: string index out of range\n\n======================================================================\nERROR: test99 (__main__.TestFunctions)\n----------------------------------------------------------------------\nTraceback (most recent call last):\n  File "/home/khashayar/projs/det-gen/DET-Gen2/temp_test_case.py", line 606, in test99\n    self.assertEqual(patched_source(input_99), original_source(input_99))\n  File "/home/khashayar/projs/det-gen/DET-Gen2/temp_bug_qb.py", line 9, in original_func\n    while (d[m] == d[(m + 1)]):\nIndexError: string index out of range\n\n======================================================================\nFAIL: test14 (__main__.TestFunctions)\n----------------------------------------------------------------------\nTraceback (most recent call last):\n  File "/home/khashayar/projs/det-gen/DET-Gen2/temp_test_case.py", line 96, in test14\n    self.assertEqual(patched_source(input_14), original_source(input_14))\nAssertionError: Lists differ: [\'YES\'] != [\'NO\']\n\nFirst differing element 0:\n\'YES\'\n\'NO\'\n\n- [\'YES\']\n+ [\'NO\']\n\n======================================================================\nFAIL: test50 (__main__.TestFunctions)\n----------------------------------------------------------------------\nTraceback (most recent call last):\n  File "/home/khashayar/projs/det-gen/DET-Gen2/temp_test_case.py", line 312, in test50\n    self.assertEqual(patched_source(input_50), original_source(input_50))\nAssertionError: Lists differ: [\'YES\'] != [\'NO\']\n\nFirst differing element 0:\n\'YES\'\n\'NO\'\n\n- [\'YES\']\n+ [\'NO\']\n\n======================================================================\nFAIL: test61 (__main__.TestFunctions)\n----------------------------------------------------------------------\nTraceback (most recent call last):\n  File "/home/khashayar/projs/det-gen/DET-Gen2/temp_test_case.py", line 378, in test61\n    self.assertEqual(patched_source(input_61), original_source(input_61))\nAssertionError: Lists differ: [\'YES\'] != [\'NO\']\n\nFirst differing element 0:\n\'YES\'\n\'NO\'\n\n- [\'YES\']\n+ [\'NO\']\n\n======================================================================\nFAIL: test69 (__main__.TestFunctions)\n----------------------------------------------------------------------\nTraceback (most recent call last):\n  File "/home/khashayar/projs/det-gen/DET-Gen2/temp_test_case.py", line 426, in test69\n    self.assertEqual(patched_source(input_69), original_source(input_69))\nAssertionError: Lists differ: [\'YES\'] != [\'NO\']\n\nFirst differing element 0:\n\'YES\'\n\'NO\'\n\n- [\'YES\']\n+ [\'NO\']\n\n======================================================================\nFAIL: test83 (__main__.TestFunctions)\n----------------------------------------------------------------------\nTraceback (most recent call last):\n  File "/home/khashayar/projs/det-gen/DET-Gen2/temp_test_case.py", line 510, in test83\n    self.assertEqual(patched_source(input_83), original_source(input_83))\nAssertionError: Lists differ: [\'YES\'] != [\'NO\']\n\nFirst differing element 0:\n\'YES\'\n\'NO\'\n\n- [\'YES\']\n+ [\'NO\']\n\n======================================================================\nFAIL: test90 (__main__.TestFunctions)\n----------------------------------------------------------------------\nTraceback (most recent call last):\n  File "/home/khashayar/projs/det-gen/DET-Gen2/temp_test_case.py", line 552, in test90\n    self.assertEqual(patched_source(input_90), original_source(input_90))\nAssertionError: Lists differ: [\'YES\'] != [\'NO\']\n\nFirst differing element 0:\n\'YES\'\n\'NO\'\n\n- [\'YES\']\n+ [\'NO\']\n\n======================================================================\nFAIL: test94 (__main__.TestFunctions)\n----------------------------------------------------------------------\nTraceback (most recent call last):\n  File "/home/khashayar/projs/det-gen/DET-Gen2/temp_test_case.py", line 576, in test94\n    self.assertEqual(patched_source(input_94), original_source(input_94))\nAssertionError: Lists differ: [\'YES\'] != [\'NO\']\n\nFirst differing element 0:\n\'YES\'\n\'NO\'\n\n- [\'YES\']\n+ [\'NO\']\n\n----------------------------------------------------------------------\nRan 100 tests in 0.012s\n\nFAILED (failures=7, errors=60)\n')