CompletedProcess(args=['python', 'temp_test_case.py'], returncode=1, stdout=b'', stderr=b'..F....F..\n======================================================================\nFAIL: test2 (__main__.TestFunctions)\n----------------------------------------------------------------------\nTraceback (most recent call last):\n  File "/home/khashayar/projs/det-gen/DET-Gen/temp_test_case.py", line 24, in test2\n    self.assertEqual(patched_source(*input_2), original_source(*input_2))\nAssertionError: Lists differ: [23] != [2]\n\nFirst differing element 0:\n23\n2\n\n- [23]\n?   -\n\n+ [2]\n\n======================================================================\nFAIL: test7 (__main__.TestFunctions)\n----------------------------------------------------------------------\nTraceback (most recent call last):\n  File "/home/khashayar/projs/det-gen/DET-Gen/temp_test_case.py", line 54, in test7\n    self.assertEqual(patched_source(*input_7), original_source(*input_7))\nAssertionError: Lists differ: [40] != [10]\n\nFirst differing element 0:\n40\n10\n\n- [40]\n?  ^\n\n+ [10]\n?  ^\n\n\n----------------------------------------------------------------------\nRan 10 tests in 0.001s\n\nFAILED (failures=2)\n')