CompletedProcess(args=['python', 'temp_test_case.py'], returncode=1, stdout=b'', stderr=b'...F................................................................................................\n======================================================================\nFAIL: test11 (__main__.TestFunctions)\n----------------------------------------------------------------------\nTraceback (most recent call last):\n  File "/home/khashayar/projs/det-gen/DET-Gen2/temp_test_case.py", line 78, in test11\n    self.assertEqual(patched_source(input_11), original_source(input_11))\nAssertionError: Lists differ: [\'caps\'] != [\'Caps\']\n\nFirst differing element 0:\n\'caps\'\n\'Caps\'\n\n- [\'caps\']\n?   ^\n\n+ [\'Caps\']\n?   ^\n\n\n----------------------------------------------------------------------\nRan 100 tests in 0.005s\n\nFAILED (failures=1)\n')