CompletedProcess(args=['python', 'temp_test_case.py'], returncode=1, stdout=b'', stderr=b'...F..F...\n======================================================================\nFAIL: test3 (__main__.TestFunctions)\n----------------------------------------------------------------------\nTraceback (most recent call last):\n  File "/home/khashayar/projs/det-gen/DET-Gen/temp_test_case.py", line 30, in test3\n    self.assertEqual(patched_source(input_3), original_source(input_3))\nAssertionError: Lists differ: [\'1235\'] != [\'1234\']\n\nFirst differing element 0:\n\'1235\'\n\'1234\'\n\n- [\'1235\']\n?      ^\n\n+ [\'1234\']\n?      ^\n\n\n======================================================================\nFAIL: test6 (__main__.TestFunctions)\n----------------------------------------------------------------------\nTraceback (most recent call last):\n  File "/home/khashayar/projs/det-gen/DET-Gen/temp_test_case.py", line 48, in test6\n    self.assertEqual(patched_source(input_6), original_source(input_6))\nAssertionError: Lists differ: [\'2014\'] != [\'2013\']\n\nFirst differing element 0:\n\'2014\'\n\'2013\'\n\n- [\'2014\']\n?      ^\n\n+ [\'2013\']\n?      ^\n\n\n----------------------------------------------------------------------\nRan 10 tests in 0.002s\n\nFAILED (failures=2)\n')