CompletedProcess(args=['python', 'temp_test_case.py'], returncode=1, stdout=b'', stderr=b'........F..F..............................E...................................\n======================================================================\nERROR: test47 (__main__.TestFunctions)\n----------------------------------------------------------------------\nTraceback (most recent call last):\n  File "/home/khashayar/projs/det-gen/DET-Gen/temp_test_case.py", line 294, in test47\n    self.assertEqual(patched_source(input_47), original_source(input_47))\n  File "/home/khashayar/projs/det-gen/DET-Gen/temp_acc_qb.py", line 6, in patched_func\n    lb = ([0] + list(range(b, (b - (t * db)), (- db))))\nValueError: range() arg 3 must not be zero\n\n======================================================================\nFAIL: test16 (__main__.TestFunctions)\n----------------------------------------------------------------------\nTraceback (most recent call last):\n  File "/home/khashayar/projs/det-gen/DET-Gen/temp_test_case.py", line 108, in test16\n    self.assertEqual(patched_source(input_16), original_source(input_16))\nAssertionError: Lists differ: [\'YES\'] != [\'NO\']\n\nFirst differing element 0:\n\'YES\'\n\'NO\'\n\n- [\'YES\']\n+ [\'NO\']\n\n======================================================================\nFAIL: test19 (__main__.TestFunctions)\n----------------------------------------------------------------------\nTraceback (most recent call last):\n  File "/home/khashayar/projs/det-gen/DET-Gen/temp_test_case.py", line 126, in test19\n    self.assertEqual(patched_source(input_19), original_source(input_19))\nAssertionError: Lists differ: [\'YES\'] != [\'NO\']\n\nFirst differing element 0:\n\'YES\'\n\'NO\'\n\n- [\'YES\']\n+ [\'NO\']\n\n----------------------------------------------------------------------\nRan 78 tests in 0.005s\n\nFAILED (failures=2, errors=1)\n')