
 NEW TEST OUTPUT: 
CompletedProcess(args=['python', 'temp_test_case.py'], returncode=1, stdout=b'', stderr=b'F\n======================================================================\nFAIL: test0 (__main__.TestFunctions)\n----------------------------------------------------------------------\nTraceback (most recent call last):\n  File "/home/khashayar/projs/det-gen/DET-Gen/temp_test_case.py", line 12, in test0\n    self.assertEqual(patched_source(input_0), original_source(input_0))\nAssertionError: Lists differ: [24] != [23]\n\nFirst differing element 0:\n24\n23\n\n- [24]\n?   ^\n\n+ [23]\n?   ^\n\n\n----------------------------------------------------------------------\nRan 1 test in 0.001s\n\nFAILED (failures=1)\n')