============================= test session starts ==============================
platform linux -- Python 3.10.12, pytest-7.4.4, pluggy-1.4.0
rootdir: /home/khashayar/projs/det-gen
plugins: anyio-4.3.0
collected 3 items

c4b_ret_list_bak/src_2133/5/test_transformed_src_2133.py ..F             [100%]

=================================== FAILURES ===================================
_________________________________ test_case_3 __________________________________

    def test_case_3():
        bytes_0 = b"\x99\x89\xe7\x1dqz"
        var_0 = module_0.func(*bytes_0)
        bool_0 = False
        list_0 = [bool_0]
        var_1 = module_0.func(*list_0)
>       list_1 = module_0.func(*var_1)
E       TypeError: src_2133.func() argument after * must be an iterable, not int

c4b_ret_list_bak/src_2133/5/test_transformed_src_2133.py:35: TypeError
=========================== short test summary info ============================
FAILED c4b_ret_list_bak/src_2133/5/test_transformed_src_2133.py::test_case_3
========================= 1 failed, 2 passed in 0.06s ==========================
