============================= test session starts ==============================
platform linux -- Python 3.10.12, pytest-7.4.4, pluggy-1.4.0
rootdir: /home/khashayar/projs/det-gen
plugins: anyio-4.3.0
collected 3 items

c4b_ret_list_bak/src_2381/0/test_transformed_src_2381.py .FF             [100%]

=================================== FAILURES ===================================
_________________________________ test_case_2 __________________________________

    def test_case_2():
        bytes_0 = b"\xf5\x81*\xa9j]\xc8{\xd5\xb2\x95"
        set_0 = {bytes_0, bytes_0, bytes_0, bytes_0}
>       var_0 = module_0.func(*set_0)

c4b_ret_list_bak/src_2381/0/test_transformed_src_2381.py:21: 
_ _ _ _ _ _ _ _ _ _ _ _ _ _ _ _ _ _ _ _ _ _ _ _ _ _ _ _ _ _ _ _ _ _ _ _ _ _ _ _ 

args = (b'\xf5\x81*\xa9j]\xc8{\xd5\xb2\x95',)
arr = b'\xf5\x81*\xa9j]\xc8{\xd5\xb2\x95', it1 = 0, i = 245

    def func(*args):
    
    	arr = args[0]
    	it1 = 0
    	for i in arr:
    	    if (i == '1'):
    	        it1 += 1
    	        it2 = 0
    	    else:
>   	        it2 += 1
E            UnboundLocalError: local variable 'it2' referenced before assignment

c4b_ret_list_bak/src_2381/0/src_2381.py:10: UnboundLocalError
_________________________________ test_case_3 __________________________________

    def test_case_3():
        str_0 = "1"
        list_0 = [str_0, str_0, str_0, str_0, str_0, str_0, str_0]
        list_1 = [list_0]
        var_0 = module_0.func(*list_1)
>       var_1 = module_0.func(*var_0)

c4b_ret_list_bak/src_2381/0/test_transformed_src_2381.py:30: 
_ _ _ _ _ _ _ _ _ _ _ _ _ _ _ _ _ _ _ _ _ _ _ _ _ _ _ _ _ _ _ _ _ _ _ _ _ _ _ _ 

args = ('Y', 'E', 'S'), arr = 'Y', it1 = 0, i = 'Y'

    def func(*args):
    
    	arr = args[0]
    	it1 = 0
    	for i in arr:
    	    if (i == '1'):
    	        it1 += 1
    	        it2 = 0
    	    else:
>   	        it2 += 1
E            UnboundLocalError: local variable 'it2' referenced before assignment

c4b_ret_list_bak/src_2381/0/src_2381.py:10: UnboundLocalError
=========================== short test summary info ============================
FAILED c4b_ret_list_bak/src_2381/0/test_transformed_src_2381.py::test_case_2
FAILED c4b_ret_list_bak/src_2381/0/test_transformed_src_2381.py::test_case_3
========================= 2 failed, 1 passed in 0.06s ==========================
