============================= test session starts ==============================
platform linux -- Python 3.10.12, pytest-7.4.4, pluggy-1.4.0
rootdir: /home/khashayar/projs/det-gen
plugins: anyio-4.3.0
collected 7 items

c4b_ret_list_bak/src_2677/9/test_transformed_src_2677.py ....F..         [100%]

=================================== FAILURES ===================================
_________________________________ test_case_5 __________________________________

    def test_case_5():
        str_0 = "^P<"
        bool_0 = True
        list_0 = [str_0, bool_0, bool_0]
>       var_0 = module_0.func(*list_0)

c4b_ret_list_bak/src_2677/9/test_transformed_src_2677.py:48: 
_ _ _ _ _ _ _ _ _ _ _ _ _ _ _ _ _ _ _ _ _ _ _ _ _ _ _ _ _ _ _ _ _ _ _ _ _ _ _ _ 

args = ('^P<', True, True), str1 = '^P<', firststr = '^', secondstr = '<'

    def func(*args):
    
    	str1 = args[0]
    	firststr = str1[0]
    	secondstr = str1[2]
    	num = int(args[1])
    
    	def switch(x):
    	    if (x == 'v'):
    	        return 1
    	    if (x == '<'):
    	        return 2
    	    if (x == '^'):
    	        return 3
    	    if (x == '>'):
    	        return 4
    	i = 0
    	fsn = switch(firststr)
    	ssn = switch(secondstr)
    	output = 'undefined'
    	outf = 0
    	num = (num % 4)
    	if (num < 1):
    	    num += 4
    	if ((fsn + num) > 4):
    	    fsnnum = ((fsn + num) - 4)
>   	if (fsnnum == ssn):
E    UnboundLocalError: local variable 'fsnnum' referenced before assignment

c4b_ret_list_bak/src_2677/9/src_2677.py:27: UnboundLocalError
=========================== short test summary info ============================
FAILED c4b_ret_list_bak/src_2677/9/test_transformed_src_2677.py::test_case_5
========================= 1 failed, 6 passed in 0.08s ==========================
