============================= test session starts ==============================
platform linux -- Python 3.10.12, pytest-7.4.4, pluggy-1.4.0
rootdir: /home/khashayar/projs/det-gen
plugins: anyio-4.3.0
collected 8 items

c4b_ret_list_bak/src_470/3/test_transformed_src_470.py ......F.          [100%]

=================================== FAILURES ===================================
_________________________________ test_case_7 __________________________________

    def test_case_7():
        str_0 = ""
        list_0 = [str_0, str_0, str_0, str_0]
        var_0 = module_0.func(*list_0)
>       var_1 = module_0.func(*var_0)

c4b_ret_list_bak/src_470/3/test_transformed_src_470.py:59: 
_ _ _ _ _ _ _ _ _ _ _ _ _ _ _ _ _ _ _ _ _ _ _ _ _ _ _ _ _ _ _ _ _ _ _ _ _ _ _ _ 

args = ()

    def func(*args):
    
>   	s = args[0].strip()
E    IndexError: tuple index out of range

c4b_ret_list_bak/src_470/3/src_470.py:3: IndexError
=========================== short test summary info ============================
FAILED c4b_ret_list_bak/src_470/3/test_transformed_src_470.py::test_case_7 - ...
========================= 1 failed, 7 passed in 0.07s ==========================
