============================= test session starts ==============================
platform linux -- Python 3.10.12, pytest-7.4.4, pluggy-1.4.0
rootdir: /home/khashayar/projs/det-gen
plugins: anyio-4.3.0
collected 1 item

c4b_ret_list_bak/src_1815/6/test_transformed_src_1815.py F               [100%]

=================================== FAILURES ===================================
_________________________________ test_case_0 __________________________________

    def test_case_0():
        bytes_0 = b'C\xc2\xfce9\x00"z'
        list_0 = [bytes_0, bytes_0]
>       var_0 = module_0.func(*list_0)

c4b_ret_list_bak/src_1815/6/test_transformed_src_1815.py:9: 
_ _ _ _ _ _ _ _ _ _ _ _ _ _ _ _ _ _ _ _ _ _ _ _ _ _ _ _ _ _ _ _ _ _ _ _ _ _ _ _ 

args = (b'C\xc2\xfce9\x00"z', b'C\xc2\xfce9\x00"z')
horseshoes_color = [b'C\xc2\xfce9\x00"z'], count = 0, i = 0

    def func(*args):
    
    	horseshoes_color = args[0].split()
    	count = 0
    	for i in range(3):
>   	    if (horseshoes_color[i] == horseshoes_color[(i + 1)]):
E        IndexError: list index out of range

c4b_ret_list_bak/src_1815/6/src_1815.py:6: IndexError
=========================== short test summary info ============================
FAILED c4b_ret_list_bak/src_1815/6/test_transformed_src_1815.py::test_case_0
============================== 1 failed in 0.07s ===============================
