============================= test session starts ==============================
platform linux -- Python 3.10.12, pytest-7.4.4, pluggy-1.4.0
rootdir: /home/khashayar/projs/det-gen
plugins: anyio-4.3.0
collected 3 items

c4b_ret_list_bak/src_345/0/test_transformed_src_345.py F..               [100%]

=================================== FAILURES ===================================
_________________________________ test_case_0 __________________________________

    def test_case_0():
        int_0 = -676
        list_0 = [int_0, int_0]
>       var_0 = module_0.func(*list_0)

c4b_ret_list_bak/src_345/0/test_transformed_src_345.py:11: 
_ _ _ _ _ _ _ _ _ _ _ _ _ _ _ _ _ _ _ _ _ _ _ _ _ _ _ _ _ _ _ _ _ _ _ _ _ _ _ _ 

args = (-676, -676), math = <module 'math' (built-in)>, k = -676, l = -676

    def func(*args):
    
    	import math
    	k = int(args[0])
    	l = int(args[1])
>   	lg = math.log(l, k)
E    ValueError: math domain error

c4b_ret_list_bak/src_345/0/src_345.py:6: ValueError
=========================== short test summary info ============================
FAILED c4b_ret_list_bak/src_345/0/test_transformed_src_345.py::test_case_0 - ...
========================= 1 failed, 2 passed in 0.07s ==========================
