============================= test session starts ==============================
platform linux -- Python 3.10.12, pytest-7.4.4, pluggy-1.4.0
rootdir: /home/khashayar/projs/det-gen
plugins: anyio-4.3.0
collected 24 items

c4b_ret_list_bak/src_1340/9/test_transformed_src_1340.py ........F...F.. [ 62%]
...F.....                                                                [100%]

=================================== FAILURES ===================================
_________________________________ test_case_9 __________________________________

    def test_case_9():
        bool_0 = True
        list_0 = [bool_0]
        var_0 = module_0.func(*list_0)
        int_0 = 35
>       var_1 = module_0.func(*var_0)
E       TypeError: src_1340.func() argument after * must be an iterable, not int

c4b_ret_list_bak/src_1340/9/test_transformed_src_1340.py:85: TypeError
_________________________________ test_case_13 _________________________________

    def test_case_13():
        int_0 = 26
        list_0 = [int_0, int_0]
        var_0 = module_0.func(*list_0)
>       var_1 = module_0.func(*var_0)
E       TypeError: src_1340.func() argument after * must be an iterable, not int

c4b_ret_list_bak/src_1340/9/test_transformed_src_1340.py:125: TypeError
_________________________________ test_case_19 _________________________________

    def test_case_19():
        bool_0 = False
        list_0 = [bool_0]
        var_0 = module_0.func(*list_0)
        int_0 = 22
        list_1 = [int_0, int_0]
        var_1 = module_0.func(*list_1)
>       var_2 = module_0.func(*var_1)
E       TypeError: src_1340.func() argument after * must be an iterable, not int

c4b_ret_list_bak/src_1340/9/test_transformed_src_1340.py:187: TypeError
=========================== short test summary info ============================
FAILED c4b_ret_list_bak/src_1340/9/test_transformed_src_1340.py::test_case_9
FAILED c4b_ret_list_bak/src_1340/9/test_transformed_src_1340.py::test_case_13
FAILED c4b_ret_list_bak/src_1340/9/test_transformed_src_1340.py::test_case_19
========================= 3 failed, 21 passed in 0.09s =========================
