============================= test session starts ==============================
platform linux -- Python 3.10.12, pytest-7.4.4, pluggy-1.4.0
rootdir: /home/khashayar/projs/det-gen
plugins: anyio-4.3.0
collected 3 items

c4b_ret_list_bak/src_2283/1/test_transformed_src_2283.py FF.             [100%]

=================================== FAILURES ===================================
_________________________________ test_case_0 __________________________________

    def test_case_0():
        bytes_0 = b""
        list_0 = [bytes_0, bytes_0, bytes_0]
>       var_0 = module_0.func(*list_0)

c4b_ret_list_bak/src_2283/1/test_transformed_src_2283.py:11: 
_ _ _ _ _ _ _ _ _ _ _ _ _ _ _ _ _ _ _ _ _ _ _ _ _ _ _ _ _ _ _ _ _ _ _ _ _ _ _ _ 

args = (b'', b'', b''), s = "b''", a = ['h', 'e', 'l', 'l', 'o'], j = 0

    def func(*args):
    
    	s = str(args[0])
    	a = ['h', 'e', 'l', 'l', 'o']
    	j = 0
    	for k in range(len(a)):
    	    if (a[k] in s):
    	        j += 1
    	        y = s.index(a[k])
>   	    s = s[(y + 1):]
E        UnboundLocalError: local variable 'y' referenced before assignment

c4b_ret_list_bak/src_2283/1/src_2283.py:10: UnboundLocalError
_________________________________ test_case_2 __________________________________

    def test_case_2():
        set_0 = set()
        list_0 = [set_0, set_0, set_0]
>       var_0 = module_0.func(*list_0)

c4b_ret_list_bak/src_2283/1/test_transformed_src_2283.py:22: 
_ _ _ _ _ _ _ _ _ _ _ _ _ _ _ _ _ _ _ _ _ _ _ _ _ _ _ _ _ _ _ _ _ _ _ _ _ _ _ _ 

args = (set(), set(), set()), s = 'set()', a = ['h', 'e', 'l', 'l', 'o'], j = 0

    def func(*args):
    
    	s = str(args[0])
    	a = ['h', 'e', 'l', 'l', 'o']
    	j = 0
    	for k in range(len(a)):
    	    if (a[k] in s):
    	        j += 1
    	        y = s.index(a[k])
>   	    s = s[(y + 1):]
E        UnboundLocalError: local variable 'y' referenced before assignment

c4b_ret_list_bak/src_2283/1/src_2283.py:10: UnboundLocalError
=========================== short test summary info ============================
FAILED c4b_ret_list_bak/src_2283/1/test_transformed_src_2283.py::test_case_0
FAILED c4b_ret_list_bak/src_2283/1/test_transformed_src_2283.py::test_case_2
========================= 2 failed, 1 passed in 0.07s ==========================
