============================= test session starts ==============================
platform linux -- Python 3.10.12, pytest-7.4.4, pluggy-1.4.0
rootdir: /home/khashayar/projs/det-gen
plugins: anyio-4.3.0
collected 5 items

c4b_ret_list_bak/src_145/2/test_transformed_src_145.py ...FF             [100%]

=================================== FAILURES ===================================
_________________________________ test_case_4 __________________________________

    def test_case_4():
        float_0 = 471.386
        list_0 = [float_0, float_0]
        var_0 = module_0.func(*list_0)
>       object_0 = module_0.func(*var_0)
E       TypeError: src_145.func() argument after * must be an iterable, not int

c4b_ret_list_bak/src_145/2/test_transformed_src_145.py:39: TypeError
_________________________________ test_case_5 __________________________________

    def test_case_5():
        float_0 = 445.8728303913943
        list_0 = [float_0]
        var_0 = module_0.func(*list_0)
>       var_1 = module_0.func(*var_0)
E       TypeError: src_145.func() argument after * must be an iterable, not int

c4b_ret_list_bak/src_145/2/test_transformed_src_145.py:46: TypeError
=========================== short test summary info ============================
FAILED c4b_ret_list_bak/src_145/2/test_transformed_src_145.py::test_case_4 - ...
FAILED c4b_ret_list_bak/src_145/2/test_transformed_src_145.py::test_case_5 - ...
========================= 2 failed, 3 passed in 0.08s ==========================
