============================= test session starts ==============================
platform linux -- Python 3.10.12, pytest-7.4.4, pluggy-1.4.0
rootdir: /home/khashayar/projs/det-gen
plugins: anyio-4.3.0
collected 9 items

c4b_ret_list_bak/src_1049/1/test_transformed_src_1049.py F.....F.F       [100%]

=================================== FAILURES ===================================
_________________________________ test_case_0 __________________________________

    def test_case_0():
        str_0 = "$"
        list_0 = [str_0, str_0, str_0]
        var_0 = module_0.func(*list_0)
        bytes_0 = b"/k\x96K\x08{T*\xbd{"
        bool_0 = False
        tuple_0 = (var_0, var_0, bytes_0, bool_0)
>       var_1 = module_0.func(*tuple_0)

c4b_ret_list_bak/src_1049/1/test_transformed_src_1049.py:15: 
_ _ _ _ _ _ _ _ _ _ _ _ _ _ _ _ _ _ _ _ _ _ _ _ _ _ _ _ _ _ _ _ _ _ _ _ _ _ _ _ 

args = (2, 2, b'/k\x96K\x08{T*\xbd{', False)

    def func(*args):
    
    	s = args[0]
>   	s1 = [i for i in range(len(s)) if ((s[i] == 'A') or (s[i] == 'E') or (s[i] == 'I') or (s[i] == 'O') or (s[i] == 'U') or (s[i] == 'Y'))]
E    TypeError: object of type 'int' has no len()

c4b_ret_list_bak/src_1049/1/src_1049.py:4: TypeError
_________________________________ test_case_7 __________________________________

    def test_case_7():
        str_0 = "(Ivl-Wge>@RI"
        list_0 = [str_0, str_0, str_0, str_0]
        var_0 = module_0.func(*list_0)
        tuple_0 = (var_0,)
>       var_1 = module_0.func(*tuple_0)

c4b_ret_list_bak/src_1049/1/test_transformed_src_1049.py:71: 
_ _ _ _ _ _ _ _ _ _ _ _ _ _ _ _ _ _ _ _ _ _ _ _ _ _ _ _ _ _ _ _ _ _ _ _ _ _ _ _ 

args = (10,)

    def func(*args):
    
    	s = args[0]
>   	s1 = [i for i in range(len(s)) if ((s[i] == 'A') or (s[i] == 'E') or (s[i] == 'I') or (s[i] == 'O') or (s[i] == 'U') or (s[i] == 'Y'))]
E    TypeError: object of type 'int' has no len()

c4b_ret_list_bak/src_1049/1/src_1049.py:4: TypeError
_________________________________ test_case_9 __________________________________

    def test_case_9():
        str_0 = "Ou\nZ;.#PgI4A~/G$v%v"
        list_0 = [str_0, str_0, str_0, str_0]
        var_0 = module_0.func(*list_0)
        str_1 = "~]ctHwv<leYY81=="
        list_1 = [var_0, var_0]
>       var_1 = module_0.func(*list_1)

c4b_ret_list_bak/src_1049/1/test_transformed_src_1049.py:95: 
_ _ _ _ _ _ _ _ _ _ _ _ _ _ _ _ _ _ _ _ _ _ _ _ _ _ _ _ _ _ _ _ _ _ _ _ _ _ _ _ 

args = (9, 9)

    def func(*args):
    
    	s = args[0]
>   	s1 = [i for i in range(len(s)) if ((s[i] == 'A') or (s[i] == 'E') or (s[i] == 'I') or (s[i] == 'O') or (s[i] == 'U') or (s[i] == 'Y'))]
E    TypeError: object of type 'int' has no len()

c4b_ret_list_bak/src_1049/1/src_1049.py:4: TypeError
=========================== short test summary info ============================
FAILED c4b_ret_list_bak/src_1049/1/test_transformed_src_1049.py::test_case_0
FAILED c4b_ret_list_bak/src_1049/1/test_transformed_src_1049.py::test_case_7
FAILED c4b_ret_list_bak/src_1049/1/test_transformed_src_1049.py::test_case_9
========================= 3 failed, 6 passed in 0.09s ==========================
