============================= test session starts ==============================
platform linux -- Python 3.10.12, pytest-7.4.4, pluggy-1.4.0
rootdir: /home/khashayar/projs/det-gen
plugins: anyio-4.3.0
collected 3 items

c4b_ret_list_bak/src_2210/4/test_transformed_src_2210.py F.F             [100%]

=================================== FAILURES ===================================
_________________________________ test_case_0 __________________________________

    def test_case_0():
        str_0 = '-$/ZZFP+"o%k\rZWQ~cLc'
>       var_0 = module_0.func(*str_0)

c4b_ret_list_bak/src_2210/4/test_transformed_src_2210.py:9: 
_ _ _ _ _ _ _ _ _ _ _ _ _ _ _ _ _ _ _ _ _ _ _ _ _ _ _ _ _ _ _ _ _ _ _ _ _ _ _ _ 

args = ('-', '$', '/', 'Z', 'Z', 'F', ...)
is_lucky = <function func.<locals>.is_lucky at 0x7fbcedcdca60>, N = 1000

    def func(*args):
    
    
    	def is_lucky(num):
    	    num_s = str(num)
    	    for ch in num_s:
    	        if (ch not in '47'):
    	            return False
    	    return True
    	N = 1000
>   	n = int(args[0])
E    ValueError: invalid literal for int() with base 10: '-'

c4b_ret_list_bak/src_2210/4/src_2210.py:11: ValueError
_________________________________ test_case_3 __________________________________

    def test_case_3():
        str_0 = ""
        tuple_0 = (str_0, str_0, str_0, str_0)
        list_0 = [tuple_0]
>       var_0 = module_0.func(*list_0)

c4b_ret_list_bak/src_2210/4/test_transformed_src_2210.py:27: 
_ _ _ _ _ _ _ _ _ _ _ _ _ _ _ _ _ _ _ _ _ _ _ _ _ _ _ _ _ _ _ _ _ _ _ _ _ _ _ _ 

args = (('', '', '', ''),)
is_lucky = <function func.<locals>.is_lucky at 0x7fbcedcde8c0>, N = 1000

    def func(*args):
    
    
    	def is_lucky(num):
    	    num_s = str(num)
    	    for ch in num_s:
    	        if (ch not in '47'):
    	            return False
    	    return True
    	N = 1000
>   	n = int(args[0])
E    TypeError: int() argument must be a string, a bytes-like object or a real number, not 'tuple'

c4b_ret_list_bak/src_2210/4/src_2210.py:11: TypeError
=========================== short test summary info ============================
FAILED c4b_ret_list_bak/src_2210/4/test_transformed_src_2210.py::test_case_0
FAILED c4b_ret_list_bak/src_2210/4/test_transformed_src_2210.py::test_case_3
========================= 2 failed, 1 passed in 0.09s ==========================
