============================= test session starts ==============================
platform linux -- Python 3.10.12, pytest-7.4.4, pluggy-1.4.0
rootdir: /home/khashayar/projs/det-gen
plugins: anyio-4.3.0
collected 3 items

c4b_ret_list_bak/src_1149/3/test_transformed_src_1149.py .FF             [100%]

=================================== FAILURES ===================================
_________________________________ test_case_2 __________________________________

    def test_case_2():
        str_0 = "0poTQmEsuy_jt579"
>       var_0 = module_0.func(*str_0)

c4b_ret_list_bak/src_1149/3/test_transformed_src_1149.py:21: 
_ _ _ _ _ _ _ _ _ _ _ _ _ _ _ _ _ _ _ _ _ _ _ _ _ _ _ _ _ _ _ _ _ _ _ _ _ _ _ _ 

args = ('0', 'p', 'o', 'T', 'Q', 'm', ...), n = 0, m = 'p', x = 0

    def func(*args):
    
    	n = int(args[0])
    	m = args[1]
    	x = (m.count('4') + m.count('7'))
    	if (x != n):
    	    return('NO')
>   	elif (sum(int(m[:(n / 2)])) == sum(int(m[(n / 2):]))):
E    TypeError: slice indices must be integers or None or have an __index__ method

c4b_ret_list_bak/src_1149/3/src_1149.py:8: TypeError
_________________________________ test_case_3 __________________________________

    def test_case_3():
        str_0 = "148Mvp@Q`k-}"
>       var_0 = module_0.func(*str_0)

c4b_ret_list_bak/src_1149/3/test_transformed_src_1149.py:26: 
_ _ _ _ _ _ _ _ _ _ _ _ _ _ _ _ _ _ _ _ _ _ _ _ _ _ _ _ _ _ _ _ _ _ _ _ _ _ _ _ 

args = ('1', '4', '8', 'M', 'v', 'p', ...), n = 1, m = '4', x = 1

    def func(*args):
    
    	n = int(args[0])
    	m = args[1]
    	x = (m.count('4') + m.count('7'))
    	if (x != n):
    	    return('NO')
>   	elif (sum(int(m[:(n / 2)])) == sum(int(m[(n / 2):]))):
E    TypeError: slice indices must be integers or None or have an __index__ method

c4b_ret_list_bak/src_1149/3/src_1149.py:8: TypeError
=========================== short test summary info ============================
FAILED c4b_ret_list_bak/src_1149/3/test_transformed_src_1149.py::test_case_2
FAILED c4b_ret_list_bak/src_1149/3/test_transformed_src_1149.py::test_case_3
========================= 2 failed, 1 passed in 0.09s ==========================
