============================= test session starts ==============================
platform linux -- Python 3.10.12, pytest-7.4.4, pluggy-1.4.0
rootdir: /home/khashayar/projs/det-gen
plugins: anyio-4.3.0
collected 6 items

c4b_ret_list_bak/src_1674/7/test_transformed_src_1674.py ....F.          [100%]

=================================== FAILURES ===================================
_________________________________ test_case_5 __________________________________

    def test_case_5():
        bytes_0 = b"8i\xd4\xbe\x14\xdbUp5\xd0E\xfb\xcc4"
        var_0 = module_0.func(*bytes_0)
>       var_1 = module_0.func(*var_0)
E       TypeError: src_1674.func() argument after * must be an iterable, not int

c4b_ret_list_bak/src_1674/7/test_transformed_src_1674.py:48: TypeError
=========================== short test summary info ============================
FAILED c4b_ret_list_bak/src_1674/7/test_transformed_src_1674.py::test_case_5
========================= 1 failed, 5 passed in 0.06s ==========================
