============================= test session starts ==============================
platform linux -- Python 3.10.12, pytest-7.4.4, pluggy-1.4.0
rootdir: /home/khashayar/projs/det-gen
plugins: anyio-4.3.0
collected 4 items

c4b_ret_list_bak/src_2267/0/test_transformed_src_2267.py F...            [100%]

=================================== FAILURES ===================================
_________________________________ test_case_0 __________________________________

    def test_case_0():
        list_0 = []
        list_1 = [list_0, list_0]
>       var_0 = module_0.func(*list_1)

c4b_ret_list_bak/src_2267/0/test_transformed_src_2267.py:12: 
_ _ _ _ _ _ _ _ _ _ _ _ _ _ _ _ _ _ _ _ _ _ _ _ _ _ _ _ _ _ _ _ _ _ _ _ _ _ _ _ 

args = ([], []), word = [], n = 0, b = 'true'

    def func(*args):
    
    	word = args[0]
    	n = len(word)
    	b = 'true'
    	if (n != 1):
    	    for i in range(1, n):
    	        if word[i].islower():
    	            b = 'false'
    	            break
>   	if ((b == 'true') and word[0].islower()):
E    IndexError: list index out of range

c4b_ret_list_bak/src_2267/0/src_2267.py:11: IndexError
=========================== short test summary info ============================
FAILED c4b_ret_list_bak/src_2267/0/test_transformed_src_2267.py::test_case_0
========================= 1 failed, 3 passed in 0.06s ==========================
