============================= test session starts ==============================
platform linux -- Python 3.10.12, pytest-7.4.4, pluggy-1.4.0
rootdir: /home/khashayar/projs/det-gen
plugins: anyio-4.3.0
collected 2 items

c4b_ret_list_bak/src_2362/6/test_transformed_src_2362.py .F              [100%]

=================================== FAILURES ===================================
_________________________________ test_case_2 __________________________________

    def test_case_2():
        str_0 = "A>nB7+7vWC\rAHms\n/"
        var_0 = module_0.func(*str_0)
>       var_1 = module_0.func(*var_0)

c4b_ret_list_bak/src_2362/6/test_transformed_src_2362.py:26: 
_ _ _ _ _ _ _ _ _ _ _ _ _ _ _ _ _ _ _ _ _ _ _ _ _ _ _ _ _ _ _ _ _ _ _ _ _ _ _ _ 

args = ()

    def func(*args):
    
>   	s = args[0].lower()
E    IndexError: tuple index out of range

c4b_ret_list_bak/src_2362/6/src_2362.py:3: IndexError
=========================== short test summary info ============================
FAILED c4b_ret_list_bak/src_2362/6/test_transformed_src_2362.py::test_case_2
========================= 1 failed, 1 passed in 0.06s ==========================
