============================= test session starts ==============================
platform linux -- Python 3.10.12, pytest-7.4.4, pluggy-1.4.0
rootdir: /home/khashayar/projs/det-gen
plugins: anyio-4.3.0
collected 2 items

c4b_ret_list_bak/src_1166/9/test_transformed_src_1166.py .F              [100%]

=================================== FAILURES ===================================
_________________________________ test_case_1 __________________________________

    def test_case_1():
        bytes_0 = b"\xa6\xff\x94\xb5\xff>\xddE\xa8\x1e"
        var_0 = module_0.func(*bytes_0)
>       var_1 = module_0.func(*var_0)
E       TypeError: src_1166.func() argument after * must be an iterable, not int

c4b_ret_list_bak/src_1166/9/test_transformed_src_1166.py:18: TypeError
=========================== short test summary info ============================
FAILED c4b_ret_list_bak/src_1166/9/test_transformed_src_1166.py::test_case_1
========================= 1 failed, 1 passed in 0.05s ==========================
