============================= test session starts ==============================
platform linux -- Python 3.10.12, pytest-7.4.4, pluggy-1.4.0
rootdir: /home/khashayar/projs/det-gen
plugins: anyio-4.3.0
collected 3 items

c4b_ret_list_bak/src_144/6/test_transformed_src_144.py .F.               [100%]

=================================== FAILURES ===================================
_________________________________ test_case_2 __________________________________

    def test_case_2():
        str_0 = "77f"
        list_0 = [str_0, str_0]
>       var_0 = module_0.func(*list_0)

c4b_ret_list_bak/src_144/6/test_transformed_src_144.py:22: 
_ _ _ _ _ _ _ _ _ _ _ _ _ _ _ _ _ _ _ _ _ _ _ _ _ _ _ _ _ _ _ _ _ _ _ _ _ _ _ _ 

args = ('77f', '77f'), i = '77f', n = 3, s = '7'

    def func(*args):
    
    	i = args[0]
    	(n, s) = (int(i[0]), i[1])
    	t = (16 * ((n - 1) // 4))
    	n %= 4
    	if (n == 0):
    	    n += 4
    	if ((n == 1) or (n == 3)):
>   	    return(((t + 'fedabc'.index(s)) + 1))
E        ValueError: substring not found

c4b_ret_list_bak/src_144/6/src_144.py:10: ValueError
=========================== short test summary info ============================
FAILED c4b_ret_list_bak/src_144/6/test_transformed_src_144.py::test_case_2 - ...
========================= 1 failed, 2 passed in 0.09s ==========================
