============================= test session starts ==============================
platform linux -- Python 3.10.12, pytest-7.4.4, pluggy-1.4.0
rootdir: /home/khashayar/projs/det-gen
plugins: anyio-4.3.0
collected 5 items

c4b_ret_list_bak/src_145/6/test_transformed_src_145.py .FFFF             [100%]

=================================== FAILURES ===================================
_________________________________ test_case_2 __________________________________

    def test_case_2():
        bool_0 = False
        list_0 = [bool_0, bool_0, bool_0]
        var_0 = module_0.func(*list_0)
>       var_1 = module_0.func(*var_0)
E       TypeError: src_145.func() argument after * must be an iterable, not int

c4b_ret_list_bak/src_145/6/test_transformed_src_145.py:25: TypeError
_________________________________ test_case_3 __________________________________

    def test_case_3():
        bool_0 = True
        list_0 = [bool_0]
        var_0 = module_0.func(*list_0)
        var_1 = module_0.func(*list_0)
>       var_2 = module_0.func(*var_0)
E       TypeError: src_145.func() argument after * must be an iterable, not int

c4b_ret_list_bak/src_145/6/test_transformed_src_145.py:35: TypeError
_________________________________ test_case_4 __________________________________

    def test_case_4():
        int_0 = 2245
        list_0 = [int_0]
        var_0 = module_0.func(*list_0)
>       var_1 = module_0.func(*var_0)
E       TypeError: src_145.func() argument after * must be an iterable, not int

c4b_ret_list_bak/src_145/6/test_transformed_src_145.py:44: TypeError
_________________________________ test_case_5 __________________________________

    def test_case_5():
        int_0 = 2224
        list_0 = [int_0]
        var_0 = module_0.func(*list_0)
>       var_1 = module_0.func(*var_0)
E       TypeError: src_145.func() argument after * must be an iterable, not int

c4b_ret_list_bak/src_145/6/test_transformed_src_145.py:54: TypeError
=========================== short test summary info ============================
FAILED c4b_ret_list_bak/src_145/6/test_transformed_src_145.py::test_case_2 - ...
FAILED c4b_ret_list_bak/src_145/6/test_transformed_src_145.py::test_case_3 - ...
FAILED c4b_ret_list_bak/src_145/6/test_transformed_src_145.py::test_case_4 - ...
FAILED c4b_ret_list_bak/src_145/6/test_transformed_src_145.py::test_case_5 - ...
========================= 4 failed, 1 passed in 0.08s ==========================
