============================= test session starts ==============================
platform linux -- Python 3.10.12, pytest-7.4.4, pluggy-1.4.0
rootdir: /home/khashayar/projs/det-gen
plugins: anyio-4.3.0
collected 4 items

c4b_ret_list_bak/src_248/1/test_transformed_src_248.py ...F              [100%]

=================================== FAILURES ===================================
_________________________________ test_case_4 __________________________________

    def test_case_4():
        bool_0 = True
        str_0 = "0"
        set_0 = {bool_0, str_0}
        bool_1 = True
        tuple_0 = (bool_0, str_0, set_0, bool_1)
>       var_0 = module_0.func(*tuple_0)

c4b_ret_list_bak/src_248/1/test_transformed_src_248.py:47: 
_ _ _ _ _ _ _ _ _ _ _ _ _ _ _ _ _ _ _ _ _ _ _ _ _ _ _ _ _ _ _ _ _ _ _ _ _ _ _ _ 

args = (True, '0', {True, '0'}, True), k = 1, months = [], days = 1

    def func(*args):
    
    	k = int(args[0])
    	months = sorted([int(x) for x in args[1].split(' ')])[::(- 1)]
    	days = 0
    	while (k > 0):
>   	    k -= months[0]
E        IndexError: list index out of range

c4b_ret_list_bak/src_248/1/src_248.py:7: IndexError
=========================== short test summary info ============================
FAILED c4b_ret_list_bak/src_248/1/test_transformed_src_248.py::test_case_4 - ...
========================= 1 failed, 3 passed in 0.07s ==========================
