============================= test session starts ==============================
platform linux -- Python 3.10.12, pytest-7.4.4, pluggy-1.4.0
rootdir: /home/khashayar/projs/det-gen
plugins: anyio-4.3.0
collected 2 items

c4b_ret_list_bak/src_353/0/test_transformed_src_353.py F.                [100%]

=================================== FAILURES ===================================
_________________________________ test_case_0 __________________________________

    def test_case_0():
        bytes_0 = b"\x01\xa3C\x97c\xa1k\x1f<X\xadW"
>       var_0 = module_0.func(*bytes_0)

c4b_ret_list_bak/src_353/0/test_transformed_src_353.py:10: 
_ _ _ _ _ _ _ _ _ _ _ _ _ _ _ _ _ _ _ _ _ _ _ _ _ _ _ _ _ _ _ _ _ _ _ _ _ _ _ _ 

args = (1, 163, 67, 151, 99, 161, ...), a = 1

    def func(*args):
    
    	a = int(args[0])
    	if ((a % 5) == 0):
    	    b = (- 1)
>   	return((((a // 5) + 1) + b))
E    UnboundLocalError: local variable 'b' referenced before assignment

c4b_ret_list_bak/src_353/0/src_353.py:6: UnboundLocalError
=========================== short test summary info ============================
FAILED c4b_ret_list_bak/src_353/0/test_transformed_src_353.py::test_case_0 - ...
========================= 1 failed, 1 passed in 0.07s ==========================
