============================= test session starts ==============================
platform linux -- Python 3.10.12, pytest-7.4.4, pluggy-1.4.0
rootdir: /home/khashayar/projs/det-gen
plugins: anyio-4.3.0
collected 3 items

c4b_ret_list_bak/src_866/2/test_transformed_src_866.py ..F               [100%]

=================================== FAILURES ===================================
_________________________________ test_case_3 __________________________________

    def test_case_3():
        bytes_0 = b'>c\xd9\x10\x14tRP"y9\xf3\r:\xb5l\xee_'
        var_0 = module_0.func(*bytes_0)
>       var_1 = module_0.func(*var_0)
E       TypeError: src_866.func() argument after * must be an iterable, not int

c4b_ret_list_bak/src_866/2/test_transformed_src_866.py:31: TypeError
=========================== short test summary info ============================
FAILED c4b_ret_list_bak/src_866/2/test_transformed_src_866.py::test_case_3 - ...
========================= 1 failed, 2 passed in 0.08s ==========================
