============================= test session starts ==============================
platform linux -- Python 3.10.12, pytest-7.4.4, pluggy-1.4.0
rootdir: /home/khashayar/projs/det-gen
plugins: anyio-4.3.0
collected 5 items

c4b_ret_list_bak/src_2103/9/test_transformed_src_2103.py .F...           [100%]

=================================== FAILURES ===================================
_________________________________ test_case_2 __________________________________

    def test_case_2():
        bytes_0 = b"\xdc\x12\x0bB\x009"
        set_0 = {bytes_0, bytes_0}
>       var_0 = module_0.func(*set_0)

c4b_ret_list_bak/src_2103/9/test_transformed_src_2103.py:23: 
_ _ _ _ _ _ _ _ _ _ _ _ _ _ _ _ _ _ _ _ _ _ _ _ _ _ _ _ _ _ _ _ _ _ _ _ _ _ _ _ 

args = (b'\xdc\x12\x0bB\x009',), a = b'\xdc\x12\x0bB\x009', c = 0, i = 0

    def func(*args):
    
    	a = args[0]
    	c = 0
    	for i in range(len(a)):
>   	    if ((ord(a[i]) > 95) and (ord(a[i]) < 122) and (i != 0)):
E        TypeError: ord() expected string of length 1, but int found

c4b_ret_list_bak/src_2103/9/src_2103.py:6: TypeError
=========================== short test summary info ============================
FAILED c4b_ret_list_bak/src_2103/9/test_transformed_src_2103.py::test_case_2
========================= 1 failed, 4 passed in 0.09s ==========================
