============================= test session starts ==============================
platform linux -- Python 3.10.12, pytest-7.4.4, pluggy-1.4.0
rootdir: /home/khashayar/projs/det-gen
plugins: anyio-4.3.0
collected 8 items

c4b_ret_list_bak/src_1676/0/test_transformed_src_1676.py FFFFFF.F        [100%]

=================================== FAILURES ===================================
_________________________________ test_case_1 __________________________________

    def test_case_1():
        bool_0 = False
        bytes_0 = b"x\xf1>\xfd\xb0*\x05\xa2$\xdd\xe2\x8c"
        tuple_0 = (bool_0, bytes_0, bool_0, bool_0)
>       var_0 = module_0.func(*tuple_0)

c4b_ret_list_bak/src_1676/0/test_transformed_src_1676.py:18: 
_ _ _ _ _ _ _ _ _ _ _ _ _ _ _ _ _ _ _ _ _ _ _ _ _ _ _ _ _ _ _ _ _ _ _ _ _ _ _ _ 
c4b_ret_list_bak/src_1676/0/src_1676.py:22: in func
    solve(n, num)
_ _ _ _ _ _ _ _ _ _ _ _ _ _ _ _ _ _ _ _ _ _ _ _ _ _ _ _ _ _ _ _ _ _ _ _ _ _ _ _ 

n = 0, s = b'x\xf1>\xfd\xb0*\x05\xa2$\xdd\xe2\x8c'

    def solve(n, s):
>       st = set(str(int(s)))
E       ValueError: invalid literal for int() with base 10: b'x\xf1>\xfd\xb0*\x05\xa2$\xdd\xe2\x8c'

c4b_ret_list_bak/src_1676/0/src_1676.py:5: ValueError
_________________________________ test_case_2 __________________________________

    def test_case_2():
        bool_0 = True
        bytes_0 = b"\x07"
        tuple_0 = (bool_0, bytes_0, bool_0, bool_0)
>       var_0 = module_0.func(*tuple_0)

c4b_ret_list_bak/src_1676/0/test_transformed_src_1676.py:27: 
_ _ _ _ _ _ _ _ _ _ _ _ _ _ _ _ _ _ _ _ _ _ _ _ _ _ _ _ _ _ _ _ _ _ _ _ _ _ _ _ 
c4b_ret_list_bak/src_1676/0/src_1676.py:22: in func
    solve(n, num)
_ _ _ _ _ _ _ _ _ _ _ _ _ _ _ _ _ _ _ _ _ _ _ _ _ _ _ _ _ _ _ _ _ _ _ _ _ _ _ _ 

n = 1, s = b'\x07'

    def solve(n, s):
>       st = set(str(int(s)))
E       ValueError: invalid literal for int() with base 10: b'\x07'

c4b_ret_list_bak/src_1676/0/src_1676.py:5: ValueError
_________________________________ test_case_3 __________________________________

    def test_case_3():
        bool_0 = True
        bytes_0 = b"8O"
        tuple_0 = (bool_0, bytes_0, bool_0, bool_0)
>       var_0 = module_0.func(*tuple_0)

c4b_ret_list_bak/src_1676/0/test_transformed_src_1676.py:34: 
_ _ _ _ _ _ _ _ _ _ _ _ _ _ _ _ _ _ _ _ _ _ _ _ _ _ _ _ _ _ _ _ _ _ _ _ _ _ _ _ 
c4b_ret_list_bak/src_1676/0/src_1676.py:22: in func
    solve(n, num)
_ _ _ _ _ _ _ _ _ _ _ _ _ _ _ _ _ _ _ _ _ _ _ _ _ _ _ _ _ _ _ _ _ _ _ _ _ _ _ _ 

n = 1, s = b'8O'

    def solve(n, s):
>       st = set(str(int(s)))
E       ValueError: invalid literal for int() with base 10: b'8O'

c4b_ret_list_bak/src_1676/0/src_1676.py:5: ValueError
_________________________________ test_case_4 __________________________________

    def test_case_4():
        bool_0 = True
        bytes_0 = b"\x06"
        tuple_0 = (bool_0, bytes_0, bool_0, bool_0)
>       var_0 = module_0.func(*tuple_0)

c4b_ret_list_bak/src_1676/0/test_transformed_src_1676.py:42: 
_ _ _ _ _ _ _ _ _ _ _ _ _ _ _ _ _ _ _ _ _ _ _ _ _ _ _ _ _ _ _ _ _ _ _ _ _ _ _ _ 
c4b_ret_list_bak/src_1676/0/src_1676.py:22: in func
    solve(n, num)
_ _ _ _ _ _ _ _ _ _ _ _ _ _ _ _ _ _ _ _ _ _ _ _ _ _ _ _ _ _ _ _ _ _ _ _ _ _ _ _ 

n = 1, s = b'\x06'

    def solve(n, s):
>       st = set(str(int(s)))
E       ValueError: invalid literal for int() with base 10: b'\x06'

c4b_ret_list_bak/src_1676/0/src_1676.py:5: ValueError
_________________________________ test_case_5 __________________________________

    def test_case_5():
        bool_0 = False
        bytes_0 = b"\x07"
        tuple_0 = (bool_0, bytes_0, bool_0, bool_0)
>       var_0 = module_0.func(*tuple_0)

c4b_ret_list_bak/src_1676/0/test_transformed_src_1676.py:50: 
_ _ _ _ _ _ _ _ _ _ _ _ _ _ _ _ _ _ _ _ _ _ _ _ _ _ _ _ _ _ _ _ _ _ _ _ _ _ _ _ 
c4b_ret_list_bak/src_1676/0/src_1676.py:22: in func
    solve(n, num)
_ _ _ _ _ _ _ _ _ _ _ _ _ _ _ _ _ _ _ _ _ _ _ _ _ _ _ _ _ _ _ _ _ _ _ _ _ _ _ _ 

n = 0, s = b'\x07'

    def solve(n, s):
>       st = set(str(int(s)))
E       ValueError: invalid literal for int() with base 10: b'\x07'

c4b_ret_list_bak/src_1676/0/src_1676.py:5: ValueError
_________________________________ test_case_6 __________________________________

    def test_case_6():
        bool_0 = True
        bytes_0 = b"\x04"
        tuple_0 = (bool_0, bytes_0, bool_0, bool_0)
>       var_0 = module_0.func(*tuple_0)

c4b_ret_list_bak/src_1676/0/test_transformed_src_1676.py:58: 
_ _ _ _ _ _ _ _ _ _ _ _ _ _ _ _ _ _ _ _ _ _ _ _ _ _ _ _ _ _ _ _ _ _ _ _ _ _ _ _ 
c4b_ret_list_bak/src_1676/0/src_1676.py:22: in func
    solve(n, num)
_ _ _ _ _ _ _ _ _ _ _ _ _ _ _ _ _ _ _ _ _ _ _ _ _ _ _ _ _ _ _ _ _ _ _ _ _ _ _ _ 

n = 1, s = b'\x04'

    def solve(n, s):
>       st = set(str(int(s)))
E       ValueError: invalid literal for int() with base 10: b'\x04'

c4b_ret_list_bak/src_1676/0/src_1676.py:5: ValueError
_________________________________ test_case_8 __________________________________

    def test_case_8():
        bool_0 = True
        bytes_0 = b"\x04\x07"
        tuple_0 = (bool_0, bytes_0, bool_0, bool_0)
>       var_0 = module_0.func(*tuple_0)

c4b_ret_list_bak/src_1676/0/test_transformed_src_1676.py:75: 
_ _ _ _ _ _ _ _ _ _ _ _ _ _ _ _ _ _ _ _ _ _ _ _ _ _ _ _ _ _ _ _ _ _ _ _ _ _ _ _ 
c4b_ret_list_bak/src_1676/0/src_1676.py:22: in func
    solve(n, num)
_ _ _ _ _ _ _ _ _ _ _ _ _ _ _ _ _ _ _ _ _ _ _ _ _ _ _ _ _ _ _ _ _ _ _ _ _ _ _ _ 

n = 1, s = b'\x04\x07'

    def solve(n, s):
>       st = set(str(int(s)))
E       ValueError: invalid literal for int() with base 10: b'\x04\x07'

c4b_ret_list_bak/src_1676/0/src_1676.py:5: ValueError
=========================== short test summary info ============================
FAILED c4b_ret_list_bak/src_1676/0/test_transformed_src_1676.py::test_case_1
FAILED c4b_ret_list_bak/src_1676/0/test_transformed_src_1676.py::test_case_2
FAILED c4b_ret_list_bak/src_1676/0/test_transformed_src_1676.py::test_case_3
FAILED c4b_ret_list_bak/src_1676/0/test_transformed_src_1676.py::test_case_4
FAILED c4b_ret_list_bak/src_1676/0/test_transformed_src_1676.py::test_case_5
FAILED c4b_ret_list_bak/src_1676/0/test_transformed_src_1676.py::test_case_6
FAILED c4b_ret_list_bak/src_1676/0/test_transformed_src_1676.py::test_case_8
========================= 7 failed, 1 passed in 0.12s ==========================
