============================= test session starts ==============================
platform linux -- Python 3.10.12, pytest-7.4.4, pluggy-1.4.0
rootdir: /home/khashayar/projs/det-gen
plugins: anyio-4.3.0
collected 2 items

c4b_ret_list_bak/src_14/9/test_transformed_src_14.py F.                  [100%]

=================================== FAILURES ===================================
_________________________________ test_case_1 __________________________________

    def test_case_1():
        bool_0 = False
        list_0 = [bool_0, bool_0, bool_0, bool_0]
>       var_0 = module_0.func(*list_0)

c4b_ret_list_bak/src_14/9/test_transformed_src_14.py:15: 
_ _ _ _ _ _ _ _ _ _ _ _ _ _ _ _ _ _ _ _ _ _ _ _ _ _ _ _ _ _ _ _ _ _ _ _ _ _ _ _ 

args = (False, False, False, False), math = <module 'math' (built-in)>

    def func(*args):
    
    	import math
>   	return(int((math.floor(math.log10(int(args[0]))) + 1)))
E    ValueError: math domain error

c4b_ret_list_bak/src_14/9/src_14.py:4: ValueError
=========================== short test summary info ============================
FAILED c4b_ret_list_bak/src_14/9/test_transformed_src_14.py::test_case_1 - Va...
========================= 1 failed, 1 passed in 0.08s ==========================
