============================= test session starts ==============================
platform linux -- Python 3.10.12, pytest-7.4.4, pluggy-1.4.0
rootdir: /home/khashayar/projs/det-gen
plugins: anyio-4.3.0
collected 5 items

c4b_ret_list_bak/src_1351/0/test_transformed_src_1351.py ....F           [100%]

=================================== FAILURES ===================================
_________________________________ test_case_5 __________________________________

    def test_case_5():
        bytes_0 = b""
        list_0 = [bytes_0, bytes_0]
        object_0 = module_1.object()
        var_0 = module_0.func(*list_0)
        object_1 = module_1.object()
        var_1 = module_0.func(*list_0)
        str_0 = "OY=v u #G%ou}bY}"
>       var_2 = module_0.func(*var_1)

c4b_ret_list_bak/src_1351/0/test_transformed_src_1351.py:61: 
_ _ _ _ _ _ _ _ _ _ _ _ _ _ _ _ _ _ _ _ _ _ _ _ _ _ _ _ _ _ _ _ _ _ _ _ _ _ _ _ 

args = ()

    def func(*args):
    
>   	x = args[0]
E    IndexError: tuple index out of range

c4b_ret_list_bak/src_1351/0/src_1351.py:3: IndexError
=========================== short test summary info ============================
FAILED c4b_ret_list_bak/src_1351/0/test_transformed_src_1351.py::test_case_5
========================= 1 failed, 4 passed in 0.07s ==========================
