============================= test session starts ==============================
platform linux -- Python 3.10.12, pytest-7.4.4, pluggy-1.4.0
rootdir: /home/khashayar/projs/det-gen
plugins: anyio-4.3.0
collected 1 item

c4b_ret_list_bak/src_2282/7/test_transformed_src_2282.py F               [100%]

=================================== FAILURES ===================================
_________________________________ test_case_0 __________________________________

    def test_case_0():
        object_0 = module_0.object()
        list_0 = [object_0]
        var_0 = module_1.func(*list_0)
>       var_1 = module_1.func(*var_0)
E       TypeError: src_2282.func() argument after * must be an iterable, not NoneType

c4b_ret_list_bak/src_2282/7/test_transformed_src_2282.py:12: TypeError
=========================== short test summary info ============================
FAILED c4b_ret_list_bak/src_2282/7/test_transformed_src_2282.py::test_case_0
============================== 1 failed in 0.07s ===============================
