============================= test session starts ==============================
platform linux -- Python 3.10.12, pytest-7.4.4, pluggy-1.4.0
rootdir: /home/khashayar/projs/det-gen
plugins: anyio-4.3.0
collected 2 items

c4b_ret_list_bak/src_2283/8/test_transformed_src_2283.py F.              [100%]

=================================== FAILURES ===================================
_________________________________ test_case_0 __________________________________

    def test_case_0():
        bool_0 = True
        dict_0 = {bool_0: bool_0, bool_0: bool_0, bool_0: bool_0}
>       var_0 = module_0.func(*dict_0)

c4b_ret_list_bak/src_2283/8/test_transformed_src_2283.py:11: 
_ _ _ _ _ _ _ _ _ _ _ _ _ _ _ _ _ _ _ _ _ _ _ _ _ _ _ _ _ _ _ _ _ _ _ _ _ _ _ _ 

args = (True,), s = 'True', a = ['h', 'e', 'l', 'l', 'o'], j = 0

    def func(*args):
    
    	s = str(args[0])
    	a = ['h', 'e', 'l', 'l', 'o']
    	j = 0
    	for k in range(len(a)):
    	    if (a[k] in s):
    	        j += 1
    	        y = s.index(a[k])
>   	    s = s[(y + 1):]
E        UnboundLocalError: local variable 'y' referenced before assignment

c4b_ret_list_bak/src_2283/8/src_2283.py:10: UnboundLocalError
=========================== short test summary info ============================
FAILED c4b_ret_list_bak/src_2283/8/test_transformed_src_2283.py::test_case_0
========================= 1 failed, 1 passed in 0.07s ==========================
