============================= test session starts ==============================
platform linux -- Python 3.10.12, pytest-7.4.4, pluggy-1.4.0
rootdir: /home/khashayar/projs/det-gen
plugins: anyio-4.3.0
collected 11 items

c4b_ret_list_bak/src_906/9/test_transformed_src_906.py ...F.......       [100%]

=================================== FAILURES ===================================
_________________________________ test_case_3 __________________________________

    def test_case_3():
        str_0 = "aI|#2%}V"
        var_0 = module_0.func(*str_0)
>       var_1 = module_0.func(*var_0)

c4b_ret_list_bak/src_906/9/test_transformed_src_906.py:27: 
_ _ _ _ _ _ _ _ _ _ _ _ _ _ _ _ _ _ _ _ _ _ _ _ _ _ _ _ _ _ _ _ _ _ _ _ _ _ _ _ 

args = ()

    def func(*args):
    
>   	n = args[0]
E    IndexError: tuple index out of range

c4b_ret_list_bak/src_906/9/src_906.py:3: IndexError
=========================== short test summary info ============================
FAILED c4b_ret_list_bak/src_906/9/test_transformed_src_906.py::test_case_3 - ...
========================= 1 failed, 10 passed in 0.10s =========================
