============================= test session starts ==============================
platform linux -- Python 3.10.12, pytest-7.4.4, pluggy-1.4.0
rootdir: /home/khashayar/projs/det-gen
plugins: anyio-4.3.0
collected 5 items

c4b_ret_list_bak/src_1674/2/test_transformed_src_1674.py ..F..           [100%]

=================================== FAILURES ===================================
_________________________________ test_case_3 __________________________________

    def test_case_3():
        bytes_0 = b"U\xa7p\xef\x0eA\x8e\xf1\xa1\xd5\x01\xc2?ReK\xcd\x8c@\xde"
        var_0 = module_0.func(*bytes_0)
>       var_1 = module_0.func(*var_0)
E       TypeError: src_1674.func() argument after * must be an iterable, not int

c4b_ret_list_bak/src_1674/2/test_transformed_src_1674.py:32: TypeError
=========================== short test summary info ============================
FAILED c4b_ret_list_bak/src_1674/2/test_transformed_src_1674.py::test_case_3
========================= 1 failed, 4 passed in 0.07s ==========================
