============================= test session starts ==============================
platform linux -- Python 3.10.12, pytest-7.4.4, pluggy-1.4.0
rootdir: /home/khashayar/projs/det-gen
plugins: anyio-4.3.0
collected 5 items

c4b_ret_list_bak/src_510/1/test_transformed_src_510.py ....F             [100%]

=================================== FAILURES ===================================
_________________________________ test_case_5 __________________________________

    def test_case_5():
        bool_0 = False
        list_0 = [bool_0]
        var_0 = module_0.func(*list_0)
        bytes_0 = b"Tw\xd5J\x0b\x1f\xccy\xce\x90\tG!L"
        var_1 = module_0.func(*bytes_0)
>       var_2 = module_0.func(*var_1)
E       TypeError: src_510.func() argument after * must be an iterable, not int

c4b_ret_list_bak/src_510/1/test_transformed_src_510.py:52: TypeError
=========================== short test summary info ============================
FAILED c4b_ret_list_bak/src_510/1/test_transformed_src_510.py::test_case_5 - ...
========================= 1 failed, 4 passed in 0.06s ==========================
