============================= test session starts ==============================
platform linux -- Python 3.10.12, pytest-7.4.4, pluggy-1.4.0
rootdir: /home/khashayar/projs/det-gen
plugins: anyio-4.3.0
collected 1 item

c4b_ret_list_bak/src_1016/5/test_transformed_src_1016.py F               [100%]

=================================== FAILURES ===================================
_________________________________ test_case_0 __________________________________

    def test_case_0():
        bytes_0 = b"\x9c+:\xa5\xe3"
        var_0 = module_0.func(*bytes_0)
        var_1 = module_0.func(*bytes_0)
>       var_2 = module_0.func(*var_0)
E       TypeError: src_1016.func() argument after * must be an iterable, not int

c4b_ret_list_bak/src_1016/5/test_transformed_src_1016.py:12: TypeError
=========================== short test summary info ============================
FAILED c4b_ret_list_bak/src_1016/5/test_transformed_src_1016.py::test_case_0
============================== 1 failed in 0.08s ===============================
