============================= test session starts ==============================
platform linux -- Python 3.10.12, pytest-7.4.4, pluggy-1.4.0
rootdir: /home/khashayar/projs/det-gen
plugins: anyio-4.3.0
collected 3 items

c4b_ret_list_bak/src_397/4/test_transformed_src_397.py F..               [100%]

=================================== FAILURES ===================================
_________________________________ test_case_1 __________________________________

    def test_case_1():
        bool_0 = True
        list_0 = [bool_0, bool_0, bool_0, bool_0]
>       var_0 = module_0.func(*list_0)

c4b_ret_list_bak/src_397/4/test_transformed_src_397.py:17: 
_ _ _ _ _ _ _ _ _ _ _ _ _ _ _ _ _ _ _ _ _ _ _ _ _ _ _ _ _ _ _ _ _ _ _ _ _ _ _ _ 

args = (True, True, True, True), math = <module 'math' (built-in)>, a = 1, b = 1

    def func(*args):
    
    	import math
    	(a, b) = (int(args[0]), int(args[1]))
>   	n = math.log(b, a)
E    ZeroDivisionError: float division by zero

c4b_ret_list_bak/src_397/4/src_397.py:5: ZeroDivisionError
=========================== short test summary info ============================
FAILED c4b_ret_list_bak/src_397/4/test_transformed_src_397.py::test_case_1 - ...
========================= 1 failed, 2 passed in 0.08s ==========================
