============================= test session starts ==============================
platform linux -- Python 3.10.12, pytest-7.4.4, pluggy-1.4.0
rootdir: /home/khashayar/projs/det-gen
plugins: anyio-4.3.0
collected 6 items

c4b_ret_list_bak/src_2267/9/test_transformed_src_2267.py ..FF.F          [100%]

=================================== FAILURES ===================================
_________________________________ test_case_3 __________________________________

    def test_case_3():
        bytes_0 = b""
        list_0 = [bytes_0]
>       var_0 = module_1.func(*list_0)

c4b_ret_list_bak/src_2267/9/test_transformed_src_2267.py:34: 
_ _ _ _ _ _ _ _ _ _ _ _ _ _ _ _ _ _ _ _ _ _ _ _ _ _ _ _ _ _ _ _ _ _ _ _ _ _ _ _ 

args = (b'',), word = b'', n = 0, b = 'true'

    def func(*args):
    
    	word = args[0]
    	n = len(word)
    	b = 'true'
    	if (n != 1):
    	    for i in range(1, n):
    	        if word[i].islower():
    	            b = 'false'
    	            break
>   	if ((b == 'true') and word[0].islower()):
E    IndexError: index out of range

c4b_ret_list_bak/src_2267/9/src_2267.py:11: IndexError
_________________________________ test_case_4 __________________________________

    def test_case_4():
        str_0 = ">6\x0bGVq~X$\txE"
        dict_0 = {str_0: str_0, str_0: str_0}
        bytes_0 = (
            b"\xb4\xc8\xb6\xf0\xaf\xbc\xc9\xbf\xa4\xf4\\c\xae\x00\x85g\xc0\x87\xf1\x1f"
        )
        bool_0 = False
        tuple_0 = (bytes_0, bool_0, str_0)
        tuple_1 = (dict_0, bytes_0, bytes_0, tuple_0)
        list_0 = [tuple_1]
>       var_0 = module_1.func(*list_0)

c4b_ret_list_bak/src_2267/9/test_transformed_src_2267.py:49: 
_ _ _ _ _ _ _ _ _ _ _ _ _ _ _ _ _ _ _ _ _ _ _ _ _ _ _ _ _ _ _ _ _ _ _ _ _ _ _ _ 

args = (({'>6\x0bGVq~X$\txE': '>6\x0bGVq~X$\txE'}, b'\xb4\xc8\xb6\xf0\xaf\xbc\xc9\xbf\xa4\xf4\\c\xae\x00\x85g\xc0\x87\xf1\x1f...7\xf1\x1f', (b'\xb4\xc8\xb6\xf0\xaf\xbc\xc9\xbf\xa4\xf4\\c\xae\x00\x85g\xc0\x87\xf1\x1f', False, '>6\x0bGVq~X$\txE')),)
word = ({'>6\x0bGVq~X$\txE': '>6\x0bGVq~X$\txE'}, b'\xb4\xc8\xb6\xf0\xaf\xbc\xc9\xbf\xa4\xf4\\c\xae\x00\x85g\xc0\x87\xf1\x1f'...x87\xf1\x1f', (b'\xb4\xc8\xb6\xf0\xaf\xbc\xc9\xbf\xa4\xf4\\c\xae\x00\x85g\xc0\x87\xf1\x1f', False, '>6\x0bGVq~X$\txE'))
n = 4, b = 'false'

    def func(*args):
    
    	word = args[0]
    	n = len(word)
    	b = 'true'
    	if (n != 1):
    	    for i in range(1, n):
    	        if word[i].islower():
    	            b = 'false'
    	            break
    	if ((b == 'true') and word[0].islower()):
    	    word = (word[0].upper() + word[1:].lower())
    	else:
>   	    word = word.lower()
E        AttributeError: 'tuple' object has no attribute 'lower'

c4b_ret_list_bak/src_2267/9/src_2267.py:14: AttributeError
_________________________________ test_case_6 __________________________________

    def test_case_6():
        str_0 = "I0WVu}4"
        var_0 = module_1.func(*str_0)
        var_1 = module_1.func(*var_0)
        bytes_0 = b""
        list_0 = [bytes_0]
>       var_2 = module_1.func(*list_0)

c4b_ret_list_bak/src_2267/9/test_transformed_src_2267.py:75: 
_ _ _ _ _ _ _ _ _ _ _ _ _ _ _ _ _ _ _ _ _ _ _ _ _ _ _ _ _ _ _ _ _ _ _ _ _ _ _ _ 

args = (b'',), word = b'', n = 0, b = 'true'

    def func(*args):
    
    	word = args[0]
    	n = len(word)
    	b = 'true'
    	if (n != 1):
    	    for i in range(1, n):
    	        if word[i].islower():
    	            b = 'false'
    	            break
>   	if ((b == 'true') and word[0].islower()):
E    IndexError: index out of range

c4b_ret_list_bak/src_2267/9/src_2267.py:11: IndexError
=========================== short test summary info ============================
FAILED c4b_ret_list_bak/src_2267/9/test_transformed_src_2267.py::test_case_3
FAILED c4b_ret_list_bak/src_2267/9/test_transformed_src_2267.py::test_case_4
FAILED c4b_ret_list_bak/src_2267/9/test_transformed_src_2267.py::test_case_6
========================= 3 failed, 3 passed in 0.07s ==========================
