============================= test session starts ==============================
platform linux -- Python 3.10.12, pytest-7.4.4, pluggy-1.4.0
rootdir: /home/khashayar/projs/det-gen
plugins: anyio-4.3.0
collected 7 items

c4b_ret_list_bak/src_109/2/test_transformed_src_109.py ...F...           [100%]

=================================== FAILURES ===================================
_________________________________ test_case_4 __________________________________

    def test_case_4():
        bytes_0 = b"\x11\xb0J\xd7Q\x8b\xf6"
        list_0 = [bytes_0, bytes_0, bytes_0, bytes_0]
>       var_0 = module_0.func(*list_0)

c4b_ret_list_bak/src_109/2/test_transformed_src_109.py:39: 
_ _ _ _ _ _ _ _ _ _ _ _ _ _ _ _ _ _ _ _ _ _ _ _ _ _ _ _ _ _ _ _ _ _ _ _ _ _ _ _ 

args = (b'\x11\xb0J\xd7Q\x8b\xf6', b'\x11\xb0J\xd7Q\x8b\xf6', b'\x11\xb0J\xd7Q\x8b\xf6', b'\x11\xb0J\xd7Q\x8b\xf6')
n = b'\x11\xb0J\xd7Q\x8b\xf6', a = 17

    def func(*args):
    
    	n = args[0][:11]
    	a = n[0]
>   	b = a.upper()
E    AttributeError: 'int' object has no attribute 'upper'

c4b_ret_list_bak/src_109/2/src_109.py:5: AttributeError
=========================== short test summary info ============================
FAILED c4b_ret_list_bak/src_109/2/test_transformed_src_109.py::test_case_4 - ...
========================= 1 failed, 6 passed in 0.07s ==========================
