============================= test session starts ==============================
platform linux -- Python 3.10.12, pytest-7.4.4, pluggy-1.4.0
rootdir: /home/khashayar/projs/det-gen
plugins: anyio-4.3.0
collected 3 items

c4b_ret_list_bak/src_2354/6/test_transformed_src_2354.py ..F             [100%]

=================================== FAILURES ===================================
_________________________________ test_case_3 __________________________________

    def test_case_3():
        str_0 = "A\x0cy\x0cTm,"
        bool_0 = True
        list_0 = [str_0, bool_0, str_0]
        var_0 = module_0.func(*list_0)
        var_1 = module_0.func(*str_0)
>       var_2 = module_0.func(*var_1)

c4b_ret_list_bak/src_2354/6/test_transformed_src_2354.py:30: 
_ _ _ _ _ _ _ _ _ _ _ _ _ _ _ _ _ _ _ _ _ _ _ _ _ _ _ _ _ _ _ _ _ _ _ _ _ _ _ _ 

args = ()

    def func(*args):
    
>   	pstr = args[0].lower()
E    IndexError: tuple index out of range

c4b_ret_list_bak/src_2354/6/src_2354.py:3: IndexError
=========================== short test summary info ============================
FAILED c4b_ret_list_bak/src_2354/6/test_transformed_src_2354.py::test_case_3
========================= 1 failed, 2 passed in 0.07s ==========================
