============================= test session starts ==============================
platform linux -- Python 3.10.12, pytest-7.4.4, pluggy-1.4.0
rootdir: /home/khashayar/projs/det-gen
plugins: anyio-4.3.0
collected 4 items

c4b_ret_list_bak/src_553/2/test_transformed_src_553.py ...F              [100%]

=================================== FAILURES ===================================
_________________________________ test_case_3 __________________________________

    def test_case_3():
        str_0 = "QOfeN3zG\rD65w|$"
        list_0 = [str_0, str_0, str_0]
        var_0 = module_0.func(*list_0)
        bytes_0 = b"\x8fz\xdc\x05"
        dict_0 = {bytes_0: bytes_0}
        var_1 = module_0.func(*dict_0)
        set_0 = set()
        tuple_0 = (var_1, var_1, set_0)
>       var_2 = module_0.func(*tuple_0)

c4b_ret_list_bak/src_553/2/test_transformed_src_553.py:38: 
_ _ _ _ _ _ _ _ _ _ _ _ _ _ _ _ _ _ _ _ _ _ _ _ _ _ _ _ _ _ _ _ _ _ _ _ _ _ _ _ 

args = (4, 4, set()), x = 4, z = 0, i = 0

    def func(*args):
    
    	x = args[0]
    	z = 0
    	i = 0
    	lst = []
    	lst2 = ['A', 'E', 'U', 'I', 'O', 'Y']
    	lst3 = []
>   	while (i < len(x)):
E    TypeError: object of type 'int' has no len()

c4b_ret_list_bak/src_553/2/src_553.py:9: TypeError
=========================== short test summary info ============================
FAILED c4b_ret_list_bak/src_553/2/test_transformed_src_553.py::test_case_3 - ...
========================= 1 failed, 3 passed in 0.07s ==========================
