CompletedProcess(args=['python', 'temp_test_case.py'], returncode=1, stdout=b'', stderr=b'/home/khashayar/projs/det-gen/DET-Gen2/temp_acc_qb.py:8: SyntaxWarning: "is" with a literal. Did you mean "=="?\n  if (i is 0):\n/home/khashayar/projs/det-gen/DET-Gen2/temp_acc_qb.py:10: SyntaxWarning: "is" with a literal. Did you mean "=="?\n  if ((f is \'K\') and (data[(i - 1)] is \'V\')):\n/home/khashayar/projs/det-gen/DET-Gen2/temp_acc_qb.py:10: SyntaxWarning: "is" with a literal. Did you mean "=="?\n  if ((f is \'K\') and (data[(i - 1)] is \'V\')):\n/home/khashayar/projs/det-gen/DET-Gen2/temp_acc_qb.py:13: SyntaxWarning: "is" with a literal. Did you mean "=="?\n  if (i is 0):\n/home/khashayar/projs/det-gen/DET-Gen2/temp_acc_qb.py:15: SyntaxWarning: "is" with a literal. Did you mean "=="?\n  if ((f is \'V\') and (data[(i - 1)] is \'V\')):\n/home/khashayar/projs/det-gen/DET-Gen2/temp_acc_qb.py:15: SyntaxWarning: "is" with a literal. Did you mean "=="?\n  if ((f is \'V\') and (data[(i - 1)] is \'V\')):\n/home/khashayar/projs/det-gen/DET-Gen2/temp_acc_qb.py:16: SyntaxWarning: "is not" with a literal. Did you mean "!="?\n  if (((i + 1) < len(data)) and (data[(i + 1)] is not \'K\')):\n/home/khashayar/projs/det-gen/DET-Gen2/temp_acc_qb.py:22: SyntaxWarning: "is" with a literal. Did you mean "=="?\n  elif (f is \'K\'):\n/home/khashayar/projs/det-gen/DET-Gen2/temp_acc_qb.py:23: SyntaxWarning: "is" with a literal. Did you mean "=="?\n  if (data[(i - 1)] is \'V\'):\n/home/khashayar/projs/det-gen/DET-Gen2/temp_acc_qb.py:25: SyntaxWarning: "is" with a literal. Did you mean "=="?\n  if ((i > 1) and (data[(i - 2)] is \'K\')):\n/home/khashayar/projs/det-gen/DET-Gen2/temp_bug_qb.py:8: SyntaxWarning: "is" with a literal. Did you mean "=="?\n  if (i is 0):\n/home/khashayar/projs/det-gen/DET-Gen2/temp_bug_qb.py:10: SyntaxWarning: "is" with a literal. Did you mean "=="?\n  if ((f is \'K\') and (data[(i - 1)] is \'V\')):\n/home/khashayar/projs/det-gen/DET-Gen2/temp_bug_qb.py:10: SyntaxWarning: "is" with a literal. Did you mean "=="?\n  if ((f is \'K\') and (data[(i - 1)] is \'V\')):\n/home/khashayar/projs/det-gen/DET-Gen2/temp_bug_qb.py:13: SyntaxWarning: "is" with a literal. Did you mean "=="?\n  if (i is 0):\n/home/khashayar/projs/det-gen/DET-Gen2/temp_bug_qb.py:15: SyntaxWarning: "is" with a literal. Did you mean "=="?\n  if ((f is \'V\') and (data[(i - 1)] is \'V\')):\n/home/khashayar/projs/det-gen/DET-Gen2/temp_bug_qb.py:15: SyntaxWarning: "is" with a literal. Did you mean "=="?\n  if ((f is \'V\') and (data[(i - 1)] is \'V\')):\n/home/khashayar/projs/det-gen/DET-Gen2/temp_bug_qb.py:16: SyntaxWarning: "is not" with a literal. Did you mean "!="?\n  if (((i + 1) < len(data)) and (data[(i + 1)] is not \'K\')):\n/home/khashayar/projs/det-gen/DET-Gen2/temp_bug_qb.py:22: SyntaxWarning: "is" with a literal. Did you mean "=="?\n  elif (f is \'K\'):\n/home/khashayar/projs/det-gen/DET-Gen2/temp_bug_qb.py:23: SyntaxWarning: "is" with a literal. Did you mean "=="?\n  if (data[(i - 1)] is \'V\'):\n/home/khashayar/projs/det-gen/DET-Gen2/temp_bug_qb.py:25: SyntaxWarning: "is" with a literal. Did you mean "=="?\n  if ((i > 1) and (data[(i - 2)] is \'K\')):\n.FF.F...F..FF...F.....F..F........F...........FF.........F...F...F...................FF..F......F.\n======================================================================\nFAIL: test1 (__main__.TestFunctions)\n----------------------------------------------------------------------\nTraceback (most recent call last):\n  File "/home/khashayar/projs/det-gen/DET-Gen2/temp_test_case.py", line 18, in test1\n    self.assertEqual(patched_source(input_1), original_source(input_1))\nAssertionError: Lists differ: [1] != [2]\n\nFirst differing element 0:\n1\n2\n\n- [1]\n+ [2]\n\n======================================================================\nFAIL: test10 (__main__.TestFunctions)\n----------------------------------------------------------------------\nTraceback (most recent call last):\n  File "/home/khashayar/projs/det-gen/DET-Gen2/temp_test_case.py", line 72, in test10\n    self.assertEqual(patched_source(input_10), original_source(input_10))\nAssertionError: Lists differ: [1] != [2]\n\nFirst differing element 0:\n1\n2\n\n- [1]\n+ [2]\n\n======================================================================\nFAIL: test12 (__main__.TestFunctions)\n----------------------------------------------------------------------\nTraceback (most recent call last):\n  File "/home/khashayar/projs/det-gen/DET-Gen2/temp_test_case.py", line 84, in test12\n    self.assertEqual(patched_source(input_12), original_source(input_12))\nAssertionError: Lists differ: [1] != [2]\n\nFirst differing element 0:\n1\n2\n\n- [1]\n+ [2]\n\n======================================================================\nFAIL: test16 (__main__.TestFunctions)\n----------------------------------------------------------------------\nTraceback (most recent call last):\n  File "/home/khashayar/projs/det-gen/DET-Gen2/temp_test_case.py", line 108, in test16\n    self.assertEqual(patched_source(input_16), original_source(input_16))\nAssertionError: Lists differ: [1] != [2]\n\nFirst differing element 0:\n1\n2\n\n- [1]\n+ [2]\n\n======================================================================\nFAIL: test19 (__main__.TestFunctions)\n----------------------------------------------------------------------\nTraceback (most recent call last):\n  File "/home/khashayar/projs/det-gen/DET-Gen2/temp_test_case.py", line 126, in test19\n    self.assertEqual(patched_source(input_19), original_source(input_19))\nAssertionError: Lists differ: [1] != [2]\n\nFirst differing element 0:\n1\n2\n\n- [1]\n+ [2]\n\n======================================================================\nFAIL: test2 (__main__.TestFunctions)\n----------------------------------------------------------------------\nTraceback (most recent call last):\n  File "/home/khashayar/projs/det-gen/DET-Gen2/temp_test_case.py", line 24, in test2\n    self.assertEqual(patched_source(input_2), original_source(input_2))\nAssertionError: Lists differ: [1] != [2]\n\nFirst differing element 0:\n1\n2\n\n- [1]\n+ [2]\n\n======================================================================\nFAIL: test23 (__main__.TestFunctions)\n----------------------------------------------------------------------\nTraceback (most recent call last):\n  File "/home/khashayar/projs/det-gen/DET-Gen2/temp_test_case.py", line 150, in test23\n    self.assertEqual(patched_source(input_23), original_source(input_23))\nAssertionError: Lists differ: [1] != [2]\n\nFirst differing element 0:\n1\n2\n\n- [1]\n+ [2]\n\n======================================================================\nFAIL: test29 (__main__.TestFunctions)\n----------------------------------------------------------------------\nTraceback (most recent call last):\n  File "/home/khashayar/projs/det-gen/DET-Gen2/temp_test_case.py", line 186, in test29\n    self.assertEqual(patched_source(input_29), original_source(input_29))\nAssertionError: Lists differ: [1] != [2]\n\nFirst differing element 0:\n1\n2\n\n- [1]\n+ [2]\n\n======================================================================\nFAIL: test31 (__main__.TestFunctions)\n----------------------------------------------------------------------\nTraceback (most recent call last):\n  File "/home/khashayar/projs/det-gen/DET-Gen2/temp_test_case.py", line 198, in test31\n    self.assertEqual(patched_source(input_31), original_source(input_31))\nAssertionError: Lists differ: [1] != [2]\n\nFirst differing element 0:\n1\n2\n\n- [1]\n+ [2]\n\n======================================================================\nFAIL: test4 (__main__.TestFunctions)\n----------------------------------------------------------------------\nTraceback (most recent call last):\n  File "/home/khashayar/projs/det-gen/DET-Gen2/temp_test_case.py", line 36, in test4\n    self.assertEqual(patched_source(input_4), original_source(input_4))\nAssertionError: Lists differ: [1] != [2]\n\nFirst differing element 0:\n1\n2\n\n- [1]\n+ [2]\n\n======================================================================\nFAIL: test50 (__main__.TestFunctions)\n----------------------------------------------------------------------\nTraceback (most recent call last):\n  File "/home/khashayar/projs/det-gen/DET-Gen2/temp_test_case.py", line 312, in test50\n    self.assertEqual(patched_source(input_50), original_source(input_50))\nAssertionError: Lists differ: [1] != [2]\n\nFirst differing element 0:\n1\n2\n\n- [1]\n+ [2]\n\n======================================================================\nFAIL: test51 (__main__.TestFunctions)\n----------------------------------------------------------------------\nTraceback (most recent call last):\n  File "/home/khashayar/projs/det-gen/DET-Gen2/temp_test_case.py", line 318, in test51\n    self.assertEqual(patched_source(input_51), original_source(input_51))\nAssertionError: Lists differ: [1] != [2]\n\nFirst differing element 0:\n1\n2\n\n- [1]\n+ [2]\n\n======================================================================\nFAIL: test60 (__main__.TestFunctions)\n----------------------------------------------------------------------\nTraceback (most recent call last):\n  File "/home/khashayar/projs/det-gen/DET-Gen2/temp_test_case.py", line 372, in test60\n    self.assertEqual(patched_source(input_60), original_source(input_60))\nAssertionError: Lists differ: [1] != [2]\n\nFirst differing element 0:\n1\n2\n\n- [1]\n+ [2]\n\n======================================================================\nFAIL: test64 (__main__.TestFunctions)\n----------------------------------------------------------------------\nTraceback (most recent call last):\n  File "/home/khashayar/projs/det-gen/DET-Gen2/temp_test_case.py", line 396, in test64\n    self.assertEqual(patched_source(input_64), original_source(input_64))\nAssertionError: Lists differ: [1] != [2]\n\nFirst differing element 0:\n1\n2\n\n- [1]\n+ [2]\n\n======================================================================\nFAIL: test68 (__main__.TestFunctions)\n----------------------------------------------------------------------\nTraceback (most recent call last):\n  File "/home/khashayar/projs/det-gen/DET-Gen2/temp_test_case.py", line 420, in test68\n    self.assertEqual(patched_source(input_68), original_source(input_68))\nAssertionError: Lists differ: [1] != [2]\n\nFirst differing element 0:\n1\n2\n\n- [1]\n+ [2]\n\n======================================================================\nFAIL: test86 (__main__.TestFunctions)\n----------------------------------------------------------------------\nTraceback (most recent call last):\n  File "/home/khashayar/projs/det-gen/DET-Gen2/temp_test_case.py", line 528, in test86\n    self.assertEqual(patched_source(input_86), original_source(input_86))\nAssertionError: Lists differ: [1] != [2]\n\nFirst differing element 0:\n1\n2\n\n- [1]\n+ [2]\n\n======================================================================\nFAIL: test87 (__main__.TestFunctions)\n----------------------------------------------------------------------\nTraceback (most recent call last):\n  File "/home/khashayar/projs/det-gen/DET-Gen2/temp_test_case.py", line 534, in test87\n    self.assertEqual(patched_source(input_87), original_source(input_87))\nAssertionError: Lists differ: [1] != [2]\n\nFirst differing element 0:\n1\n2\n\n- [1]\n+ [2]\n\n======================================================================\nFAIL: test9 (__main__.TestFunctions)\n----------------------------------------------------------------------\nTraceback (most recent call last):\n  File "/home/khashayar/projs/det-gen/DET-Gen2/temp_test_case.py", line 66, in test9\n    self.assertEqual(patched_source(input_9), original_source(input_9))\nAssertionError: Lists differ: [1] != [2]\n\nFirst differing element 0:\n1\n2\n\n- [1]\n+ [2]\n\n======================================================================\nFAIL: test96 (__main__.TestFunctions)\n----------------------------------------------------------------------\nTraceback (most recent call last):\n  File "/home/khashayar/projs/det-gen/DET-Gen2/temp_test_case.py", line 588, in test96\n    self.assertEqual(patched_source(input_96), original_source(input_96))\nAssertionError: Lists differ: [1] != [2]\n\nFirst differing element 0:\n1\n2\n\n- [1]\n+ [2]\n\n----------------------------------------------------------------------\nRan 98 tests in 0.008s\n\nFAILED (failures=19)\n')