CompletedProcess(args=['python', 'temp_test_case.py'], returncode=1, stdout=b'', stderr=b'...F..........F....F...FFFF.......F....F..F.F.F......F....F.F............FF.FF...F.....F.......\n======================================================================\nFAIL: test11 (__main__.TestFunctions)\n----------------------------------------------------------------------\nTraceback (most recent call last):\n  File "/home/khashayar/projs/det-gen/DET-Gen2/temp_test_case.py", line 78, in test11\n    self.assertEqual(patched_source(input_11), original_source(input_11))\nAssertionError: Lists differ: [3] != [4]\n\nFirst differing element 0:\n3\n4\n\n- [3]\n+ [4]\n\n======================================================================\nFAIL: test21 (__main__.TestFunctions)\n----------------------------------------------------------------------\nTraceback (most recent call last):\n  File "/home/khashayar/projs/det-gen/DET-Gen2/temp_test_case.py", line 138, in test21\n    self.assertEqual(patched_source(input_21), original_source(input_21))\nAssertionError: Lists differ: [2] != [3]\n\nFirst differing element 0:\n2\n3\n\n- [2]\n+ [3]\n\n======================================================================\nFAIL: test26 (__main__.TestFunctions)\n----------------------------------------------------------------------\nTraceback (most recent call last):\n  File "/home/khashayar/projs/det-gen/DET-Gen2/temp_test_case.py", line 168, in test26\n    self.assertEqual(patched_source(input_26), original_source(input_26))\nAssertionError: Lists differ: [5] != [6]\n\nFirst differing element 0:\n5\n6\n\n- [5]\n+ [6]\n\n======================================================================\nFAIL: test3 (__main__.TestFunctions)\n----------------------------------------------------------------------\nTraceback (most recent call last):\n  File "/home/khashayar/projs/det-gen/DET-Gen2/temp_test_case.py", line 30, in test3\n    self.assertEqual(patched_source(input_3), original_source(input_3))\nAssertionError: Lists differ: [4] != [5]\n\nFirst differing element 0:\n4\n5\n\n- [4]\n+ [5]\n\n======================================================================\nFAIL: test30 (__main__.TestFunctions)\n----------------------------------------------------------------------\nTraceback (most recent call last):\n  File "/home/khashayar/projs/det-gen/DET-Gen2/temp_test_case.py", line 192, in test30\n    self.assertEqual(patched_source(input_30), original_source(input_30))\nAssertionError: Lists differ: [2] != [3]\n\nFirst differing element 0:\n2\n3\n\n- [2]\n+ [3]\n\n======================================================================\nFAIL: test31 (__main__.TestFunctions)\n----------------------------------------------------------------------\nTraceback (most recent call last):\n  File "/home/khashayar/projs/det-gen/DET-Gen2/temp_test_case.py", line 198, in test31\n    self.assertEqual(patched_source(input_31), original_source(input_31))\nAssertionError: Lists differ: [3] != [4]\n\nFirst differing element 0:\n3\n4\n\n- [3]\n+ [4]\n\n======================================================================\nFAIL: test32 (__main__.TestFunctions)\n----------------------------------------------------------------------\nTraceback (most recent call last):\n  File "/home/khashayar/projs/det-gen/DET-Gen2/temp_test_case.py", line 204, in test32\n    self.assertEqual(patched_source(input_32), original_source(input_32))\nAssertionError: Lists differ: [5] != [6]\n\nFirst differing element 0:\n5\n6\n\n- [5]\n+ [6]\n\n======================================================================\nFAIL: test4 (__main__.TestFunctions)\n----------------------------------------------------------------------\nTraceback (most recent call last):\n  File "/home/khashayar/projs/det-gen/DET-Gen2/temp_test_case.py", line 36, in test4\n    self.assertEqual(patched_source(input_4), original_source(input_4))\nAssertionError: Lists differ: [4] != [5]\n\nFirst differing element 0:\n4\n5\n\n- [4]\n+ [5]\n\n======================================================================\nFAIL: test44 (__main__.TestFunctions)\n----------------------------------------------------------------------\nTraceback (most recent call last):\n  File "/home/khashayar/projs/det-gen/DET-Gen2/temp_test_case.py", line 276, in test44\n    self.assertEqual(patched_source(input_44), original_source(input_44))\nAssertionError: Lists differ: [4] != [5]\n\nFirst differing element 0:\n4\n5\n\n- [4]\n+ [5]\n\n======================================================================\nFAIL: test47 (__main__.TestFunctions)\n----------------------------------------------------------------------\nTraceback (most recent call last):\n  File "/home/khashayar/projs/det-gen/DET-Gen2/temp_test_case.py", line 294, in test47\n    self.assertEqual(patched_source(input_47), original_source(input_47))\nAssertionError: Lists differ: [4] != [5]\n\nFirst differing element 0:\n4\n5\n\n- [4]\n+ [5]\n\n======================================================================\nFAIL: test49 (__main__.TestFunctions)\n----------------------------------------------------------------------\nTraceback (most recent call last):\n  File "/home/khashayar/projs/det-gen/DET-Gen2/temp_test_case.py", line 306, in test49\n    self.assertEqual(patched_source(input_49), original_source(input_49))\nAssertionError: Lists differ: [4] != [5]\n\nFirst differing element 0:\n4\n5\n\n- [4]\n+ [5]\n\n======================================================================\nFAIL: test50 (__main__.TestFunctions)\n----------------------------------------------------------------------\nTraceback (most recent call last):\n  File "/home/khashayar/projs/det-gen/DET-Gen2/temp_test_case.py", line 312, in test50\n    self.assertEqual(patched_source(input_50), original_source(input_50))\nAssertionError: Lists differ: [4] != [5]\n\nFirst differing element 0:\n4\n5\n\n- [4]\n+ [5]\n\n======================================================================\nFAIL: test57 (__main__.TestFunctions)\n----------------------------------------------------------------------\nTraceback (most recent call last):\n  File "/home/khashayar/projs/det-gen/DET-Gen2/temp_test_case.py", line 354, in test57\n    self.assertEqual(patched_source(input_57), original_source(input_57))\nAssertionError: Lists differ: [6] != [8]\n\nFirst differing element 0:\n6\n8\n\n- [6]\n+ [8]\n\n======================================================================\nFAIL: test61 (__main__.TestFunctions)\n----------------------------------------------------------------------\nTraceback (most recent call last):\n  File "/home/khashayar/projs/det-gen/DET-Gen2/temp_test_case.py", line 378, in test61\n    self.assertEqual(patched_source(input_61), original_source(input_61))\nAssertionError: Lists differ: [2] != [3]\n\nFirst differing element 0:\n2\n3\n\n- [2]\n+ [3]\n\n======================================================================\nFAIL: test63 (__main__.TestFunctions)\n----------------------------------------------------------------------\nTraceback (most recent call last):\n  File "/home/khashayar/projs/det-gen/DET-Gen2/temp_test_case.py", line 390, in test63\n    self.assertEqual(patched_source(input_63), original_source(input_63))\nAssertionError: Lists differ: [4] != [5]\n\nFirst differing element 0:\n4\n5\n\n- [4]\n+ [5]\n\n======================================================================\nFAIL: test75 (__main__.TestFunctions)\n----------------------------------------------------------------------\nTraceback (most recent call last):\n  File "/home/khashayar/projs/det-gen/DET-Gen2/temp_test_case.py", line 462, in test75\n    self.assertEqual(patched_source(input_75), original_source(input_75))\nAssertionError: Lists differ: [2] != [3]\n\nFirst differing element 0:\n2\n3\n\n- [2]\n+ [3]\n\n======================================================================\nFAIL: test76 (__main__.TestFunctions)\n----------------------------------------------------------------------\nTraceback (most recent call last):\n  File "/home/khashayar/projs/det-gen/DET-Gen2/temp_test_case.py", line 468, in test76\n    self.assertEqual(patched_source(input_76), original_source(input_76))\nAssertionError: Lists differ: [4] != [5]\n\nFirst differing element 0:\n4\n5\n\n- [4]\n+ [5]\n\n======================================================================\nFAIL: test78 (__main__.TestFunctions)\n----------------------------------------------------------------------\nTraceback (most recent call last):\n  File "/home/khashayar/projs/det-gen/DET-Gen2/temp_test_case.py", line 480, in test78\n    self.assertEqual(patched_source(input_78), original_source(input_78))\nAssertionError: Lists differ: [2] != [3]\n\nFirst differing element 0:\n2\n3\n\n- [2]\n+ [3]\n\n======================================================================\nFAIL: test79 (__main__.TestFunctions)\n----------------------------------------------------------------------\nTraceback (most recent call last):\n  File "/home/khashayar/projs/det-gen/DET-Gen2/temp_test_case.py", line 486, in test79\n    self.assertEqual(patched_source(input_79), original_source(input_79))\nAssertionError: Lists differ: [4] != [5]\n\nFirst differing element 0:\n4\n5\n\n- [4]\n+ [5]\n\n======================================================================\nFAIL: test82 (__main__.TestFunctions)\n----------------------------------------------------------------------\nTraceback (most recent call last):\n  File "/home/khashayar/projs/det-gen/DET-Gen2/temp_test_case.py", line 504, in test82\n    self.assertEqual(patched_source(input_82), original_source(input_82))\nAssertionError: Lists differ: [5] != [6]\n\nFirst differing element 0:\n5\n6\n\n- [5]\n+ [6]\n\n======================================================================\nFAIL: test88 (__main__.TestFunctions)\n----------------------------------------------------------------------\nTraceback (most recent call last):\n  File "/home/khashayar/projs/det-gen/DET-Gen2/temp_test_case.py", line 540, in test88\n    self.assertEqual(patched_source(input_88), original_source(input_88))\nAssertionError: Lists differ: [4] != [5]\n\nFirst differing element 0:\n4\n5\n\n- [4]\n+ [5]\n\n----------------------------------------------------------------------\nRan 95 tests in 0.008s\n\nFAILED (failures=21)\n')