CompletedProcess(args=['python', 'temp_test_case.py'], returncode=1, stdout=b'', stderr=b'.........................................................................F..........................\n======================================================================\nFAIL: test75 (__main__.TestFunctions)\n----------------------------------------------------------------------\nTraceback (most recent call last):\n  File "/home/khashayar/projs/det-gen/DET-Gen2/temp_test_case.py", line 462, in test75\n    self.assertEqual(patched_source(input_75), original_source(input_75))\nAssertionError: Lists differ: [3] != [1]\n\nFirst differing element 0:\n3\n1\n\n- [3]\n+ [1]\n\n----------------------------------------------------------------------\nRan 100 tests in 0.006s\n\nFAILED (failures=1)\n')