============================= test session starts ==============================
platform linux -- Python 3.10.12, pytest-7.4.4, pluggy-1.4.0
rootdir: /home/khashayar/projs/det-gen
plugins: anyio-4.3.0
collected 4 items

c4b_bak/src_456/0/test_transformed_src_456.py ..F.                       [100%]

=================================== FAILURES ===================================
_________________________________ test_case_3 __________________________________

    def test_case_3():
        str_0 = "5z:\tz/;@"
        var_0 = module_0.func(*str_0)
>       assert var_0 == 16
E       assert 22 == 16

c4b_bak/src_456/0/test_transformed_src_456.py:33: AssertionError
=========================== short test summary info ============================
FAILED c4b_bak/src_456/0/test_transformed_src_456.py::test_case_3 - assert 22...
========================= 1 failed, 3 passed in 0.03s ==========================
