============================= test session starts ==============================
platform linux -- Python 3.10.12, pytest-7.4.4, pluggy-1.4.0
rootdir: /home/khashayar/projs/det-gen
plugins: anyio-4.3.0
collected 4 items

c4b_bak/src_1768/0/test_transformed_src_1768.py ..F.                     [100%]

=================================== FAILURES ===================================
_________________________________ test_case_3 __________________________________

    def test_case_3():
        str_0 = "n^O*H"
        list_0 = [str_0]
        var_0 = module_0.func(*list_0)
        assert var_0 == "N^o*h"
        object_0 = module_0.func(*var_0)
>       assert object_0 == "n"
E       AssertionError: assert 'N' == 'n'
E         - n
E         + N

c4b_bak/src_1768/0/test_transformed_src_1768.py:41: AssertionError
=========================== short test summary info ============================
FAILED c4b_bak/src_1768/0/test_transformed_src_1768.py::test_case_3 - Asserti...
========================= 1 failed, 3 passed in 0.04s ==========================
