============================= test session starts ==============================
platform linux -- Python 3.10.12, pytest-7.4.4, pluggy-1.4.0
rootdir: /home/khashayar/projs/det-gen
plugins: anyio-4.3.0
collected 1 item

c4b_bak/src_1902/3/test_transformed_src_1902.py F                        [100%]

=================================== FAILURES ===================================
_________________________________ test_case_0 __________________________________

    def test_case_0():
        bytes_0 = b"\xb6e\xfc\xcf\xc0\xaf\xe4\x03\xf3,9\xcbhtL\xb9\x9c"
        var_0 = module_0.func(*bytes_0)
>       assert (
            var_0
            == "I hate that I love that I hate that I love that I hate that I love that I hate that I love that I hate that I love that I hate that I love that I hate that I love that I hate that I love that I hate that I love that I hate that I love that I hate that I love that I hate that I love that I hate that I love that I hate that I love that I hate that I love that I hate that I love that I hate that I love that I hate that I love that I hate that I love that I hate that I love that I hate that I love that I hate that I love that I hate that I love that I hate that I love that I hate that I love that I hate that I love that I hate that I love that I hate that I love that I hate that I love that I hate that I love that I hate that I love that I hate that I love that I hate that I love that I hate that I love that I hate that I love that I hate that I love that I hate that I love that I hate that I love that I hate that I love that I hate that I love that I hate that I love that I hate that I love that I hate that I love that I hate that I love that I hate that I love that I hate that I love that I hate that I love that I hate that I love that I hate that I love that I hate that I love that I hate that I love that I hate that I love that I hate that I love that I hate that I love that I hate that I love that I hate that I love that I hate that I love that I hate that I love that I hate that I love that I hate that I love that I hate that I love that I hate that I love that I hate that I love that I hate that I love that I hate that I love that I hate that I love that I hate that I love that I hate that I love that I hate that I love that I hate that I love that I hate that I love that I hate that I love that I hate that I love that I hate that I love that I hate that I love that I hate that I love that I hate that I love that I hate that I love that I hate that I love that I hate that I love that I hate that I love that I hate that I love that I hate that I love that I hate that I love that I hate that I love that I hate that I love that I hate that I love that I hate that I love that I hate that I love that I hate that I love that I hate that I love it"
        )
E       AssertionError: assert 'I love that ...hat I hate it' == 'I hate that ...hat I love it'
E         - I hate that I love that I hate that I love that I hate that I love that I hate that I love that I hate that I love that I hate that I love that I hate that I love that I hate that I love that I hate that I love that I hate that I love that I hate that I love that I hate that I love that I hate that I love that I hate that I love that I hate that I love that I hate that I love that I hate that I love that I hate that I love that I hate that I love that I hate that I love that I hate that I love that I hate that I love that I hate that I love that I hate that I love tha...
E         
E         ...Full output truncated (2 lines hidden), use '-vv' to show

c4b_bak/src_1902/3/test_transformed_src_1902.py:9: AssertionError
=========================== short test summary info ============================
FAILED c4b_bak/src_1902/3/test_transformed_src_1902.py::test_case_0 - Asserti...
============================== 1 failed in 0.03s ===============================
