============================= test session starts ==============================
platform linux -- Python 3.10.12, pytest-7.4.4, pluggy-1.4.0
rootdir: /home/khashayar/projs/det-gen
plugins: anyio-4.3.0
collected 3 items

c4b_bak/src_263/9/test_transformed_src_263.py .F.                        [100%]

=================================== FAILURES ===================================
_________________________________ test_case_1 __________________________________

    def test_case_1():
        str_0 = "dCs+,<"
        list_0 = [str_0, str_0]
        list_1 = [list_0]
        var_0 = module_0.func(*list_1)
>       assert var_0 == 3
E       assert 1 == 3

c4b_bak/src_263/9/test_transformed_src_263.py:22: AssertionError
=========================== short test summary info ============================
FAILED c4b_bak/src_263/9/test_transformed_src_263.py::test_case_1 - assert 1 ...
========================= 1 failed, 2 passed in 0.04s ==========================
