============================= test session starts ==============================
platform linux -- Python 3.10.12, pytest-7.4.4, pluggy-1.4.0
rootdir: /home/khashayar/projs/det-gen
plugins: anyio-4.3.0
collected 4 items

c4b_bak/src_145/1/test_transformed_src_145.py .F..                       [100%]

=================================== FAILURES ===================================
_________________________________ test_case_1 __________________________________

    def test_case_1():
        int_0 = 1449
        list_0 = [int_0]
        var_0 = module_0.func(*list_0)
>       assert var_0 == 2
E       assert 3 == 2

c4b_bak/src_145/1/test_transformed_src_145.py:19: AssertionError
=========================== short test summary info ============================
FAILED c4b_bak/src_145/1/test_transformed_src_145.py::test_case_1 - assert 3 ...
========================= 1 failed, 3 passed in 0.03s ==========================
