============================= test session starts ==============================
platform linux -- Python 3.10.12, pytest-7.4.4, pluggy-1.4.0
rootdir: /home/khashayar/projs/det-gen
plugins: anyio-4.3.0
collected 3 items

c4b_bak/src_2116/1/test_transformed_src_2116.py ..F                      [100%]

=================================== FAILURES ===================================
_________________________________ test_case_3 __________________________________

    def test_case_3():
        str_0 = "2"
        var_0 = module_0.func(*str_0)
>       assert var_0 == "NO"
E       AssertionError: assert 'YES' == 'NO'
E         - NO
E         + YES

c4b_bak/src_2116/1/test_transformed_src_2116.py:32: AssertionError
=========================== short test summary info ============================
FAILED c4b_bak/src_2116/1/test_transformed_src_2116.py::test_case_3 - Asserti...
========================= 1 failed, 2 passed in 0.04s ==========================
