============================= test session starts ==============================
platform linux -- Python 3.10.12, pytest-7.4.4, pluggy-1.4.0
rootdir: /home/khashayar/projs/det-gen
plugins: anyio-4.3.0
collected 3 items

c4b_bak/src_1928/2/test_transformed_src_1928.py .F.                      [100%]

=================================== FAILURES ===================================
_________________________________ test_case_1 __________________________________

    def test_case_1():
        str_0 = ":\rc7\\<x>]PGy/R_weq"
        var_0 = module_0.func(*str_0)
>       assert var_0 == "IGNORE HIM!"
E       AssertionError: assert 'IGNORE HIM' == 'IGNORE HIM!'
E         - IGNORE HIM!
E         ?           -
E         + IGNORE HIM

c4b_bak/src_1928/2/test_transformed_src_1928.py:18: AssertionError
=========================== short test summary info ============================
FAILED c4b_bak/src_1928/2/test_transformed_src_1928.py::test_case_1 - Asserti...
========================= 1 failed, 2 passed in 0.03s ==========================
