============================= test session starts ==============================
platform linux -- Python 3.10.12, pytest-7.4.4, pluggy-1.4.0
rootdir: /home/khashayar/projs/det-gen
plugins: anyio-4.3.0
collected 3 items

c4b_bak/src_765/3/test_transformed_src_765.py FF.                        [100%]

=================================== FAILURES ===================================
_________________________________ test_case_0 __________________________________

    def test_case_0():
        float_0 = -2477.7915
        list_0 = [float_0, float_0, float_0, float_0]
        var_0 = module_0.func(*list_0)
>       assert var_0 == 0
E       assert 1 == 0

c4b_bak/src_765/3/test_transformed_src_765.py:11: AssertionError
_________________________________ test_case_2 __________________________________

    def test_case_2():
        float_0 = 300.58
        list_0 = [float_0, float_0, float_0]
        var_0 = module_0.func(*list_0)
>       assert var_0 == 9
E       assert 3 == 9

c4b_bak/src_765/3/test_transformed_src_765.py:23: AssertionError
=========================== short test summary info ============================
FAILED c4b_bak/src_765/3/test_transformed_src_765.py::test_case_0 - assert 1 ...
FAILED c4b_bak/src_765/3/test_transformed_src_765.py::test_case_2 - assert 3 ...
========================= 2 failed, 1 passed in 0.04s ==========================
