============================= test session starts ==============================
platform linux -- Python 3.10.12, pytest-7.4.4, pluggy-1.4.0
rootdir: /home/khashayar/projs/det-gen
plugins: anyio-4.3.0
collected 10 items

c4b_bak/src_2643/3/test_transformed_src_2643.py ........FF               [100%]

=================================== FAILURES ===================================
_________________________________ test_case_9 __________________________________

    def test_case_9():
        str_0 = "KKVBV"
        list_0 = [
            str_0,
            str_0,
            str_0,
            str_0,
            str_0,
            str_0,
            str_0,
            str_0,
            str_0,
            str_0,
            str_0,
        ]
        var_0 = module_0.func(*list_0)
>       assert var_0 == 1
E       assert 0 == 1

c4b_bak/src_2643/3/test_transformed_src_2643.py:83: AssertionError
_________________________________ test_case_10 _________________________________

    def test_case_10():
        str_0 = "K"
        list_0 = [str_0, str_0, str_0, str_0]
        list_1 = [list_0]
        var_0 = module_0.func(*list_1)
>       assert var_0 == 1
E       assert 0 == 1

c4b_bak/src_2643/3/test_transformed_src_2643.py:92: AssertionError
=========================== short test summary info ============================
FAILED c4b_bak/src_2643/3/test_transformed_src_2643.py::test_case_9 - assert ...
FAILED c4b_bak/src_2643/3/test_transformed_src_2643.py::test_case_10 - assert...
========================= 2 failed, 8 passed in 0.06s ==========================
