============================= test session starts ==============================
platform linux -- Python 3.10.12, pytest-7.4.4, pluggy-1.4.0
rootdir: /home/khashayar/projs/det-gen
plugins: anyio-4.3.0
collected 3 items

c4b_bak/src_1705/7/test_transformed_src_1705.py FFF                      [100%]

=================================== FAILURES ===================================
_________________________________ test_case_0 __________________________________

    def test_case_0():
        bytes_0 = b"\x8a7\x00cj\xd1^"
        var_0 = module_0.func(*bytes_0)
>       assert var_0 == 138
E       assert 99 == 138

c4b_bak/src_1705/7/test_transformed_src_1705.py:10: AssertionError
_________________________________ test_case_1 __________________________________

    def test_case_1():
        int_0 = 63
        list_0 = [int_0, int_0, int_0, int_0, int_0, int_0, int_0]
        var_0 = module_0.func(*list_0)
>       assert var_0 == 63
E       assert 0 == 63

c4b_bak/src_1705/7/test_transformed_src_1705.py:17: AssertionError
_________________________________ test_case_3 __________________________________

    def test_case_3():
        bytes_0 = b"7\x00cj\xd1^"
        var_0 = module_0.func(*bytes_0)
>       assert var_0 == 62
E       assert 9 == 62

c4b_bak/src_1705/7/test_transformed_src_1705.py:28: AssertionError
=========================== short test summary info ============================
FAILED c4b_bak/src_1705/7/test_transformed_src_1705.py::test_case_0 - assert ...
FAILED c4b_bak/src_1705/7/test_transformed_src_1705.py::test_case_1 - assert ...
FAILED c4b_bak/src_1705/7/test_transformed_src_1705.py::test_case_3 - assert ...
============================== 3 failed in 0.03s ===============================
