============================= test session starts ==============================
platform linux -- Python 3.10.12, pytest-7.4.4, pluggy-1.4.0
rootdir: /home/khashayar/projs/det-gen
plugins: anyio-4.3.0
collected 3 items

c4b_bak/src_1387/1/test_transformed_src_1387.py .FF                      [100%]

=================================== FAILURES ===================================
_________________________________ test_case_2 __________________________________

    def test_case_2():
        bool_0 = True
        dict_0 = {bool_0: bool_0, bool_0: bool_0}
        list_0 = [dict_0, bool_0]
        var_0 = module_0.func(*list_0)
>       assert var_0 == "YES"
E       AssertionError: assert 'NO' == 'YES'
E         - YES
E         + NO

c4b_bak/src_1387/1/test_transformed_src_1387.py:27: AssertionError
_________________________________ test_case_3 __________________________________

    def test_case_3():
        bytes_0 = b"\xf7\xb4E\xf2CD\xdc3C<"
        list_0 = [bytes_0, bytes_0, bytes_0, bytes_0]
        list_1 = [list_0, list_0, bytes_0, bytes_0]
        var_0 = module_0.func(*list_1)
        assert var_0 == "NO"
        var_1 = module_0.func(*var_0)
>       assert var_1 == "YES"
E       AssertionError: assert 'NO' == 'YES'
E         - YES
E         + NO

c4b_bak/src_1387/1/test_transformed_src_1387.py:39: AssertionError
=========================== short test summary info ============================
FAILED c4b_bak/src_1387/1/test_transformed_src_1387.py::test_case_2 - Asserti...
FAILED c4b_bak/src_1387/1/test_transformed_src_1387.py::test_case_3 - Asserti...
========================= 2 failed, 1 passed in 0.05s ==========================
