============================= test session starts ==============================
platform linux -- Python 3.10.12, pytest-7.4.4, pluggy-1.4.0
rootdir: /home/khashayar/projs/det-gen
plugins: anyio-4.3.0
collected 5 items

c4b_bak/src_1018/7/test_transformed_src_1018.py .FF.F                    [100%]

=================================== FAILURES ===================================
_________________________________ test_case_2 __________________________________

    def test_case_2():
        str_0 = "Kr0g9"
        tuple_0 = (str_0,)
        var_0 = module_0.func(*tuple_0)
>       assert var_0 == 2151
E       assert 1863 == 2151

c4b_bak/src_1018/7/test_transformed_src_1018.py:26: AssertionError
_________________________________ test_case_3 __________________________________

    def test_case_3():
        str_0 = "2B0T"
        tuple_0 = (str_0,)
        var_0 = module_0.func(*tuple_0)
>       assert var_0 == 479
E       assert 407 == 479

c4b_bak/src_1018/7/test_transformed_src_1018.py:36: AssertionError
_________________________________ test_case_5 __________________________________

    def test_case_5():
        str_0 = "29mB0T"
        tuple_0 = (str_0,)
        var_0 = module_0.func(*tuple_0)
>       assert var_0 == 2711
E       assert 1919 == 2711

c4b_bak/src_1018/7/test_transformed_src_1018.py:54: AssertionError
=========================== short test summary info ============================
FAILED c4b_bak/src_1018/7/test_transformed_src_1018.py::test_case_2 - assert ...
FAILED c4b_bak/src_1018/7/test_transformed_src_1018.py::test_case_3 - assert ...
FAILED c4b_bak/src_1018/7/test_transformed_src_1018.py::test_case_5 - assert ...
========================= 3 failed, 2 passed in 0.04s ==========================
