============================= test session starts ==============================
platform linux -- Python 3.10.12, pytest-7.4.4, pluggy-1.4.0
rootdir: /home/khashayar/projs/det-gen
plugins: anyio-4.3.0
collected 1 item

c4b_bak/src_2459/8/test_transformed_src_2459.py F                        [100%]

=================================== FAILURES ===================================
_________________________________ test_case_1 __________________________________

    def test_case_1():
        bytes_0 = b"\xb2m\x1c\x91\xfe\x9a\x91>+\x15\xc8WS\xe66\x0e"
        var_0 = module_0.func(*bytes_0)
>       assert var_0 == 13
E       assert 14 == 13

c4b_bak/src_2459/8/test_transformed_src_2459.py:16: AssertionError
=========================== short test summary info ============================
FAILED c4b_bak/src_2459/8/test_transformed_src_2459.py::test_case_1 - assert ...
============================== 1 failed in 0.04s ===============================
