============================= test session starts ==============================
platform linux -- Python 3.10.12, pytest-7.4.4, pluggy-1.4.0
rootdir: /home/khashayar/projs/det-gen
plugins: anyio-4.3.0
collected 2 items

c4b_bak/src_1902/5/test_transformed_src_1902.py F.                       [100%]

=================================== FAILURES ===================================
_________________________________ test_case_0 __________________________________

    def test_case_0():
        bytes_0 = b"@\x94\x96d\xef\x06\x88\x12EwT\x82\xfc\xb98\xe4v\x1a"
        var_0 = module_0.func(*bytes_0)
>       assert (
            var_0
            == "I hate that I love that I hate that I love that I hate that I love that I hate that I love that I hate that I love that I hate that I love that I hate that I love that I hate that I love that I hate that I love that I hate that I love that I hate that I love that I hate that I love that I hate that I love that I hate that I love that I hate that I love that I hate that I love that I hate that I love that I hate that I love that I hate that I love that I hate that I love that I hate that I love that I hate that I love that I hate that I love that I hate that I love that I hate that I love that I hate that I love that I hate that I love that I hate that I love that I hate that I love that I hate that I love that I hate that I love that I hate that I love it"
        )
E       AssertionError: assert 'I love that ...hat I hate it' == 'I hate that ...hat I love it'
E         - I hate that I love that I hate that I love that I hate that I love that I hate that I love that I hate that I love that I hate that I love that I hate that I love that I hate that I love that I hate that I love that I hate that I love that I hate that I love that I hate that I love that I hate that I love that I hate that I love that I hate that I love that I hate that I love that I hate that I love that I hate that I love that I hate that I love that I hate that I love that I hate that I love that I hate that I love that I hate that I love that I hate that I love tha...
E         
E         ...Full output truncated (2 lines hidden), use '-vv' to show

c4b_bak/src_1902/5/test_transformed_src_1902.py:11: AssertionError
=========================== short test summary info ============================
FAILED c4b_bak/src_1902/5/test_transformed_src_1902.py::test_case_0 - Asserti...
========================= 1 failed, 1 passed in 0.04s ==========================
