============================= test session starts ==============================
platform linux -- Python 3.10.12, pytest-7.4.4, pluggy-1.4.0
rootdir: /home/khashayar/projs/det-gen
plugins: anyio-4.3.0
collected 4 items

c4b_bak/src_2383/2/test_transformed_src_2383.py ..FF                     [100%]

=================================== FAILURES ===================================
_________________________________ test_case_3 __________________________________

    def test_case_3():
        str_0 = "Fk Iw;5>YM"
        list_0 = [str_0, str_0, str_0, str_0, str_0]
        var_0 = module_0.func(*list_0)
>       assert var_0 == ".f.k. .w.;.5.>.m"
E       AssertionError: assert '.f.k. .w.;.5.>.y.m' == '.f.k. .w.;.5.>.m'
E         - .f.k. .w.;.5.>.m
E         + .f.k. .w.;.5.>.y.m
E         ?                ++

c4b_bak/src_2383/2/test_transformed_src_2383.py:34: AssertionError
_________________________________ test_case_4 __________________________________

    def test_case_4():
        str_0 = ")2r#3}jOQzEF=0iYOa"
        list_0 = [str_0, str_0, str_0]
        var_0 = module_0.func(*list_0)
>       assert var_0 == ".).2.r.#.3.}.j.q.z.f.=.0"
E       AssertionError: assert '.).2.r.#.3.}.j.q.z.f.=.0.y' == '.).2.r.#.3.}.j.q.z.f.=.0'
E         - .).2.r.#.3.}.j.q.z.f.=.0
E         + .).2.r.#.3.}.j.q.z.f.=.0.y
E         ?                         ++

c4b_bak/src_2383/2/test_transformed_src_2383.py:43: AssertionError
=========================== short test summary info ============================
FAILED c4b_bak/src_2383/2/test_transformed_src_2383.py::test_case_3 - Asserti...
FAILED c4b_bak/src_2383/2/test_transformed_src_2383.py::test_case_4 - Asserti...
========================= 2 failed, 2 passed in 0.03s ==========================
