============================= test session starts ==============================
platform linux -- Python 3.10.12, pytest-7.4.4, pluggy-1.4.0
rootdir: /home/khashayar/projs/det-gen
plugins: anyio-4.3.0
collected 7 items

c4b_bak/src_515/2/test_transformed_src_515.py ..F...F                    [100%]

=================================== FAILURES ===================================
_________________________________ test_case_3 __________________________________

    def test_case_3():
        str_0 = 'Ed\nyB\x0c"mSf'
        list_0 = [str_0, str_0, str_0]
        var_0 = module_0.func(*list_0)
>       assert var_0 == '.d.\n.b.\x0c.".m.s.f'
E       assert '.d.\n.y.b.\x0c.".m.s.f' == '.d.\n.b.\x0c.".m.s.f'
E           .d.
E         - .b.
E         + .y.b.
E         ? ++
E           .".m.s.f

c4b_bak/src_515/2/test_transformed_src_515.py:36: AssertionError
_________________________________ test_case_7 __________________________________

    def test_case_7():
        str_0 = 'E|\nyB\x0c"maf'
        var_0 = module_0.func(*str_0)
        assert var_0 == ""
        list_0 = [str_0, str_0, str_0]
        var_1 = module_0.func(*list_0)
>       assert var_1 == '.|.\n.b.\x0c.".m.f'
E       assert '.|.\n.y.b.\x0c.".m.f' == '.|.\n.b.\x0c.".m.f'
E           .|.
E         - .b.
E         + .y.b.
E         ? ++
E           .".m.f

c4b_bak/src_515/2/test_transformed_src_515.py:77: AssertionError
=========================== short test summary info ============================
FAILED c4b_bak/src_515/2/test_transformed_src_515.py::test_case_3 - assert '....
FAILED c4b_bak/src_515/2/test_transformed_src_515.py::test_case_7 - assert '....
========================= 2 failed, 5 passed in 0.04s ==========================
