============================= test session starts ==============================
platform linux -- Python 3.10.12, pytest-7.4.4, pluggy-1.4.0
rootdir: /home/khashayar/projs/det-gen
plugins: anyio-4.3.0
collected 4 items

c4b_bak/src_2396/5/test_transformed_src_2396.py ...F                     [100%]

=================================== FAILURES ===================================
_________________________________ test_case_4 __________________________________

    def test_case_4():
        str_0 = "$\tG,{wC@?.0ZuU.YI&I4"
        list_0 = [str_0, str_0]
        var_0 = module_0.func(*list_0)
>       assert var_0 == ".$.\t.g.,.{.w.c.@.?...0.z...&.4"
E       AssertionError: assert '.$.\t.g.,.{......0.z...y.&.4' == '.$.\t.g.,.{....?...0.z...&.4'
E         - .$.	.g.,.{.w.c.@.?...0.z...&.4
E         + .$.	.g.,.{.w.c.@.?...0.z...y.&.4
E         ?    	                       ++

c4b_bak/src_2396/5/test_transformed_src_2396.py:45: AssertionError
=========================== short test summary info ============================
FAILED c4b_bak/src_2396/5/test_transformed_src_2396.py::test_case_4 - Asserti...
========================= 1 failed, 3 passed in 0.04s ==========================
