============================= test session starts ==============================
platform linux -- Python 3.10.12, pytest-7.4.4, pluggy-1.4.0
rootdir: /home/khashayar/projs/det-gen
plugins: anyio-4.3.0
collected 1 item

c4b_bak/src_1760/7/test_transformed_src_1760.py F                        [100%]

=================================== FAILURES ===================================
_________________________________ test_case_0 __________________________________

    def test_case_0():
        float_0 = -702.46691
        list_0 = [float_0]
>       var_0 = module_0.func(*list_0)

c4b_bak/src_1760/7/test_transformed_src_1760.py:11: 
_ _ _ _ _ _ _ _ _ _ _ _ _ _ _ _ _ _ _ _ _ _ _ _ _ _ _ _ _ _ _ _ _ _ _ _ _ _ _ _ 

args = (-702.46691,), s = -702.46691, counter = 0

    def func(*args):
    
    	s = args[0]
    	counter = 0
>   	for c in s:
E    TypeError: 'float' object is not iterable

c4b_bak/src_1760/7/src_1760.py:5: TypeError
=========================== short test summary info ============================
FAILED c4b_bak/src_1760/7/test_transformed_src_1760.py::test_case_0 - TypeErr...
============================== 1 failed in 0.02s ===============================
