============================= test session starts ==============================
platform linux -- Python 3.10.12, pytest-7.4.4, pluggy-1.4.0
rootdir: /home/khashayar/projs/det-gen
plugins: anyio-4.3.0
collected 7 items

c4b_bak/src_1529/2/test_transformed_src_1529.py ..F....                  [100%]

=================================== FAILURES ===================================
_________________________________ test_case_3 __________________________________

    def test_case_3():
        str_0 = 'K`T)#d"FAi#Jyl,Y+S<7'
        var_0 = module_0.func(*str_0)
>       assert var_0 == "k"
E       AssertionError: assert 'K' == 'k'
E         - k
E         + K

c4b_bak/src_1529/2/test_transformed_src_1529.py:28: AssertionError
=========================== short test summary info ============================
FAILED c4b_bak/src_1529/2/test_transformed_src_1529.py::test_case_3 - Asserti...
========================= 1 failed, 6 passed in 0.04s ==========================
