============================= test session starts ==============================
platform linux -- Python 3.10.12, pytest-7.4.4, pluggy-1.4.0
rootdir: /home/khashayar/projs/det-gen
plugins: anyio-4.3.0
collected 2 items

c4b_bak/src_1375/7/test_transformed_src_1375.py .F                       [100%]

=================================== FAILURES ===================================
_________________________________ test_case_1 __________________________________

    def test_case_1():
        bool_0 = False
        list_0 = [bool_0, bool_0, bool_0, bool_0]
>       var_0 = module_0.func(*list_0)

c4b_bak/src_1375/7/test_transformed_src_1375.py:20: 
_ _ _ _ _ _ _ _ _ _ _ _ _ _ _ _ _ _ _ _ _ _ _ _ _ _ _ _ _ _ _ _ _ _ _ _ _ _ _ _ 

args = (False, False, False, False), n = 0, l = [0, 1, 2, 3, 4]
name = ['Sheldon', 'Leonard', 'Penny', 'Rajesh', 'Howard']

    def func(*args):
    
    	n = int(args[0])
    	l = [0, 1, 2, 3, 4]
    	name = ['Sheldon', 'Leonard', 'Penny', 'Rajesh', 'Howard']
    	while n:
    	    n -= 1
    	    p = l[0]
    	    l.append(p)
    	    l.append(p)
    	    l.pop(0)
>   	return(name[p])
E    UnboundLocalError: local variable 'p' referenced before assignment

c4b_bak/src_1375/7/src_1375.py:12: UnboundLocalError
=========================== short test summary info ============================
FAILED c4b_bak/src_1375/7/test_transformed_src_1375.py::test_case_1 - Unbound...
========================= 1 failed, 1 passed in 0.03s ==========================
