============================= test session starts ==============================
platform linux -- Python 3.10.12, pytest-7.4.4, pluggy-1.4.0
rootdir: /home/khashayar/projs/det-gen
plugins: anyio-4.3.0
collected 4 items

c4b_bak/src_2158/1/test_transformed_src_2158.py F.F.                     [100%]

=================================== FAILURES ===================================
_________________________________ test_case_1 __________________________________

    def test_case_1():
        str_0 = "48\nZvRH\rx/,"
        list_0 = [str_0]
        var_0 = module_0.func(*list_0)
>       assert var_0 == "01:10"
E       AssertionError: assert '10:01' == '01:10'
E         - 01:10
E         + 10:01

c4b_bak/src_2158/1/test_transformed_src_2158.py:18: AssertionError
_________________________________ test_case_3 __________________________________

    def test_case_3():
        str_0 = "38\nZvRH\rx/,"
        list_0 = [str_0]
        var_0 = module_0.func(*list_0)
>       assert var_0 == "15:51"
E       AssertionError: assert '10:01' == '15:51'
E         - 15:51
E         + 10:01

c4b_bak/src_2158/1/test_transformed_src_2158.py:35: AssertionError
=========================== short test summary info ============================
FAILED c4b_bak/src_2158/1/test_transformed_src_2158.py::test_case_1 - Asserti...
FAILED c4b_bak/src_2158/1/test_transformed_src_2158.py::test_case_3 - Asserti...
========================= 2 failed, 2 passed in 0.04s ==========================
