============================= test session starts ==============================
platform linux -- Python 3.10.12, pytest-7.4.4, pluggy-1.4.0
rootdir: /home/khashayar/projs/det-gen
plugins: anyio-4.3.0
collected 3 items

c4b_bak/src_463/5/test_transformed_src_463.py .FF                        [100%]

=================================== FAILURES ===================================
_________________________________ test_case_2 __________________________________

    def test_case_2():
        str_0 = "egTNN\tx\tx;bn"
        list_0 = [str_0, str_0, str_0, str_0]
        var_0 = module_0.func(*list_0)
>       assert var_0 == "egTNN\tx\tx;bn"
E       AssertionError: assert 'Egtnn\tx\tx;bn' == 'egTNN\tx\tx;bn'
E         - egTNN	x	x;bn
E         + Egtnn	x	x;bn

c4b_bak/src_463/5/test_transformed_src_463.py:28: AssertionError
_________________________________ test_case_3 __________________________________

    def test_case_3():
        str_0 = "egTN\tx\tF3x;bn"
        list_0 = [str_0, str_0, str_0, str_0]
        var_0 = module_0.func(*list_0)
>       assert var_0 == "egTN\tx\tF3x;bn"
E       AssertionError: assert 'Egtn\tx\tf3x;bn' == 'egTN\tx\tF3x;bn'
E         - egTN	x	F3x;bn
E         + Egtn	x	f3x;bn

c4b_bak/src_463/5/test_transformed_src_463.py:37: AssertionError
=========================== short test summary info ============================
FAILED c4b_bak/src_463/5/test_transformed_src_463.py::test_case_2 - Assertion...
FAILED c4b_bak/src_463/5/test_transformed_src_463.py::test_case_3 - Assertion...
========================= 2 failed, 1 passed in 0.04s ==========================
