============================= test session starts ==============================
platform linux -- Python 3.10.12, pytest-7.4.4, pluggy-1.4.0
rootdir: /home/khashayar/projs/det-gen
plugins: anyio-4.3.0
collected 4 items

c4b_bak/src_2354/0/test_transformed_src_2354.py ..F.                     [100%]

=================================== FAILURES ===================================
_________________________________ test_case_3 __________________________________

    def test_case_3():
        str_0 = "Pe*Y"
        list_0 = [str_0, str_0, str_0, str_0]
        var_0 = module_0.func(*list_0)
>       assert var_0 == ".p.*"
E       AssertionError: assert '.p.*.y' == '.p.*'
E         - .p.*
E         + .p.*.y
E         ?     ++

c4b_bak/src_2354/0/test_transformed_src_2354.py:28: AssertionError
=========================== short test summary info ============================
FAILED c4b_bak/src_2354/0/test_transformed_src_2354.py::test_case_3 - Asserti...
========================= 1 failed, 3 passed in 0.03s ==========================
