============================= test session starts ==============================
platform linux -- Python 3.10.12, pytest-7.4.4, pluggy-1.4.0
rootdir: /home/khashayar/projs/det-gen
plugins: anyio-4.3.0
collected 1 item

c4b_bak/src_1485/0/test_transformed_src_1485.py F                        [100%]

=================================== FAILURES ===================================
_________________________________ test_case_1 __________________________________

    def test_case_1():
        bytes_0 = b"<\x85\xe4\x90\xf8C\xc9\xdc\xb2\xfb\xb2"
        var_0 = module_0.func(*bytes_0)
>       assert var_0 == 7
E       assert 8 == 7

c4b_bak/src_1485/0/test_transformed_src_1485.py:16: AssertionError
=========================== short test summary info ============================
FAILED c4b_bak/src_1485/0/test_transformed_src_1485.py::test_case_1 - assert ...
============================== 1 failed in 0.04s ===============================
