============================= test session starts ==============================
platform linux -- Python 3.10.12, pytest-7.4.4, pluggy-1.4.0
rootdir: /home/khashayar/projs/det-gen
plugins: anyio-4.3.0
collected 2 items

c4b_bak/src_1027/6/test_transformed_src_1027.py FF                       [100%]

=================================== FAILURES ===================================
_________________________________ test_case_0 __________________________________

    def test_case_0():
        bool_0 = False
        list_0 = [bool_0]
        var_0 = module_0.func(*list_0)
>       assert var_0 == "0"
E       AssertionError: assert '1' == '0'
E         - 0
E         + 1

c4b_bak/src_1027/6/test_transformed_src_1027.py:12: AssertionError
_________________________________ test_case_2 __________________________________

    def test_case_2():
        float_0 = 52.577218
        list_0 = [float_0, float_0, float_0, float_0]
        var_0 = module_0.func(*list_0)
>       assert (
            var_0
            == "52 1 2 3 4 5 6 7 8 9 10 11 12 13 14 15 16 17 18 19 20 21 22 23 24 25 26 27 28 29 30 31 32 33 34 35 36 37 38 39 40 41 42 43 44 45 46 47 48 49 50 51"
        )
E       AssertionError: assert '2 3 4 5 6 7 ...49 50 51 52 1' == '52 1 2 3 4 5...7 48 49 50 51'
E         - 52 1 2 3 4 5 6 7 8 9 10 11 12 13 14 15 16 17 18 19 20 21 22 23 24 25 26 27 28 29 30 31 32 33 34 35 36 37 38 39 40 41 42 43 44 45 46 47 48 49 50 51
E         + 2 3 4 5 6 7 8 9 10 11 12 13 14 15 16 17 18 19 20 21 22 23 24 25 26 27 28 29 30 31 32 33 34 35 36 37 38 39 40 41 42 43 44 45 46 47 48 49 50 51 52 1

c4b_bak/src_1027/6/test_transformed_src_1027.py:25: AssertionError
=========================== short test summary info ============================
FAILED c4b_bak/src_1027/6/test_transformed_src_1027.py::test_case_0 - Asserti...
FAILED c4b_bak/src_1027/6/test_transformed_src_1027.py::test_case_2 - Asserti...
============================== 2 failed in 0.05s ===============================
