============================= test session starts ==============================
platform linux -- Python 3.10.12, pytest-7.4.4, pluggy-1.4.0
rootdir: /home/khashayar/projs/det-gen
plugins: anyio-4.3.0
collected 3 items

c4b_bak/src_2394/0/test_transformed_src_2394.py .F.                      [100%]

=================================== FAILURES ===================================
_________________________________ test_case_2 __________________________________

    def test_case_2():
        bytes_0 = b"\xd6\xac\x0cZ"
        list_0 = [bytes_0, bytes_0, bytes_0, bytes_0, bytes_0, bytes_0, bytes_0]
        var_0 = module_0.func(*list_0)
        assert var_0 == "NO"
        list_1 = [list_0, bytes_0]
        var_1 = module_0.func(*list_1)
>       assert var_1 == "YES"
E       AssertionError: assert 'NO' == 'YES'
E         - YES
E         + NO

c4b_bak/src_2394/0/test_transformed_src_2394.py:28: AssertionError
=========================== short test summary info ============================
FAILED c4b_bak/src_2394/0/test_transformed_src_2394.py::test_case_2 - Asserti...
========================= 1 failed, 2 passed in 0.07s ==========================
