============================= test session starts ==============================
platform linux -- Python 3.10.12, pytest-7.4.4, pluggy-1.4.0
rootdir: /home/khashayar/projs/det-gen
plugins: anyio-4.3.0
collected 4 items

c4b_bak/src_1705/3/test_transformed_src_1705.py FF.F                     [100%]

=================================== FAILURES ===================================
_________________________________ test_case_0 __________________________________

    def test_case_0():
        bytes_0 = b"\x00\xf0\x03\x0cA\x02\xb5\x8a `Y\xe4\xf0xr\x1e\xaaHK"
        var_0 = module_0.func(*bytes_0)
>       assert var_0 == 0
E       assert 15 == 0

c4b_bak/src_1705/3/test_transformed_src_1705.py:10: AssertionError
_________________________________ test_case_1 __________________________________

    def test_case_1():
        bool_0 = True
        list_0 = [bool_0, bool_0, bool_0, bool_0, bool_0, bool_0]
        var_0 = module_0.func(*list_0)
>       assert var_0 == 1
E       assert 0 == 1

c4b_bak/src_1705/3/test_transformed_src_1705.py:17: AssertionError
_________________________________ test_case_4 __________________________________

    def test_case_4():
        bool_0 = True
        bool_1 = False
        list_0 = [bool_1, bool_0, bool_1, bool_0, bool_0, bool_0]
        var_0 = module_0.func(*list_0)
>       assert var_0 == 0
E       assert 1 == 0

c4b_bak/src_1705/3/test_transformed_src_1705.py:40: AssertionError
=========================== short test summary info ============================
FAILED c4b_bak/src_1705/3/test_transformed_src_1705.py::test_case_0 - assert ...
FAILED c4b_bak/src_1705/3/test_transformed_src_1705.py::test_case_1 - assert ...
FAILED c4b_bak/src_1705/3/test_transformed_src_1705.py::test_case_4 - assert ...
========================= 3 failed, 1 passed in 0.05s ==========================
