============================= test session starts ==============================
platform linux -- Python 3.10.12, pytest-7.4.4, pluggy-1.4.0
rootdir: /home/khashayar/projs/det-gen
plugins: anyio-4.3.0
collected 1 item

c4b_bak/src_2320/0/test_transformed_src_2320.py F                        [100%]

=================================== FAILURES ===================================
_________________________________ test_case_0 __________________________________

    def test_case_0():
        str_0 = "*18y\nRwXnpO)Ne7E"
        list_0 = [str_0]
        var_0 = module_0.func(*list_0)
>       assert var_0 == ".*.1.8.\n.r.w.x.n.p.).n.7"
E       AssertionError: assert '.*.1.8.y.\n.r.w.x.n.p.).n.7' == '.*.1.8.\n.r.w.x.n.p.).n.7'
E         - .*.1.8.
E         + .*.1.8.y.
E         ?        ++
E           .r.w.x.n.p.).n.7

c4b_bak/src_2320/0/test_transformed_src_2320.py:12: AssertionError
=========================== short test summary info ============================
FAILED c4b_bak/src_2320/0/test_transformed_src_2320.py::test_case_0 - Asserti...
============================== 1 failed in 0.04s ===============================
