============================= test session starts ==============================
platform linux -- Python 3.10.12, pytest-7.4.4, pluggy-1.4.0
rootdir: /home/khashayar/projs/det-gen
plugins: anyio-4.3.0
collected 4 items

c4b_bak/src_2158/6/test_transformed_src_2158.py F...                     [100%]

=================================== FAILURES ===================================
_________________________________ test_case_0 __________________________________

    def test_case_0():
        str_0 = "48jl042&n%29<})"
        list_0 = [str_0, str_0]
        var_0 = module_0.func(*list_0)
>       assert var_0 == "01:10"
E       AssertionError: assert '10:01' == '01:10'
E         - 01:10
E         + 10:01

c4b_bak/src_2158/6/test_transformed_src_2158.py:12: AssertionError
=========================== short test summary info ============================
FAILED c4b_bak/src_2158/6/test_transformed_src_2158.py::test_case_0 - Asserti...
========================= 1 failed, 3 passed in 0.05s ==========================
