============================= test session starts ==============================
platform linux -- Python 3.10.12, pytest-7.4.4, pluggy-1.4.0
rootdir: /home/khashayar/projs/det-gen
plugins: anyio-4.3.0
collected 4 items

c4b_bak/src_2213/7/test_transformed_src_2213.py ...F                     [100%]

=================================== FAILURES ===================================
_________________________________ test_case_4 __________________________________

    def test_case_4():
        float_0 = 1667.6223035588946
        list_0 = [float_0, float_0]
        var_0 = module_0.func(*list_0)
>       assert var_0 == 1670
E       assert 1668 == 1670

c4b_bak/src_2213/7/test_transformed_src_2213.py:46: AssertionError
=========================== short test summary info ============================
FAILED c4b_bak/src_2213/7/test_transformed_src_2213.py::test_case_4 - assert ...
========================= 1 failed, 3 passed in 0.03s ==========================
