============================= test session starts ==============================
platform linux -- Python 3.10.12, pytest-7.4.4, pluggy-1.4.0
rootdir: /home/khashayar/projs/det-gen
plugins: anyio-4.3.0
collected 1 item

c4b_bak/src_104/6/test_transformed_src_104.py F                          [100%]

=================================== FAILURES ===================================
_________________________________ test_case_0 __________________________________

    def test_case_0():
        float_0 = 2032.632731
        list_0 = [float_0, float_0]
        var_0 = module_0.func(*list_0)
>       assert (
            var_0
            == "aabbaabbaabbaabbaabbaabbaabbaabbaabbaabbaabbaabbaabbaabbaabbaabbaabbaabbaabbaabbaabbaabbaabbaabbaabbaabbaabbaabbaabbaabbaabbaabbaabbaabbaabbaabbaabbaabbaabbaabbaabbaabbaabbaabbaabbaabbaabbaabbaabbaabbaabbaabbaabbaabbaabbaabbaabbaabbaabbaabbaabbaabbaabbaabbaabbaabbaabbaabbaabbaabbaabbaabbaabbaabbaabbaabbaabbaabbaabbaabbaabbaabbaabbaabbaabbaabbaabbaabbaabbaabbaabbaabbaabbaabbaabbaabbaabbaabbaabbaabbaabbaabbaabbaabbaabbaabbaabbaabbaabbaabbaabbaabbaabbaabbaabbaabbaabbaabbaabbaabbaabbaabbaabbaabbaabbaabbaabbaabbaabbaabbaabbaabbaabbaabbaabbaabbaabbaabbaabbaabbaabbaabbaabbaabbaabbaabbaabbaabbaabbaabbaabbaabbaabbaabbaabbaabbaabbaabbaabbaabbaabbaabbaabbaabbaabbaabbaabbaabbaabbaabbaabbaabbaabbaabbaabbaabbaabbaabbaabbaabbaabbaabbaabbaabbaabbaabbaabbaabbaabbaabbaabbaabbaabbaabbaabbaabbaabbaabbaabbaabbaabbaabbaabbaabbaabbaabbaabbaabbaabbaabbaabbaabbaabbaabbaabbaabbaabbaabbaabbaabbaabbaabbaabbaabbaabbaabbaabbaabbaabbaabbaabbaabbaabbaabbaabbaabbaabbaabbaabbaabbaabbaabbaabbaabbaabbaabbaabbaabbaabbaabbaabbaabbaabbaabbaabbaabbaabbaabbaabbaabbaabbaabbaabbaabbaabbaabbaabbaabbaabbaabbaabbaabbaabbaabbaabbaabbaabbaabbaabbaabbaabbaabbaabbaabbaabbaabbaabbaabbaabbaabbaabbaabbaabbaabbaabbaabbaabbaabbaabbaabbaabbaabbaabbaabbaabbaabbaabbaabbaabbaabbaabbaabbaabbaabbaabbaabbaabbaabbaabbaabbaabbaabbaabbaabbaabbaabbaabbaabbaabbaabbaabbaabbaabbaabbaabbaabbaabbaabbaabbaabbaabbaabbaabbaabbaabbaabbaabbaabbaabbaabbaabbaabbaabbaabbaabbaabbaabbaabbaabbaabbaabbaabbaabbaabbaabbaabbaabbaabbaabbaabbaabbaabbaabbaabbaabbaabbaabbaabbaabbaabbaabbaabbaabbaabbaabbaabbaabbaabbaabbaabbaabbaabbaabbaabbaabbaabbaabbaabbaabbaabbaabbaabbaabbaabbaabbaabbaabbaabbaabbaabbaabbaabbaabbaabbaabbaabbaabbaabbaabbaabbaabbaabbaabbaabbaabbaabbaabbaabbaabbaabbaabbaabbaabbaabbaabbaabbaabbaabbaabbaabbaabbaabbaabbaabbaabbaabbaabbaabbaabbaabbaabbaabbaabbaabbaabbaabbaabbaabbaabbaabbaabbaabbaabbaabbaabbaabbaabbaabbaabbaabbaabbaabbaabbaabbaabbaabbaabbaabbaabbaabbaabbaabbaabbaabbaabbaabbaabbaabbaabbaabbaabbaabbaabbaabbaabbaabbaabbaabbaabbaabbaabbaabbaabbaabbaabbaabbaabbaabb"
        )
E       AssertionError: assert 'aabcaabcaabc...caabcaabcaabc' == 'aabbaabbaabb...baabbaabbaabb'
E         - aabbaabbaabbaabbaabbaabbaabbaabbaabbaabbaabbaabbaabbaabbaabbaabbaabbaabbaabbaabbaabbaabbaabbaabbaabbaabbaabbaabbaabbaabbaabbaabbaabbaabbaabbaabbaabbaabbaabbaabbaabbaabbaabbaabbaabbaabbaabbaabbaabbaabbaabbaabbaabbaabbaabbaabbaabbaabbaabbaabbaabbaabbaabbaabbaabbaabbaabbaabbaabbaabbaabbaabbaabbaabbaabbaabbaabbaabbaabbaabbaabbaabbaabbaabbaabbaabbaabbaabbaabbaabbaabbaabbaabbaabbaabbaabbaabbaabbaabbaabbaabbaabbaabbaabbaabbaabbaabbaabbaabbaabbaabbaabbaabbaabbaabbaabbaabbaabbaabbaabbaabbaabbaabbaabbaabbaabbaabbaabbaabbaabbaabbaabbaabbaabbaabbaabbaabbaabbaabbaabbaabbaabbaabbaa...
E         
E         ...Full output truncated (2 lines hidden), use '-vv' to show

c4b_bak/src_104/6/test_transformed_src_104.py:12: AssertionError
=========================== short test summary info ============================
FAILED c4b_bak/src_104/6/test_transformed_src_104.py::test_case_0 - Assertion...
============================== 1 failed in 0.03s ===============================
