============================= test session starts ==============================
platform linux -- Python 3.10.12, pytest-7.4.4, pluggy-1.4.0
rootdir: /home/khashayar/projs/det-gen
plugins: anyio-4.3.0
collected 4 items

c4b_bak/src_487/2/test_transformed_src_487.py F...                       [100%]

=================================== FAILURES ===================================
_________________________________ test_case_0 __________________________________

    def test_case_0():
        str_0 = 'AphY0Rf"?6*Wq'
        var_0 = module_0.func(*str_0)
>       assert var_0 == "a"
E       AssertionError: assert 'A' == 'a'
E         - a
E         + A

c4b_bak/src_487/2/test_transformed_src_487.py:12: AssertionError
=========================== short test summary info ============================
FAILED c4b_bak/src_487/2/test_transformed_src_487.py::test_case_0 - Assertion...
========================= 1 failed, 3 passed in 0.03s ==========================
