============================= test session starts ==============================
platform linux -- Python 3.10.12, pytest-7.4.4, pluggy-1.4.0
rootdir: /home/khashayar/projs/det-gen
plugins: anyio-4.3.0
collected 7 items

c4b_bak/src_2330/7/test_transformed_src_2330.py FFFF..F                  [100%]

=================================== FAILURES ===================================
_________________________________ test_case_1 __________________________________

    def test_case_1():
        str_0 = "bq4\na|c-iQA"
        list_0 = [str_0, str_0]
        var_0 = module_0.func(*list_0)
>       assert var_0 == "bq4\na|c-iQA"
E       AssertionError: assert 'Bq4\nA|C-Iqa' == 'bq4\na|c-iQA'
E         - bq4
E         ? ^
E         + Bq4
E         ? ^
E         - a|c-iQA
E         + A|C-Iqa

c4b_bak/src_2330/7/test_transformed_src_2330.py:17: AssertionError
_________________________________ test_case_2 __________________________________

    def test_case_2():
        str_0 = "bNq4\na|ciQA"
        list_0 = [str_0, str_0]
        var_0 = module_0.func(*list_0)
>       assert var_0 == "bNq4\na|ciQA"
E       AssertionError: assert 'Bnq4\nA|Ciqa' == 'bNq4\na|ciQA'
E         - bNq4
E         - a|ciQA
E         + Bnq4
E         + A|Ciqa

c4b_bak/src_2330/7/test_transformed_src_2330.py:25: AssertionError
_________________________________ test_case_3 __________________________________

    def test_case_3():
        str_0 = "pP"
        list_0 = [str_0, str_0]
        var_0 = module_0.func(*list_0)
        assert var_0 == "Pp"
        var_1 = module_0.func(*var_0)
>       assert var_1 == "p"
E       AssertionError: assert 'P' == 'p'
E         - p
E         + P

c4b_bak/src_2330/7/test_transformed_src_2330.py:38: AssertionError
_________________________________ test_case_4 __________________________________

    def test_case_4():
        str_0 = "bNq4\na|ciQA"
        list_0 = [str_0, str_0]
        var_0 = module_0.func(*list_0)
>       assert var_0 == "bNq4\na|ciQA"
E       AssertionError: assert 'Bnq4\nA|Ciqa' == 'bNq4\na|ciQA'
E         - bNq4
E         - a|ciQA
E         + Bnq4
E         + A|Ciqa

c4b_bak/src_2330/7/test_transformed_src_2330.py:46: AssertionError
_________________________________ test_case_7 __________________________________

    def test_case_7():
        str_0 = "RP"
        list_0 = [str_0, str_0]
        var_0 = module_0.func(*list_0)
>       assert var_0 == "rp"
E       AssertionError: assert 'Rp' == 'rp'
E         - rp
E         + Rp

c4b_bak/src_2330/7/test_transformed_src_2330.py:70: AssertionError
=========================== short test summary info ============================
FAILED c4b_bak/src_2330/7/test_transformed_src_2330.py::test_case_1 - Asserti...
FAILED c4b_bak/src_2330/7/test_transformed_src_2330.py::test_case_2 - Asserti...
FAILED c4b_bak/src_2330/7/test_transformed_src_2330.py::test_case_3 - Asserti...
FAILED c4b_bak/src_2330/7/test_transformed_src_2330.py::test_case_4 - Asserti...
FAILED c4b_bak/src_2330/7/test_transformed_src_2330.py::test_case_7 - Asserti...
========================= 5 failed, 2 passed in 0.06s ==========================
