============================= test session starts ==============================
platform linux -- Python 3.10.12, pytest-7.4.4, pluggy-1.4.0
rootdir: /home/khashayar/projs/det-gen
plugins: anyio-4.3.0
collected 5 items

c4b_bak/src_1438/6/test_transformed_src_1438.py F..F.                    [100%]

=================================== FAILURES ===================================
_________________________________ test_case_1 __________________________________

    def test_case_1():
        str_0 = "H<@J\ttf6 iYa"
        var_0 = module_0.func(*str_0)
>       assert var_0 == "h"
E       AssertionError: assert 'H' == 'h'
E         - h
E         + H

c4b_bak/src_1438/6/test_transformed_src_1438.py:15: AssertionError
_________________________________ test_case_4 __________________________________

    def test_case_4():
        str_0 = ":R?"
        list_0 = [str_0]
        var_0 = module_0.func(*list_0)
        assert var_0 == ":r?"
        str_1 = "H<@J\ttf6 iYa"
        list_1 = [str_1, str_1, str_1]
        var_1 = module_0.func(*list_1)
        assert var_1 == "H<@J\ttf6 iYa"
        var_2 = module_0.func(*list_1)
        assert var_2 == "H<@J\ttf6 iYa"
        var_3 = module_0.func(*var_1)
>       assert var_3 == "h"
E       AssertionError: assert 'H' == 'h'
E         - h
E         + H

c4b_bak/src_1438/6/test_transformed_src_1438.py:49: AssertionError
=========================== short test summary info ============================
FAILED c4b_bak/src_1438/6/test_transformed_src_1438.py::test_case_1 - Asserti...
FAILED c4b_bak/src_1438/6/test_transformed_src_1438.py::test_case_4 - Asserti...
========================= 2 failed, 3 passed in 0.04s ==========================
