============================= test session starts ==============================
platform linux -- Python 3.10.12, pytest-7.4.4, pluggy-1.4.0
rootdir: /home/khashayar/projs/det-gen
plugins: anyio-4.3.0
collected 13 items

c4b_bak/src_906/6/test_transformed_src_906.py ....F.F......              [100%]

=================================== FAILURES ===================================
_________________________________ test_case_5 __________________________________

    def test_case_5():
        str_0 = "9Y\x0c,H2=n[I5"
        list_0 = [str_0]
        var_0 = module_0.func(*list_0)
>       assert var_0 == ".9.\x0c.,.h.2.=.n.[.5"
E       AssertionError: assert '.9.y.\x0c.,.h.2.=.n.[.5' == '.9.\x0c.,.h.2.=.n.[.5'
E         - .9.
E         + .9.y.
E         ?    ++
E           .,.h.2.=.n.[.5

c4b_bak/src_906/6/test_transformed_src_906.py:49: AssertionError
_________________________________ test_case_7 __________________________________

    def test_case_7():
        str_0 = "jy\x0cnbdl-#_\x0cW2"
        list_0 = [str_0]
        var_0 = module_0.func(*list_0)
>       assert var_0 == ".j.\x0c.n.b.d.l.-.#._.\x0c.w.2"
E       AssertionError: assert '.j.y.\x0c.n.....#._.\x0c.w.2' == '.j.\x0c.n.b.....#._.\x0c.w.2'
E         - .j.
E         + .j.y.
E         ?    ++
E           .n.b.d.l.-.#._.
E           .w.2

c4b_bak/src_906/6/test_transformed_src_906.py:67: AssertionError
=========================== short test summary info ============================
FAILED c4b_bak/src_906/6/test_transformed_src_906.py::test_case_5 - Assertion...
FAILED c4b_bak/src_906/6/test_transformed_src_906.py::test_case_7 - Assertion...
========================= 2 failed, 11 passed in 0.05s =========================
