============================= test session starts ==============================
platform linux -- Python 3.10.12, pytest-7.4.4, pluggy-1.4.0
rootdir: /home/khashayar/projs/det-gen
plugins: anyio-4.3.0
collected 3 items

c4b_bak/src_2388/4/test_transformed_src_2388.py ..F                      [100%]

=================================== FAILURES ===================================
_________________________________ test_case_3 __________________________________

    def test_case_3():
        str_0 = "y=GB:,`$tqG"
        none_type_0 = None
        list_0 = [str_0, str_0]
        var_0 = module_0.func(*list_0)
>       assert var_0 == ".].g.b.Z.L.\x80.D.t.q.g"
E       AssertionError: assert '.y.].g.b.Z.L.\x80.D.t.q.g' == '.].g.b.Z.L.\x80.D.t.q.g'
E         - .].g.b.Z.L..D.t.q.g
E         + .y.].g.b.Z.L..D.t.q.g
E         ? ++

c4b_bak/src_2388/4/test_transformed_src_2388.py:36: AssertionError
=========================== short test summary info ============================
FAILED c4b_bak/src_2388/4/test_transformed_src_2388.py::test_case_3 - Asserti...
========================= 1 failed, 2 passed in 0.03s ==========================
