============================= test session starts ==============================
platform linux -- Python 3.10.12, pytest-7.4.4, pluggy-1.4.0
rootdir: /home/khashayar/projs/det-gen
plugins: anyio-4.3.0
collected 2 items

c4b_bak/src_1520/9/test_transformed_src_1520.py FF                       [100%]

=================================== FAILURES ===================================
_________________________________ test_case_1 __________________________________

    def test_case_1():
        bytes_0 = b"R\xa1\xc3co\xf0\xbeGy\x0ft\xfb\xc3p\xef\x8bS\xa1e"
        var_0 = module_0.func(*bytes_0)
>       assert var_0 == 2
E       assert 3 == 2

c4b_bak/src_1520/9/test_transformed_src_1520.py:17: AssertionError
_________________________________ test_case_2 __________________________________

    def test_case_2():
        bytes_0 = b"\xa1\xc3co\xf0\xbeGy\x0ft\xfb\xc3p\xef\x8bS\xa1e"
        var_0 = module_0.func(*bytes_0)
>       assert var_0 == 6
E       assert 7 == 6

c4b_bak/src_1520/9/test_transformed_src_1520.py:25: AssertionError
=========================== short test summary info ============================
FAILED c4b_bak/src_1520/9/test_transformed_src_1520.py::test_case_1 - assert ...
FAILED c4b_bak/src_1520/9/test_transformed_src_1520.py::test_case_2 - assert ...
============================== 2 failed in 0.04s ===============================
