============================= test session starts ==============================
platform linux -- Python 3.10.12, pytest-7.4.4, pluggy-1.4.0
rootdir: /home/khashayar/projs/det-gen
plugins: anyio-4.3.0
collected 3 items

c4b_bak/src_1994/6/test_transformed_src_1994.py ..F                      [100%]

=================================== FAILURES ===================================
_________________________________ test_case_2 __________________________________

    def test_case_2():
        str_0 = "$\x0c;>G2mX2[o/o|0Jfmlg"
        bytes_0 = b"\x98\xa5G\xf4\xc3D\xb6d\x12\x94blGk\xe6S\x86\x93$"
        dict_0 = {
            str_0: str_0,
            bytes_0: str_0,
            bytes_0: bytes_0,
            bytes_0: bytes_0,
            str_0: str_0,
        }
        complex_0 = 2430.851 + 1896.43068j
        list_0 = [dict_0, bytes_0, complex_0, dict_0]
        list_1 = [str_0, list_0]
        var_0 = module_0.func(*list_1)
>       assert var_0 == 20
E       assert 17 == 20

c4b_bak/src_1994/6/test_transformed_src_1994.py:35: AssertionError
=========================== short test summary info ============================
FAILED c4b_bak/src_1994/6/test_transformed_src_1994.py::test_case_2 - assert ...
========================= 1 failed, 2 passed in 0.04s ==========================
