============================= test session starts ==============================
platform linux -- Python 3.10.12, pytest-7.4.4, pluggy-1.4.0
rootdir: /home/khashayar/projs/det-gen
plugins: anyio-4.3.0
collected 3 items

c4b_bak/src_194/6/test_transformed_src_194.py ..F                        [100%]

=================================== FAILURES ===================================
_________________________________ test_case_3 __________________________________

    def test_case_3():
        set_0 = set()
        str_0 = "V"
        bool_0 = False
        tuple_0 = (set_0, str_0, bool_0)
        list_0 = [tuple_0, set_0, tuple_0]
        var_0 = module_0.func(*str_0)
>       assert var_0 == "V"
E       AssertionError: assert 'v' == 'V'
E         - V
E         + v

c4b_bak/src_194/6/test_transformed_src_194.py:37: AssertionError
=========================== short test summary info ============================
FAILED c4b_bak/src_194/6/test_transformed_src_194.py::test_case_3 - Assertion...
========================= 1 failed, 2 passed in 0.05s ==========================
