============================= test session starts ==============================
platform linux -- Python 3.10.12, pytest-7.4.4, pluggy-1.4.0
rootdir: /home/khashayar/projs/det-gen
plugins: anyio-4.3.0
collected 11 items

c4b_bak/src_2643/0/test_transformed_src_2643.py ......FF...              [100%]

=================================== FAILURES ===================================
_________________________________ test_case_7 __________________________________

    def test_case_7():
        str_0 = "KKyVVxY~O=P9"
        list_0 = [str_0, str_0, str_0]
        var_0 = module_0.func(*list_0)
>       assert var_0 == 1
E       assert 0 == 1

c4b_bak/src_2643/0/test_transformed_src_2643.py:66: AssertionError
_________________________________ test_case_8 __________________________________

    def test_case_8():
        str_0 = "KKK^VVxYO=P9"
        list_0 = [str_0, str_0, str_0]
        var_0 = module_0.func(*list_0)
>       assert var_0 == 1
E       assert 0 == 1

c4b_bak/src_2643/0/test_transformed_src_2643.py:73: AssertionError
=========================== short test summary info ============================
FAILED c4b_bak/src_2643/0/test_transformed_src_2643.py::test_case_7 - assert ...
FAILED c4b_bak/src_2643/0/test_transformed_src_2643.py::test_case_8 - assert ...
========================= 2 failed, 9 passed in 0.05s ==========================
