============================= test session starts ==============================
platform linux -- Python 3.10.12, pytest-7.4.4, pluggy-1.4.0
rootdir: /home/khashayar/projs/det-gen
plugins: anyio-4.3.0
collected 7 items

c4b_bak/src_2396/8/test_transformed_src_2396.py ...F...                  [100%]

=================================== FAILURES ===================================
_________________________________ test_case_4 __________________________________

    def test_case_4():
        str_0 = "%\rP']{.<msz2I"
        str_1 = "Y"
        var_0 = module_0.func(*str_1)
>       assert var_0 == "."
E       AssertionError: assert '.y' == '.'
E         - .
E         + .y

c4b_bak/src_2396/8/test_transformed_src_2396.py:49: AssertionError
=========================== short test summary info ============================
FAILED c4b_bak/src_2396/8/test_transformed_src_2396.py::test_case_4 - Asserti...
========================= 1 failed, 6 passed in 0.03s ==========================
