============================= test session starts ==============================
platform linux -- Python 3.10.12, pytest-7.4.4, pluggy-1.4.0
rootdir: /home/khashayar/projs/det-gen
plugins: anyio-4.3.0
collected 4 items

c4b_bak/src_1387/8/test_transformed_src_1387.py F..F                     [100%]

=================================== FAILURES ===================================
_________________________________ test_case_0 __________________________________

    def test_case_0():
        int_0 = 861
        set_0 = {int_0, int_0}
        list_0 = [set_0]
        var_0 = module_0.func(*list_0)
>       assert var_0 == "YES"
E       AssertionError: assert 'NO' == 'YES'
E         - YES
E         + NO

c4b_bak/src_1387/8/test_transformed_src_1387.py:12: AssertionError
_________________________________ test_case_4 __________________________________

    def test_case_4():
        str_0 = ")w8 8a.6_i]O>Vf=U<hD"
        var_0 = module_0.func(*str_0)
>       assert var_0 == "YES"
E       AssertionError: assert 'NO' == 'YES'
E         - YES
E         + NO

c4b_bak/src_1387/8/test_transformed_src_1387.py:46: AssertionError
=========================== short test summary info ============================
FAILED c4b_bak/src_1387/8/test_transformed_src_1387.py::test_case_0 - Asserti...
FAILED c4b_bak/src_1387/8/test_transformed_src_1387.py::test_case_4 - Asserti...
========================= 2 failed, 2 passed in 0.04s ==========================
