============================= test session starts ==============================
platform linux -- Python 3.10.12, pytest-7.4.4, pluggy-1.4.0
rootdir: /home/khashayar/projs/det-gen
plugins: anyio-4.3.0
collected 5 items

c4b_bak/src_1389/7/test_transformed_src_1389.py F.FFF                    [100%]

=================================== FAILURES ===================================
_________________________________ test_case_1 __________________________________

    def test_case_1():
        str_0 = "DzVTMjn03Uo&g9? -`[S"
        list_0 = [str_0, str_0, str_0]
        var_0 = module_0.func(*list_0)
>       assert var_0 == "11"
E       AssertionError: assert '10' == '11'
E         - 11
E         + 10

c4b_bak/src_1389/7/test_transformed_src_1389.py:17: AssertionError
_________________________________ test_case_3 __________________________________

    def test_case_3():
        str_0 = "zlIPZXd:2]x"
        list_0 = [str_0, str_0, str_0]
        var_0 = module_0.func(*list_0)
>       assert var_0 == "9"
E       AssertionError: assert '3' == '9'
E         - 9
E         + 3

c4b_bak/src_1389/7/test_transformed_src_1389.py:32: AssertionError
_________________________________ test_case_4 __________________________________

    def test_case_4():
        str_0 = "&xXO5LLOYMz0A\x0b1bo"
        list_0 = [str_0, str_0, str_0]
        var_0 = module_0.func(*list_0)
>       assert var_0 == "5"
E       AssertionError: assert '4' == '5'
E         - 5
E         + 4

c4b_bak/src_1389/7/test_transformed_src_1389.py:42: AssertionError
_________________________________ test_case_5 __________________________________

    def test_case_5():
        str_0 = "rlP!|Eb>jF3I 58PXK"
        list_0 = [str_0, str_0, str_0]
        var_0 = module_0.func(*list_0)
>       assert var_0 == "7"
E       AssertionError: assert '6' == '7'
E         - 7
E         + 6

c4b_bak/src_1389/7/test_transformed_src_1389.py:53: AssertionError
=========================== short test summary info ============================
FAILED c4b_bak/src_1389/7/test_transformed_src_1389.py::test_case_1 - Asserti...
FAILED c4b_bak/src_1389/7/test_transformed_src_1389.py::test_case_3 - Asserti...
FAILED c4b_bak/src_1389/7/test_transformed_src_1389.py::test_case_4 - Asserti...
FAILED c4b_bak/src_1389/7/test_transformed_src_1389.py::test_case_5 - Asserti...
========================= 4 failed, 1 passed in 0.05s ==========================
