============================= test session starts ==============================
platform linux -- Python 3.10.12, pytest-7.4.4, pluggy-1.4.0
rootdir: /home/khashayar/projs/det-gen
plugins: anyio-4.3.0
collected 5 items

c4b_bak/src_525/9/test_transformed_src_525.py ....F                      [100%]

=================================== FAILURES ===================================
_________________________________ test_case_5 __________________________________

    def test_case_5():
        str_0 = "nYVm7k"
        list_0 = [str_0, str_0, str_0, str_0]
        var_0 = module_0.func(*list_0)
>       assert var_0 == ".n.v.m.7.k"
E       AssertionError: assert '.n.y.v.m.7.k' == '.n.v.m.7.k'
E         - .n.v.m.7.k
E         + .n.y.v.m.7.k
E         ?   ++

c4b_bak/src_525/9/test_transformed_src_525.py:52: AssertionError
=========================== short test summary info ============================
FAILED c4b_bak/src_525/9/test_transformed_src_525.py::test_case_5 - Assertion...
========================= 1 failed, 4 passed in 0.06s ==========================
