============================= test session starts ==============================
platform linux -- Python 3.10.12, pytest-7.4.4, pluggy-1.4.0
rootdir: /home/khashayar/projs/det-gen
plugins: anyio-4.3.0
collected 4 items

c4b_bak/src_1777/9/test_transformed_src_1777.py F...                     [100%]

=================================== FAILURES ===================================
_________________________________ test_case_1 __________________________________

    def test_case_1():
        bool_0 = True
        list_0 = [bool_0, bool_0, bool_0, bool_0, bool_0, bool_0, bool_0]
        var_0 = module_0.func(*list_0)
>       assert var_0 == 1
E       assert 0 == 1

c4b_bak/src_1777/9/test_transformed_src_1777.py:17: AssertionError
=========================== short test summary info ============================
FAILED c4b_bak/src_1777/9/test_transformed_src_1777.py::test_case_1 - assert ...
========================= 1 failed, 3 passed in 0.04s ==========================
