============================= test session starts ==============================
platform linux -- Python 3.10.12, pytest-7.4.4, pluggy-1.4.0
rootdir: /home/khashayar/projs/det-gen
plugins: anyio-4.3.0
collected 5 items

c4b_bak/src_1419/1/test_transformed_src_1419.py ..FF.                    [100%]

=================================== FAILURES ===================================
_________________________________ test_case_3 __________________________________

    def test_case_3():
        str_0 = "l=a"
        list_0 = [str_0, str_0]
        var_0 = module_0.func(*list_0)
        assert var_0 == "l=a"
        var_1 = module_0.func(*var_0)
        assert var_1 == "L"
        var_2 = module_0.func(*var_1)
>       assert var_2 == "l"
E       AssertionError: assert 'L' == 'l'
E         - l
E         + L

c4b_bak/src_1419/1/test_transformed_src_1419.py:42: AssertionError
_________________________________ test_case_4 __________________________________

    def test_case_4():
        str_0 = "C=\\"
        list_0 = [str_0, str_0]
        var_0 = module_0.func(*list_0)
>       assert var_0 == "c=\\"
E       AssertionError: assert 'C=\\' == 'c=\\'
E         - c=\
E         + C=\

c4b_bak/src_1419/1/test_transformed_src_1419.py:51: AssertionError
=========================== short test summary info ============================
FAILED c4b_bak/src_1419/1/test_transformed_src_1419.py::test_case_3 - Asserti...
FAILED c4b_bak/src_1419/1/test_transformed_src_1419.py::test_case_4 - Asserti...
========================= 2 failed, 3 passed in 0.04s ==========================
