CompletedProcess(args=['python', 'temp_test_case.py'], returncode=1, stdout=b'', stderr=b'....................................................................E.E.............F...............\n======================================================================\nERROR: test70 (__main__.TestFunctions)\n----------------------------------------------------------------------\nTraceback (most recent call last):\n  File "/home/khashayar/projs/det-gen/DET-Gen2/temp_test_case.py", line 432, in test70\n    self.assertEqual(patched_source(*input_70), original_source(*input_70))\n  File "/home/khashayar/projs/det-gen/DET-Gen2/temp_acc_qb.py", line 23, in patched_func\n    main()\n  File "/home/khashayar/projs/det-gen/DET-Gen2/temp_acc_qb.py", line 7, in main\n    (a, b) = (int(x) for x in args[1].split())\nValueError: too many values to unpack (expected 2)\n\n======================================================================\nERROR: test72 (__main__.TestFunctions)\n----------------------------------------------------------------------\nTraceback (most recent call last):\n  File "/home/khashayar/projs/det-gen/DET-Gen2/temp_test_case.py", line 444, in test72\n    self.assertEqual(patched_source(*input_72), original_source(*input_72))\n  File "/home/khashayar/projs/det-gen/DET-Gen2/temp_acc_qb.py", line 23, in patched_func\n    main()\n  File "/home/khashayar/projs/det-gen/DET-Gen2/temp_acc_qb.py", line 7, in main\n    (a, b) = (int(x) for x in args[1].split())\nValueError: too many values to unpack (expected 2)\n\n======================================================================\nFAIL: test85 (__main__.TestFunctions)\n----------------------------------------------------------------------\nTraceback (most recent call last):\n  File "/home/khashayar/projs/det-gen/DET-Gen2/temp_test_case.py", line 522, in test85\n    self.assertEqual(patched_source(*input_85), original_source(*input_85))\nAssertionError: Lists differ: [0] != [-1]\n\nFirst differing element 0:\n0\n-1\n\n- [0]\n+ [-1]\n\n----------------------------------------------------------------------\nRan 100 tests in 0.006s\n\nFAILED (failures=1, errors=2)\n')