CompletedProcess(args=['python', 'temp_test_case.py'], returncode=1, stdout=b'', stderr=b'.......F.F\n======================================================================\nFAIL: test7 (__main__.TestFunctions)\n----------------------------------------------------------------------\nTraceback (most recent call last):\n  File "/home/khashayar/projs/det-gen/DET-Gen2/temp_test_case.py", line 54, in test7\n    self.assertEqual(patched_source(input_7), original_source(input_7))\nAssertionError: Lists differ: [12] != [11]\n\nFirst differing element 0:\n12\n11\n\n- [12]\n?   ^\n\n+ [11]\n?   ^\n\n\n======================================================================\nFAIL: test9 (__main__.TestFunctions)\n----------------------------------------------------------------------\nTraceback (most recent call last):\n  File "/home/khashayar/projs/det-gen/DET-Gen2/temp_test_case.py", line 66, in test9\n    self.assertEqual(patched_source(input_9), original_source(input_9))\nAssertionError: Lists differ: [17] != [16]\n\nFirst differing element 0:\n17\n16\n\n- [17]\n?   ^\n\n+ [16]\n?   ^\n\n\n----------------------------------------------------------------------\nRan 10 tests in 0.001s\n\nFAILED (failures=2)\n')