CompletedProcess(args=['python', 'temp_test_case.py'], returncode=1, stdout=b'', stderr=b'.EEE.EEEEEEE.E.E.E.E.E..EE..E..E....EEE..EE..EFEEE..E..EEEE..FEFEE..E...EEE...EFEE.E..E\n======================================================================\nERROR: test1 (__main__.TestFunctions)\n----------------------------------------------------------------------\nTraceback (most recent call last):\n  File "/home/khashayar/projs/det-gen/DET-Gen/temp_test_case.py", line 18, in test1\n    self.assertEqual(patched_source(input_1), original_source(input_1))\n  File "/home/khashayar/projs/det-gen/DET-Gen/temp_acc_qb.py", line 6, in patched_func\n    (n, t) = (int(s[0]), s[2])\nIndexError: list index out of range\n\n======================================================================\nERROR: test10 (__main__.TestFunctions)\n----------------------------------------------------------------------\nTraceback (most recent call last):\n  File "/home/khashayar/projs/det-gen/DET-Gen/temp_test_case.py", line 72, in test10\n    self.assertEqual(patched_source(input_10), original_source(input_10))\n  File "/home/khashayar/projs/det-gen/DET-Gen/temp_acc_qb.py", line 6, in patched_func\n    (n, t) = (int(s[0]), s[2])\nIndexError: list index out of range\n\n======================================================================\nERROR: test11 (__main__.TestFunctions)\n----------------------------------------------------------------------\nTraceback (most recent call last):\n  File "/home/khashayar/projs/det-gen/DET-Gen/temp_test_case.py", line 78, in test11\n    self.assertEqual(patched_source(input_11), original_source(input_11))\n  File "/home/khashayar/projs/det-gen/DET-Gen/temp_acc_qb.py", line 6, in patched_func\n    (n, t) = (int(s[0]), s[2])\nIndexError: list index out of range\n\n======================================================================\nERROR: test13 (__main__.TestFunctions)\n----------------------------------------------------------------------\nTraceback (most recent call last):\n  File "/home/khashayar/projs/det-gen/DET-Gen/temp_test_case.py", line 90, in test13\n    self.assertEqual(patched_source(input_13), original_source(input_13))\n  File "/home/khashayar/projs/det-gen/DET-Gen/temp_acc_qb.py", line 6, in patched_func\n    (n, t) = (int(s[0]), s[2])\nValueError: invalid literal for int() with base 10: \'6week\'\n\n======================================================================\nERROR: test14 (__main__.TestFunctions)\n----------------------------------------------------------------------\nTraceback (most recent call last):\n  File "/home/khashayar/projs/det-gen/DET-Gen/temp_test_case.py", line 96, in test14\n    self.assertEqual(patched_source(input_14), original_source(input_14))\n  File "/home/khashayar/projs/det-gen/DET-Gen/temp_acc_qb.py", line 6, in patched_func\n    (n, t) = (int(s[0]), s[2])\nValueError: invalid literal for int() with base 10: \'28th\'\n\n======================================================================\nERROR: test15 (__main__.TestFunctions)\n----------------------------------------------------------------------\nTraceback (most recent call last):\n  File "/home/khashayar/projs/det-gen/DET-Gen/temp_test_case.py", line 102, in test15\n    self.assertEqual(patched_source(input_15), original_source(input_15))\n  File "/home/khashayar/projs/det-gen/DET-Gen/temp_acc_qb.py", line 6, in patched_func\n    (n, t) = (int(s[0]), s[2])\nIndexError: list index out of range\n\n======================================================================\nERROR: test16 (__main__.TestFunctions)\n----------------------------------------------------------------------\nTraceback (most recent call last):\n  File "/home/khashayar/projs/det-gen/DET-Gen/temp_test_case.py", line 108, in test16\n    self.assertEqual(patched_source(input_16), original_source(input_16))\n  File "/home/khashayar/projs/det-gen/DET-Gen/temp_acc_qb.py", line 6, in patched_func\n    (n, t) = (int(s[0]), s[2])\nIndexError: list index out of range\n\n======================================================================\nERROR: test17 (__main__.TestFunctions)\n----------------------------------------------------------------------\nTraceback (most recent call last):\n  File "/home/khashayar/projs/det-gen/DET-Gen/temp_test_case.py", line 114, in test17\n    self.assertEqual(patched_source(input_17), original_source(input_17))\n  File "/home/khashayar/projs/det-gen/DET-Gen/temp_acc_qb.py", line 6, in patched_func\n    (n, t) = (int(s[0]), s[2])\nIndexError: list index out of range\n\n======================================================================\nERROR: test18 (__main__.TestFunctions)\n----------------------------------------------------------------------\nTraceback (most recent call last):\n  File "/home/khashayar/projs/det-gen/DET-Gen/temp_test_case.py", line 120, in test18\n    self.assertEqual(patched_source(input_18), original_source(input_18))\n  File "/home/khashayar/projs/det-gen/DET-Gen/temp_acc_qb.py", line 6, in patched_func\n    (n, t) = (int(s[0]), s[2])\nIndexError: list index out of range\n\n======================================================================\nERROR: test19 (__main__.TestFunctions)\n----------------------------------------------------------------------\nTraceback (most recent call last):\n  File "/home/khashayar/projs/det-gen/DET-Gen/temp_test_case.py", line 126, in test19\n    self.assertEqual(patched_source(input_19), original_source(input_19))\n  File "/home/khashayar/projs/det-gen/DET-Gen/temp_acc_qb.py", line 6, in patched_func\n    (n, t) = (int(s[0]), s[2])\nValueError: invalid literal for int() with base 10: \'7:week\'\n\n======================================================================\nERROR: test20 (__main__.TestFunctions)\n----------------------------------------------------------------------\nTraceback (most recent call last):\n  File "/home/khashayar/projs/det-gen/DET-Gen/temp_test_case.py", line 132, in test20\n    self.assertEqual(patched_source(input_20), original_source(input_20))\n  File "/home/khashayar/projs/det-gen/DET-Gen/temp_acc_qb.py", line 6, in patched_func\n    (n, t) = (int(s[0]), s[2])\nValueError: invalid literal for int() with base 10: \'29th\'\n\n======================================================================\nERROR: test22 (__main__.TestFunctions)\n----------------------------------------------------------------------\nTraceback (most recent call last):\n  File "/home/khashayar/projs/det-gen/DET-Gen/temp_test_case.py", line 144, in test22\n    self.assertEqual(patched_source(input_22), original_source(input_22))\n  File "/home/khashayar/projs/det-gen/DET-Gen/temp_acc_qb.py", line 6, in patched_func\n    (n, t) = (int(s[0]), s[2])\nValueError: invalid literal for int() with base 10: \'1st\'\n\n======================================================================\nERROR: test24 (__main__.TestFunctions)\n----------------------------------------------------------------------\nTraceback (most recent call last):\n  File "/home/khashayar/projs/det-gen/DET-Gen/temp_test_case.py", line 156, in test24\n    self.assertEqual(patched_source(input_24), original_source(input_24))\n  File "/home/khashayar/projs/det-gen/DET-Gen/temp_acc_qb.py", line 6, in patched_func\n    (n, t) = (int(s[0]), s[2])\nIndexError: list index out of range\n\n======================================================================\nERROR: test26 (__main__.TestFunctions)\n----------------------------------------------------------------------\nTraceback (most recent call last):\n  File "/home/khashayar/projs/det-gen/DET-Gen/temp_test_case.py", line 168, in test26\n    self.assertEqual(patched_source(input_26), original_source(input_26))\n  File "/home/khashayar/projs/det-gen/DET-Gen/temp_acc_qb.py", line 6, in patched_func\n    (n, t) = (int(s[0]), s[2])\nValueError: invalid literal for int() with base 10: \'1st\'\n\n======================================================================\nERROR: test28 (__main__.TestFunctions)\n----------------------------------------------------------------------\nTraceback (most recent call last):\n  File "/home/khashayar/projs/det-gen/DET-Gen/temp_test_case.py", line 180, in test28\n    self.assertEqual(patched_source(input_28), original_source(input_28))\n  File "/home/khashayar/projs/det-gen/DET-Gen/temp_acc_qb.py", line 6, in patched_func\n    (n, t) = (int(s[0]), s[2])\nIndexError: list index out of range\n\n======================================================================\nERROR: test30 (__main__.TestFunctions)\n----------------------------------------------------------------------\nTraceback (most recent call last):\n  File "/home/khashayar/projs/det-gen/DET-Gen/temp_test_case.py", line 192, in test30\n    self.assertEqual(patched_source(input_30), original_source(input_30))\n  File "/home/khashayar/projs/det-gen/DET-Gen/temp_acc_qb.py", line 6, in patched_func\n    (n, t) = (int(s[0]), s[2])\nValueError: invalid literal for int() with base 10: \'1st\'\n\n======================================================================\nERROR: test31 (__main__.TestFunctions)\n----------------------------------------------------------------------\nTraceback (most recent call last):\n  File "/home/khashayar/projs/det-gen/DET-Gen/temp_test_case.py", line 198, in test31\n    self.assertEqual(patched_source(input_31), original_source(input_31))\n  File "/home/khashayar/projs/det-gen/DET-Gen/temp_acc_qb.py", line 6, in patched_func\n    (n, t) = (int(s[0]), s[2])\nIndexError: list index out of range\n\n======================================================================\nERROR: test34 (__main__.TestFunctions)\n----------------------------------------------------------------------\nTraceback (most recent call last):\n  File "/home/khashayar/projs/det-gen/DET-Gen/temp_test_case.py", line 216, in test34\n    self.assertEqual(patched_source(input_34), original_source(input_34))\n  File "/home/khashayar/projs/det-gen/DET-Gen/temp_acc_qb.py", line 6, in patched_func\n    (n, t) = (int(s[0]), s[2])\nIndexError: list index out of range\n\n======================================================================\nERROR: test37 (__main__.TestFunctions)\n----------------------------------------------------------------------\nTraceback (most recent call last):\n  File "/home/khashayar/projs/det-gen/DET-Gen/temp_test_case.py", line 234, in test37\n    self.assertEqual(patched_source(input_37), original_source(input_37))\n  File "/home/khashayar/projs/det-gen/DET-Gen/temp_acc_qb.py", line 6, in patched_func\n    (n, t) = (int(s[0]), s[2])\nIndexError: list index out of range\n\n======================================================================\nERROR: test41 (__main__.TestFunctions)\n----------------------------------------------------------------------\nTraceback (most recent call last):\n  File "/home/khashayar/projs/det-gen/DET-Gen/temp_test_case.py", line 258, in test41\n    self.assertEqual(patched_source(input_41), original_source(input_41))\n  File "/home/khashayar/projs/det-gen/DET-Gen/temp_acc_qb.py", line 6, in patched_func\n    (n, t) = (int(s[0]), s[2])\nIndexError: list index out of range\n\n======================================================================\nERROR: test42 (__main__.TestFunctions)\n----------------------------------------------------------------------\nTraceback (most recent call last):\n  File "/home/khashayar/projs/det-gen/DET-Gen/temp_test_case.py", line 264, in test42\n    self.assertEqual(patched_source(input_42), original_source(input_42))\n  File "/home/khashayar/projs/det-gen/DET-Gen/temp_acc_qb.py", line 6, in patched_func\n    (n, t) = (int(s[0]), s[2])\nIndexError: list index out of range\n\n======================================================================\nERROR: test43 (__main__.TestFunctions)\n----------------------------------------------------------------------\nTraceback (most recent call last):\n  File "/home/khashayar/projs/det-gen/DET-Gen/temp_test_case.py", line 270, in test43\n    self.assertEqual(patched_source(input_43), original_source(input_43))\n  File "/home/khashayar/projs/det-gen/DET-Gen/temp_acc_qb.py", line 6, in patched_func\n    (n, t) = (int(s[0]), s[2])\nValueError: invalid literal for int() with base 10: \'1st\'\n\n======================================================================\nERROR: test46 (__main__.TestFunctions)\n----------------------------------------------------------------------\nTraceback (most recent call last):\n  File "/home/khashayar/projs/det-gen/DET-Gen/temp_test_case.py", line 288, in test46\n    self.assertEqual(patched_source(input_46), original_source(input_46))\n  File "/home/khashayar/projs/det-gen/DET-Gen/temp_acc_qb.py", line 6, in patched_func\n    (n, t) = (int(s[0]), s[2])\nIndexError: list index out of range\n\n======================================================================\nERROR: test47 (__main__.TestFunctions)\n----------------------------------------------------------------------\nTraceback (most recent call last):\n  File "/home/khashayar/projs/det-gen/DET-Gen/temp_test_case.py", line 294, in test47\n    self.assertEqual(patched_source(input_47), original_source(input_47))\n  File "/home/khashayar/projs/det-gen/DET-Gen/temp_acc_qb.py", line 6, in patched_func\n    (n, t) = (int(s[0]), s[2])\nValueError: invalid literal for int() with base 10: \'5th\'\n\n======================================================================\nERROR: test5 (__main__.TestFunctions)\n----------------------------------------------------------------------\nTraceback (most recent call last):\n  File "/home/khashayar/projs/det-gen/DET-Gen/temp_test_case.py", line 42, in test5\n    self.assertEqual(patched_source(input_5), original_source(input_5))\n  File "/home/khashayar/projs/det-gen/DET-Gen/temp_acc_qb.py", line 6, in patched_func\n    (n, t) = (int(s[0]), s[2])\nIndexError: list index out of range\n\n======================================================================\nERROR: test51 (__main__.TestFunctions)\n----------------------------------------------------------------------\nTraceback (most recent call last):\n  File "/home/khashayar/projs/det-gen/DET-Gen/temp_test_case.py", line 318, in test51\n    self.assertEqual(patched_source(input_51), original_source(input_51))\n  File "/home/khashayar/projs/det-gen/DET-Gen/temp_acc_qb.py", line 6, in patched_func\n    (n, t) = (int(s[0]), s[2])\nValueError: invalid literal for int() with base 10: \'30th\'\n\n======================================================================\nERROR: test52 (__main__.TestFunctions)\n----------------------------------------------------------------------\nTraceback (most recent call last):\n  File "/home/khashayar/projs/det-gen/DET-Gen/temp_test_case.py", line 324, in test52\n    self.assertEqual(patched_source(input_52), original_source(input_52))\n  File "/home/khashayar/projs/det-gen/DET-Gen/temp_acc_qb.py", line 6, in patched_func\n    (n, t) = (int(s[0]), s[2])\nIndexError: list index out of range\n\n======================================================================\nERROR: test53 (__main__.TestFunctions)\n----------------------------------------------------------------------\nTraceback (most recent call last):\n  File "/home/khashayar/projs/det-gen/DET-Gen/temp_test_case.py", line 330, in test53\n    self.assertEqual(patched_source(input_53), original_source(input_53))\n  File "/home/khashayar/projs/det-gen/DET-Gen/temp_acc_qb.py", line 6, in patched_func\n    (n, t) = (int(s[0]), s[2])\nValueError: invalid literal for int() with base 10: \'30th\'\n\n======================================================================\nERROR: test56 (__main__.TestFunctions)\n----------------------------------------------------------------------\nTraceback (most recent call last):\n  File "/home/khashayar/projs/det-gen/DET-Gen/temp_test_case.py", line 348, in test56\n    self.assertEqual(patched_source(input_56), original_source(input_56))\n  File "/home/khashayar/projs/det-gen/DET-Gen/temp_acc_qb.py", line 6, in patched_func\n    (n, t) = (int(s[0]), s[2])\nValueError: invalid literal for int() with base 10: \'30th\'\n\n======================================================================\nERROR: test59 (__main__.TestFunctions)\n----------------------------------------------------------------------\nTraceback (most recent call last):\n  File "/home/khashayar/projs/det-gen/DET-Gen/temp_test_case.py", line 366, in test59\n    self.assertEqual(patched_source(input_59), original_source(input_59))\n  File "/home/khashayar/projs/det-gen/DET-Gen/temp_acc_qb.py", line 6, in patched_func\n    (n, t) = (int(s[0]), s[2])\nIndexError: list index out of range\n\n======================================================================\nERROR: test6 (__main__.TestFunctions)\n----------------------------------------------------------------------\nTraceback (most recent call last):\n  File "/home/khashayar/projs/det-gen/DET-Gen/temp_test_case.py", line 48, in test6\n    self.assertEqual(patched_source(input_6), original_source(input_6))\n  File "/home/khashayar/projs/det-gen/DET-Gen/temp_acc_qb.py", line 6, in patched_func\n    (n, t) = (int(s[0]), s[2])\nIndexError: list index out of range\n\n======================================================================\nERROR: test60 (__main__.TestFunctions)\n----------------------------------------------------------------------\nTraceback (most recent call last):\n  File "/home/khashayar/projs/det-gen/DET-Gen/temp_test_case.py", line 372, in test60\n    self.assertEqual(patched_source(input_60), original_source(input_60))\n  File "/home/khashayar/projs/det-gen/DET-Gen/temp_acc_qb.py", line 6, in patched_func\n    (n, t) = (int(s[0]), s[2])\nIndexError: list index out of range\n\n======================================================================\nERROR: test61 (__main__.TestFunctions)\n----------------------------------------------------------------------\nTraceback (most recent call last):\n  File "/home/khashayar/projs/det-gen/DET-Gen/temp_test_case.py", line 378, in test61\n    self.assertEqual(patched_source(input_61), original_source(input_61))\n  File "/home/khashayar/projs/det-gen/DET-Gen/temp_acc_qb.py", line 6, in patched_func\n    (n, t) = (int(s[0]), s[2])\nIndexError: list index out of range\n\n======================================================================\nERROR: test65 (__main__.TestFunctions)\n----------------------------------------------------------------------\nTraceback (most recent call last):\n  File "/home/khashayar/projs/det-gen/DET-Gen/temp_test_case.py", line 402, in test65\n    self.assertEqual(patched_source(input_65), original_source(input_65))\n  File "/home/khashayar/projs/det-gen/DET-Gen/temp_acc_qb.py", line 6, in patched_func\n    (n, t) = (int(s[0]), s[2])\nValueError: invalid literal for int() with base 10: \'31st\'\n\n======================================================================\nERROR: test67 (__main__.TestFunctions)\n----------------------------------------------------------------------\nTraceback (most recent call last):\n  File "/home/khashayar/projs/det-gen/DET-Gen/temp_test_case.py", line 414, in test67\n    self.assertEqual(patched_source(input_67), original_source(input_67))\n  File "/home/khashayar/projs/det-gen/DET-Gen/temp_acc_qb.py", line 6, in patched_func\n    (n, t) = (int(s[0]), s[2])\nIndexError: list index out of range\n\n======================================================================\nERROR: test68 (__main__.TestFunctions)\n----------------------------------------------------------------------\nTraceback (most recent call last):\n  File "/home/khashayar/projs/det-gen/DET-Gen/temp_test_case.py", line 420, in test68\n    self.assertEqual(patched_source(input_68), original_source(input_68))\n  File "/home/khashayar/projs/det-gen/DET-Gen/temp_acc_qb.py", line 6, in patched_func\n    (n, t) = (int(s[0]), s[2])\nIndexError: list index out of range\n\n======================================================================\nERROR: test70 (__main__.TestFunctions)\n----------------------------------------------------------------------\nTraceback (most recent call last):\n  File "/home/khashayar/projs/det-gen/DET-Gen/temp_test_case.py", line 432, in test70\n    self.assertEqual(patched_source(input_70), original_source(input_70))\n  File "/home/khashayar/projs/det-gen/DET-Gen/temp_acc_qb.py", line 6, in patched_func\n    (n, t) = (int(s[0]), s[2])\nIndexError: list index out of range\n\n======================================================================\nERROR: test74 (__main__.TestFunctions)\n----------------------------------------------------------------------\nTraceback (most recent call last):\n  File "/home/khashayar/projs/det-gen/DET-Gen/temp_test_case.py", line 456, in test74\n    self.assertEqual(patched_source(input_74), original_source(input_74))\n  File "/home/khashayar/projs/det-gen/DET-Gen/temp_acc_qb.py", line 6, in patched_func\n    (n, t) = (int(s[0]), s[2])\nIndexError: list index out of range\n\n======================================================================\nERROR: test75 (__main__.TestFunctions)\n----------------------------------------------------------------------\nTraceback (most recent call last):\n  File "/home/khashayar/projs/det-gen/DET-Gen/temp_test_case.py", line 462, in test75\n    self.assertEqual(patched_source(input_75), original_source(input_75))\n  File "/home/khashayar/projs/det-gen/DET-Gen/temp_acc_qb.py", line 6, in patched_func\n    (n, t) = (int(s[0]), s[2])\nIndexError: list index out of range\n\n======================================================================\nERROR: test76 (__main__.TestFunctions)\n----------------------------------------------------------------------\nTraceback (most recent call last):\n  File "/home/khashayar/projs/det-gen/DET-Gen/temp_test_case.py", line 468, in test76\n    self.assertEqual(patched_source(input_76), original_source(input_76))\n  File "/home/khashayar/projs/det-gen/DET-Gen/temp_acc_qb.py", line 6, in patched_func\n    (n, t) = (int(s[0]), s[2])\nIndexError: list index out of range\n\n======================================================================\nERROR: test8 (__main__.TestFunctions)\n----------------------------------------------------------------------\nTraceback (most recent call last):\n  File "/home/khashayar/projs/det-gen/DET-Gen/temp_test_case.py", line 60, in test8\n    self.assertEqual(patched_source(input_8), original_source(input_8))\n  File "/home/khashayar/projs/det-gen/DET-Gen/temp_acc_qb.py", line 6, in patched_func\n    (n, t) = (int(s[0]), s[2])\nIndexError: list index out of range\n\n======================================================================\nERROR: test81 (__main__.TestFunctions)\n----------------------------------------------------------------------\nTraceback (most recent call last):\n  File "/home/khashayar/projs/det-gen/DET-Gen/temp_test_case.py", line 498, in test81\n    self.assertEqual(patched_source(input_81), original_source(input_81))\n  File "/home/khashayar/projs/det-gen/DET-Gen/temp_acc_qb.py", line 6, in patched_func\n    (n, t) = (int(s[0]), s[2])\nIndexError: list index out of range\n\n======================================================================\nERROR: test82 (__main__.TestFunctions)\n----------------------------------------------------------------------\nTraceback (most recent call last):\n  File "/home/khashayar/projs/det-gen/DET-Gen/temp_test_case.py", line 504, in test82\n    self.assertEqual(patched_source(input_82), original_source(input_82))\n  File "/home/khashayar/projs/det-gen/DET-Gen/temp_acc_qb.py", line 6, in patched_func\n    (n, t) = (int(s[0]), s[2])\nValueError: invalid literal for int() with base 10: \'7th\'\n\n======================================================================\nERROR: test84 (__main__.TestFunctions)\n----------------------------------------------------------------------\nTraceback (most recent call last):\n  File "/home/khashayar/projs/det-gen/DET-Gen/temp_test_case.py", line 516, in test84\n    self.assertEqual(patched_source(input_84), original_source(input_84))\n  File "/home/khashayar/projs/det-gen/DET-Gen/temp_acc_qb.py", line 6, in patched_func\n    (n, t) = (int(s[0]), s[2])\nValueError: invalid literal for int() with base 10: \'20th\'\n\n======================================================================\nERROR: test9 (__main__.TestFunctions)\n----------------------------------------------------------------------\nTraceback (most recent call last):\n  File "/home/khashayar/projs/det-gen/DET-Gen/temp_test_case.py", line 66, in test9\n    self.assertEqual(patched_source(input_9), original_source(input_9))\n  File "/home/khashayar/projs/det-gen/DET-Gen/temp_acc_qb.py", line 6, in patched_func\n    (n, t) = (int(s[0]), s[2])\nValueError: invalid literal for int() with base 10: \'1st\'\n\n======================================================================\nFAIL: test50 (__main__.TestFunctions)\n----------------------------------------------------------------------\nTraceback (most recent call last):\n  File "/home/khashayar/projs/det-gen/DET-Gen/temp_test_case.py", line 312, in test50\n    self.assertEqual(patched_source(input_50), original_source(input_50))\nAssertionError: Lists differ: [12] != [53]\n\nFirst differing element 0:\n12\n53\n\n- [12]\n+ [53]\n\n======================================================================\nFAIL: test64 (__main__.TestFunctions)\n----------------------------------------------------------------------\nTraceback (most recent call last):\n  File "/home/khashayar/projs/det-gen/DET-Gen/temp_test_case.py", line 396, in test64\n    self.assertEqual(patched_source(input_64), original_source(input_64))\nAssertionError: Lists differ: [12] != [53]\n\nFirst differing element 0:\n12\n53\n\n- [12]\n+ [53]\n\n======================================================================\nFAIL: test66 (__main__.TestFunctions)\n----------------------------------------------------------------------\nTraceback (most recent call last):\n  File "/home/khashayar/projs/det-gen/DET-Gen/temp_test_case.py", line 408, in test66\n    self.assertEqual(patched_source(input_66), original_source(input_66))\nAssertionError: Lists differ: [12] != [53]\n\nFirst differing element 0:\n12\n53\n\n- [12]\n+ [53]\n\n======================================================================\nFAIL: test80 (__main__.TestFunctions)\n----------------------------------------------------------------------\nTraceback (most recent call last):\n  File "/home/khashayar/projs/det-gen/DET-Gen/temp_test_case.py", line 492, in test80\n    self.assertEqual(patched_source(input_80), original_source(input_80))\nAssertionError: Lists differ: [12] != [53]\n\nFirst differing element 0:\n12\n53\n\n- [12]\n+ [53]\n\n----------------------------------------------------------------------\nRan 87 tests in 0.008s\n\nFAILED (failures=4, errors=45)\n')