CompletedProcess(args=['python', 'temp_test_case.py'], returncode=1, stdout=b'', stderr=b'..............FF....F....F.F........F.............E.........F.....F..FF.....F.......................\n======================================================================\nERROR: test54 (__main__.TestFunctions)\n----------------------------------------------------------------------\nTraceback (most recent call last):\n  File "/home/khashayar/projs/det-gen/DET-Gen2/temp_test_case.py", line 336, in test54\n    self.assertEqual(patched_source(input_54), original_source(input_54))\n  File "/home/khashayar/projs/det-gen/DET-Gen2/temp_acc_qb.py", line 5, in patched_func\n    (n, x, y) = map(int, args[0].split(\' \'))\nValueError: too many values to unpack (expected 3)\n\n======================================================================\nFAIL: test21 (__main__.TestFunctions)\n----------------------------------------------------------------------\nTraceback (most recent call last):\n  File "/home/khashayar/projs/det-gen/DET-Gen2/temp_test_case.py", line 138, in test21\n    self.assertEqual(patched_source(input_21), original_source(input_21))\nAssertionError: Lists differ: [0] != [-48]\n\nFirst differing element 0:\n0\n-48\n\n- [0]\n+ [-48]\n\n======================================================================\nFAIL: test22 (__main__.TestFunctions)\n----------------------------------------------------------------------\nTraceback (most recent call last):\n  File "/home/khashayar/projs/det-gen/DET-Gen2/temp_test_case.py", line 144, in test22\n    self.assertEqual(patched_source(input_22), original_source(input_22))\nAssertionError: Lists differ: [0] != [-5]\n\nFirst differing element 0:\n0\n-5\n\n- [0]\n+ [-5]\n\n======================================================================\nFAIL: test27 (__main__.TestFunctions)\n----------------------------------------------------------------------\nTraceback (most recent call last):\n  File "/home/khashayar/projs/det-gen/DET-Gen2/temp_test_case.py", line 174, in test27\n    self.assertEqual(patched_source(input_27), original_source(input_27))\nAssertionError: Lists differ: [0] != [-35]\n\nFirst differing element 0:\n0\n-35\n\n- [0]\n+ [-35]\n\n======================================================================\nFAIL: test31 (__main__.TestFunctions)\n----------------------------------------------------------------------\nTraceback (most recent call last):\n  File "/home/khashayar/projs/det-gen/DET-Gen2/temp_test_case.py", line 198, in test31\n    self.assertEqual(patched_source(input_31), original_source(input_31))\nAssertionError: Lists differ: [0] != [-1]\n\nFirst differing element 0:\n0\n-1\n\n- [0]\n+ [-1]\n\n======================================================================\nFAIL: test33 (__main__.TestFunctions)\n----------------------------------------------------------------------\nTraceback (most recent call last):\n  File "/home/khashayar/projs/det-gen/DET-Gen2/temp_test_case.py", line 210, in test33\n    self.assertEqual(patched_source(input_33), original_source(input_33))\nAssertionError: Lists differ: [0] != [-30]\n\nFirst differing element 0:\n0\n-30\n\n- [0]\n+ [-30]\n?  ++\n\n\n======================================================================\nFAIL: test41 (__main__.TestFunctions)\n----------------------------------------------------------------------\nTraceback (most recent call last):\n  File "/home/khashayar/projs/det-gen/DET-Gen2/temp_test_case.py", line 258, in test41\n    self.assertEqual(patched_source(input_41), original_source(input_41))\nAssertionError: Lists differ: [0] != [-25]\n\nFirst differing element 0:\n0\n-25\n\n- [0]\n+ [-25]\n\n======================================================================\nFAIL: test63 (__main__.TestFunctions)\n----------------------------------------------------------------------\nTraceback (most recent call last):\n  File "/home/khashayar/projs/det-gen/DET-Gen2/temp_test_case.py", line 390, in test63\n    self.assertEqual(patched_source(input_63), original_source(input_63))\nAssertionError: Lists differ: [0] != [-5]\n\nFirst differing element 0:\n0\n-5\n\n- [0]\n+ [-5]\n\n======================================================================\nFAIL: test69 (__main__.TestFunctions)\n----------------------------------------------------------------------\nTraceback (most recent call last):\n  File "/home/khashayar/projs/det-gen/DET-Gen2/temp_test_case.py", line 426, in test69\n    self.assertEqual(patched_source(input_69), original_source(input_69))\nAssertionError: Lists differ: [0] != [-2]\n\nFirst differing element 0:\n0\n-2\n\n- [0]\n+ [-2]\n\n======================================================================\nFAIL: test71 (__main__.TestFunctions)\n----------------------------------------------------------------------\nTraceback (most recent call last):\n  File "/home/khashayar/projs/det-gen/DET-Gen2/temp_test_case.py", line 438, in test71\n    self.assertEqual(patched_source(input_71), original_source(input_71))\nAssertionError: Lists differ: [0] != [-25]\n\nFirst differing element 0:\n0\n-25\n\n- [0]\n+ [-25]\n\n======================================================================\nFAIL: test72 (__main__.TestFunctions)\n----------------------------------------------------------------------\nTraceback (most recent call last):\n  File "/home/khashayar/projs/det-gen/DET-Gen2/temp_test_case.py", line 444, in test72\n    self.assertEqual(patched_source(input_72), original_source(input_72))\nAssertionError: Lists differ: [0] != [-10]\n\nFirst differing element 0:\n0\n-10\n\n- [0]\n+ [-10]\n?  ++\n\n\n======================================================================\nFAIL: test78 (__main__.TestFunctions)\n----------------------------------------------------------------------\nTraceback (most recent call last):\n  File "/home/khashayar/projs/det-gen/DET-Gen2/temp_test_case.py", line 480, in test78\n    self.assertEqual(patched_source(input_78), original_source(input_78))\nAssertionError: Lists differ: [0] != [-30]\n\nFirst differing element 0:\n0\n-30\n\n- [0]\n+ [-30]\n?  ++\n\n\n----------------------------------------------------------------------\nRan 100 tests in 0.007s\n\nFAILED (failures=11, errors=1)\n')